[     170ms] [WARNING] [Vue warn]: Failed to resolve component: Setting
If this is a native custom element, make sure to exclude it from component resolution via compilerOptions.isCustomElement. 
  at <Index> 
  at <App> @ http://localhost:3001/node_modules/.vite/deps/chunk-D4VKVKNE.js?v=b0937ae5:2203
[     174ms] [WARNING] [Vue warn]: Vue received a Component that was made a reactive object. This can lead to unnecessary performance overhead and should be avoided by marking the component with `markRaw` or using `shallowRef` instead of `ref`. 
Component that was made reactive:  {name: House, __name: house, setup: } 
  at <ElIcon class="menu-icon" > 
  at <Index> 
  at <App> @ http://localhost:3001/node_modules/.vite/deps/chunk-D4VKVKNE.js?v=b0937ae5:2203
[     176ms] [WARNING] [Vue warn]: Vue received a Component that was made a reactive object. This can lead to unnecessary performance overhead and should be avoided by marking the component with `markRaw` or using `shallowRef` instead of `ref`. 
Component that was made reactive:  {name: Cpu, __name: cpu, setup: } 
  at <ElIcon class="menu-icon" > 
  at <Index> 
  at <App> @ http://localhost:3001/node_modules/.vite/deps/chunk-D4VKVKNE.js?v=b0937ae5:2203
[     177ms] [WARNING] [Vue warn]: Vue received a Component that was made a reactive object. This can lead to unnecessary performance overhead and should be avoided by marking the component with `markRaw` or using `shallowRef` instead of `ref`. 
Component that was made reactive:  {name: Grid, __name: grid, setup: } 
  at <ElIcon class="menu-icon" size=16 > 
  at <Index> 
  at <App> @ http://localhost:3001/node_modules/.vite/deps/chunk-D4VKVKNE.js?v=b0937ae5:2203
[     178ms] [WARNING] [Vue warn]: Vue received a Component that was made a reactive object. This can lead to unnecessary performance overhead and should be avoided by marking the component with `markRaw` or using `shallowRef` instead of `ref`. 
Component that was made reactive:  {name: SetUp, __name: set-up, setup: } 
  at <ElIcon class="menu-icon" size=16 > 
  at <Index> 
  at <App> @ http://localhost:3001/node_modules/.vite/deps/chunk-D4VKVKNE.js?v=b0937ae5:2203
[     179ms] [WARNING] [Vue warn]: Vue received a Component that was made a reactive object. This can lead to unnecessary performance overhead and should be avoided by marking the component with `markRaw` or using `shallowRef` instead of `ref`. 
Component that was made reactive:  {name: Cpu, __name: cpu, setup: } 
  at <ElIcon class="menu-icon" size=16 > 
  at <Index> 
  at <App> @ http://localhost:3001/node_modules/.vite/deps/chunk-D4VKVKNE.js?v=b0937ae5:2203
[     179ms] [WARNING] [Vue warn]: Vue received a Component that was made a reactive object. This can lead to unnecessary performance overhead and should be avoided by marking the component with `markRaw` or using `shallowRef` instead of `ref`. 
Component that was made reactive:  {name: Warning, __name: warning, setup: } 
  at <ElIcon class="menu-icon" size=16 > 
  at <Index> 
  at <App> @ http://localhost:3001/node_modules/.vite/deps/chunk-D4VKVKNE.js?v=b0937ae5:2203
[     180ms] [WARNING] [Vue warn]: Vue received a Component that was made a reactive object. This can lead to unnecessary performance overhead and should be avoided by marking the component with `markRaw` or using `shallowRef` instead of `ref`. 
Component that was made reactive:  {name: Box, __name: box, setup: } 
  at <ElIcon class="menu-icon" > 
  at <Index> 
  at <App> @ http://localhost:3001/node_modules/.vite/deps/chunk-D4VKVKNE.js?v=b0937ae5:2203
[     180ms] [WARNING] [Vue warn]: Vue received a Component that was made a reactive object. This can lead to unnecessary performance overhead and should be avoided by marking the component with `markRaw` or using `shallowRef` instead of `ref`. 
Component that was made reactive:  {name: Box, __name: box, setup: } 
  at <ElIcon class="menu-icon" size=16 > 
  at <Index> 
  at <App> @ http://localhost:3001/node_modules/.vite/deps/chunk-D4VKVKNE.js?v=b0937ae5:2203
[     181ms] [WARNING] [Vue warn]: Vue received a Component that was made a reactive object. This can lead to unnecessary performance overhead and should be avoided by marking the component with `markRaw` or using `shallowRef` instead of `ref`. 
Component that was made reactive:  {name: Checked, __name: checked, setup: } 
  at <ElIcon class="menu-icon" size=16 > 
  at <Index> 
  at <App> @ http://localhost:3001/node_modules/.vite/deps/chunk-D4VKVKNE.js?v=b0937ae5:2203
[     182ms] [WARNING] [Vue warn]: Vue received a Component that was made a reactive object. This can lead to unnecessary performance overhead and should be avoided by marking the component with `markRaw` or using `shallowRef` instead of `ref`. 
Component that was made reactive:  {name: Present, __name: present, setup: } 
  at <ElIcon class="menu-icon" > 
  at <Index> 
  at <App> @ http://localhost:3001/node_modules/.vite/deps/chunk-D4VKVKNE.js?v=b0937ae5:2203
[     182ms] [WARNING] [Vue warn]: Vue received a Component that was made a reactive object. This can lead to unnecessary performance overhead and should be avoided by marking the component with `markRaw` or using `shallowRef` instead of `ref`. 
Component that was made reactive:  {name: Box, __name: box, setup: } 
  at <ElIcon class="menu-icon" size=16 > 
  at <Index> 
  at <App> @ http://localhost:3001/node_modules/.vite/deps/chunk-D4VKVKNE.js?v=b0937ae5:2203
[     183ms] [WARNING] [Vue warn]: Vue received a Component that was made a reactive object. This can lead to unnecessary performance overhead and should be avoided by marking the component with `markRaw` or using `shallowRef` instead of `ref`. 
Component that was made reactive:  {name: Operation, __name: operation, setup: } 
  at <ElIcon class="menu-icon" > 
  at <Index> 
  at <App> @ http://localhost:3001/node_modules/.vite/deps/chunk-D4VKVKNE.js?v=b0937ae5:2203
[     185ms] [WARNING] [Vue warn]: Vue received a Component that was made a reactive object. This can lead to unnecessary performance overhead and should be avoided by marking the component with `markRaw` or using `shallowRef` instead of `ref`. 
Component that was made reactive:  {name: ShoppingCart, __name: shopping-cart, setup: } 
  at <ElIcon class="menu-icon" size=16 > 
  at <Index> 
  at <App> @ http://localhost:3001/node_modules/.vite/deps/chunk-D4VKVKNE.js?v=b0937ae5:2203
[     185ms] [WARNING] [Vue warn]: Vue received a Component that was made a reactive object. This can lead to unnecessary performance overhead and should be avoided by marking the component with `markRaw` or using `shallowRef` instead of `ref`. 
Component that was made reactive:  {name: Star, __name: star, setup: } 
  at <ElIcon class="menu-icon" size=16 > 
  at <Index> 
  at <App> @ http://localhost:3001/node_modules/.vite/deps/chunk-D4VKVKNE.js?v=b0937ae5:2203
[     186ms] [WARNING] [Vue warn]: Vue received a Component that was made a reactive object. This can lead to unnecessary performance overhead and should be avoided by marking the component with `markRaw` or using `shallowRef` instead of `ref`. 
Component that was made reactive:  {name: Present, __name: present, setup: } 
  at <ElIcon class="menu-icon" size=16 > 
  at <Index> 
  at <App> @ http://localhost:3001/node_modules/.vite/deps/chunk-D4VKVKNE.js?v=b0937ae5:2203
[     186ms] [WARNING] [Vue warn]: Vue received a Component that was made a reactive object. This can lead to unnecessary performance overhead and should be avoided by marking the component with `markRaw` or using `shallowRef` instead of `ref`. 
Component that was made reactive:  {name: UserFilled, __name: user-filled, setup: } 
  at <ElIcon class="menu-icon" size=16 > 
  at <Index> 
  at <App> @ http://localhost:3001/node_modules/.vite/deps/chunk-D4VKVKNE.js?v=b0937ae5:2203
[     187ms] [WARNING] [Vue warn]: Vue received a Component that was made a reactive object. This can lead to unnecessary performance overhead and should be avoided by marking the component with `markRaw` or using `shallowRef` instead of `ref`. 
Component that was made reactive:  {name: DataAnalysis, __name: data-analysis, setup: } 
  at <ElIcon class="menu-icon" size=16 > 
  at <Index> 
  at <App> @ http://localhost:3001/node_modules/.vite/deps/chunk-D4VKVKNE.js?v=b0937ae5:2203
[     250ms] [WARNING] [Vue warn]: Failed to resolve component: Setting
If this is a native custom element, make sure to exclude it from component resolution via compilerOptions.isCustomElement. 
  at <Index> 
  at <App> @ http://localhost:3001/node_modules/.vite/deps/chunk-D4VKVKNE.js?v=b0937ae5:2203
[     251ms] [WARNING] [Vue warn]: Vue received a Component that was made a reactive object. This can lead to unnecessary performance overhead and should be avoided by marking the component with `markRaw` or using `shallowRef` instead of `ref`. 
Component that was made reactive:  {name: House, __name: house, setup: } 
  at <ElIcon class="menu-icon" > 
  at <Index> 
  at <App> @ http://localhost:3001/node_modules/.vite/deps/chunk-D4VKVKNE.js?v=b0937ae5:2203
[     252ms] [WARNING] [Vue warn]: Vue received a Component that was made a reactive object. This can lead to unnecessary performance overhead and should be avoided by marking the component with `markRaw` or using `shallowRef` instead of `ref`. 
Component that was made reactive:  {name: Cpu, __name: cpu, setup: } 
  at <ElIcon class="menu-icon" > 
  at <Index> 
  at <App> @ http://localhost:3001/node_modules/.vite/deps/chunk-D4VKVKNE.js?v=b0937ae5:2203
[     253ms] [WARNING] [Vue warn]: Vue received a Component that was made a reactive object. This can lead to unnecessary performance overhead and should be avoided by marking the component with `markRaw` or using `shallowRef` instead of `ref`. 
Component that was made reactive:  {name: Grid, __name: grid, setup: } 
  at <ElIcon class="menu-icon" size=16 > 
  at <Index> 
  at <App> @ http://localhost:3001/node_modules/.vite/deps/chunk-D4VKVKNE.js?v=b0937ae5:2203
[     254ms] [WARNING] [Vue warn]: Vue received a Component that was made a reactive object. This can lead to unnecessary performance overhead and should be avoided by marking the component with `markRaw` or using `shallowRef` instead of `ref`. 
Component that was made reactive:  {name: SetUp, __name: set-up, setup: } 
  at <ElIcon class="menu-icon" size=16 > 
  at <Index> 
  at <App> @ http://localhost:3001/node_modules/.vite/deps/chunk-D4VKVKNE.js?v=b0937ae5:2203
[     254ms] [WARNING] [Vue warn]: Vue received a Component that was made a reactive object. This can lead to unnecessary performance overhead and should be avoided by marking the component with `markRaw` or using `shallowRef` instead of `ref`. 
Component that was made reactive:  {name: Cpu, __name: cpu, setup: } 
  at <ElIcon class="menu-icon" size=16 > 
  at <Index> 
  at <App> @ http://localhost:3001/node_modules/.vite/deps/chunk-D4VKVKNE.js?v=b0937ae5:2203
[     254ms] [WARNING] [Vue warn]: Vue received a Component that was made a reactive object. This can lead to unnecessary performance overhead and should be avoided by marking the component with `markRaw` or using `shallowRef` instead of `ref`. 
Component that was made reactive:  {name: Warning, __name: warning, setup: } 
  at <ElIcon class="menu-icon" size=16 > 
  at <Index> 
  at <App> @ http://localhost:3001/node_modules/.vite/deps/chunk-D4VKVKNE.js?v=b0937ae5:2203
[     255ms] [WARNING] [Vue warn]: Vue received a Component that was made a reactive object. This can lead to unnecessary performance overhead and should be avoided by marking the component with `markRaw` or using `shallowRef` instead of `ref`. 
Component that was made reactive:  {name: Box, __name: box, setup: } 
  at <ElIcon class="menu-icon" > 
  at <Index> 
  at <App> @ http://localhost:3001/node_modules/.vite/deps/chunk-D4VKVKNE.js?v=b0937ae5:2203
[     255ms] [WARNING] [Vue warn]: Vue received a Component that was made a reactive object. This can lead to unnecessary performance overhead and should be avoided by marking the component with `markRaw` or using `shallowRef` instead of `ref`. 
Component that was made reactive:  {name: Box, __name: box, setup: } 
  at <ElIcon class="menu-icon" size=16 > 
  at <Index> 
  at <App> @ http://localhost:3001/node_modules/.vite/deps/chunk-D4VKVKNE.js?v=b0937ae5:2203
[     255ms] [WARNING] [Vue warn]: Vue received a Component that was made a reactive object. This can lead to unnecessary performance overhead and should be avoided by marking the component with `markRaw` or using `shallowRef` instead of `ref`. 
Component that was made reactive:  {name: Checked, __name: checked, setup: } 
  at <ElIcon class="menu-icon" size=16 > 
  at <Index> 
  at <App> @ http://localhost:3001/node_modules/.vite/deps/chunk-D4VKVKNE.js?v=b0937ae5:2203
[     255ms] [WARNING] [Vue warn]: Vue received a Component that was made a reactive object. This can lead to unnecessary performance overhead and should be avoided by marking the component with `markRaw` or using `shallowRef` instead of `ref`. 
Component that was made reactive:  {name: Present, __name: present, setup: } 
  at <ElIcon class="menu-icon" > 
  at <Index> 
  at <App> @ http://localhost:3001/node_modules/.vite/deps/chunk-D4VKVKNE.js?v=b0937ae5:2203
[     256ms] [WARNING] [Vue warn]: Vue received a Component that was made a reactive object. This can lead to unnecessary performance overhead and should be avoided by marking the component with `markRaw` or using `shallowRef` instead of `ref`. 
Component that was made reactive:  {name: Box, __name: box, setup: } 
  at <ElIcon class="menu-icon" size=16 > 
  at <Index> 
  at <App> @ http://localhost:3001/node_modules/.vite/deps/chunk-D4VKVKNE.js?v=b0937ae5:2203
[     256ms] [WARNING] [Vue warn]: Vue received a Component that was made a reactive object. This can lead to unnecessary performance overhead and should be avoided by marking the component with `markRaw` or using `shallowRef` instead of `ref`. 
Component that was made reactive:  {name: Operation, __name: operation, setup: } 
  at <ElIcon class="menu-icon" > 
  at <Index> 
  at <App> @ http://localhost:3001/node_modules/.vite/deps/chunk-D4VKVKNE.js?v=b0937ae5:2203
[     257ms] [WARNING] [Vue warn]: Vue received a Component that was made a reactive object. This can lead to unnecessary performance overhead and should be avoided by marking the component with `markRaw` or using `shallowRef` instead of `ref`. 
Component that was made reactive:  {name: ShoppingCart, __name: shopping-cart, setup: } 
  at <ElIcon class="menu-icon" size=16 > 
  at <Index> 
  at <App> @ http://localhost:3001/node_modules/.vite/deps/chunk-D4VKVKNE.js?v=b0937ae5:2203
[     257ms] [WARNING] [Vue warn]: Vue received a Component that was made a reactive object. This can lead to unnecessary performance overhead and should be avoided by marking the component with `markRaw` or using `shallowRef` instead of `ref`. 
Component that was made reactive:  {name: Star, __name: star, setup: } 
  at <ElIcon class="menu-icon" size=16 > 
  at <Index> 
  at <App> @ http://localhost:3001/node_modules/.vite/deps/chunk-D4VKVKNE.js?v=b0937ae5:2203
[     257ms] [WARNING] [Vue warn]: Vue received a Component that was made a reactive object. This can lead to unnecessary performance overhead and should be avoided by marking the component with `markRaw` or using `shallowRef` instead of `ref`. 
Component that was made reactive:  {name: Present, __name: present, setup: } 
  at <ElIcon class="menu-icon" size=16 > 
  at <Index> 
  at <App> @ http://localhost:3001/node_modules/.vite/deps/chunk-D4VKVKNE.js?v=b0937ae5:2203
[     258ms] [WARNING] [Vue warn]: Vue received a Component that was made a reactive object. This can lead to unnecessary performance overhead and should be avoided by marking the component with `markRaw` or using `shallowRef` instead of `ref`. 
Component that was made reactive:  {name: UserFilled, __name: user-filled, setup: } 
  at <ElIcon class="menu-icon" size=16 > 
  at <Index> 
  at <App> @ http://localhost:3001/node_modules/.vite/deps/chunk-D4VKVKNE.js?v=b0937ae5:2203
[     258ms] [WARNING] [Vue warn]: Vue received a Component that was made a reactive object. This can lead to unnecessary performance overhead and should be avoided by marking the component with `markRaw` or using `shallowRef` instead of `ref`. 
Component that was made reactive:  {name: DataAnalysis, __name: data-analysis, setup: } 
  at <ElIcon class="menu-icon" size=16 > 
  at <Index> 
  at <App> @ http://localhost:3001/node_modules/.vite/deps/chunk-D4VKVKNE.js?v=b0937ae5:2203
[     260ms] [WARNING] [Vue warn]: Vue received a Component that was made a reactive object. This can lead to unnecessary performance overhead and should be avoided by marking the component with `markRaw` or using `shallowRef` instead of `ref`. 
Component that was made reactive:  {name: Box, __name: box, setup: } 
  at <ElIcon size=24 color="#1890FF" > 
  at <Index onVnodeUnmounted=fn<onVnodeUnmounted> ref=Ref< undefined > > 
  at <RouterView> 
  at <Index> 
  at <App> @ http://localhost:3001/node_modules/.vite/deps/chunk-D4VKVKNE.js?v=b0937ae5:2203
[     261ms] [WARNING] [Vue warn]: Vue received a Component that was made a reactive object. This can lead to unnecessary performance overhead and should be avoided by marking the component with `markRaw` or using `shallowRef` instead of `ref`. 
Component that was made reactive:  {name: Grid, __name: grid, setup: } 
  at <ElIcon size=24 color="#52C41A" > 
  at <Index onVnodeUnmounted=fn<onVnodeUnmounted> ref=Ref< undefined > > 
  at <RouterView> 
  at <Index> 
  at <App> @ http://localhost:3001/node_modules/.vite/deps/chunk-D4VKVKNE.js?v=b0937ae5:2203
[     262ms] [WARNING] [Vue warn]: Vue received a Component that was made a reactive object. This can lead to unnecessary performance overhead and should be avoided by marking the component with `markRaw` or using `shallowRef` instead of `ref`. 
Component that was made reactive:  {name: DataAnalysis, __name: data-analysis, setup: } 
  at <ElIcon size=24 color="#FAAD14" > 
  at <Index onVnodeUnmounted=fn<onVnodeUnmounted> ref=Ref< undefined > > 
  at <RouterView> 
  at <Index> 
  at <App> @ http://localhost:3001/node_modules/.vite/deps/chunk-D4VKVKNE.js?v=b0937ae5:2203
[     263ms] [WARNING] [Vue warn]: Vue received a Component that was made a reactive object. This can lead to unnecessary performance overhead and should be avoided by marking the component with `markRaw` or using `shallowRef` instead of `ref`. 
Component that was made reactive:  {name: User, __name: user, setup: } 
  at <ElIcon size=24 color="#722ED1" > 
  at <Index onVnodeUnmounted=fn<onVnodeUnmounted> ref=Ref< undefined > > 
  at <RouterView> 
  at <Index> 
  at <App> @ http://localhost:3001/node_modules/.vite/deps/chunk-D4VKVKNE.js?v=b0937ae5:2203
[     264ms] [WARNING] [Vue warn]: Vue received a Component that was made a reactive object. This can lead to unnecessary performance overhead and should be avoided by marking the component with `markRaw` or using `shallowRef` instead of `ref`. 
Component that was made reactive:  {name: Box, __name: box, setup: } 
  at <ElIcon size=32 color="#1890FF" > 
  at <Index onVnodeUnmounted=fn<onVnodeUnmounted> ref=Ref< undefined > > 
  at <RouterView> 
  at <Index> 
  at <App> @ http://localhost:3001/node_modules/.vite/deps/chunk-D4VKVKNE.js?v=b0937ae5:2203
[    6057ms] [WARNING] [Vue warn]: Failed to resolve component: Setting
If this is a native custom element, make sure to exclude it from component resolution via compilerOptions.isCustomElement. 
  at <Index> 
  at <App> @ http://localhost:3001/node_modules/.vite/deps/chunk-D4VKVKNE.js?v=b0937ae5:2203
[    6057ms] [WARNING] [Vue warn]: Vue received a Component that was made a reactive object. This can lead to unnecessary performance overhead and should be avoided by marking the component with `markRaw` or using `shallowRef` instead of `ref`. 
Component that was made reactive:  {name: House, __name: house, setup: } 
  at <ElIcon class="menu-icon" > 
  at <Index> 
  at <App> @ http://localhost:3001/node_modules/.vite/deps/chunk-D4VKVKNE.js?v=b0937ae5:2203
[    6058ms] [WARNING] [Vue warn]: Vue received a Component that was made a reactive object. This can lead to unnecessary performance overhead and should be avoided by marking the component with `markRaw` or using `shallowRef` instead of `ref`. 
Component that was made reactive:  {name: Cpu, __name: cpu, setup: } 
  at <ElIcon class="menu-icon" > 
  at <Index> 
  at <App> @ http://localhost:3001/node_modules/.vite/deps/chunk-D4VKVKNE.js?v=b0937ae5:2203
[    6059ms] [WARNING] [Vue warn]: Vue received a Component that was made a reactive object. This can lead to unnecessary performance overhead and should be avoided by marking the component with `markRaw` or using `shallowRef` instead of `ref`. 
Component that was made reactive:  {name: Grid, __name: grid, setup: } 
  at <ElIcon class="menu-icon" size=16 > 
  at <Index> 
  at <App> @ http://localhost:3001/node_modules/.vite/deps/chunk-D4VKVKNE.js?v=b0937ae5:2203
[    6060ms] [WARNING] [Vue warn]: Vue received a Component that was made a reactive object. This can lead to unnecessary performance overhead and should be avoided by marking the component with `markRaw` or using `shallowRef` instead of `ref`. 
Component that was made reactive:  {name: SetUp, __name: set-up, setup: } 
  at <ElIcon class="menu-icon" size=16 > 
  at <Index> 
  at <App> @ http://localhost:3001/node_modules/.vite/deps/chunk-D4VKVKNE.js?v=b0937ae5:2203
[    6060ms] [WARNING] [Vue warn]: Vue received a Component that was made a reactive object. This can lead to unnecessary performance overhead and should be avoided by marking the component with `markRaw` or using `shallowRef` instead of `ref`. 
Component that was made reactive:  {name: Cpu, __name: cpu, setup: } 
  at <ElIcon class="menu-icon" size=16 > 
  at <Index> 
  at <App> @ http://localhost:3001/node_modules/.vite/deps/chunk-D4VKVKNE.js?v=b0937ae5:2203
[    6061ms] [WARNING] [Vue warn]: Vue received a Component that was made a reactive object. This can lead to unnecessary performance overhead and should be avoided by marking the component with `markRaw` or using `shallowRef` instead of `ref`. 
Component that was made reactive:  {name: Warning, __name: warning, setup: } 
  at <ElIcon class="menu-icon" size=16 > 
  at <Index> 
  at <App> @ http://localhost:3001/node_modules/.vite/deps/chunk-D4VKVKNE.js?v=b0937ae5:2203
[    6062ms] [WARNING] [Vue warn]: Vue received a Component that was made a reactive object. This can lead to unnecessary performance overhead and should be avoided by marking the component with `markRaw` or using `shallowRef` instead of `ref`. 
Component that was made reactive:  {name: Box, __name: box, setup: } 
  at <ElIcon class="menu-icon" > 
  at <Index> 
  at <App> @ http://localhost:3001/node_modules/.vite/deps/chunk-D4VKVKNE.js?v=b0937ae5:2203
[    6062ms] [WARNING] [Vue warn]: Vue received a Component that was made a reactive object. This can lead to unnecessary performance overhead and should be avoided by marking the component with `markRaw` or using `shallowRef` instead of `ref`. 
Component that was made reactive:  {name: Box, __name: box, setup: } 
  at <ElIcon class="menu-icon" size=16 > 
  at <Index> 
  at <App> @ http://localhost:3001/node_modules/.vite/deps/chunk-D4VKVKNE.js?v=b0937ae5:2203
[    6062ms] [WARNING] [Vue warn]: Vue received a Component that was made a reactive object. This can lead to unnecessary performance overhead and should be avoided by marking the component with `markRaw` or using `shallowRef` instead of `ref`. 
Component that was made reactive:  {name: Checked, __name: checked, setup: } 
  at <ElIcon class="menu-icon" size=16 > 
  at <Index> 
  at <App> @ http://localhost:3001/node_modules/.vite/deps/chunk-D4VKVKNE.js?v=b0937ae5:2203
[    6063ms] [WARNING] [Vue warn]: Vue received a Component that was made a reactive object. This can lead to unnecessary performance overhead and should be avoided by marking the component with `markRaw` or using `shallowRef` instead of `ref`. 
Component that was made reactive:  {name: Present, __name: present, setup: } 
  at <ElIcon class="menu-icon" > 
  at <Index> 
  at <App> @ http://localhost:3001/node_modules/.vite/deps/chunk-D4VKVKNE.js?v=b0937ae5:2203
[    6064ms] [WARNING] [Vue warn]: Vue received a Component that was made a reactive object. This can lead to unnecessary performance overhead and should be avoided by marking the component with `markRaw` or using `shallowRef` instead of `ref`. 
Component that was made reactive:  {name: Box, __name: box, setup: } 
  at <ElIcon class="menu-icon" size=16 > 
  at <Index> 
  at <App> @ http://localhost:3001/node_modules/.vite/deps/chunk-D4VKVKNE.js?v=b0937ae5:2203
[    6064ms] [WARNING] [Vue warn]: Vue received a Component that was made a reactive object. This can lead to unnecessary performance overhead and should be avoided by marking the component with `markRaw` or using `shallowRef` instead of `ref`. 
Component that was made reactive:  {name: Operation, __name: operation, setup: } 
  at <ElIcon class="menu-icon" > 
  at <Index> 
  at <App> @ http://localhost:3001/node_modules/.vite/deps/chunk-D4VKVKNE.js?v=b0937ae5:2203
[    6064ms] [WARNING] [Vue warn]: Vue received a Component that was made a reactive object. This can lead to unnecessary performance overhead and should be avoided by marking the component with `markRaw` or using `shallowRef` instead of `ref`. 
Component that was made reactive:  {name: ShoppingCart, __name: shopping-cart, setup: } 
  at <ElIcon class="menu-icon" size=16 > 
  at <Index> 
  at <App> @ http://localhost:3001/node_modules/.vite/deps/chunk-D4VKVKNE.js?v=b0937ae5:2203
[    6065ms] [WARNING] [Vue warn]: Vue received a Component that was made a reactive object. This can lead to unnecessary performance overhead and should be avoided by marking the component with `markRaw` or using `shallowRef` instead of `ref`. 
Component that was made reactive:  {name: Star, __name: star, setup: } 
  at <ElIcon class="menu-icon" size=16 > 
  at <Index> 
  at <App> @ http://localhost:3001/node_modules/.vite/deps/chunk-D4VKVKNE.js?v=b0937ae5:2203
[    6065ms] [WARNING] [Vue warn]: Vue received a Component that was made a reactive object. This can lead to unnecessary performance overhead and should be avoided by marking the component with `markRaw` or using `shallowRef` instead of `ref`. 
Component that was made reactive:  {name: Present, __name: present, setup: } 
  at <ElIcon class="menu-icon" size=16 > 
  at <Index> 
  at <App> @ http://localhost:3001/node_modules/.vite/deps/chunk-D4VKVKNE.js?v=b0937ae5:2203
[    6066ms] [WARNING] [Vue warn]: Vue received a Component that was made a reactive object. This can lead to unnecessary performance overhead and should be avoided by marking the component with `markRaw` or using `shallowRef` instead of `ref`. 
Component that was made reactive:  {name: UserFilled, __name: user-filled, setup: } 
  at <ElIcon class="menu-icon" size=16 > 
  at <Index> 
  at <App> @ http://localhost:3001/node_modules/.vite/deps/chunk-D4VKVKNE.js?v=b0937ae5:2203
[    6066ms] [WARNING] [Vue warn]: Vue received a Component that was made a reactive object. This can lead to unnecessary performance overhead and should be avoided by marking the component with `markRaw` or using `shallowRef` instead of `ref`. 
Component that was made reactive:  {name: DataAnalysis, __name: data-analysis, setup: } 
  at <ElIcon class="menu-icon" size=16 > 
  at <Index> 
  at <App> @ http://localhost:3001/node_modules/.vite/deps/chunk-D4VKVKNE.js?v=b0937ae5:2203
[    8141ms] [WARNING] [Vue warn]: Failed to resolve component: Setting
If this is a native custom element, make sure to exclude it from component resolution via compilerOptions.isCustomElement. 
  at <Index> 
  at <App> @ http://localhost:3001/node_modules/.vite/deps/chunk-D4VKVKNE.js?v=b0937ae5:2203
[    8142ms] [WARNING] [Vue warn]: Vue received a Component that was made a reactive object. This can lead to unnecessary performance overhead and should be avoided by marking the component with `markRaw` or using `shallowRef` instead of `ref`. 
Component that was made reactive:  {name: House, __name: house, setup: } 
  at <ElIcon class="menu-icon" > 
  at <Index> 
  at <App> @ http://localhost:3001/node_modules/.vite/deps/chunk-D4VKVKNE.js?v=b0937ae5:2203
[    8146ms] [WARNING] [Vue warn]: Vue received a Component that was made a reactive object. This can lead to unnecessary performance overhead and should be avoided by marking the component with `markRaw` or using `shallowRef` instead of `ref`. 
Component that was made reactive:  {name: Cpu, __name: cpu, setup: } 
  at <ElIcon class="menu-icon" > 
  at <Index> 
  at <App> @ http://localhost:3001/node_modules/.vite/deps/chunk-D4VKVKNE.js?v=b0937ae5:2203
[    8150ms] [WARNING] [Vue warn]: Vue received a Component that was made a reactive object. This can lead to unnecessary performance overhead and should be avoided by marking the component with `markRaw` or using `shallowRef` instead of `ref`. 
Component that was made reactive:  {name: Grid, __name: grid, setup: } 
  at <ElIcon class="menu-icon" size=16 > 
  at <Index> 
  at <App> @ http://localhost:3001/node_modules/.vite/deps/chunk-D4VKVKNE.js?v=b0937ae5:2203
[    8151ms] [WARNING] [Vue warn]: Vue received a Component that was made a reactive object. This can lead to unnecessary performance overhead and should be avoided by marking the component with `markRaw` or using `shallowRef` instead of `ref`. 
Component that was made reactive:  {name: SetUp, __name: set-up, setup: } 
  at <ElIcon class="menu-icon" size=16 > 
  at <Index> 
  at <App> @ http://localhost:3001/node_modules/.vite/deps/chunk-D4VKVKNE.js?v=b0937ae5:2203
[    8151ms] [WARNING] [Vue warn]: Vue received a Component that was made a reactive object. This can lead to unnecessary performance overhead and should be avoided by marking the component with `markRaw` or using `shallowRef` instead of `ref`. 
Component that was made reactive:  {name: Cpu, __name: cpu, setup: } 
  at <ElIcon class="menu-icon" size=16 > 
  at <Index> 
  at <App> @ http://localhost:3001/node_modules/.vite/deps/chunk-D4VKVKNE.js?v=b0937ae5:2203
[    8152ms] [WARNING] [Vue warn]: Vue received a Component that was made a reactive object. This can lead to unnecessary performance overhead and should be avoided by marking the component with `markRaw` or using `shallowRef` instead of `ref`. 
Component that was made reactive:  {name: Warning, __name: warning, setup: } 
  at <ElIcon class="menu-icon" size=16 > 
  at <Index> 
  at <App> @ http://localhost:3001/node_modules/.vite/deps/chunk-D4VKVKNE.js?v=b0937ae5:2203
[    8153ms] [WARNING] [Vue warn]: Vue received a Component that was made a reactive object. This can lead to unnecessary performance overhead and should be avoided by marking the component with `markRaw` or using `shallowRef` instead of `ref`. 
Component that was made reactive:  {name: Box, __name: box, setup: } 
  at <ElIcon class="menu-icon" > 
  at <Index> 
  at <App> @ http://localhost:3001/node_modules/.vite/deps/chunk-D4VKVKNE.js?v=b0937ae5:2203
[    8155ms] [WARNING] [Vue warn]: Vue received a Component that was made a reactive object. This can lead to unnecessary performance overhead and should be avoided by marking the component with `markRaw` or using `shallowRef` instead of `ref`. 
Component that was made reactive:  {name: Box, __name: box, setup: } 
  at <ElIcon class="menu-icon" size=16 > 
  at <Index> 
  at <App> @ http://localhost:3001/node_modules/.vite/deps/chunk-D4VKVKNE.js?v=b0937ae5:2203
[    8155ms] [WARNING] [Vue warn]: Vue received a Component that was made a reactive object. This can lead to unnecessary performance overhead and should be avoided by marking the component with `markRaw` or using `shallowRef` instead of `ref`. 
Component that was made reactive:  {name: Checked, __name: checked, setup: } 
  at <ElIcon class="menu-icon" size=16 > 
  at <Index> 
  at <App> @ http://localhost:3001/node_modules/.vite/deps/chunk-D4VKVKNE.js?v=b0937ae5:2203
[    8156ms] [WARNING] [Vue warn]: Vue received a Component that was made a reactive object. This can lead to unnecessary performance overhead and should be avoided by marking the component with `markRaw` or using `shallowRef` instead of `ref`. 
Component that was made reactive:  {name: Present, __name: present, setup: } 
  at <ElIcon class="menu-icon" > 
  at <Index> 
  at <App> @ http://localhost:3001/node_modules/.vite/deps/chunk-D4VKVKNE.js?v=b0937ae5:2203
[    8158ms] [WARNING] [Vue warn]: Vue received a Component that was made a reactive object. This can lead to unnecessary performance overhead and should be avoided by marking the component with `markRaw` or using `shallowRef` instead of `ref`. 
Component that was made reactive:  {name: Box, __name: box, setup: } 
  at <ElIcon class="menu-icon" size=16 > 
  at <Index> 
  at <App> @ http://localhost:3001/node_modules/.vite/deps/chunk-D4VKVKNE.js?v=b0937ae5:2203
[    8159ms] [WARNING] [Vue warn]: Vue received a Component that was made a reactive object. This can lead to unnecessary performance overhead and should be avoided by marking the component with `markRaw` or using `shallowRef` instead of `ref`. 
Component that was made reactive:  {name: Operation, __name: operation, setup: } 
  at <ElIcon class="menu-icon" > 
  at <Index> 
  at <App> @ http://localhost:3001/node_modules/.vite/deps/chunk-D4VKVKNE.js?v=b0937ae5:2203
[    8160ms] [WARNING] [Vue warn]: Vue received a Component that was made a reactive object. This can lead to unnecessary performance overhead and should be avoided by marking the component with `markRaw` or using `shallowRef` instead of `ref`. 
Component that was made reactive:  {name: ShoppingCart, __name: shopping-cart, setup: } 
  at <ElIcon class="menu-icon" size=16 > 
  at <Index> 
  at <App> @ http://localhost:3001/node_modules/.vite/deps/chunk-D4VKVKNE.js?v=b0937ae5:2203
[    8160ms] [WARNING] [Vue warn]: Vue received a Component that was made a reactive object. This can lead to unnecessary performance overhead and should be avoided by marking the component with `markRaw` or using `shallowRef` instead of `ref`. 
Component that was made reactive:  {name: Star, __name: star, setup: } 
  at <ElIcon class="menu-icon" size=16 > 
  at <Index> 
  at <App> @ http://localhost:3001/node_modules/.vite/deps/chunk-D4VKVKNE.js?v=b0937ae5:2203
[    8161ms] [WARNING] [Vue warn]: Vue received a Component that was made a reactive object. This can lead to unnecessary performance overhead and should be avoided by marking the component with `markRaw` or using `shallowRef` instead of `ref`. 
Component that was made reactive:  {name: Present, __name: present, setup: } 
  at <ElIcon class="menu-icon" size=16 > 
  at <Index> 
  at <App> @ http://localhost:3001/node_modules/.vite/deps/chunk-D4VKVKNE.js?v=b0937ae5:2203
[    8161ms] [WARNING] [Vue warn]: Vue received a Component that was made a reactive object. This can lead to unnecessary performance overhead and should be avoided by marking the component with `markRaw` or using `shallowRef` instead of `ref`. 
Component that was made reactive:  {name: UserFilled, __name: user-filled, setup: } 
  at <ElIcon class="menu-icon" size=16 > 
  at <Index> 
  at <App> @ http://localhost:3001/node_modules/.vite/deps/chunk-D4VKVKNE.js?v=b0937ae5:2203
[    8162ms] [WARNING] [Vue warn]: Vue received a Component that was made a reactive object. This can lead to unnecessary performance overhead and should be avoided by marking the component with `markRaw` or using `shallowRef` instead of `ref`. 
Component that was made reactive:  {name: DataAnalysis, __name: data-analysis, setup: } 
  at <ElIcon class="menu-icon" size=16 > 
  at <Index> 
  at <App> @ http://localhost:3001/node_modules/.vite/deps/chunk-D4VKVKNE.js?v=b0937ae5:2203
[   13165ms] [WARNING] Invalid prop: type check failed for prop "modelValue". Expected Number | String | Boolean, got Array  null at <ElCheckbox>
at <ElFormItem>
at <ElFocusTrap>
at <ElOverlay>
at <BaseTransition>
at <Transition>
at <Teleport>
at <ElDrawer>
at <Recommend>
at <RouterView>
at <Index>
at <App> [Object, Object, Object, Object, Object, Object, Object, Object, Object, Object, Object, Object] @ http://localhost:3001/node_modules/.vite/deps/element-plus.js?v=b0937ae5:24297
[   13167ms] [WARNING] Invalid prop: type check failed for prop "modelValue". Expected Number | String | Boolean, got Array  null at <ElCheckbox>
at <ElFormItem>
at <ElFocusTrap>
at <ElOverlay>
at <BaseTransition>
at <Transition>
at <Teleport>
at <ElDrawer>
at <Recommend>
at <RouterView>
at <Index>
at <App> [Object, Object, Object, Object, Object, Object, Object, Object, Object, Object, Object, Object] @ http://localhost:3001/node_modules/.vite/deps/element-plus.js?v=b0937ae5:24297
[   13169ms] [WARNING] Invalid prop: type check failed for prop "modelValue". Expected Number | String | Boolean, got Array  null at <ElCheckbox>
at <ElFormItem>
at <ElFocusTrap>
at <ElOverlay>
at <BaseTransition>
at <Transition>
at <Teleport>
at <ElDrawer>
at <Recommend>
at <RouterView>
at <Index>
at <App> [Object, Object, Object, Object, Object, Object, Object, Object, Object, Object, Object, Object] @ http://localhost:3001/node_modules/.vite/deps/element-plus.js?v=b0937ae5:24297
[   13170ms] [WARNING] Invalid prop: type check failed for prop "modelValue". Expected Number | String | Boolean, got Array  null at <ElCheckbox>
at <ElFormItem>
at <ElFocusTrap>
at <ElOverlay>
at <BaseTransition>
at <Transition>
at <Teleport>
at <ElDrawer>
at <Recommend>
at <RouterView>
at <Index>
at <App> [Object, Object, Object, Object, Object, Object, Object, Object, Object, Object, Object, Object] @ http://localhost:3001/node_modules/.vite/deps/element-plus.js?v=b0937ae5:24297
[   13171ms] [WARNING] Invalid prop: type check failed for prop "modelValue". Expected Number | String | Boolean, got Array  null at <ElCheckbox>
at <ElFormItem>
at <ElFocusTrap>
at <ElOverlay>
at <BaseTransition>
at <Transition>
at <Teleport>
at <ElDrawer>
at <Recommend>
at <RouterView>
at <Index>
at <App> [Object, Object, Object, Object, Object, Object, Object, Object, Object, Object, Object, Object] @ http://localhost:3001/node_modules/.vite/deps/element-plus.js?v=b0937ae5:24297
