[     201ms] [LOG] 构建 @ https://new-ecosystem-platform-v2.smartcloudcon.com/assets/index-DwKhFGp3.js:50
[     202ms] [LOG] 触发同步缓存 @ https://new-ecosystem-platform-v2.smartcloudcon.com/assets/index-DwKhFGp3.js:50
[     206ms] [LOG] Proxy(Object) false false /product/audit @ https://new-ecosystem-platform-v2.smartcloudcon.com/assets/index-DwKhFGp3.js:50
[     478ms] [LOG] {code: 0, msg: ok, data: Object} 用户信息 @ https://new-ecosystem-platform-v2.smartcloudcon.com/assets/index-DwKhFGp3.js:50
[     799ms] [LOG] 添加路由完毕 @ https://new-ecosystem-platform-v2.smartcloudcon.com/assets/index-DwKhFGp3.js:50
[     799ms] [LOG] 注册路由Tree @ https://new-ecosystem-platform-v2.smartcloudcon.com/assets/index-DwKhFGp3.js:50
[     802ms] [LOG] [Object, Object, Object, Object, Object, Object, Object, Object, Object, Object, Object, Object, Object, Object, Object, Object, Object, Object, Object, Object, Object, Object, Object, Object, Object, Object, Object, Object, Object, Object, Object, Object, Object, Object, Object, Object, Object, Object, Object, Object, Object, Object, Object, Object, Object, Object, Object, Object, Object, Object, Object, Object, Object, Object, Object, Object, Object, Object, Object, Object, Object, Object, Object, Object, Object, Object, Object, Object, Object, Object, Object, Object, Object, Object, Object, Object, Object, Object, Object, Object, Object, Object, Object, Object, Object, Object, Object, Object, Object, Object, Object, Object, Object, Object, Object, Object, Object, Object, Object, Object] 路由扁平化结果 @ https://new-ecosystem-platform-v2.smartcloudcon.com/assets/index-DwKhFGp3.js:50
[   12302ms] [LOG] PDRSAq8B6YCTYAbX 谁 @ https://new-ecosystem-platform-v2.smartcloudcon.com/assets/product-DSIjKAmZ.js:0
[   29321ms] [LOG] undefined 解析的结果 @ https://new-ecosystem-platform-v2.smartcloudcon.com/assets/capabilityConfig-B-6RNetF.js:0
[   29328ms] [LOG] undefined 解析的结果 @ https://new-ecosystem-platform-v2.smartcloudcon.com/assets/capabilityConfig-B-6RNetF.js:0
[   29350ms] [LOG] undefined 解析的结果 @ https://new-ecosystem-platform-v2.smartcloudcon.com/assets/capabilityConfig-B-6RNetF.js:0
[   29356ms] [LOG] undefined 解析的结果 @ https://new-ecosystem-platform-v2.smartcloudcon.com/assets/capabilityConfig-B-6RNetF.js:0
[   29372ms] [LOG] undefined 解析的结果 @ https://new-ecosystem-platform-v2.smartcloudcon.com/assets/capabilityConfig-B-6RNetF.js:0
[   29376ms] [LOG] undefined 解析的结果 @ https://new-ecosystem-platform-v2.smartcloudcon.com/assets/capabilityConfig-B-6RNetF.js:0
[  168154ms] [LOG] PDRSAq8B6YCTYAbX 谁 @ https://new-ecosystem-platform-v2.smartcloudcon.com/assets/product-DSIjKAmZ.js:0
[  168885ms] [LOG] %c[Cache] color: black; font-size: 12px; font-weight: bolder {code: 0, msg: ok, data: Object} @ https://new-ecosystem-platform-v2.smartcloudcon.com/assets/index-DwKhFGp3.js:50
[  168885ms] [LOG] %c[Mode] color: black; font-size: 12px; font-weight: bolder memory @ https://new-ecosystem-platform-v2.smartcloudcon.com/assets/index-DwKhFGp3.js:50
[  168885ms] [LOG] %c[Method] color: black; font-size: 12px; font-weight: bolder e @ https://new-ecosystem-platform-v2.smartcloudcon.com/assets/index-DwKhFGp3.js:50
[  169812ms] [LOG] undefined 解析的结果 @ https://new-ecosystem-platform-v2.smartcloudcon.com/assets/capabilityConfig-B-6RNetF.js:0
[  169818ms] [LOG] undefined 解析的结果 @ https://new-ecosystem-platform-v2.smartcloudcon.com/assets/capabilityConfig-B-6RNetF.js:0
[  189763ms] [LOG] undefined 解析的结果 @ https://new-ecosystem-platform-v2.smartcloudcon.com/assets/capabilityConfig-B-6RNetF.js:0
[  189767ms] [LOG] undefined 解析的结果 @ https://new-ecosystem-platform-v2.smartcloudcon.com/assets/capabilityConfig-B-6RNetF.js:0
