[    1116ms] [LOG] 构建 @ https://new-ecosystem-platform-v2.smartcloudcon.com/assets/index-B-A6Bn42.js:50
[    1116ms] [LOG] 触发同步缓存 @ https://new-ecosystem-platform-v2.smartcloudcon.com/assets/index-B-A6Bn42.js:50
[    1126ms] [LOG] Proxy(Object) false false /product/develop @ https://new-ecosystem-platform-v2.smartcloudcon.com/assets/index-B-A6Bn42.js:50
[    1368ms] [LOG] {code: 0, msg: ok, data: Object} 用户信息 @ https://new-ecosystem-platform-v2.smartcloudcon.com/assets/index-B-A6Bn42.js:50
[    1698ms] [LOG] 添加路由完毕 @ https://new-ecosystem-platform-v2.smartcloudcon.com/assets/index-B-A6Bn42.js:50
[    1699ms] [LOG] 注册路由Tree @ https://new-ecosystem-platform-v2.smartcloudcon.com/assets/index-B-A6Bn42.js:50
[    1701ms] [LOG] [Object, Object, Object, Object, Object, Object, Object, Object, Object, Object, Object, Object, Object, Object, Object, Object, Object, Object, Object, Object, Object, Object, Object, Object, Object, Object, Object, Object, Object, Object, Object, Object, Object, Object, Object, Object, Object, Object, Object, Object, Object, Object, Object, Object, Object, Object, Object, Object, Object, Object, Object, Object, Object, Object, Object, Object, Object, Object, Object, Object, Object, Object, Object, Object, Object, Object, Object, Object, Object, Object, Object, Object, Object, Object, Object, Object, Object, Object, Object, Object, Object, Object, Object, Object, Object, Object, Object, Object, Object, Object, Object, Object, Object, Object, Object, Object, Object, Object, Object, Object] 路由扁平化结果 @ https://new-ecosystem-platform-v2.smartcloudcon.com/assets/index-B-A6Bn42.js:50
[    2251ms] [LOG] 获取详情 @ https://new-ecosystem-platform-v2.smartcloudcon.com/assets/develop-ChBhn-D8.js:0
[    2251ms] [LOG] PDRSAs9HaSQzNPrG 谁 @ https://new-ecosystem-platform-v2.smartcloudcon.com/assets/product-BdWa0NT3.js:0
[    2253ms] [LOG] 获取联网 PDRSAs9HaSQzNPrG @ https://new-ecosystem-platform-v2.smartcloudcon.com/assets/enmu-CDY1XN9i.js:0
[    2253ms] [LOG] PDRSAs9HaSQzNPrG 谁 @ https://new-ecosystem-platform-v2.smartcloudcon.com/assets/product-BdWa0NT3.js:0
[    2283ms] [LOG] undefined 解析的结果 @ https://new-ecosystem-platform-v2.smartcloudcon.com/assets/capabilityConfig-CWsSh7_A.js:0
[    2292ms] [LOG] undefined 解析的结果 @ https://new-ecosystem-platform-v2.smartcloudcon.com/assets/capabilityConfig-CWsSh7_A.js:0
[    2319ms] [LOG] undefined 解析的结果 @ https://new-ecosystem-platform-v2.smartcloudcon.com/assets/capabilityConfig-CWsSh7_A.js:0
[    2324ms] [LOG] undefined 解析的结果 @ https://new-ecosystem-platform-v2.smartcloudcon.com/assets/capabilityConfig-CWsSh7_A.js:0
[    2345ms] [LOG] undefined 解析的结果 @ https://new-ecosystem-platform-v2.smartcloudcon.com/assets/capabilityConfig-CWsSh7_A.js:0
[    2350ms] [LOG] undefined 解析的结果 @ https://new-ecosystem-platform-v2.smartcloudcon.com/assets/capabilityConfig-CWsSh7_A.js:0
[    3237ms] [LOG] Proxy(Array) 处理完毕 @ https://new-ecosystem-platform-v2.smartcloudcon.com/assets/algorithmConfig-C2mB2544.js:1
[    3268ms] [LOG] - 联网方式 @ https://new-ecosystem-platform-v2.smartcloudcon.com/assets/develop-ChBhn-D8.js:0
[   32262ms] [LOG] undefined 解析的结果 @ https://new-ecosystem-platform-v2.smartcloudcon.com/assets/capabilityConfig-CWsSh7_A.js:0
[   32266ms] [LOG] undefined 解析的结果 @ https://new-ecosystem-platform-v2.smartcloudcon.com/assets/capabilityConfig-CWsSh7_A.js:0
[   89013ms] [LOG] undefined 解析的结果 @ https://new-ecosystem-platform-v2.smartcloudcon.com/assets/capabilityConfig-CWsSh7_A.js:0
[   89018ms] [LOG] undefined 解析的结果 @ https://new-ecosystem-platform-v2.smartcloudcon.com/assets/capabilityConfig-CWsSh7_A.js:0
[  139051ms] [LOG] undefined 解析的结果 @ https://new-ecosystem-platform-v2.smartcloudcon.com/assets/capabilityConfig-CWsSh7_A.js:0
[  139055ms] [LOG] undefined 解析的结果 @ https://new-ecosystem-platform-v2.smartcloudcon.com/assets/capabilityConfig-CWsSh7_A.js:0
[  146063ms] [LOG] undefined 解析的结果 @ https://new-ecosystem-platform-v2.smartcloudcon.com/assets/capabilityConfig-CWsSh7_A.js:0
[  146066ms] [LOG] undefined 解析的结果 @ https://new-ecosystem-platform-v2.smartcloudcon.com/assets/capabilityConfig-CWsSh7_A.js:0
[  146070ms] [ERROR] TypeError: Cannot set properties of undefined (setting 'checked')
    at https://new-ecosystem-platform-v2.smartcloudcon.com/assets/index-B-A6Bn42.js:50:59808
    at td (https://new-ecosystem-platform-v2.smartcloudcon.com/assets/index-B-A6Bn42.js:2:51121)
    at nd (https://new-ecosystem-platform-v2.smartcloudcon.com/assets/index-B-A6Bn42.js:2:51189)
    at s.call (https://new-ecosystem-platform-v2.smartcloudcon.com/assets/index-B-A6Bn42.js:2:54467)
    at y (https://new-ecosystem-platform-v2.smartcloudcon.com/assets/index-B-A6Bn42.js:2:50378)
    at gd (https://new-ecosystem-platform-v2.smartcloudcon.com/assets/index-B-A6Bn42.js:2:52411)
    at M (https://new-ecosystem-platform-v2.smartcloudcon.com/assets/index-B-A6Bn42.js:2:87437)
    at ll.s [as fn] (https://new-ecosystem-platform-v2.smartcloudcon.com/assets/index-B-A6Bn42.js:2:86347)
    at ll.run (https://new-ecosystem-platform-v2.smartcloudcon.com/assets/index-B-A6Bn42.js:2:35794)
    at ne (https://new-ecosystem-platform-v2.smartcloudcon.com/assets/index-B-A6Bn42.js:2:86087) @ https://new-ecosystem-platform-v2.smartcloudcon.com/assets/index-B-A6Bn42.js:1
[  153150ms] [LOG] undefined 解析的结果 @ https://new-ecosystem-platform-v2.smartcloudcon.com/assets/capabilityConfig-CWsSh7_A.js:0
[  153152ms] [LOG] undefined 解析的结果 @ https://new-ecosystem-platform-v2.smartcloudcon.com/assets/capabilityConfig-CWsSh7_A.js:0
[  159314ms] [ERROR] TypeError: Cannot read properties of undefined (reading 'length')
    at https://new-ecosystem-platform-v2.smartcloudcon.com/assets/1096-BvQJuvhC.js:1:2315
    at r (https://new-ecosystem-platform-v2.smartcloudcon.com/assets/index-B-A6Bn42.js:2:53166)
    at U (https://new-ecosystem-platform-v2.smartcloudcon.com/assets/index-B-A6Bn42.js:2:68755)
    at Proxy.<anonymous> (https://new-ecosystem-platform-v2.smartcloudcon.com/assets/index-B-A6Bn42.js:9:204312)
    at Np (https://new-ecosystem-platform-v2.smartcloudcon.com/assets/index-B-A6Bn42.js:2:77432)
    at ll.s [as fn] (https://new-ecosystem-platform-v2.smartcloudcon.com/assets/index-B-A6Bn42.js:2:86956)
    at ll.run (https://new-ecosystem-platform-v2.smartcloudcon.com/assets/index-B-A6Bn42.js:2:35794)
    at re (https://new-ecosystem-platform-v2.smartcloudcon.com/assets/index-B-A6Bn42.js:2:87322)
    at te (https://new-ecosystem-platform-v2.smartcloudcon.com/assets/index-B-A6Bn42.js:2:85947)
    at j (https://new-ecosystem-platform-v2.smartcloudcon.com/assets/index-B-A6Bn42.js:2:85720) @ https://new-ecosystem-platform-v2.smartcloudcon.com/assets/index-B-A6Bn42.js:1
[  159316ms] [LOG] undefined 解析的结果 @ https://new-ecosystem-platform-v2.smartcloudcon.com/assets/capabilityConfig-CWsSh7_A.js:0
[  159320ms] [LOG] undefined 解析的结果 @ https://new-ecosystem-platform-v2.smartcloudcon.com/assets/capabilityConfig-CWsSh7_A.js:0
[  166961ms] [ERROR] TypeError: Cannot read properties of undefined (reading 'length')
    at https://new-ecosystem-platform-v2.smartcloudcon.com/assets/1098-Cr4G82jK.js:1:2498
    at r (https://new-ecosystem-platform-v2.smartcloudcon.com/assets/index-B-A6Bn42.js:2:53166)
    at U (https://new-ecosystem-platform-v2.smartcloudcon.com/assets/index-B-A6Bn42.js:2:68755)
    at Proxy.<anonymous> (https://new-ecosystem-platform-v2.smartcloudcon.com/assets/index-B-A6Bn42.js:9:204312)
    at Np (https://new-ecosystem-platform-v2.smartcloudcon.com/assets/index-B-A6Bn42.js:2:77432)
    at ll.s [as fn] (https://new-ecosystem-platform-v2.smartcloudcon.com/assets/index-B-A6Bn42.js:2:86956)
    at ll.run (https://new-ecosystem-platform-v2.smartcloudcon.com/assets/index-B-A6Bn42.js:2:35794)
    at re (https://new-ecosystem-platform-v2.smartcloudcon.com/assets/index-B-A6Bn42.js:2:87322)
    at te (https://new-ecosystem-platform-v2.smartcloudcon.com/assets/index-B-A6Bn42.js:2:85947)
    at j (https://new-ecosystem-platform-v2.smartcloudcon.com/assets/index-B-A6Bn42.js:2:85720) @ https://new-ecosystem-platform-v2.smartcloudcon.com/assets/index-B-A6Bn42.js:1
[  166964ms] [LOG] undefined 解析的结果 @ https://new-ecosystem-platform-v2.smartcloudcon.com/assets/capabilityConfig-CWsSh7_A.js:0
[  166968ms] [LOG] undefined 解析的结果 @ https://new-ecosystem-platform-v2.smartcloudcon.com/assets/capabilityConfig-CWsSh7_A.js:0
[  174843ms] [ERROR] TypeError: Cannot read properties of undefined (reading 'length')
    at https://new-ecosystem-platform-v2.smartcloudcon.com/assets/1103-CvHbKRyj.js:1:2220
    at r (https://new-ecosystem-platform-v2.smartcloudcon.com/assets/index-B-A6Bn42.js:2:53166)
    at U (https://new-ecosystem-platform-v2.smartcloudcon.com/assets/index-B-A6Bn42.js:2:68755)
    at Proxy.<anonymous> (https://new-ecosystem-platform-v2.smartcloudcon.com/assets/index-B-A6Bn42.js:9:204312)
    at Np (https://new-ecosystem-platform-v2.smartcloudcon.com/assets/index-B-A6Bn42.js:2:77432)
    at ll.s [as fn] (https://new-ecosystem-platform-v2.smartcloudcon.com/assets/index-B-A6Bn42.js:2:86956)
    at ll.run (https://new-ecosystem-platform-v2.smartcloudcon.com/assets/index-B-A6Bn42.js:2:35794)
    at re (https://new-ecosystem-platform-v2.smartcloudcon.com/assets/index-B-A6Bn42.js:2:87322)
    at te (https://new-ecosystem-platform-v2.smartcloudcon.com/assets/index-B-A6Bn42.js:2:85947)
    at j (https://new-ecosystem-platform-v2.smartcloudcon.com/assets/index-B-A6Bn42.js:2:85720) @ https://new-ecosystem-platform-v2.smartcloudcon.com/assets/index-B-A6Bn42.js:1
[  174848ms] [LOG] undefined 解析的结果 @ https://new-ecosystem-platform-v2.smartcloudcon.com/assets/capabilityConfig-CWsSh7_A.js:0
[  174852ms] [LOG] undefined 解析的结果 @ https://new-ecosystem-platform-v2.smartcloudcon.com/assets/capabilityConfig-CWsSh7_A.js:0
[  186060ms] [ERROR] TypeError: Cannot read properties of undefined (reading 'length')
    at https://new-ecosystem-platform-v2.smartcloudcon.com/assets/1104-B6_fPEDh.js:1:2152
    at r (https://new-ecosystem-platform-v2.smartcloudcon.com/assets/index-B-A6Bn42.js:2:53166)
    at U (https://new-ecosystem-platform-v2.smartcloudcon.com/assets/index-B-A6Bn42.js:2:68755)
    at Proxy.<anonymous> (https://new-ecosystem-platform-v2.smartcloudcon.com/assets/index-B-A6Bn42.js:9:204312)
    at Np (https://new-ecosystem-platform-v2.smartcloudcon.com/assets/index-B-A6Bn42.js:2:77432)
    at ll.s [as fn] (https://new-ecosystem-platform-v2.smartcloudcon.com/assets/index-B-A6Bn42.js:2:86956)
    at ll.run (https://new-ecosystem-platform-v2.smartcloudcon.com/assets/index-B-A6Bn42.js:2:35794)
    at re (https://new-ecosystem-platform-v2.smartcloudcon.com/assets/index-B-A6Bn42.js:2:87322)
    at te (https://new-ecosystem-platform-v2.smartcloudcon.com/assets/index-B-A6Bn42.js:2:85947)
    at j (https://new-ecosystem-platform-v2.smartcloudcon.com/assets/index-B-A6Bn42.js:2:85720) @ https://new-ecosystem-platform-v2.smartcloudcon.com/assets/index-B-A6Bn42.js:1
[  186062ms] [LOG] undefined 解析的结果 @ https://new-ecosystem-platform-v2.smartcloudcon.com/assets/capabilityConfig-CWsSh7_A.js:0
[  186068ms] [LOG] undefined 解析的结果 @ https://new-ecosystem-platform-v2.smartcloudcon.com/assets/capabilityConfig-CWsSh7_A.js:0
[  194253ms] [ERROR] TypeError: Cannot read properties of undefined (reading 'length')
    at https://new-ecosystem-platform-v2.smartcloudcon.com/assets/1105-BBzvn6A0.js:1:2192
    at r (https://new-ecosystem-platform-v2.smartcloudcon.com/assets/index-B-A6Bn42.js:2:53166)
    at U (https://new-ecosystem-platform-v2.smartcloudcon.com/assets/index-B-A6Bn42.js:2:68755)
    at Proxy.<anonymous> (https://new-ecosystem-platform-v2.smartcloudcon.com/assets/index-B-A6Bn42.js:9:204312)
    at Np (https://new-ecosystem-platform-v2.smartcloudcon.com/assets/index-B-A6Bn42.js:2:77432)
    at ll.s [as fn] (https://new-ecosystem-platform-v2.smartcloudcon.com/assets/index-B-A6Bn42.js:2:86956)
    at ll.run (https://new-ecosystem-platform-v2.smartcloudcon.com/assets/index-B-A6Bn42.js:2:35794)
    at re (https://new-ecosystem-platform-v2.smartcloudcon.com/assets/index-B-A6Bn42.js:2:87322)
    at te (https://new-ecosystem-platform-v2.smartcloudcon.com/assets/index-B-A6Bn42.js:2:85947)
    at j (https://new-ecosystem-platform-v2.smartcloudcon.com/assets/index-B-A6Bn42.js:2:85720) @ https://new-ecosystem-platform-v2.smartcloudcon.com/assets/index-B-A6Bn42.js:1
[  194256ms] [LOG] undefined 解析的结果 @ https://new-ecosystem-platform-v2.smartcloudcon.com/assets/capabilityConfig-CWsSh7_A.js:0
[  194260ms] [LOG] undefined 解析的结果 @ https://new-ecosystem-platform-v2.smartcloudcon.com/assets/capabilityConfig-CWsSh7_A.js:0
[  205498ms] [ERROR] TypeError: Cannot read properties of undefined (reading 'length')
    at https://new-ecosystem-platform-v2.smartcloudcon.com/assets/1106-CpcOA3qC.js:1:2334
    at r (https://new-ecosystem-platform-v2.smartcloudcon.com/assets/index-B-A6Bn42.js:2:53166)
    at U (https://new-ecosystem-platform-v2.smartcloudcon.com/assets/index-B-A6Bn42.js:2:68755)
    at Proxy.<anonymous> (https://new-ecosystem-platform-v2.smartcloudcon.com/assets/index-B-A6Bn42.js:9:204312)
    at Np (https://new-ecosystem-platform-v2.smartcloudcon.com/assets/index-B-A6Bn42.js:2:77432)
    at ll.s [as fn] (https://new-ecosystem-platform-v2.smartcloudcon.com/assets/index-B-A6Bn42.js:2:86956)
    at ll.run (https://new-ecosystem-platform-v2.smartcloudcon.com/assets/index-B-A6Bn42.js:2:35794)
    at re (https://new-ecosystem-platform-v2.smartcloudcon.com/assets/index-B-A6Bn42.js:2:87322)
    at te (https://new-ecosystem-platform-v2.smartcloudcon.com/assets/index-B-A6Bn42.js:2:85947)
    at j (https://new-ecosystem-platform-v2.smartcloudcon.com/assets/index-B-A6Bn42.js:2:85720) @ https://new-ecosystem-platform-v2.smartcloudcon.com/assets/index-B-A6Bn42.js:1
[  205500ms] [LOG] undefined 解析的结果 @ https://new-ecosystem-platform-v2.smartcloudcon.com/assets/capabilityConfig-CWsSh7_A.js:0
[  205505ms] [LOG] undefined 解析的结果 @ https://new-ecosystem-platform-v2.smartcloudcon.com/assets/capabilityConfig-CWsSh7_A.js:0
[  215247ms] [LOG] undefined 解析的结果 @ https://new-ecosystem-platform-v2.smartcloudcon.com/assets/capabilityConfig-CWsSh7_A.js:0
[  215251ms] [LOG] undefined 解析的结果 @ https://new-ecosystem-platform-v2.smartcloudcon.com/assets/capabilityConfig-CWsSh7_A.js:0
[  223492ms] [LOG] undefined 解析的结果 @ https://new-ecosystem-platform-v2.smartcloudcon.com/assets/capabilityConfig-CWsSh7_A.js:0
[  223497ms] [LOG] undefined 解析的结果 @ https://new-ecosystem-platform-v2.smartcloudcon.com/assets/capabilityConfig-CWsSh7_A.js:0
[  253893ms] [LOG] undefined 解析的结果 @ https://new-ecosystem-platform-v2.smartcloudcon.com/assets/capabilityConfig-CWsSh7_A.js:0
[  253898ms] [LOG] undefined 解析的结果 @ https://new-ecosystem-platform-v2.smartcloudcon.com/assets/capabilityConfig-CWsSh7_A.js:0
[  260200ms] [LOG] undefined 解析的结果 @ https://new-ecosystem-platform-v2.smartcloudcon.com/assets/capabilityConfig-CWsSh7_A.js:0
[  260204ms] [LOG] undefined 解析的结果 @ https://new-ecosystem-platform-v2.smartcloudcon.com/assets/capabilityConfig-CWsSh7_A.js:0
[  266018ms] [LOG] undefined 解析的结果 @ https://new-ecosystem-platform-v2.smartcloudcon.com/assets/capabilityConfig-CWsSh7_A.js:0
[  266022ms] [LOG] undefined 解析的结果 @ https://new-ecosystem-platform-v2.smartcloudcon.com/assets/capabilityConfig-CWsSh7_A.js:0
[  271754ms] [LOG] undefined 解析的结果 @ https://new-ecosystem-platform-v2.smartcloudcon.com/assets/capabilityConfig-CWsSh7_A.js:0
[  271756ms] [LOG] undefined 解析的结果 @ https://new-ecosystem-platform-v2.smartcloudcon.com/assets/capabilityConfig-CWsSh7_A.js:0
[  278018ms] [LOG] undefined 解析的结果 @ https://new-ecosystem-platform-v2.smartcloudcon.com/assets/capabilityConfig-CWsSh7_A.js:0
[  278022ms] [LOG] undefined 解析的结果 @ https://new-ecosystem-platform-v2.smartcloudcon.com/assets/capabilityConfig-CWsSh7_A.js:0
[  283611ms] [LOG] undefined 解析的结果 @ https://new-ecosystem-platform-v2.smartcloudcon.com/assets/capabilityConfig-CWsSh7_A.js:0
[  283615ms] [LOG] undefined 解析的结果 @ https://new-ecosystem-platform-v2.smartcloudcon.com/assets/capabilityConfig-CWsSh7_A.js:0
[  289361ms] [LOG] undefined 解析的结果 @ https://new-ecosystem-platform-v2.smartcloudcon.com/assets/capabilityConfig-CWsSh7_A.js:0
[  289365ms] [LOG] undefined 解析的结果 @ https://new-ecosystem-platform-v2.smartcloudcon.com/assets/capabilityConfig-CWsSh7_A.js:0
[  295217ms] [LOG] undefined 解析的结果 @ https://new-ecosystem-platform-v2.smartcloudcon.com/assets/capabilityConfig-CWsSh7_A.js:0
[  295220ms] [LOG] undefined 解析的结果 @ https://new-ecosystem-platform-v2.smartcloudcon.com/assets/capabilityConfig-CWsSh7_A.js:0
[  301815ms] [LOG] undefined 解析的结果 @ https://new-ecosystem-platform-v2.smartcloudcon.com/assets/capabilityConfig-CWsSh7_A.js:0
[  301819ms] [LOG] undefined 解析的结果 @ https://new-ecosystem-platform-v2.smartcloudcon.com/assets/capabilityConfig-CWsSh7_A.js:0
[  301825ms] [ERROR] TypeError: Cannot set properties of undefined (setting 'checked')
    at https://new-ecosystem-platform-v2.smartcloudcon.com/assets/index-B-A6Bn42.js:50:59808
    at td (https://new-ecosystem-platform-v2.smartcloudcon.com/assets/index-B-A6Bn42.js:2:51121)
    at nd (https://new-ecosystem-platform-v2.smartcloudcon.com/assets/index-B-A6Bn42.js:2:51189)
    at s.call (https://new-ecosystem-platform-v2.smartcloudcon.com/assets/index-B-A6Bn42.js:2:54467)
    at y (https://new-ecosystem-platform-v2.smartcloudcon.com/assets/index-B-A6Bn42.js:2:50378)
    at gd (https://new-ecosystem-platform-v2.smartcloudcon.com/assets/index-B-A6Bn42.js:2:52411)
    at M (https://new-ecosystem-platform-v2.smartcloudcon.com/assets/index-B-A6Bn42.js:2:87437)
    at ll.s [as fn] (https://new-ecosystem-platform-v2.smartcloudcon.com/assets/index-B-A6Bn42.js:2:86347)
    at ll.run (https://new-ecosystem-platform-v2.smartcloudcon.com/assets/index-B-A6Bn42.js:2:35794)
    at ne (https://new-ecosystem-platform-v2.smartcloudcon.com/assets/index-B-A6Bn42.js:2:86087) @ https://new-ecosystem-platform-v2.smartcloudcon.com/assets/index-B-A6Bn42.js:1
[  308640ms] [LOG] undefined 解析的结果 @ https://new-ecosystem-platform-v2.smartcloudcon.com/assets/capabilityConfig-CWsSh7_A.js:0
[  308644ms] [LOG] undefined 解析的结果 @ https://new-ecosystem-platform-v2.smartcloudcon.com/assets/capabilityConfig-CWsSh7_A.js:0
[  315560ms] [LOG] undefined 解析的结果 @ https://new-ecosystem-platform-v2.smartcloudcon.com/assets/capabilityConfig-CWsSh7_A.js:0
[  315563ms] [LOG] undefined 解析的结果 @ https://new-ecosystem-platform-v2.smartcloudcon.com/assets/capabilityConfig-CWsSh7_A.js:0
[  323766ms] [LOG] undefined 解析的结果 @ https://new-ecosystem-platform-v2.smartcloudcon.com/assets/capabilityConfig-CWsSh7_A.js:0
[  323770ms] [LOG] undefined 解析的结果 @ https://new-ecosystem-platform-v2.smartcloudcon.com/assets/capabilityConfig-CWsSh7_A.js:0
[  331886ms] [LOG] undefined 解析的结果 @ https://new-ecosystem-platform-v2.smartcloudcon.com/assets/capabilityConfig-CWsSh7_A.js:0
[  331890ms] [LOG] undefined 解析的结果 @ https://new-ecosystem-platform-v2.smartcloudcon.com/assets/capabilityConfig-CWsSh7_A.js:0
[  339478ms] [LOG] undefined 解析的结果 @ https://new-ecosystem-platform-v2.smartcloudcon.com/assets/capabilityConfig-CWsSh7_A.js:0
[  339482ms] [LOG] undefined 解析的结果 @ https://new-ecosystem-platform-v2.smartcloudcon.com/assets/capabilityConfig-CWsSh7_A.js:0
[  376164ms] [LOG] undefined 解析的结果 @ https://new-ecosystem-platform-v2.smartcloudcon.com/assets/capabilityConfig-CWsSh7_A.js:0
[  376168ms] [LOG] undefined 解析的结果 @ https://new-ecosystem-platform-v2.smartcloudcon.com/assets/capabilityConfig-CWsSh7_A.js:0
[  382497ms] [LOG] undefined 解析的结果 @ https://new-ecosystem-platform-v2.smartcloudcon.com/assets/capabilityConfig-CWsSh7_A.js:0
[  382501ms] [LOG] undefined 解析的结果 @ https://new-ecosystem-platform-v2.smartcloudcon.com/assets/capabilityConfig-CWsSh7_A.js:0
[  388343ms] [LOG] undefined 解析的结果 @ https://new-ecosystem-platform-v2.smartcloudcon.com/assets/capabilityConfig-CWsSh7_A.js:0
[  388346ms] [LOG] undefined 解析的结果 @ https://new-ecosystem-platform-v2.smartcloudcon.com/assets/capabilityConfig-CWsSh7_A.js:0
