[    1140ms] [LOG] 构建 @ https://new-ecosystem-platform-v2.smartcloudcon.com/assets/index-BghKgt6c.js:50
[    1140ms] [LOG] 触发同步缓存 @ https://new-ecosystem-platform-v2.smartcloudcon.com/assets/index-BghKgt6c.js:50
[    1148ms] [LOG] Proxy(Object) false false /product/development @ https://new-ecosystem-platform-v2.smartcloudcon.com/assets/index-BghKgt6c.js:50
[    1407ms] [LOG] {code: 0, msg: ok, data: Object} 用户信息 @ https://new-ecosystem-platform-v2.smartcloudcon.com/assets/index-BghKgt6c.js:50
[    1725ms] [LOG] 添加路由完毕 @ https://new-ecosystem-platform-v2.smartcloudcon.com/assets/index-BghKgt6c.js:50
[    1726ms] [LOG] 注册路由Tree @ https://new-ecosystem-platform-v2.smartcloudcon.com/assets/index-BghKgt6c.js:50
[    1728ms] [LOG] [Object, Object, Object, Object, Object, Object, Object, Object, Object, Object, Object, Object, Object, Object, Object, Object, Object, Object, Object, Object, Object, Object, Object, Object, Object, Object, Object, Object, Object, Object, Object, Object, Object, Object, Object, Object, Object, Object, Object, Object, Object, Object, Object, Object, Object, Object, Object, Object, Object, Object, Object, Object, Object, Object, Object, Object, Object, Object, Object, Object, Object, Object, Object, Object, Object, Object, Object, Object, Object, Object, Object, Object, Object, Object, Object, Object, Object, Object, Object, Object, Object, Object, Object, Object, Object, Object, Object, Object, Object, Object, Object, Object, Object, Object, Object, Object, Object, Object, Object, Object] 路由扁平化结果 @ https://new-ecosystem-platform-v2.smartcloudcon.com/assets/index-BghKgt6c.js:50
[  103246ms] [LOG] 获取详情 @ https://new-ecosystem-platform-v2.smartcloudcon.com/assets/develop-DPqdfyj4.js:0
[  103246ms] [LOG] PDRSAf6Rynvu79XL 谁 @ https://new-ecosystem-platform-v2.smartcloudcon.com/assets/product-DruX0V96.js:0
[  103248ms] [LOG] 获取联网 PDRSAf6Rynvu79XL @ https://new-ecosystem-platform-v2.smartcloudcon.com/assets/enmu-B4EGGdrl.js:0
[  103248ms] [LOG] PDRSAf6Rynvu79XL 谁 @ https://new-ecosystem-platform-v2.smartcloudcon.com/assets/product-DruX0V96.js:0
[  103269ms] [LOG] undefined 解析的结果 @ https://new-ecosystem-platform-v2.smartcloudcon.com/assets/capabilityConfig-Bjlo-HWR.js:0
[  103279ms] [LOG] undefined 解析的结果 @ https://new-ecosystem-platform-v2.smartcloudcon.com/assets/capabilityConfig-Bjlo-HWR.js:0
[  103297ms] [LOG] undefined 解析的结果 @ https://new-ecosystem-platform-v2.smartcloudcon.com/assets/capabilityConfig-Bjlo-HWR.js:0
[  103302ms] [LOG] undefined 解析的结果 @ https://new-ecosystem-platform-v2.smartcloudcon.com/assets/capabilityConfig-Bjlo-HWR.js:0
[  103322ms] [LOG] undefined 解析的结果 @ https://new-ecosystem-platform-v2.smartcloudcon.com/assets/capabilityConfig-Bjlo-HWR.js:0
[  103326ms] [LOG] undefined 解析的结果 @ https://new-ecosystem-platform-v2.smartcloudcon.com/assets/capabilityConfig-Bjlo-HWR.js:0
[  104165ms] [LOG] 有线 联网方式 @ https://new-ecosystem-platform-v2.smartcloudcon.com/assets/develop-DPqdfyj4.js:0
[  104208ms] [LOG] Proxy(Array) 处理完毕 @ https://new-ecosystem-platform-v2.smartcloudcon.com/assets/algorithmConfig-KIZkBY64.js:1
[  104487ms] [LOG] undefined 解析的结果 @ https://new-ecosystem-platform-v2.smartcloudcon.com/assets/capabilityConfig-Bjlo-HWR.js:0
[  104490ms] [LOG] undefined 解析的结果 @ https://new-ecosystem-platform-v2.smartcloudcon.com/assets/capabilityConfig-Bjlo-HWR.js:0
[  104530ms] [LOG] undefined 解析的结果 @ https://new-ecosystem-platform-v2.smartcloudcon.com/assets/capabilityConfig-Bjlo-HWR.js:0
[  104534ms] [LOG] undefined 解析的结果 @ https://new-ecosystem-platform-v2.smartcloudcon.com/assets/capabilityConfig-Bjlo-HWR.js:0
[  462416ms] [WARNING] ElementPlusError: [el-link] [API] The underline option (boolean) is about to be deprecated in version 3.0.0, please use 'always' | 'hover' | 'never' instead.
For more detail, please visit: https://element-plus.org/en-US/component/link.html#underline

    at s_ (https://new-ecosystem-platform-v2.smartcloudcon.com/assets/index-BghKgt6c.js:2:115315)
    at V.immediate (https://new-ecosystem-platform-v2.smartcloudcon.com/assets/index-BghKgt6c.js:2:127848)
    at nd (https://new-ecosystem-platform-v2.smartcloudcon.com/assets/index-BghKgt6c.js:2:51119)
    at rd (https://new-ecosystem-platform-v2.smartcloudcon.com/assets/index-BghKgt6c.js:2:51187)
    at Md.s.call (https://new-ecosystem-platform-v2.smartcloudcon.com/assets/index-BghKgt6c.js:2:54465)
    at y (https://new-ecosystem-platform-v2.smartcloudcon.com/assets/index-BghKgt6c.js:2:50376)
    at ed (https://new-ecosystem-platform-v2.smartcloudcon.com/assets/index-BghKgt6c.js:2:50586)
    at Md (https://new-ecosystem-platform-v2.smartcloudcon.com/assets/index-BghKgt6c.js:2:54664)
    at V (https://new-ecosystem-platform-v2.smartcloudcon.com/assets/index-BghKgt6c.js:2:54209)
    at lv (https://new-ecosystem-platform-v2.smartcloudcon.com/assets/index-BghKgt6c.js:2:127830) @ https://new-ecosystem-platform-v2.smartcloudcon.com/assets/index-BghKgt6c.js:1
[  462417ms] [WARNING] ElementPlusError: [el-link] [API] The underline option (boolean) is about to be deprecated in version 3.0.0, please use 'always' | 'hover' | 'never' instead.
For more detail, please visit: https://element-plus.org/en-US/component/link.html#underline

    at s_ (https://new-ecosystem-platform-v2.smartcloudcon.com/assets/index-BghKgt6c.js:2:115315)
    at V.immediate (https://new-ecosystem-platform-v2.smartcloudcon.com/assets/index-BghKgt6c.js:2:127848)
    at nd (https://new-ecosystem-platform-v2.smartcloudcon.com/assets/index-BghKgt6c.js:2:51119)
    at rd (https://new-ecosystem-platform-v2.smartcloudcon.com/assets/index-BghKgt6c.js:2:51187)
    at Md.s.call (https://new-ecosystem-platform-v2.smartcloudcon.com/assets/index-BghKgt6c.js:2:54465)
    at y (https://new-ecosystem-platform-v2.smartcloudcon.com/assets/index-BghKgt6c.js:2:50376)
    at ed (https://new-ecosystem-platform-v2.smartcloudcon.com/assets/index-BghKgt6c.js:2:50586)
    at Md (https://new-ecosystem-platform-v2.smartcloudcon.com/assets/index-BghKgt6c.js:2:54664)
    at V (https://new-ecosystem-platform-v2.smartcloudcon.com/assets/index-BghKgt6c.js:2:54209)
    at lv (https://new-ecosystem-platform-v2.smartcloudcon.com/assets/index-BghKgt6c.js:2:127830) @ https://new-ecosystem-platform-v2.smartcloudcon.com/assets/index-BghKgt6c.js:1
[  462417ms] [WARNING] ElementPlusError: [el-link] [API] The underline option (boolean) is about to be deprecated in version 3.0.0, please use 'always' | 'hover' | 'never' instead.
For more detail, please visit: https://element-plus.org/en-US/component/link.html#underline

    at s_ (https://new-ecosystem-platform-v2.smartcloudcon.com/assets/index-BghKgt6c.js:2:115315)
    at V.immediate (https://new-ecosystem-platform-v2.smartcloudcon.com/assets/index-BghKgt6c.js:2:127848)
    at nd (https://new-ecosystem-platform-v2.smartcloudcon.com/assets/index-BghKgt6c.js:2:51119)
    at rd (https://new-ecosystem-platform-v2.smartcloudcon.com/assets/index-BghKgt6c.js:2:51187)
    at Md.s.call (https://new-ecosystem-platform-v2.smartcloudcon.com/assets/index-BghKgt6c.js:2:54465)
    at y (https://new-ecosystem-platform-v2.smartcloudcon.com/assets/index-BghKgt6c.js:2:50376)
    at ed (https://new-ecosystem-platform-v2.smartcloudcon.com/assets/index-BghKgt6c.js:2:50586)
    at Md (https://new-ecosystem-platform-v2.smartcloudcon.com/assets/index-BghKgt6c.js:2:54664)
    at V (https://new-ecosystem-platform-v2.smartcloudcon.com/assets/index-BghKgt6c.js:2:54209)
    at lv (https://new-ecosystem-platform-v2.smartcloudcon.com/assets/index-BghKgt6c.js:2:127830) @ https://new-ecosystem-platform-v2.smartcloudcon.com/assets/index-BghKgt6c.js:1
[  462417ms] [WARNING] ElementPlusError: [el-link] [API] The underline option (boolean) is about to be deprecated in version 3.0.0, please use 'always' | 'hover' | 'never' instead.
For more detail, please visit: https://element-plus.org/en-US/component/link.html#underline

    at s_ (https://new-ecosystem-platform-v2.smartcloudcon.com/assets/index-BghKgt6c.js:2:115315)
    at V.immediate (https://new-ecosystem-platform-v2.smartcloudcon.com/assets/index-BghKgt6c.js:2:127848)
    at nd (https://new-ecosystem-platform-v2.smartcloudcon.com/assets/index-BghKgt6c.js:2:51119)
    at rd (https://new-ecosystem-platform-v2.smartcloudcon.com/assets/index-BghKgt6c.js:2:51187)
    at Md.s.call (https://new-ecosystem-platform-v2.smartcloudcon.com/assets/index-BghKgt6c.js:2:54465)
    at y (https://new-ecosystem-platform-v2.smartcloudcon.com/assets/index-BghKgt6c.js:2:50376)
    at ed (https://new-ecosystem-platform-v2.smartcloudcon.com/assets/index-BghKgt6c.js:2:50586)
    at Md (https://new-ecosystem-platform-v2.smartcloudcon.com/assets/index-BghKgt6c.js:2:54664)
    at V (https://new-ecosystem-platform-v2.smartcloudcon.com/assets/index-BghKgt6c.js:2:54209)
    at lv (https://new-ecosystem-platform-v2.smartcloudcon.com/assets/index-BghKgt6c.js:2:127830) @ https://new-ecosystem-platform-v2.smartcloudcon.com/assets/index-BghKgt6c.js:1
[  462418ms] [WARNING] ElementPlusError: [el-link] [API] The underline option (boolean) is about to be deprecated in version 3.0.0, please use 'always' | 'hover' | 'never' instead.
For more detail, please visit: https://element-plus.org/en-US/component/link.html#underline

    at s_ (https://new-ecosystem-platform-v2.smartcloudcon.com/assets/index-BghKgt6c.js:2:115315)
    at V.immediate (https://new-ecosystem-platform-v2.smartcloudcon.com/assets/index-BghKgt6c.js:2:127848)
    at nd (https://new-ecosystem-platform-v2.smartcloudcon.com/assets/index-BghKgt6c.js:2:51119)
    at rd (https://new-ecosystem-platform-v2.smartcloudcon.com/assets/index-BghKgt6c.js:2:51187)
    at Md.s.call (https://new-ecosystem-platform-v2.smartcloudcon.com/assets/index-BghKgt6c.js:2:54465)
    at y (https://new-ecosystem-platform-v2.smartcloudcon.com/assets/index-BghKgt6c.js:2:50376)
    at ed (https://new-ecosystem-platform-v2.smartcloudcon.com/assets/index-BghKgt6c.js:2:50586)
    at Md (https://new-ecosystem-platform-v2.smartcloudcon.com/assets/index-BghKgt6c.js:2:54664)
    at V (https://new-ecosystem-platform-v2.smartcloudcon.com/assets/index-BghKgt6c.js:2:54209)
    at lv (https://new-ecosystem-platform-v2.smartcloudcon.com/assets/index-BghKgt6c.js:2:127830) @ https://new-ecosystem-platform-v2.smartcloudcon.com/assets/index-BghKgt6c.js:1
[  462418ms] [WARNING] ElementPlusError: [el-link] [API] The underline option (boolean) is about to be deprecated in version 3.0.0, please use 'always' | 'hover' | 'never' instead.
For more detail, please visit: https://element-plus.org/en-US/component/link.html#underline

    at s_ (https://new-ecosystem-platform-v2.smartcloudcon.com/assets/index-BghKgt6c.js:2:115315)
    at V.immediate (https://new-ecosystem-platform-v2.smartcloudcon.com/assets/index-BghKgt6c.js:2:127848)
    at nd (https://new-ecosystem-platform-v2.smartcloudcon.com/assets/index-BghKgt6c.js:2:51119)
    at rd (https://new-ecosystem-platform-v2.smartcloudcon.com/assets/index-BghKgt6c.js:2:51187)
    at Md.s.call (https://new-ecosystem-platform-v2.smartcloudcon.com/assets/index-BghKgt6c.js:2:54465)
    at y (https://new-ecosystem-platform-v2.smartcloudcon.com/assets/index-BghKgt6c.js:2:50376)
    at ed (https://new-ecosystem-platform-v2.smartcloudcon.com/assets/index-BghKgt6c.js:2:50586)
    at Md (https://new-ecosystem-platform-v2.smartcloudcon.com/assets/index-BghKgt6c.js:2:54664)
    at V (https://new-ecosystem-platform-v2.smartcloudcon.com/assets/index-BghKgt6c.js:2:54209)
    at lv (https://new-ecosystem-platform-v2.smartcloudcon.com/assets/index-BghKgt6c.js:2:127830) @ https://new-ecosystem-platform-v2.smartcloudcon.com/assets/index-BghKgt6c.js:1
[  462418ms] [WARNING] ElementPlusError: [el-link] [API] The underline option (boolean) is about to be deprecated in version 3.0.0, please use 'always' | 'hover' | 'never' instead.
For more detail, please visit: https://element-plus.org/en-US/component/link.html#underline

    at s_ (https://new-ecosystem-platform-v2.smartcloudcon.com/assets/index-BghKgt6c.js:2:115315)
    at V.immediate (https://new-ecosystem-platform-v2.smartcloudcon.com/assets/index-BghKgt6c.js:2:127848)
    at nd (https://new-ecosystem-platform-v2.smartcloudcon.com/assets/index-BghKgt6c.js:2:51119)
    at rd (https://new-ecosystem-platform-v2.smartcloudcon.com/assets/index-BghKgt6c.js:2:51187)
    at Md.s.call (https://new-ecosystem-platform-v2.smartcloudcon.com/assets/index-BghKgt6c.js:2:54465)
    at y (https://new-ecosystem-platform-v2.smartcloudcon.com/assets/index-BghKgt6c.js:2:50376)
    at ed (https://new-ecosystem-platform-v2.smartcloudcon.com/assets/index-BghKgt6c.js:2:50586)
    at Md (https://new-ecosystem-platform-v2.smartcloudcon.com/assets/index-BghKgt6c.js:2:54664)
    at V (https://new-ecosystem-platform-v2.smartcloudcon.com/assets/index-BghKgt6c.js:2:54209)
    at lv (https://new-ecosystem-platform-v2.smartcloudcon.com/assets/index-BghKgt6c.js:2:127830) @ https://new-ecosystem-platform-v2.smartcloudcon.com/assets/index-BghKgt6c.js:1
[  462418ms] [WARNING] ElementPlusError: [el-link] [API] The underline option (boolean) is about to be deprecated in version 3.0.0, please use 'always' | 'hover' | 'never' instead.
For more detail, please visit: https://element-plus.org/en-US/component/link.html#underline

    at s_ (https://new-ecosystem-platform-v2.smartcloudcon.com/assets/index-BghKgt6c.js:2:115315)
    at V.immediate (https://new-ecosystem-platform-v2.smartcloudcon.com/assets/index-BghKgt6c.js:2:127848)
    at nd (https://new-ecosystem-platform-v2.smartcloudcon.com/assets/index-BghKgt6c.js:2:51119)
    at rd (https://new-ecosystem-platform-v2.smartcloudcon.com/assets/index-BghKgt6c.js:2:51187)
    at Md.s.call (https://new-ecosystem-platform-v2.smartcloudcon.com/assets/index-BghKgt6c.js:2:54465)
    at y (https://new-ecosystem-platform-v2.smartcloudcon.com/assets/index-BghKgt6c.js:2:50376)
    at ed (https://new-ecosystem-platform-v2.smartcloudcon.com/assets/index-BghKgt6c.js:2:50586)
    at Md (https://new-ecosystem-platform-v2.smartcloudcon.com/assets/index-BghKgt6c.js:2:54664)
    at V (https://new-ecosystem-platform-v2.smartcloudcon.com/assets/index-BghKgt6c.js:2:54209)
    at lv (https://new-ecosystem-platform-v2.smartcloudcon.com/assets/index-BghKgt6c.js:2:127830) @ https://new-ecosystem-platform-v2.smartcloudcon.com/assets/index-BghKgt6c.js:1
[  462418ms] [WARNING] ElementPlusError: [el-link] [API] The underline option (boolean) is about to be deprecated in version 3.0.0, please use 'always' | 'hover' | 'never' instead.
For more detail, please visit: https://element-plus.org/en-US/component/link.html#underline

    at s_ (https://new-ecosystem-platform-v2.smartcloudcon.com/assets/index-BghKgt6c.js:2:115315)
    at V.immediate (https://new-ecosystem-platform-v2.smartcloudcon.com/assets/index-BghKgt6c.js:2:127848)
    at nd (https://new-ecosystem-platform-v2.smartcloudcon.com/assets/index-BghKgt6c.js:2:51119)
    at rd (https://new-ecosystem-platform-v2.smartcloudcon.com/assets/index-BghKgt6c.js:2:51187)
    at Md.s.call (https://new-ecosystem-platform-v2.smartcloudcon.com/assets/index-BghKgt6c.js:2:54465)
    at y (https://new-ecosystem-platform-v2.smartcloudcon.com/assets/index-BghKgt6c.js:2:50376)
    at ed (https://new-ecosystem-platform-v2.smartcloudcon.com/assets/index-BghKgt6c.js:2:50586)
    at Md (https://new-ecosystem-platform-v2.smartcloudcon.com/assets/index-BghKgt6c.js:2:54664)
    at V (https://new-ecosystem-platform-v2.smartcloudcon.com/assets/index-BghKgt6c.js:2:54209)
    at lv (https://new-ecosystem-platform-v2.smartcloudcon.com/assets/index-BghKgt6c.js:2:127830) @ https://new-ecosystem-platform-v2.smartcloudcon.com/assets/index-BghKgt6c.js:1
[  462418ms] [WARNING] ElementPlusError: [el-link] [API] The underline option (boolean) is about to be deprecated in version 3.0.0, please use 'always' | 'hover' | 'never' instead.
For more detail, please visit: https://element-plus.org/en-US/component/link.html#underline

    at s_ (https://new-ecosystem-platform-v2.smartcloudcon.com/assets/index-BghKgt6c.js:2:115315)
    at V.immediate (https://new-ecosystem-platform-v2.smartcloudcon.com/assets/index-BghKgt6c.js:2:127848)
    at nd (https://new-ecosystem-platform-v2.smartcloudcon.com/assets/index-BghKgt6c.js:2:51119)
    at rd (https://new-ecosystem-platform-v2.smartcloudcon.com/assets/index-BghKgt6c.js:2:51187)
    at Md.s.call (https://new-ecosystem-platform-v2.smartcloudcon.com/assets/index-BghKgt6c.js:2:54465)
    at y (https://new-ecosystem-platform-v2.smartcloudcon.com/assets/index-BghKgt6c.js:2:50376)
    at ed (https://new-ecosystem-platform-v2.smartcloudcon.com/assets/index-BghKgt6c.js:2:50586)
    at Md (https://new-ecosystem-platform-v2.smartcloudcon.com/assets/index-BghKgt6c.js:2:54664)
    at V (https://new-ecosystem-platform-v2.smartcloudcon.com/assets/index-BghKgt6c.js:2:54209)
    at lv (https://new-ecosystem-platform-v2.smartcloudcon.com/assets/index-BghKgt6c.js:2:127830) @ https://new-ecosystem-platform-v2.smartcloudcon.com/assets/index-BghKgt6c.js:1
[  462419ms] [WARNING] ElementPlusError: [el-link] [API] The underline option (boolean) is about to be deprecated in version 3.0.0, please use 'always' | 'hover' | 'never' instead.
For more detail, please visit: https://element-plus.org/en-US/component/link.html#underline

    at s_ (https://new-ecosystem-platform-v2.smartcloudcon.com/assets/index-BghKgt6c.js:2:115315)
    at V.immediate (https://new-ecosystem-platform-v2.smartcloudcon.com/assets/index-BghKgt6c.js:2:127848)
    at nd (https://new-ecosystem-platform-v2.smartcloudcon.com/assets/index-BghKgt6c.js:2:51119)
    at rd (https://new-ecosystem-platform-v2.smartcloudcon.com/assets/index-BghKgt6c.js:2:51187)
    at Md.s.call (https://new-ecosystem-platform-v2.smartcloudcon.com/assets/index-BghKgt6c.js:2:54465)
    at y (https://new-ecosystem-platform-v2.smartcloudcon.com/assets/index-BghKgt6c.js:2:50376)
    at ed (https://new-ecosystem-platform-v2.smartcloudcon.com/assets/index-BghKgt6c.js:2:50586)
    at Md (https://new-ecosystem-platform-v2.smartcloudcon.com/assets/index-BghKgt6c.js:2:54664)
    at V (https://new-ecosystem-platform-v2.smartcloudcon.com/assets/index-BghKgt6c.js:2:54209)
    at lv (https://new-ecosystem-platform-v2.smartcloudcon.com/assets/index-BghKgt6c.js:2:127830) @ https://new-ecosystem-platform-v2.smartcloudcon.com/assets/index-BghKgt6c.js:1
[  462419ms] [WARNING] ElementPlusError: [el-link] [API] The underline option (boolean) is about to be deprecated in version 3.0.0, please use 'always' | 'hover' | 'never' instead.
For more detail, please visit: https://element-plus.org/en-US/component/link.html#underline

    at s_ (https://new-ecosystem-platform-v2.smartcloudcon.com/assets/index-BghKgt6c.js:2:115315)
    at V.immediate (https://new-ecosystem-platform-v2.smartcloudcon.com/assets/index-BghKgt6c.js:2:127848)
    at nd (https://new-ecosystem-platform-v2.smartcloudcon.com/assets/index-BghKgt6c.js:2:51119)
    at rd (https://new-ecosystem-platform-v2.smartcloudcon.com/assets/index-BghKgt6c.js:2:51187)
    at Md.s.call (https://new-ecosystem-platform-v2.smartcloudcon.com/assets/index-BghKgt6c.js:2:54465)
    at y (https://new-ecosystem-platform-v2.smartcloudcon.com/assets/index-BghKgt6c.js:2:50376)
    at ed (https://new-ecosystem-platform-v2.smartcloudcon.com/assets/index-BghKgt6c.js:2:50586)
    at Md (https://new-ecosystem-platform-v2.smartcloudcon.com/assets/index-BghKgt6c.js:2:54664)
    at V (https://new-ecosystem-platform-v2.smartcloudcon.com/assets/index-BghKgt6c.js:2:54209)
    at lv (https://new-ecosystem-platform-v2.smartcloudcon.com/assets/index-BghKgt6c.js:2:127830) @ https://new-ecosystem-platform-v2.smartcloudcon.com/assets/index-BghKgt6c.js:1
[  462419ms] [WARNING] ElementPlusError: [el-link] [API] The underline option (boolean) is about to be deprecated in version 3.0.0, please use 'always' | 'hover' | 'never' instead.
For more detail, please visit: https://element-plus.org/en-US/component/link.html#underline

    at s_ (https://new-ecosystem-platform-v2.smartcloudcon.com/assets/index-BghKgt6c.js:2:115315)
    at V.immediate (https://new-ecosystem-platform-v2.smartcloudcon.com/assets/index-BghKgt6c.js:2:127848)
    at nd (https://new-ecosystem-platform-v2.smartcloudcon.com/assets/index-BghKgt6c.js:2:51119)
    at rd (https://new-ecosystem-platform-v2.smartcloudcon.com/assets/index-BghKgt6c.js:2:51187)
    at Md.s.call (https://new-ecosystem-platform-v2.smartcloudcon.com/assets/index-BghKgt6c.js:2:54465)
    at y (https://new-ecosystem-platform-v2.smartcloudcon.com/assets/index-BghKgt6c.js:2:50376)
    at ed (https://new-ecosystem-platform-v2.smartcloudcon.com/assets/index-BghKgt6c.js:2:50586)
    at Md (https://new-ecosystem-platform-v2.smartcloudcon.com/assets/index-BghKgt6c.js:2:54664)
    at V (https://new-ecosystem-platform-v2.smartcloudcon.com/assets/index-BghKgt6c.js:2:54209)
    at lv (https://new-ecosystem-platform-v2.smartcloudcon.com/assets/index-BghKgt6c.js:2:127830) @ https://new-ecosystem-platform-v2.smartcloudcon.com/assets/index-BghKgt6c.js:1
[  462420ms] [WARNING] ElementPlusError: [el-link] [API] The underline option (boolean) is about to be deprecated in version 3.0.0, please use 'always' | 'hover' | 'never' instead.
For more detail, please visit: https://element-plus.org/en-US/component/link.html#underline

    at s_ (https://new-ecosystem-platform-v2.smartcloudcon.com/assets/index-BghKgt6c.js:2:115315)
    at V.immediate (https://new-ecosystem-platform-v2.smartcloudcon.com/assets/index-BghKgt6c.js:2:127848)
    at nd (https://new-ecosystem-platform-v2.smartcloudcon.com/assets/index-BghKgt6c.js:2:51119)
    at rd (https://new-ecosystem-platform-v2.smartcloudcon.com/assets/index-BghKgt6c.js:2:51187)
    at Md.s.call (https://new-ecosystem-platform-v2.smartcloudcon.com/assets/index-BghKgt6c.js:2:54465)
    at y (https://new-ecosystem-platform-v2.smartcloudcon.com/assets/index-BghKgt6c.js:2:50376)
    at ed (https://new-ecosystem-platform-v2.smartcloudcon.com/assets/index-BghKgt6c.js:2:50586)
    at Md (https://new-ecosystem-platform-v2.smartcloudcon.com/assets/index-BghKgt6c.js:2:54664)
    at V (https://new-ecosystem-platform-v2.smartcloudcon.com/assets/index-BghKgt6c.js:2:54209)
    at lv (https://new-ecosystem-platform-v2.smartcloudcon.com/assets/index-BghKgt6c.js:2:127830) @ https://new-ecosystem-platform-v2.smartcloudcon.com/assets/index-BghKgt6c.js:1
[  462420ms] [WARNING] ElementPlusError: [el-link] [API] The underline option (boolean) is about to be deprecated in version 3.0.0, please use 'always' | 'hover' | 'never' instead.
For more detail, please visit: https://element-plus.org/en-US/component/link.html#underline

    at s_ (https://new-ecosystem-platform-v2.smartcloudcon.com/assets/index-BghKgt6c.js:2:115315)
    at V.immediate (https://new-ecosystem-platform-v2.smartcloudcon.com/assets/index-BghKgt6c.js:2:127848)
    at nd (https://new-ecosystem-platform-v2.smartcloudcon.com/assets/index-BghKgt6c.js:2:51119)
    at rd (https://new-ecosystem-platform-v2.smartcloudcon.com/assets/index-BghKgt6c.js:2:51187)
    at Md.s.call (https://new-ecosystem-platform-v2.smartcloudcon.com/assets/index-BghKgt6c.js:2:54465)
    at y (https://new-ecosystem-platform-v2.smartcloudcon.com/assets/index-BghKgt6c.js:2:50376)
    at ed (https://new-ecosystem-platform-v2.smartcloudcon.com/assets/index-BghKgt6c.js:2:50586)
    at Md (https://new-ecosystem-platform-v2.smartcloudcon.com/assets/index-BghKgt6c.js:2:54664)
    at V (https://new-ecosystem-platform-v2.smartcloudcon.com/assets/index-BghKgt6c.js:2:54209)
    at lv (https://new-ecosystem-platform-v2.smartcloudcon.com/assets/index-BghKgt6c.js:2:127830) @ https://new-ecosystem-platform-v2.smartcloudcon.com/assets/index-BghKgt6c.js:1
[  462420ms] [WARNING] ElementPlusError: [el-link] [API] The underline option (boolean) is about to be deprecated in version 3.0.0, please use 'always' | 'hover' | 'never' instead.
For more detail, please visit: https://element-plus.org/en-US/component/link.html#underline

    at s_ (https://new-ecosystem-platform-v2.smartcloudcon.com/assets/index-BghKgt6c.js:2:115315)
    at V.immediate (https://new-ecosystem-platform-v2.smartcloudcon.com/assets/index-BghKgt6c.js:2:127848)
    at nd (https://new-ecosystem-platform-v2.smartcloudcon.com/assets/index-BghKgt6c.js:2:51119)
    at rd (https://new-ecosystem-platform-v2.smartcloudcon.com/assets/index-BghKgt6c.js:2:51187)
    at Md.s.call (https://new-ecosystem-platform-v2.smartcloudcon.com/assets/index-BghKgt6c.js:2:54465)
    at y (https://new-ecosystem-platform-v2.smartcloudcon.com/assets/index-BghKgt6c.js:2:50376)
    at ed (https://new-ecosystem-platform-v2.smartcloudcon.com/assets/index-BghKgt6c.js:2:50586)
    at Md (https://new-ecosystem-platform-v2.smartcloudcon.com/assets/index-BghKgt6c.js:2:54664)
    at V (https://new-ecosystem-platform-v2.smartcloudcon.com/assets/index-BghKgt6c.js:2:54209)
    at lv (https://new-ecosystem-platform-v2.smartcloudcon.com/assets/index-BghKgt6c.js:2:127830) @ https://new-ecosystem-platform-v2.smartcloudcon.com/assets/index-BghKgt6c.js:1
[  462420ms] [WARNING] ElementPlusError: [el-link] [API] The underline option (boolean) is about to be deprecated in version 3.0.0, please use 'always' | 'hover' | 'never' instead.
For more detail, please visit: https://element-plus.org/en-US/component/link.html#underline

    at s_ (https://new-ecosystem-platform-v2.smartcloudcon.com/assets/index-BghKgt6c.js:2:115315)
    at V.immediate (https://new-ecosystem-platform-v2.smartcloudcon.com/assets/index-BghKgt6c.js:2:127848)
    at nd (https://new-ecosystem-platform-v2.smartcloudcon.com/assets/index-BghKgt6c.js:2:51119)
    at rd (https://new-ecosystem-platform-v2.smartcloudcon.com/assets/index-BghKgt6c.js:2:51187)
    at Md.s.call (https://new-ecosystem-platform-v2.smartcloudcon.com/assets/index-BghKgt6c.js:2:54465)
    at y (https://new-ecosystem-platform-v2.smartcloudcon.com/assets/index-BghKgt6c.js:2:50376)
    at ed (https://new-ecosystem-platform-v2.smartcloudcon.com/assets/index-BghKgt6c.js:2:50586)
    at Md (https://new-ecosystem-platform-v2.smartcloudcon.com/assets/index-BghKgt6c.js:2:54664)
    at V (https://new-ecosystem-platform-v2.smartcloudcon.com/assets/index-BghKgt6c.js:2:54209)
    at lv (https://new-ecosystem-platform-v2.smartcloudcon.com/assets/index-BghKgt6c.js:2:127830) @ https://new-ecosystem-platform-v2.smartcloudcon.com/assets/index-BghKgt6c.js:1
[  462420ms] [WARNING] ElementPlusError: [el-link] [API] The underline option (boolean) is about to be deprecated in version 3.0.0, please use 'always' | 'hover' | 'never' instead.
For more detail, please visit: https://element-plus.org/en-US/component/link.html#underline

    at s_ (https://new-ecosystem-platform-v2.smartcloudcon.com/assets/index-BghKgt6c.js:2:115315)
    at V.immediate (https://new-ecosystem-platform-v2.smartcloudcon.com/assets/index-BghKgt6c.js:2:127848)
    at nd (https://new-ecosystem-platform-v2.smartcloudcon.com/assets/index-BghKgt6c.js:2:51119)
    at rd (https://new-ecosystem-platform-v2.smartcloudcon.com/assets/index-BghKgt6c.js:2:51187)
    at Md.s.call (https://new-ecosystem-platform-v2.smartcloudcon.com/assets/index-BghKgt6c.js:2:54465)
    at y (https://new-ecosystem-platform-v2.smartcloudcon.com/assets/index-BghKgt6c.js:2:50376)
    at ed (https://new-ecosystem-platform-v2.smartcloudcon.com/assets/index-BghKgt6c.js:2:50586)
    at Md (https://new-ecosystem-platform-v2.smartcloudcon.com/assets/index-BghKgt6c.js:2:54664)
    at V (https://new-ecosystem-platform-v2.smartcloudcon.com/assets/index-BghKgt6c.js:2:54209)
    at lv (https://new-ecosystem-platform-v2.smartcloudcon.com/assets/index-BghKgt6c.js:2:127830) @ https://new-ecosystem-platform-v2.smartcloudcon.com/assets/index-BghKgt6c.js:1
[  462421ms] [WARNING] ElementPlusError: [el-link] [API] The underline option (boolean) is about to be deprecated in version 3.0.0, please use 'always' | 'hover' | 'never' instead.
For more detail, please visit: https://element-plus.org/en-US/component/link.html#underline

    at s_ (https://new-ecosystem-platform-v2.smartcloudcon.com/assets/index-BghKgt6c.js:2:115315)
    at V.immediate (https://new-ecosystem-platform-v2.smartcloudcon.com/assets/index-BghKgt6c.js:2:127848)
    at nd (https://new-ecosystem-platform-v2.smartcloudcon.com/assets/index-BghKgt6c.js:2:51119)
    at rd (https://new-ecosystem-platform-v2.smartcloudcon.com/assets/index-BghKgt6c.js:2:51187)
    at Md.s.call (https://new-ecosystem-platform-v2.smartcloudcon.com/assets/index-BghKgt6c.js:2:54465)
    at y (https://new-ecosystem-platform-v2.smartcloudcon.com/assets/index-BghKgt6c.js:2:50376)
    at ed (https://new-ecosystem-platform-v2.smartcloudcon.com/assets/index-BghKgt6c.js:2:50586)
    at Md (https://new-ecosystem-platform-v2.smartcloudcon.com/assets/index-BghKgt6c.js:2:54664)
    at V (https://new-ecosystem-platform-v2.smartcloudcon.com/assets/index-BghKgt6c.js:2:54209)
    at lv (https://new-ecosystem-platform-v2.smartcloudcon.com/assets/index-BghKgt6c.js:2:127830) @ https://new-ecosystem-platform-v2.smartcloudcon.com/assets/index-BghKgt6c.js:1
[  462421ms] [WARNING] ElementPlusError: [el-link] [API] The underline option (boolean) is about to be deprecated in version 3.0.0, please use 'always' | 'hover' | 'never' instead.
For more detail, please visit: https://element-plus.org/en-US/component/link.html#underline

    at s_ (https://new-ecosystem-platform-v2.smartcloudcon.com/assets/index-BghKgt6c.js:2:115315)
    at V.immediate (https://new-ecosystem-platform-v2.smartcloudcon.com/assets/index-BghKgt6c.js:2:127848)
    at nd (https://new-ecosystem-platform-v2.smartcloudcon.com/assets/index-BghKgt6c.js:2:51119)
    at rd (https://new-ecosystem-platform-v2.smartcloudcon.com/assets/index-BghKgt6c.js:2:51187)
    at Md.s.call (https://new-ecosystem-platform-v2.smartcloudcon.com/assets/index-BghKgt6c.js:2:54465)
    at y (https://new-ecosystem-platform-v2.smartcloudcon.com/assets/index-BghKgt6c.js:2:50376)
    at ed (https://new-ecosystem-platform-v2.smartcloudcon.com/assets/index-BghKgt6c.js:2:50586)
    at Md (https://new-ecosystem-platform-v2.smartcloudcon.com/assets/index-BghKgt6c.js:2:54664)
    at V (https://new-ecosystem-platform-v2.smartcloudcon.com/assets/index-BghKgt6c.js:2:54209)
    at lv (https://new-ecosystem-platform-v2.smartcloudcon.com/assets/index-BghKgt6c.js:2:127830) @ https://new-ecosystem-platform-v2.smartcloudcon.com/assets/index-BghKgt6c.js:1
[  462421ms] [WARNING] ElementPlusError: [el-link] [API] The underline option (boolean) is about to be deprecated in version 3.0.0, please use 'always' | 'hover' | 'never' instead.
For more detail, please visit: https://element-plus.org/en-US/component/link.html#underline

    at s_ (https://new-ecosystem-platform-v2.smartcloudcon.com/assets/index-BghKgt6c.js:2:115315)
    at V.immediate (https://new-ecosystem-platform-v2.smartcloudcon.com/assets/index-BghKgt6c.js:2:127848)
    at nd (https://new-ecosystem-platform-v2.smartcloudcon.com/assets/index-BghKgt6c.js:2:51119)
    at rd (https://new-ecosystem-platform-v2.smartcloudcon.com/assets/index-BghKgt6c.js:2:51187)
    at Md.s.call (https://new-ecosystem-platform-v2.smartcloudcon.com/assets/index-BghKgt6c.js:2:54465)
    at y (https://new-ecosystem-platform-v2.smartcloudcon.com/assets/index-BghKgt6c.js:2:50376)
    at ed (https://new-ecosystem-platform-v2.smartcloudcon.com/assets/index-BghKgt6c.js:2:50586)
    at Md (https://new-ecosystem-platform-v2.smartcloudcon.com/assets/index-BghKgt6c.js:2:54664)
    at V (https://new-ecosystem-platform-v2.smartcloudcon.com/assets/index-BghKgt6c.js:2:54209)
    at lv (https://new-ecosystem-platform-v2.smartcloudcon.com/assets/index-BghKgt6c.js:2:127830) @ https://new-ecosystem-platform-v2.smartcloudcon.com/assets/index-BghKgt6c.js:1
[  462421ms] [WARNING] ElementPlusError: [el-link] [API] The underline option (boolean) is about to be deprecated in version 3.0.0, please use 'always' | 'hover' | 'never' instead.
For more detail, please visit: https://element-plus.org/en-US/component/link.html#underline

    at s_ (https://new-ecosystem-platform-v2.smartcloudcon.com/assets/index-BghKgt6c.js:2:115315)
    at V.immediate (https://new-ecosystem-platform-v2.smartcloudcon.com/assets/index-BghKgt6c.js:2:127848)
    at nd (https://new-ecosystem-platform-v2.smartcloudcon.com/assets/index-BghKgt6c.js:2:51119)
    at rd (https://new-ecosystem-platform-v2.smartcloudcon.com/assets/index-BghKgt6c.js:2:51187)
    at Md.s.call (https://new-ecosystem-platform-v2.smartcloudcon.com/assets/index-BghKgt6c.js:2:54465)
    at y (https://new-ecosystem-platform-v2.smartcloudcon.com/assets/index-BghKgt6c.js:2:50376)
    at ed (https://new-ecosystem-platform-v2.smartcloudcon.com/assets/index-BghKgt6c.js:2:50586)
    at Md (https://new-ecosystem-platform-v2.smartcloudcon.com/assets/index-BghKgt6c.js:2:54664)
    at V (https://new-ecosystem-platform-v2.smartcloudcon.com/assets/index-BghKgt6c.js:2:54209)
    at lv (https://new-ecosystem-platform-v2.smartcloudcon.com/assets/index-BghKgt6c.js:2:127830) @ https://new-ecosystem-platform-v2.smartcloudcon.com/assets/index-BghKgt6c.js:1
[  462422ms] [WARNING] ElementPlusError: [el-link] [API] The underline option (boolean) is about to be deprecated in version 3.0.0, please use 'always' | 'hover' | 'never' instead.
For more detail, please visit: https://element-plus.org/en-US/component/link.html#underline

    at s_ (https://new-ecosystem-platform-v2.smartcloudcon.com/assets/index-BghKgt6c.js:2:115315)
    at V.immediate (https://new-ecosystem-platform-v2.smartcloudcon.com/assets/index-BghKgt6c.js:2:127848)
    at nd (https://new-ecosystem-platform-v2.smartcloudcon.com/assets/index-BghKgt6c.js:2:51119)
    at rd (https://new-ecosystem-platform-v2.smartcloudcon.com/assets/index-BghKgt6c.js:2:51187)
    at Md.s.call (https://new-ecosystem-platform-v2.smartcloudcon.com/assets/index-BghKgt6c.js:2:54465)
    at y (https://new-ecosystem-platform-v2.smartcloudcon.com/assets/index-BghKgt6c.js:2:50376)
    at ed (https://new-ecosystem-platform-v2.smartcloudcon.com/assets/index-BghKgt6c.js:2:50586)
    at Md (https://new-ecosystem-platform-v2.smartcloudcon.com/assets/index-BghKgt6c.js:2:54664)
    at V (https://new-ecosystem-platform-v2.smartcloudcon.com/assets/index-BghKgt6c.js:2:54209)
    at lv (https://new-ecosystem-platform-v2.smartcloudcon.com/assets/index-BghKgt6c.js:2:127830) @ https://new-ecosystem-platform-v2.smartcloudcon.com/assets/index-BghKgt6c.js:1
[  462422ms] [WARNING] ElementPlusError: [el-link] [API] The underline option (boolean) is about to be deprecated in version 3.0.0, please use 'always' | 'hover' | 'never' instead.
For more detail, please visit: https://element-plus.org/en-US/component/link.html#underline

    at s_ (https://new-ecosystem-platform-v2.smartcloudcon.com/assets/index-BghKgt6c.js:2:115315)
    at V.immediate (https://new-ecosystem-platform-v2.smartcloudcon.com/assets/index-BghKgt6c.js:2:127848)
    at nd (https://new-ecosystem-platform-v2.smartcloudcon.com/assets/index-BghKgt6c.js:2:51119)
    at rd (https://new-ecosystem-platform-v2.smartcloudcon.com/assets/index-BghKgt6c.js:2:51187)
    at Md.s.call (https://new-ecosystem-platform-v2.smartcloudcon.com/assets/index-BghKgt6c.js:2:54465)
    at y (https://new-ecosystem-platform-v2.smartcloudcon.com/assets/index-BghKgt6c.js:2:50376)
    at ed (https://new-ecosystem-platform-v2.smartcloudcon.com/assets/index-BghKgt6c.js:2:50586)
    at Md (https://new-ecosystem-platform-v2.smartcloudcon.com/assets/index-BghKgt6c.js:2:54664)
    at V (https://new-ecosystem-platform-v2.smartcloudcon.com/assets/index-BghKgt6c.js:2:54209)
    at lv (https://new-ecosystem-platform-v2.smartcloudcon.com/assets/index-BghKgt6c.js:2:127830) @ https://new-ecosystem-platform-v2.smartcloudcon.com/assets/index-BghKgt6c.js:1
[  462422ms] [WARNING] ElementPlusError: [el-link] [API] The underline option (boolean) is about to be deprecated in version 3.0.0, please use 'always' | 'hover' | 'never' instead.
For more detail, please visit: https://element-plus.org/en-US/component/link.html#underline

    at s_ (https://new-ecosystem-platform-v2.smartcloudcon.com/assets/index-BghKgt6c.js:2:115315)
    at V.immediate (https://new-ecosystem-platform-v2.smartcloudcon.com/assets/index-BghKgt6c.js:2:127848)
    at nd (https://new-ecosystem-platform-v2.smartcloudcon.com/assets/index-BghKgt6c.js:2:51119)
    at rd (https://new-ecosystem-platform-v2.smartcloudcon.com/assets/index-BghKgt6c.js:2:51187)
    at Md.s.call (https://new-ecosystem-platform-v2.smartcloudcon.com/assets/index-BghKgt6c.js:2:54465)
    at y (https://new-ecosystem-platform-v2.smartcloudcon.com/assets/index-BghKgt6c.js:2:50376)
    at ed (https://new-ecosystem-platform-v2.smartcloudcon.com/assets/index-BghKgt6c.js:2:50586)
    at Md (https://new-ecosystem-platform-v2.smartcloudcon.com/assets/index-BghKgt6c.js:2:54664)
    at V (https://new-ecosystem-platform-v2.smartcloudcon.com/assets/index-BghKgt6c.js:2:54209)
    at lv (https://new-ecosystem-platform-v2.smartcloudcon.com/assets/index-BghKgt6c.js:2:127830) @ https://new-ecosystem-platform-v2.smartcloudcon.com/assets/index-BghKgt6c.js:1
[  462422ms] [WARNING] ElementPlusError: [el-link] [API] The underline option (boolean) is about to be deprecated in version 3.0.0, please use 'always' | 'hover' | 'never' instead.
For more detail, please visit: https://element-plus.org/en-US/component/link.html#underline

    at s_ (https://new-ecosystem-platform-v2.smartcloudcon.com/assets/index-BghKgt6c.js:2:115315)
    at V.immediate (https://new-ecosystem-platform-v2.smartcloudcon.com/assets/index-BghKgt6c.js:2:127848)
    at nd (https://new-ecosystem-platform-v2.smartcloudcon.com/assets/index-BghKgt6c.js:2:51119)
    at rd (https://new-ecosystem-platform-v2.smartcloudcon.com/assets/index-BghKgt6c.js:2:51187)
    at Md.s.call (https://new-ecosystem-platform-v2.smartcloudcon.com/assets/index-BghKgt6c.js:2:54465)
    at y (https://new-ecosystem-platform-v2.smartcloudcon.com/assets/index-BghKgt6c.js:2:50376)
    at ed (https://new-ecosystem-platform-v2.smartcloudcon.com/assets/index-BghKgt6c.js:2:50586)
    at Md (https://new-ecosystem-platform-v2.smartcloudcon.com/assets/index-BghKgt6c.js:2:54664)
    at V (https://new-ecosystem-platform-v2.smartcloudcon.com/assets/index-BghKgt6c.js:2:54209)
    at lv (https://new-ecosystem-platform-v2.smartcloudcon.com/assets/index-BghKgt6c.js:2:127830) @ https://new-ecosystem-platform-v2.smartcloudcon.com/assets/index-BghKgt6c.js:1
[  462423ms] [WARNING] ElementPlusError: [el-link] [API] The underline option (boolean) is about to be deprecated in version 3.0.0, please use 'always' | 'hover' | 'never' instead.
For more detail, please visit: https://element-plus.org/en-US/component/link.html#underline

    at s_ (https://new-ecosystem-platform-v2.smartcloudcon.com/assets/index-BghKgt6c.js:2:115315)
    at V.immediate (https://new-ecosystem-platform-v2.smartcloudcon.com/assets/index-BghKgt6c.js:2:127848)
    at nd (https://new-ecosystem-platform-v2.smartcloudcon.com/assets/index-BghKgt6c.js:2:51119)
    at rd (https://new-ecosystem-platform-v2.smartcloudcon.com/assets/index-BghKgt6c.js:2:51187)
    at Md.s.call (https://new-ecosystem-platform-v2.smartcloudcon.com/assets/index-BghKgt6c.js:2:54465)
    at y (https://new-ecosystem-platform-v2.smartcloudcon.com/assets/index-BghKgt6c.js:2:50376)
    at ed (https://new-ecosystem-platform-v2.smartcloudcon.com/assets/index-BghKgt6c.js:2:50586)
    at Md (https://new-ecosystem-platform-v2.smartcloudcon.com/assets/index-BghKgt6c.js:2:54664)
    at V (https://new-ecosystem-platform-v2.smartcloudcon.com/assets/index-BghKgt6c.js:2:54209)
    at lv (https://new-ecosystem-platform-v2.smartcloudcon.com/assets/index-BghKgt6c.js:2:127830) @ https://new-ecosystem-platform-v2.smartcloudcon.com/assets/index-BghKgt6c.js:1
[  462423ms] [WARNING] ElementPlusError: [el-link] [API] The underline option (boolean) is about to be deprecated in version 3.0.0, please use 'always' | 'hover' | 'never' instead.
For more detail, please visit: https://element-plus.org/en-US/component/link.html#underline

    at s_ (https://new-ecosystem-platform-v2.smartcloudcon.com/assets/index-BghKgt6c.js:2:115315)
    at V.immediate (https://new-ecosystem-platform-v2.smartcloudcon.com/assets/index-BghKgt6c.js:2:127848)
    at nd (https://new-ecosystem-platform-v2.smartcloudcon.com/assets/index-BghKgt6c.js:2:51119)
    at rd (https://new-ecosystem-platform-v2.smartcloudcon.com/assets/index-BghKgt6c.js:2:51187)
    at Md.s.call (https://new-ecosystem-platform-v2.smartcloudcon.com/assets/index-BghKgt6c.js:2:54465)
    at y (https://new-ecosystem-platform-v2.smartcloudcon.com/assets/index-BghKgt6c.js:2:50376)
    at ed (https://new-ecosystem-platform-v2.smartcloudcon.com/assets/index-BghKgt6c.js:2:50586)
    at Md (https://new-ecosystem-platform-v2.smartcloudcon.com/assets/index-BghKgt6c.js:2:54664)
    at V (https://new-ecosystem-platform-v2.smartcloudcon.com/assets/index-BghKgt6c.js:2:54209)
    at lv (https://new-ecosystem-platform-v2.smartcloudcon.com/assets/index-BghKgt6c.js:2:127830) @ https://new-ecosystem-platform-v2.smartcloudcon.com/assets/index-BghKgt6c.js:1
[  462423ms] [WARNING] ElementPlusError: [el-link] [API] The underline option (boolean) is about to be deprecated in version 3.0.0, please use 'always' | 'hover' | 'never' instead.
For more detail, please visit: https://element-plus.org/en-US/component/link.html#underline

    at s_ (https://new-ecosystem-platform-v2.smartcloudcon.com/assets/index-BghKgt6c.js:2:115315)
    at V.immediate (https://new-ecosystem-platform-v2.smartcloudcon.com/assets/index-BghKgt6c.js:2:127848)
    at nd (https://new-ecosystem-platform-v2.smartcloudcon.com/assets/index-BghKgt6c.js:2:51119)
    at rd (https://new-ecosystem-platform-v2.smartcloudcon.com/assets/index-BghKgt6c.js:2:51187)
    at Md.s.call (https://new-ecosystem-platform-v2.smartcloudcon.com/assets/index-BghKgt6c.js:2:54465)
    at y (https://new-ecosystem-platform-v2.smartcloudcon.com/assets/index-BghKgt6c.js:2:50376)
    at ed (https://new-ecosystem-platform-v2.smartcloudcon.com/assets/index-BghKgt6c.js:2:50586)
    at Md (https://new-ecosystem-platform-v2.smartcloudcon.com/assets/index-BghKgt6c.js:2:54664)
    at V (https://new-ecosystem-platform-v2.smartcloudcon.com/assets/index-BghKgt6c.js:2:54209)
    at lv (https://new-ecosystem-platform-v2.smartcloudcon.com/assets/index-BghKgt6c.js:2:127830) @ https://new-ecosystem-platform-v2.smartcloudcon.com/assets/index-BghKgt6c.js:1
[  462423ms] [WARNING] ElementPlusError: [el-link] [API] The underline option (boolean) is about to be deprecated in version 3.0.0, please use 'always' | 'hover' | 'never' instead.
For more detail, please visit: https://element-plus.org/en-US/component/link.html#underline

    at s_ (https://new-ecosystem-platform-v2.smartcloudcon.com/assets/index-BghKgt6c.js:2:115315)
    at V.immediate (https://new-ecosystem-platform-v2.smartcloudcon.com/assets/index-BghKgt6c.js:2:127848)
    at nd (https://new-ecosystem-platform-v2.smartcloudcon.com/assets/index-BghKgt6c.js:2:51119)
    at rd (https://new-ecosystem-platform-v2.smartcloudcon.com/assets/index-BghKgt6c.js:2:51187)
    at Md.s.call (https://new-ecosystem-platform-v2.smartcloudcon.com/assets/index-BghKgt6c.js:2:54465)
    at y (https://new-ecosystem-platform-v2.smartcloudcon.com/assets/index-BghKgt6c.js:2:50376)
    at ed (https://new-ecosystem-platform-v2.smartcloudcon.com/assets/index-BghKgt6c.js:2:50586)
    at Md (https://new-ecosystem-platform-v2.smartcloudcon.com/assets/index-BghKgt6c.js:2:54664)
    at V (https://new-ecosystem-platform-v2.smartcloudcon.com/assets/index-BghKgt6c.js:2:54209)
    at lv (https://new-ecosystem-platform-v2.smartcloudcon.com/assets/index-BghKgt6c.js:2:127830) @ https://new-ecosystem-platform-v2.smartcloudcon.com/assets/index-BghKgt6c.js:1
[  462424ms] [WARNING] ElementPlusError: [el-link] [API] The underline option (boolean) is about to be deprecated in version 3.0.0, please use 'always' | 'hover' | 'never' instead.
For more detail, please visit: https://element-plus.org/en-US/component/link.html#underline

    at s_ (https://new-ecosystem-platform-v2.smartcloudcon.com/assets/index-BghKgt6c.js:2:115315)
    at V.immediate (https://new-ecosystem-platform-v2.smartcloudcon.com/assets/index-BghKgt6c.js:2:127848)
    at nd (https://new-ecosystem-platform-v2.smartcloudcon.com/assets/index-BghKgt6c.js:2:51119)
    at rd (https://new-ecosystem-platform-v2.smartcloudcon.com/assets/index-BghKgt6c.js:2:51187)
    at Md.s.call (https://new-ecosystem-platform-v2.smartcloudcon.com/assets/index-BghKgt6c.js:2:54465)
    at y (https://new-ecosystem-platform-v2.smartcloudcon.com/assets/index-BghKgt6c.js:2:50376)
    at ed (https://new-ecosystem-platform-v2.smartcloudcon.com/assets/index-BghKgt6c.js:2:50586)
    at Md (https://new-ecosystem-platform-v2.smartcloudcon.com/assets/index-BghKgt6c.js:2:54664)
    at V (https://new-ecosystem-platform-v2.smartcloudcon.com/assets/index-BghKgt6c.js:2:54209)
    at lv (https://new-ecosystem-platform-v2.smartcloudcon.com/assets/index-BghKgt6c.js:2:127830) @ https://new-ecosystem-platform-v2.smartcloudcon.com/assets/index-BghKgt6c.js:1
[  462425ms] [WARNING] ElementPlusError: [el-link] [API] The underline option (boolean) is about to be deprecated in version 3.0.0, please use 'always' | 'hover' | 'never' instead.
For more detail, please visit: https://element-plus.org/en-US/component/link.html#underline

    at s_ (https://new-ecosystem-platform-v2.smartcloudcon.com/assets/index-BghKgt6c.js:2:115315)
    at V.immediate (https://new-ecosystem-platform-v2.smartcloudcon.com/assets/index-BghKgt6c.js:2:127848)
    at nd (https://new-ecosystem-platform-v2.smartcloudcon.com/assets/index-BghKgt6c.js:2:51119)
    at rd (https://new-ecosystem-platform-v2.smartcloudcon.com/assets/index-BghKgt6c.js:2:51187)
    at Md.s.call (https://new-ecosystem-platform-v2.smartcloudcon.com/assets/index-BghKgt6c.js:2:54465)
    at y (https://new-ecosystem-platform-v2.smartcloudcon.com/assets/index-BghKgt6c.js:2:50376)
    at ed (https://new-ecosystem-platform-v2.smartcloudcon.com/assets/index-BghKgt6c.js:2:50586)
    at Md (https://new-ecosystem-platform-v2.smartcloudcon.com/assets/index-BghKgt6c.js:2:54664)
    at V (https://new-ecosystem-platform-v2.smartcloudcon.com/assets/index-BghKgt6c.js:2:54209)
    at lv (https://new-ecosystem-platform-v2.smartcloudcon.com/assets/index-BghKgt6c.js:2:127830) @ https://new-ecosystem-platform-v2.smartcloudcon.com/assets/index-BghKgt6c.js:1
[  462426ms] [WARNING] ElementPlusError: [el-link] [API] The underline option (boolean) is about to be deprecated in version 3.0.0, please use 'always' | 'hover' | 'never' instead.
For more detail, please visit: https://element-plus.org/en-US/component/link.html#underline

    at s_ (https://new-ecosystem-platform-v2.smartcloudcon.com/assets/index-BghKgt6c.js:2:115315)
    at V.immediate (https://new-ecosystem-platform-v2.smartcloudcon.com/assets/index-BghKgt6c.js:2:127848)
    at nd (https://new-ecosystem-platform-v2.smartcloudcon.com/assets/index-BghKgt6c.js:2:51119)
    at rd (https://new-ecosystem-platform-v2.smartcloudcon.com/assets/index-BghKgt6c.js:2:51187)
    at Md.s.call (https://new-ecosystem-platform-v2.smartcloudcon.com/assets/index-BghKgt6c.js:2:54465)
    at y (https://new-ecosystem-platform-v2.smartcloudcon.com/assets/index-BghKgt6c.js:2:50376)
    at ed (https://new-ecosystem-platform-v2.smartcloudcon.com/assets/index-BghKgt6c.js:2:50586)
    at Md (https://new-ecosystem-platform-v2.smartcloudcon.com/assets/index-BghKgt6c.js:2:54664)
    at V (https://new-ecosystem-platform-v2.smartcloudcon.com/assets/index-BghKgt6c.js:2:54209)
    at lv (https://new-ecosystem-platform-v2.smartcloudcon.com/assets/index-BghKgt6c.js:2:127830) @ https://new-ecosystem-platform-v2.smartcloudcon.com/assets/index-BghKgt6c.js:1
[  462426ms] [WARNING] ElementPlusError: [el-link] [API] The underline option (boolean) is about to be deprecated in version 3.0.0, please use 'always' | 'hover' | 'never' instead.
For more detail, please visit: https://element-plus.org/en-US/component/link.html#underline

    at s_ (https://new-ecosystem-platform-v2.smartcloudcon.com/assets/index-BghKgt6c.js:2:115315)
    at V.immediate (https://new-ecosystem-platform-v2.smartcloudcon.com/assets/index-BghKgt6c.js:2:127848)
    at nd (https://new-ecosystem-platform-v2.smartcloudcon.com/assets/index-BghKgt6c.js:2:51119)
    at rd (https://new-ecosystem-platform-v2.smartcloudcon.com/assets/index-BghKgt6c.js:2:51187)
    at Md.s.call (https://new-ecosystem-platform-v2.smartcloudcon.com/assets/index-BghKgt6c.js:2:54465)
    at y (https://new-ecosystem-platform-v2.smartcloudcon.com/assets/index-BghKgt6c.js:2:50376)
    at ed (https://new-ecosystem-platform-v2.smartcloudcon.com/assets/index-BghKgt6c.js:2:50586)
    at Md (https://new-ecosystem-platform-v2.smartcloudcon.com/assets/index-BghKgt6c.js:2:54664)
    at V (https://new-ecosystem-platform-v2.smartcloudcon.com/assets/index-BghKgt6c.js:2:54209)
    at lv (https://new-ecosystem-platform-v2.smartcloudcon.com/assets/index-BghKgt6c.js:2:127830) @ https://new-ecosystem-platform-v2.smartcloudcon.com/assets/index-BghKgt6c.js:1
[  462426ms] [WARNING] ElementPlusError: [el-link] [API] The underline option (boolean) is about to be deprecated in version 3.0.0, please use 'always' | 'hover' | 'never' instead.
For more detail, please visit: https://element-plus.org/en-US/component/link.html#underline

    at s_ (https://new-ecosystem-platform-v2.smartcloudcon.com/assets/index-BghKgt6c.js:2:115315)
    at V.immediate (https://new-ecosystem-platform-v2.smartcloudcon.com/assets/index-BghKgt6c.js:2:127848)
    at nd (https://new-ecosystem-platform-v2.smartcloudcon.com/assets/index-BghKgt6c.js:2:51119)
    at rd (https://new-ecosystem-platform-v2.smartcloudcon.com/assets/index-BghKgt6c.js:2:51187)
    at Md.s.call (https://new-ecosystem-platform-v2.smartcloudcon.com/assets/index-BghKgt6c.js:2:54465)
    at y (https://new-ecosystem-platform-v2.smartcloudcon.com/assets/index-BghKgt6c.js:2:50376)
    at ed (https://new-ecosystem-platform-v2.smartcloudcon.com/assets/index-BghKgt6c.js:2:50586)
    at Md (https://new-ecosystem-platform-v2.smartcloudcon.com/assets/index-BghKgt6c.js:2:54664)
    at V (https://new-ecosystem-platform-v2.smartcloudcon.com/assets/index-BghKgt6c.js:2:54209)
    at lv (https://new-ecosystem-platform-v2.smartcloudcon.com/assets/index-BghKgt6c.js:2:127830) @ https://new-ecosystem-platform-v2.smartcloudcon.com/assets/index-BghKgt6c.js:1
[  462426ms] [WARNING] ElementPlusError: [el-link] [API] The underline option (boolean) is about to be deprecated in version 3.0.0, please use 'always' | 'hover' | 'never' instead.
For more detail, please visit: https://element-plus.org/en-US/component/link.html#underline

    at s_ (https://new-ecosystem-platform-v2.smartcloudcon.com/assets/index-BghKgt6c.js:2:115315)
    at V.immediate (https://new-ecosystem-platform-v2.smartcloudcon.com/assets/index-BghKgt6c.js:2:127848)
    at nd (https://new-ecosystem-platform-v2.smartcloudcon.com/assets/index-BghKgt6c.js:2:51119)
    at rd (https://new-ecosystem-platform-v2.smartcloudcon.com/assets/index-BghKgt6c.js:2:51187)
    at Md.s.call (https://new-ecosystem-platform-v2.smartcloudcon.com/assets/index-BghKgt6c.js:2:54465)
    at y (https://new-ecosystem-platform-v2.smartcloudcon.com/assets/index-BghKgt6c.js:2:50376)
    at ed (https://new-ecosystem-platform-v2.smartcloudcon.com/assets/index-BghKgt6c.js:2:50586)
    at Md (https://new-ecosystem-platform-v2.smartcloudcon.com/assets/index-BghKgt6c.js:2:54664)
    at V (https://new-ecosystem-platform-v2.smartcloudcon.com/assets/index-BghKgt6c.js:2:54209)
    at lv (https://new-ecosystem-platform-v2.smartcloudcon.com/assets/index-BghKgt6c.js:2:127830) @ https://new-ecosystem-platform-v2.smartcloudcon.com/assets/index-BghKgt6c.js:1
[  462427ms] [WARNING] ElementPlusError: [el-link] [API] The underline option (boolean) is about to be deprecated in version 3.0.0, please use 'always' | 'hover' | 'never' instead.
For more detail, please visit: https://element-plus.org/en-US/component/link.html#underline

    at s_ (https://new-ecosystem-platform-v2.smartcloudcon.com/assets/index-BghKgt6c.js:2:115315)
    at V.immediate (https://new-ecosystem-platform-v2.smartcloudcon.com/assets/index-BghKgt6c.js:2:127848)
    at nd (https://new-ecosystem-platform-v2.smartcloudcon.com/assets/index-BghKgt6c.js:2:51119)
    at rd (https://new-ecosystem-platform-v2.smartcloudcon.com/assets/index-BghKgt6c.js:2:51187)
    at Md.s.call (https://new-ecosystem-platform-v2.smartcloudcon.com/assets/index-BghKgt6c.js:2:54465)
    at y (https://new-ecosystem-platform-v2.smartcloudcon.com/assets/index-BghKgt6c.js:2:50376)
    at ed (https://new-ecosystem-platform-v2.smartcloudcon.com/assets/index-BghKgt6c.js:2:50586)
    at Md (https://new-ecosystem-platform-v2.smartcloudcon.com/assets/index-BghKgt6c.js:2:54664)
    at V (https://new-ecosystem-platform-v2.smartcloudcon.com/assets/index-BghKgt6c.js:2:54209)
    at lv (https://new-ecosystem-platform-v2.smartcloudcon.com/assets/index-BghKgt6c.js:2:127830) @ https://new-ecosystem-platform-v2.smartcloudcon.com/assets/index-BghKgt6c.js:1
[  462427ms] [WARNING] ElementPlusError: [el-link] [API] The underline option (boolean) is about to be deprecated in version 3.0.0, please use 'always' | 'hover' | 'never' instead.
For more detail, please visit: https://element-plus.org/en-US/component/link.html#underline

    at s_ (https://new-ecosystem-platform-v2.smartcloudcon.com/assets/index-BghKgt6c.js:2:115315)
    at V.immediate (https://new-ecosystem-platform-v2.smartcloudcon.com/assets/index-BghKgt6c.js:2:127848)
    at nd (https://new-ecosystem-platform-v2.smartcloudcon.com/assets/index-BghKgt6c.js:2:51119)
    at rd (https://new-ecosystem-platform-v2.smartcloudcon.com/assets/index-BghKgt6c.js:2:51187)
    at Md.s.call (https://new-ecosystem-platform-v2.smartcloudcon.com/assets/index-BghKgt6c.js:2:54465)
    at y (https://new-ecosystem-platform-v2.smartcloudcon.com/assets/index-BghKgt6c.js:2:50376)
    at ed (https://new-ecosystem-platform-v2.smartcloudcon.com/assets/index-BghKgt6c.js:2:50586)
    at Md (https://new-ecosystem-platform-v2.smartcloudcon.com/assets/index-BghKgt6c.js:2:54664)
    at V (https://new-ecosystem-platform-v2.smartcloudcon.com/assets/index-BghKgt6c.js:2:54209)
    at lv (https://new-ecosystem-platform-v2.smartcloudcon.com/assets/index-BghKgt6c.js:2:127830) @ https://new-ecosystem-platform-v2.smartcloudcon.com/assets/index-BghKgt6c.js:1
[  462427ms] [WARNING] ElementPlusError: [el-link] [API] The underline option (boolean) is about to be deprecated in version 3.0.0, please use 'always' | 'hover' | 'never' instead.
For more detail, please visit: https://element-plus.org/en-US/component/link.html#underline

    at s_ (https://new-ecosystem-platform-v2.smartcloudcon.com/assets/index-BghKgt6c.js:2:115315)
    at V.immediate (https://new-ecosystem-platform-v2.smartcloudcon.com/assets/index-BghKgt6c.js:2:127848)
    at nd (https://new-ecosystem-platform-v2.smartcloudcon.com/assets/index-BghKgt6c.js:2:51119)
    at rd (https://new-ecosystem-platform-v2.smartcloudcon.com/assets/index-BghKgt6c.js:2:51187)
    at Md.s.call (https://new-ecosystem-platform-v2.smartcloudcon.com/assets/index-BghKgt6c.js:2:54465)
    at y (https://new-ecosystem-platform-v2.smartcloudcon.com/assets/index-BghKgt6c.js:2:50376)
    at ed (https://new-ecosystem-platform-v2.smartcloudcon.com/assets/index-BghKgt6c.js:2:50586)
    at Md (https://new-ecosystem-platform-v2.smartcloudcon.com/assets/index-BghKgt6c.js:2:54664)
    at V (https://new-ecosystem-platform-v2.smartcloudcon.com/assets/index-BghKgt6c.js:2:54209)
    at lv (https://new-ecosystem-platform-v2.smartcloudcon.com/assets/index-BghKgt6c.js:2:127830) @ https://new-ecosystem-platform-v2.smartcloudcon.com/assets/index-BghKgt6c.js:1
[  462427ms] [WARNING] ElementPlusError: [el-link] [API] The underline option (boolean) is about to be deprecated in version 3.0.0, please use 'always' | 'hover' | 'never' instead.
For more detail, please visit: https://element-plus.org/en-US/component/link.html#underline

    at s_ (https://new-ecosystem-platform-v2.smartcloudcon.com/assets/index-BghKgt6c.js:2:115315)
    at V.immediate (https://new-ecosystem-platform-v2.smartcloudcon.com/assets/index-BghKgt6c.js:2:127848)
    at nd (https://new-ecosystem-platform-v2.smartcloudcon.com/assets/index-BghKgt6c.js:2:51119)
    at rd (https://new-ecosystem-platform-v2.smartcloudcon.com/assets/index-BghKgt6c.js:2:51187)
    at Md.s.call (https://new-ecosystem-platform-v2.smartcloudcon.com/assets/index-BghKgt6c.js:2:54465)
    at y (https://new-ecosystem-platform-v2.smartcloudcon.com/assets/index-BghKgt6c.js:2:50376)
    at ed (https://new-ecosystem-platform-v2.smartcloudcon.com/assets/index-BghKgt6c.js:2:50586)
    at Md (https://new-ecosystem-platform-v2.smartcloudcon.com/assets/index-BghKgt6c.js:2:54664)
    at V (https://new-ecosystem-platform-v2.smartcloudcon.com/assets/index-BghKgt6c.js:2:54209)
    at lv (https://new-ecosystem-platform-v2.smartcloudcon.com/assets/index-BghKgt6c.js:2:127830) @ https://new-ecosystem-platform-v2.smartcloudcon.com/assets/index-BghKgt6c.js:1
[  462427ms] [WARNING] ElementPlusError: [el-link] [API] The underline option (boolean) is about to be deprecated in version 3.0.0, please use 'always' | 'hover' | 'never' instead.
For more detail, please visit: https://element-plus.org/en-US/component/link.html#underline

    at s_ (https://new-ecosystem-platform-v2.smartcloudcon.com/assets/index-BghKgt6c.js:2:115315)
    at V.immediate (https://new-ecosystem-platform-v2.smartcloudcon.com/assets/index-BghKgt6c.js:2:127848)
    at nd (https://new-ecosystem-platform-v2.smartcloudcon.com/assets/index-BghKgt6c.js:2:51119)
    at rd (https://new-ecosystem-platform-v2.smartcloudcon.com/assets/index-BghKgt6c.js:2:51187)
    at Md.s.call (https://new-ecosystem-platform-v2.smartcloudcon.com/assets/index-BghKgt6c.js:2:54465)
    at y (https://new-ecosystem-platform-v2.smartcloudcon.com/assets/index-BghKgt6c.js:2:50376)
    at ed (https://new-ecosystem-platform-v2.smartcloudcon.com/assets/index-BghKgt6c.js:2:50586)
    at Md (https://new-ecosystem-platform-v2.smartcloudcon.com/assets/index-BghKgt6c.js:2:54664)
    at V (https://new-ecosystem-platform-v2.smartcloudcon.com/assets/index-BghKgt6c.js:2:54209)
    at lv (https://new-ecosystem-platform-v2.smartcloudcon.com/assets/index-BghKgt6c.js:2:127830) @ https://new-ecosystem-platform-v2.smartcloudcon.com/assets/index-BghKgt6c.js:1
[  462427ms] [WARNING] ElementPlusError: [el-link] [API] The underline option (boolean) is about to be deprecated in version 3.0.0, please use 'always' | 'hover' | 'never' instead.
For more detail, please visit: https://element-plus.org/en-US/component/link.html#underline

    at s_ (https://new-ecosystem-platform-v2.smartcloudcon.com/assets/index-BghKgt6c.js:2:115315)
    at V.immediate (https://new-ecosystem-platform-v2.smartcloudcon.com/assets/index-BghKgt6c.js:2:127848)
    at nd (https://new-ecosystem-platform-v2.smartcloudcon.com/assets/index-BghKgt6c.js:2:51119)
    at rd (https://new-ecosystem-platform-v2.smartcloudcon.com/assets/index-BghKgt6c.js:2:51187)
    at Md.s.call (https://new-ecosystem-platform-v2.smartcloudcon.com/assets/index-BghKgt6c.js:2:54465)
    at y (https://new-ecosystem-platform-v2.smartcloudcon.com/assets/index-BghKgt6c.js:2:50376)
    at ed (https://new-ecosystem-platform-v2.smartcloudcon.com/assets/index-BghKgt6c.js:2:50586)
    at Md (https://new-ecosystem-platform-v2.smartcloudcon.com/assets/index-BghKgt6c.js:2:54664)
    at V (https://new-ecosystem-platform-v2.smartcloudcon.com/assets/index-BghKgt6c.js:2:54209)
    at lv (https://new-ecosystem-platform-v2.smartcloudcon.com/assets/index-BghKgt6c.js:2:127830) @ https://new-ecosystem-platform-v2.smartcloudcon.com/assets/index-BghKgt6c.js:1
[  462428ms] [WARNING] ElementPlusError: [el-link] [API] The underline option (boolean) is about to be deprecated in version 3.0.0, please use 'always' | 'hover' | 'never' instead.
For more detail, please visit: https://element-plus.org/en-US/component/link.html#underline

    at s_ (https://new-ecosystem-platform-v2.smartcloudcon.com/assets/index-BghKgt6c.js:2:115315)
    at V.immediate (https://new-ecosystem-platform-v2.smartcloudcon.com/assets/index-BghKgt6c.js:2:127848)
    at nd (https://new-ecosystem-platform-v2.smartcloudcon.com/assets/index-BghKgt6c.js:2:51119)
    at rd (https://new-ecosystem-platform-v2.smartcloudcon.com/assets/index-BghKgt6c.js:2:51187)
    at Md.s.call (https://new-ecosystem-platform-v2.smartcloudcon.com/assets/index-BghKgt6c.js:2:54465)
    at y (https://new-ecosystem-platform-v2.smartcloudcon.com/assets/index-BghKgt6c.js:2:50376)
    at ed (https://new-ecosystem-platform-v2.smartcloudcon.com/assets/index-BghKgt6c.js:2:50586)
    at Md (https://new-ecosystem-platform-v2.smartcloudcon.com/assets/index-BghKgt6c.js:2:54664)
    at V (https://new-ecosystem-platform-v2.smartcloudcon.com/assets/index-BghKgt6c.js:2:54209)
    at lv (https://new-ecosystem-platform-v2.smartcloudcon.com/assets/index-BghKgt6c.js:2:127830) @ https://new-ecosystem-platform-v2.smartcloudcon.com/assets/index-BghKgt6c.js:1
[  462428ms] [WARNING] ElementPlusError: [el-link] [API] The underline option (boolean) is about to be deprecated in version 3.0.0, please use 'always' | 'hover' | 'never' instead.
For more detail, please visit: https://element-plus.org/en-US/component/link.html#underline

    at s_ (https://new-ecosystem-platform-v2.smartcloudcon.com/assets/index-BghKgt6c.js:2:115315)
    at V.immediate (https://new-ecosystem-platform-v2.smartcloudcon.com/assets/index-BghKgt6c.js:2:127848)
    at nd (https://new-ecosystem-platform-v2.smartcloudcon.com/assets/index-BghKgt6c.js:2:51119)
    at rd (https://new-ecosystem-platform-v2.smartcloudcon.com/assets/index-BghKgt6c.js:2:51187)
    at Md.s.call (https://new-ecosystem-platform-v2.smartcloudcon.com/assets/index-BghKgt6c.js:2:54465)
    at y (https://new-ecosystem-platform-v2.smartcloudcon.com/assets/index-BghKgt6c.js:2:50376)
    at ed (https://new-ecosystem-platform-v2.smartcloudcon.com/assets/index-BghKgt6c.js:2:50586)
    at Md (https://new-ecosystem-platform-v2.smartcloudcon.com/assets/index-BghKgt6c.js:2:54664)
    at V (https://new-ecosystem-platform-v2.smartcloudcon.com/assets/index-BghKgt6c.js:2:54209)
    at lv (https://new-ecosystem-platform-v2.smartcloudcon.com/assets/index-BghKgt6c.js:2:127830) @ https://new-ecosystem-platform-v2.smartcloudcon.com/assets/index-BghKgt6c.js:1
[  462428ms] [WARNING] ElementPlusError: [el-link] [API] The underline option (boolean) is about to be deprecated in version 3.0.0, please use 'always' | 'hover' | 'never' instead.
For more detail, please visit: https://element-plus.org/en-US/component/link.html#underline

    at s_ (https://new-ecosystem-platform-v2.smartcloudcon.com/assets/index-BghKgt6c.js:2:115315)
    at V.immediate (https://new-ecosystem-platform-v2.smartcloudcon.com/assets/index-BghKgt6c.js:2:127848)
    at nd (https://new-ecosystem-platform-v2.smartcloudcon.com/assets/index-BghKgt6c.js:2:51119)
    at rd (https://new-ecosystem-platform-v2.smartcloudcon.com/assets/index-BghKgt6c.js:2:51187)
    at Md.s.call (https://new-ecosystem-platform-v2.smartcloudcon.com/assets/index-BghKgt6c.js:2:54465)
    at y (https://new-ecosystem-platform-v2.smartcloudcon.com/assets/index-BghKgt6c.js:2:50376)
    at ed (https://new-ecosystem-platform-v2.smartcloudcon.com/assets/index-BghKgt6c.js:2:50586)
    at Md (https://new-ecosystem-platform-v2.smartcloudcon.com/assets/index-BghKgt6c.js:2:54664)
    at V (https://new-ecosystem-platform-v2.smartcloudcon.com/assets/index-BghKgt6c.js:2:54209)
    at lv (https://new-ecosystem-platform-v2.smartcloudcon.com/assets/index-BghKgt6c.js:2:127830) @ https://new-ecosystem-platform-v2.smartcloudcon.com/assets/index-BghKgt6c.js:1
[  462428ms] [WARNING] ElementPlusError: [el-link] [API] The underline option (boolean) is about to be deprecated in version 3.0.0, please use 'always' | 'hover' | 'never' instead.
For more detail, please visit: https://element-plus.org/en-US/component/link.html#underline

    at s_ (https://new-ecosystem-platform-v2.smartcloudcon.com/assets/index-BghKgt6c.js:2:115315)
    at V.immediate (https://new-ecosystem-platform-v2.smartcloudcon.com/assets/index-BghKgt6c.js:2:127848)
    at nd (https://new-ecosystem-platform-v2.smartcloudcon.com/assets/index-BghKgt6c.js:2:51119)
    at rd (https://new-ecosystem-platform-v2.smartcloudcon.com/assets/index-BghKgt6c.js:2:51187)
    at Md.s.call (https://new-ecosystem-platform-v2.smartcloudcon.com/assets/index-BghKgt6c.js:2:54465)
    at y (https://new-ecosystem-platform-v2.smartcloudcon.com/assets/index-BghKgt6c.js:2:50376)
    at ed (https://new-ecosystem-platform-v2.smartcloudcon.com/assets/index-BghKgt6c.js:2:50586)
    at Md (https://new-ecosystem-platform-v2.smartcloudcon.com/assets/index-BghKgt6c.js:2:54664)
    at V (https://new-ecosystem-platform-v2.smartcloudcon.com/assets/index-BghKgt6c.js:2:54209)
    at lv (https://new-ecosystem-platform-v2.smartcloudcon.com/assets/index-BghKgt6c.js:2:127830) @ https://new-ecosystem-platform-v2.smartcloudcon.com/assets/index-BghKgt6c.js:1
[  462429ms] [WARNING] ElementPlusError: [el-link] [API] The underline option (boolean) is about to be deprecated in version 3.0.0, please use 'always' | 'hover' | 'never' instead.
For more detail, please visit: https://element-plus.org/en-US/component/link.html#underline

    at s_ (https://new-ecosystem-platform-v2.smartcloudcon.com/assets/index-BghKgt6c.js:2:115315)
    at V.immediate (https://new-ecosystem-platform-v2.smartcloudcon.com/assets/index-BghKgt6c.js:2:127848)
    at nd (https://new-ecosystem-platform-v2.smartcloudcon.com/assets/index-BghKgt6c.js:2:51119)
    at rd (https://new-ecosystem-platform-v2.smartcloudcon.com/assets/index-BghKgt6c.js:2:51187)
    at Md.s.call (https://new-ecosystem-platform-v2.smartcloudcon.com/assets/index-BghKgt6c.js:2:54465)
    at y (https://new-ecosystem-platform-v2.smartcloudcon.com/assets/index-BghKgt6c.js:2:50376)
    at ed (https://new-ecosystem-platform-v2.smartcloudcon.com/assets/index-BghKgt6c.js:2:50586)
    at Md (https://new-ecosystem-platform-v2.smartcloudcon.com/assets/index-BghKgt6c.js:2:54664)
    at V (https://new-ecosystem-platform-v2.smartcloudcon.com/assets/index-BghKgt6c.js:2:54209)
    at lv (https://new-ecosystem-platform-v2.smartcloudcon.com/assets/index-BghKgt6c.js:2:127830) @ https://new-ecosystem-platform-v2.smartcloudcon.com/assets/index-BghKgt6c.js:1
[  462429ms] [WARNING] ElementPlusError: [el-link] [API] The underline option (boolean) is about to be deprecated in version 3.0.0, please use 'always' | 'hover' | 'never' instead.
For more detail, please visit: https://element-plus.org/en-US/component/link.html#underline

    at s_ (https://new-ecosystem-platform-v2.smartcloudcon.com/assets/index-BghKgt6c.js:2:115315)
    at V.immediate (https://new-ecosystem-platform-v2.smartcloudcon.com/assets/index-BghKgt6c.js:2:127848)
    at nd (https://new-ecosystem-platform-v2.smartcloudcon.com/assets/index-BghKgt6c.js:2:51119)
    at rd (https://new-ecosystem-platform-v2.smartcloudcon.com/assets/index-BghKgt6c.js:2:51187)
    at Md.s.call (https://new-ecosystem-platform-v2.smartcloudcon.com/assets/index-BghKgt6c.js:2:54465)
    at y (https://new-ecosystem-platform-v2.smartcloudcon.com/assets/index-BghKgt6c.js:2:50376)
    at ed (https://new-ecosystem-platform-v2.smartcloudcon.com/assets/index-BghKgt6c.js:2:50586)
    at Md (https://new-ecosystem-platform-v2.smartcloudcon.com/assets/index-BghKgt6c.js:2:54664)
    at V (https://new-ecosystem-platform-v2.smartcloudcon.com/assets/index-BghKgt6c.js:2:54209)
    at lv (https://new-ecosystem-platform-v2.smartcloudcon.com/assets/index-BghKgt6c.js:2:127830) @ https://new-ecosystem-platform-v2.smartcloudcon.com/assets/index-BghKgt6c.js:1
[  462429ms] [WARNING] ElementPlusError: [el-link] [API] The underline option (boolean) is about to be deprecated in version 3.0.0, please use 'always' | 'hover' | 'never' instead.
For more detail, please visit: https://element-plus.org/en-US/component/link.html#underline

    at s_ (https://new-ecosystem-platform-v2.smartcloudcon.com/assets/index-BghKgt6c.js:2:115315)
    at V.immediate (https://new-ecosystem-platform-v2.smartcloudcon.com/assets/index-BghKgt6c.js:2:127848)
    at nd (https://new-ecosystem-platform-v2.smartcloudcon.com/assets/index-BghKgt6c.js:2:51119)
    at rd (https://new-ecosystem-platform-v2.smartcloudcon.com/assets/index-BghKgt6c.js:2:51187)
    at Md.s.call (https://new-ecosystem-platform-v2.smartcloudcon.com/assets/index-BghKgt6c.js:2:54465)
    at y (https://new-ecosystem-platform-v2.smartcloudcon.com/assets/index-BghKgt6c.js:2:50376)
    at ed (https://new-ecosystem-platform-v2.smartcloudcon.com/assets/index-BghKgt6c.js:2:50586)
    at Md (https://new-ecosystem-platform-v2.smartcloudcon.com/assets/index-BghKgt6c.js:2:54664)
    at V (https://new-ecosystem-platform-v2.smartcloudcon.com/assets/index-BghKgt6c.js:2:54209)
    at lv (https://new-ecosystem-platform-v2.smartcloudcon.com/assets/index-BghKgt6c.js:2:127830) @ https://new-ecosystem-platform-v2.smartcloudcon.com/assets/index-BghKgt6c.js:1
[  462430ms] [WARNING] ElementPlusError: [el-link] [API] The underline option (boolean) is about to be deprecated in version 3.0.0, please use 'always' | 'hover' | 'never' instead.
For more detail, please visit: https://element-plus.org/en-US/component/link.html#underline

    at s_ (https://new-ecosystem-platform-v2.smartcloudcon.com/assets/index-BghKgt6c.js:2:115315)
    at V.immediate (https://new-ecosystem-platform-v2.smartcloudcon.com/assets/index-BghKgt6c.js:2:127848)
    at nd (https://new-ecosystem-platform-v2.smartcloudcon.com/assets/index-BghKgt6c.js:2:51119)
    at rd (https://new-ecosystem-platform-v2.smartcloudcon.com/assets/index-BghKgt6c.js:2:51187)
    at Md.s.call (https://new-ecosystem-platform-v2.smartcloudcon.com/assets/index-BghKgt6c.js:2:54465)
    at y (https://new-ecosystem-platform-v2.smartcloudcon.com/assets/index-BghKgt6c.js:2:50376)
    at ed (https://new-ecosystem-platform-v2.smartcloudcon.com/assets/index-BghKgt6c.js:2:50586)
    at Md (https://new-ecosystem-platform-v2.smartcloudcon.com/assets/index-BghKgt6c.js:2:54664)
    at V (https://new-ecosystem-platform-v2.smartcloudcon.com/assets/index-BghKgt6c.js:2:54209)
    at lv (https://new-ecosystem-platform-v2.smartcloudcon.com/assets/index-BghKgt6c.js:2:127830) @ https://new-ecosystem-platform-v2.smartcloudcon.com/assets/index-BghKgt6c.js:1
[  462430ms] [WARNING] ElementPlusError: [el-link] [API] The underline option (boolean) is about to be deprecated in version 3.0.0, please use 'always' | 'hover' | 'never' instead.
For more detail, please visit: https://element-plus.org/en-US/component/link.html#underline

    at s_ (https://new-ecosystem-platform-v2.smartcloudcon.com/assets/index-BghKgt6c.js:2:115315)
    at V.immediate (https://new-ecosystem-platform-v2.smartcloudcon.com/assets/index-BghKgt6c.js:2:127848)
    at nd (https://new-ecosystem-platform-v2.smartcloudcon.com/assets/index-BghKgt6c.js:2:51119)
    at rd (https://new-ecosystem-platform-v2.smartcloudcon.com/assets/index-BghKgt6c.js:2:51187)
    at Md.s.call (https://new-ecosystem-platform-v2.smartcloudcon.com/assets/index-BghKgt6c.js:2:54465)
    at y (https://new-ecosystem-platform-v2.smartcloudcon.com/assets/index-BghKgt6c.js:2:50376)
    at ed (https://new-ecosystem-platform-v2.smartcloudcon.com/assets/index-BghKgt6c.js:2:50586)
    at Md (https://new-ecosystem-platform-v2.smartcloudcon.com/assets/index-BghKgt6c.js:2:54664)
    at V (https://new-ecosystem-platform-v2.smartcloudcon.com/assets/index-BghKgt6c.js:2:54209)
    at lv (https://new-ecosystem-platform-v2.smartcloudcon.com/assets/index-BghKgt6c.js:2:127830) @ https://new-ecosystem-platform-v2.smartcloudcon.com/assets/index-BghKgt6c.js:1
[  462430ms] [WARNING] ElementPlusError: [el-link] [API] The underline option (boolean) is about to be deprecated in version 3.0.0, please use 'always' | 'hover' | 'never' instead.
For more detail, please visit: https://element-plus.org/en-US/component/link.html#underline

    at s_ (https://new-ecosystem-platform-v2.smartcloudcon.com/assets/index-BghKgt6c.js:2:115315)
    at V.immediate (https://new-ecosystem-platform-v2.smartcloudcon.com/assets/index-BghKgt6c.js:2:127848)
    at nd (https://new-ecosystem-platform-v2.smartcloudcon.com/assets/index-BghKgt6c.js:2:51119)
    at rd (https://new-ecosystem-platform-v2.smartcloudcon.com/assets/index-BghKgt6c.js:2:51187)
    at Md.s.call (https://new-ecosystem-platform-v2.smartcloudcon.com/assets/index-BghKgt6c.js:2:54465)
    at y (https://new-ecosystem-platform-v2.smartcloudcon.com/assets/index-BghKgt6c.js:2:50376)
    at ed (https://new-ecosystem-platform-v2.smartcloudcon.com/assets/index-BghKgt6c.js:2:50586)
    at Md (https://new-ecosystem-platform-v2.smartcloudcon.com/assets/index-BghKgt6c.js:2:54664)
    at V (https://new-ecosystem-platform-v2.smartcloudcon.com/assets/index-BghKgt6c.js:2:54209)
    at lv (https://new-ecosystem-platform-v2.smartcloudcon.com/assets/index-BghKgt6c.js:2:127830) @ https://new-ecosystem-platform-v2.smartcloudcon.com/assets/index-BghKgt6c.js:1
[  462430ms] [WARNING] ElementPlusError: [el-link] [API] The underline option (boolean) is about to be deprecated in version 3.0.0, please use 'always' | 'hover' | 'never' instead.
For more detail, please visit: https://element-plus.org/en-US/component/link.html#underline

    at s_ (https://new-ecosystem-platform-v2.smartcloudcon.com/assets/index-BghKgt6c.js:2:115315)
    at V.immediate (https://new-ecosystem-platform-v2.smartcloudcon.com/assets/index-BghKgt6c.js:2:127848)
    at nd (https://new-ecosystem-platform-v2.smartcloudcon.com/assets/index-BghKgt6c.js:2:51119)
    at rd (https://new-ecosystem-platform-v2.smartcloudcon.com/assets/index-BghKgt6c.js:2:51187)
    at Md.s.call (https://new-ecosystem-platform-v2.smartcloudcon.com/assets/index-BghKgt6c.js:2:54465)
    at y (https://new-ecosystem-platform-v2.smartcloudcon.com/assets/index-BghKgt6c.js:2:50376)
    at ed (https://new-ecosystem-platform-v2.smartcloudcon.com/assets/index-BghKgt6c.js:2:50586)
    at Md (https://new-ecosystem-platform-v2.smartcloudcon.com/assets/index-BghKgt6c.js:2:54664)
    at V (https://new-ecosystem-platform-v2.smartcloudcon.com/assets/index-BghKgt6c.js:2:54209)
    at lv (https://new-ecosystem-platform-v2.smartcloudcon.com/assets/index-BghKgt6c.js:2:127830) @ https://new-ecosystem-platform-v2.smartcloudcon.com/assets/index-BghKgt6c.js:1
[  462431ms] [WARNING] ElementPlusError: [el-link] [API] The underline option (boolean) is about to be deprecated in version 3.0.0, please use 'always' | 'hover' | 'never' instead.
For more detail, please visit: https://element-plus.org/en-US/component/link.html#underline

    at s_ (https://new-ecosystem-platform-v2.smartcloudcon.com/assets/index-BghKgt6c.js:2:115315)
    at V.immediate (https://new-ecosystem-platform-v2.smartcloudcon.com/assets/index-BghKgt6c.js:2:127848)
    at nd (https://new-ecosystem-platform-v2.smartcloudcon.com/assets/index-BghKgt6c.js:2:51119)
    at rd (https://new-ecosystem-platform-v2.smartcloudcon.com/assets/index-BghKgt6c.js:2:51187)
    at Md.s.call (https://new-ecosystem-platform-v2.smartcloudcon.com/assets/index-BghKgt6c.js:2:54465)
    at y (https://new-ecosystem-platform-v2.smartcloudcon.com/assets/index-BghKgt6c.js:2:50376)
    at ed (https://new-ecosystem-platform-v2.smartcloudcon.com/assets/index-BghKgt6c.js:2:50586)
    at Md (https://new-ecosystem-platform-v2.smartcloudcon.com/assets/index-BghKgt6c.js:2:54664)
    at V (https://new-ecosystem-platform-v2.smartcloudcon.com/assets/index-BghKgt6c.js:2:54209)
    at lv (https://new-ecosystem-platform-v2.smartcloudcon.com/assets/index-BghKgt6c.js:2:127830) @ https://new-ecosystem-platform-v2.smartcloudcon.com/assets/index-BghKgt6c.js:1
[  462431ms] [WARNING] ElementPlusError: [el-link] [API] The underline option (boolean) is about to be deprecated in version 3.0.0, please use 'always' | 'hover' | 'never' instead.
For more detail, please visit: https://element-plus.org/en-US/component/link.html#underline

    at s_ (https://new-ecosystem-platform-v2.smartcloudcon.com/assets/index-BghKgt6c.js:2:115315)
    at V.immediate (https://new-ecosystem-platform-v2.smartcloudcon.com/assets/index-BghKgt6c.js:2:127848)
    at nd (https://new-ecosystem-platform-v2.smartcloudcon.com/assets/index-BghKgt6c.js:2:51119)
    at rd (https://new-ecosystem-platform-v2.smartcloudcon.com/assets/index-BghKgt6c.js:2:51187)
    at Md.s.call (https://new-ecosystem-platform-v2.smartcloudcon.com/assets/index-BghKgt6c.js:2:54465)
    at y (https://new-ecosystem-platform-v2.smartcloudcon.com/assets/index-BghKgt6c.js:2:50376)
    at ed (https://new-ecosystem-platform-v2.smartcloudcon.com/assets/index-BghKgt6c.js:2:50586)
    at Md (https://new-ecosystem-platform-v2.smartcloudcon.com/assets/index-BghKgt6c.js:2:54664)
    at V (https://new-ecosystem-platform-v2.smartcloudcon.com/assets/index-BghKgt6c.js:2:54209)
    at lv (https://new-ecosystem-platform-v2.smartcloudcon.com/assets/index-BghKgt6c.js:2:127830) @ https://new-ecosystem-platform-v2.smartcloudcon.com/assets/index-BghKgt6c.js:1
[  462431ms] [WARNING] ElementPlusError: [el-link] [API] The underline option (boolean) is about to be deprecated in version 3.0.0, please use 'always' | 'hover' | 'never' instead.
For more detail, please visit: https://element-plus.org/en-US/component/link.html#underline

    at s_ (https://new-ecosystem-platform-v2.smartcloudcon.com/assets/index-BghKgt6c.js:2:115315)
    at V.immediate (https://new-ecosystem-platform-v2.smartcloudcon.com/assets/index-BghKgt6c.js:2:127848)
    at nd (https://new-ecosystem-platform-v2.smartcloudcon.com/assets/index-BghKgt6c.js:2:51119)
    at rd (https://new-ecosystem-platform-v2.smartcloudcon.com/assets/index-BghKgt6c.js:2:51187)
    at Md.s.call (https://new-ecosystem-platform-v2.smartcloudcon.com/assets/index-BghKgt6c.js:2:54465)
    at y (https://new-ecosystem-platform-v2.smartcloudcon.com/assets/index-BghKgt6c.js:2:50376)
    at ed (https://new-ecosystem-platform-v2.smartcloudcon.com/assets/index-BghKgt6c.js:2:50586)
    at Md (https://new-ecosystem-platform-v2.smartcloudcon.com/assets/index-BghKgt6c.js:2:54664)
    at V (https://new-ecosystem-platform-v2.smartcloudcon.com/assets/index-BghKgt6c.js:2:54209)
    at lv (https://new-ecosystem-platform-v2.smartcloudcon.com/assets/index-BghKgt6c.js:2:127830) @ https://new-ecosystem-platform-v2.smartcloudcon.com/assets/index-BghKgt6c.js:1
[  462431ms] [WARNING] ElementPlusError: [el-link] [API] The underline option (boolean) is about to be deprecated in version 3.0.0, please use 'always' | 'hover' | 'never' instead.
For more detail, please visit: https://element-plus.org/en-US/component/link.html#underline

    at s_ (https://new-ecosystem-platform-v2.smartcloudcon.com/assets/index-BghKgt6c.js:2:115315)
    at V.immediate (https://new-ecosystem-platform-v2.smartcloudcon.com/assets/index-BghKgt6c.js:2:127848)
    at nd (https://new-ecosystem-platform-v2.smartcloudcon.com/assets/index-BghKgt6c.js:2:51119)
    at rd (https://new-ecosystem-platform-v2.smartcloudcon.com/assets/index-BghKgt6c.js:2:51187)
    at Md.s.call (https://new-ecosystem-platform-v2.smartcloudcon.com/assets/index-BghKgt6c.js:2:54465)
    at y (https://new-ecosystem-platform-v2.smartcloudcon.com/assets/index-BghKgt6c.js:2:50376)
    at ed (https://new-ecosystem-platform-v2.smartcloudcon.com/assets/index-BghKgt6c.js:2:50586)
    at Md (https://new-ecosystem-platform-v2.smartcloudcon.com/assets/index-BghKgt6c.js:2:54664)
    at V (https://new-ecosystem-platform-v2.smartcloudcon.com/assets/index-BghKgt6c.js:2:54209)
    at lv (https://new-ecosystem-platform-v2.smartcloudcon.com/assets/index-BghKgt6c.js:2:127830) @ https://new-ecosystem-platform-v2.smartcloudcon.com/assets/index-BghKgt6c.js:1
[  462432ms] [WARNING] ElementPlusError: [el-link] [API] The underline option (boolean) is about to be deprecated in version 3.0.0, please use 'always' | 'hover' | 'never' instead.
For more detail, please visit: https://element-plus.org/en-US/component/link.html#underline

    at s_ (https://new-ecosystem-platform-v2.smartcloudcon.com/assets/index-BghKgt6c.js:2:115315)
    at V.immediate (https://new-ecosystem-platform-v2.smartcloudcon.com/assets/index-BghKgt6c.js:2:127848)
    at nd (https://new-ecosystem-platform-v2.smartcloudcon.com/assets/index-BghKgt6c.js:2:51119)
    at rd (https://new-ecosystem-platform-v2.smartcloudcon.com/assets/index-BghKgt6c.js:2:51187)
    at Md.s.call (https://new-ecosystem-platform-v2.smartcloudcon.com/assets/index-BghKgt6c.js:2:54465)
    at y (https://new-ecosystem-platform-v2.smartcloudcon.com/assets/index-BghKgt6c.js:2:50376)
    at ed (https://new-ecosystem-platform-v2.smartcloudcon.com/assets/index-BghKgt6c.js:2:50586)
    at Md (https://new-ecosystem-platform-v2.smartcloudcon.com/assets/index-BghKgt6c.js:2:54664)
    at V (https://new-ecosystem-platform-v2.smartcloudcon.com/assets/index-BghKgt6c.js:2:54209)
    at lv (https://new-ecosystem-platform-v2.smartcloudcon.com/assets/index-BghKgt6c.js:2:127830) @ https://new-ecosystem-platform-v2.smartcloudcon.com/assets/index-BghKgt6c.js:1
[  462432ms] [WARNING] ElementPlusError: [el-link] [API] The underline option (boolean) is about to be deprecated in version 3.0.0, please use 'always' | 'hover' | 'never' instead.
For more detail, please visit: https://element-plus.org/en-US/component/link.html#underline

    at s_ (https://new-ecosystem-platform-v2.smartcloudcon.com/assets/index-BghKgt6c.js:2:115315)
    at V.immediate (https://new-ecosystem-platform-v2.smartcloudcon.com/assets/index-BghKgt6c.js:2:127848)
    at nd (https://new-ecosystem-platform-v2.smartcloudcon.com/assets/index-BghKgt6c.js:2:51119)
    at rd (https://new-ecosystem-platform-v2.smartcloudcon.com/assets/index-BghKgt6c.js:2:51187)
    at Md.s.call (https://new-ecosystem-platform-v2.smartcloudcon.com/assets/index-BghKgt6c.js:2:54465)
    at y (https://new-ecosystem-platform-v2.smartcloudcon.com/assets/index-BghKgt6c.js:2:50376)
    at ed (https://new-ecosystem-platform-v2.smartcloudcon.com/assets/index-BghKgt6c.js:2:50586)
    at Md (https://new-ecosystem-platform-v2.smartcloudcon.com/assets/index-BghKgt6c.js:2:54664)
    at V (https://new-ecosystem-platform-v2.smartcloudcon.com/assets/index-BghKgt6c.js:2:54209)
    at lv (https://new-ecosystem-platform-v2.smartcloudcon.com/assets/index-BghKgt6c.js:2:127830) @ https://new-ecosystem-platform-v2.smartcloudcon.com/assets/index-BghKgt6c.js:1
[  462432ms] [WARNING] ElementPlusError: [el-link] [API] The underline option (boolean) is about to be deprecated in version 3.0.0, please use 'always' | 'hover' | 'never' instead.
For more detail, please visit: https://element-plus.org/en-US/component/link.html#underline

    at s_ (https://new-ecosystem-platform-v2.smartcloudcon.com/assets/index-BghKgt6c.js:2:115315)
    at V.immediate (https://new-ecosystem-platform-v2.smartcloudcon.com/assets/index-BghKgt6c.js:2:127848)
    at nd (https://new-ecosystem-platform-v2.smartcloudcon.com/assets/index-BghKgt6c.js:2:51119)
    at rd (https://new-ecosystem-platform-v2.smartcloudcon.com/assets/index-BghKgt6c.js:2:51187)
    at Md.s.call (https://new-ecosystem-platform-v2.smartcloudcon.com/assets/index-BghKgt6c.js:2:54465)
    at y (https://new-ecosystem-platform-v2.smartcloudcon.com/assets/index-BghKgt6c.js:2:50376)
    at ed (https://new-ecosystem-platform-v2.smartcloudcon.com/assets/index-BghKgt6c.js:2:50586)
    at Md (https://new-ecosystem-platform-v2.smartcloudcon.com/assets/index-BghKgt6c.js:2:54664)
    at V (https://new-ecosystem-platform-v2.smartcloudcon.com/assets/index-BghKgt6c.js:2:54209)
    at lv (https://new-ecosystem-platform-v2.smartcloudcon.com/assets/index-BghKgt6c.js:2:127830) @ https://new-ecosystem-platform-v2.smartcloudcon.com/assets/index-BghKgt6c.js:1
[  462432ms] [WARNING] ElementPlusError: [el-link] [API] The underline option (boolean) is about to be deprecated in version 3.0.0, please use 'always' | 'hover' | 'never' instead.
For more detail, please visit: https://element-plus.org/en-US/component/link.html#underline

    at s_ (https://new-ecosystem-platform-v2.smartcloudcon.com/assets/index-BghKgt6c.js:2:115315)
    at V.immediate (https://new-ecosystem-platform-v2.smartcloudcon.com/assets/index-BghKgt6c.js:2:127848)
    at nd (https://new-ecosystem-platform-v2.smartcloudcon.com/assets/index-BghKgt6c.js:2:51119)
    at rd (https://new-ecosystem-platform-v2.smartcloudcon.com/assets/index-BghKgt6c.js:2:51187)
    at Md.s.call (https://new-ecosystem-platform-v2.smartcloudcon.com/assets/index-BghKgt6c.js:2:54465)
    at y (https://new-ecosystem-platform-v2.smartcloudcon.com/assets/index-BghKgt6c.js:2:50376)
    at ed (https://new-ecosystem-platform-v2.smartcloudcon.com/assets/index-BghKgt6c.js:2:50586)
    at Md (https://new-ecosystem-platform-v2.smartcloudcon.com/assets/index-BghKgt6c.js:2:54664)
    at V (https://new-ecosystem-platform-v2.smartcloudcon.com/assets/index-BghKgt6c.js:2:54209)
    at lv (https://new-ecosystem-platform-v2.smartcloudcon.com/assets/index-BghKgt6c.js:2:127830) @ https://new-ecosystem-platform-v2.smartcloudcon.com/assets/index-BghKgt6c.js:1
[  462432ms] [WARNING] ElementPlusError: [el-link] [API] The underline option (boolean) is about to be deprecated in version 3.0.0, please use 'always' | 'hover' | 'never' instead.
For more detail, please visit: https://element-plus.org/en-US/component/link.html#underline

    at s_ (https://new-ecosystem-platform-v2.smartcloudcon.com/assets/index-BghKgt6c.js:2:115315)
    at V.immediate (https://new-ecosystem-platform-v2.smartcloudcon.com/assets/index-BghKgt6c.js:2:127848)
    at nd (https://new-ecosystem-platform-v2.smartcloudcon.com/assets/index-BghKgt6c.js:2:51119)
    at rd (https://new-ecosystem-platform-v2.smartcloudcon.com/assets/index-BghKgt6c.js:2:51187)
    at Md.s.call (https://new-ecosystem-platform-v2.smartcloudcon.com/assets/index-BghKgt6c.js:2:54465)
    at y (https://new-ecosystem-platform-v2.smartcloudcon.com/assets/index-BghKgt6c.js:2:50376)
    at ed (https://new-ecosystem-platform-v2.smartcloudcon.com/assets/index-BghKgt6c.js:2:50586)
    at Md (https://new-ecosystem-platform-v2.smartcloudcon.com/assets/index-BghKgt6c.js:2:54664)
    at V (https://new-ecosystem-platform-v2.smartcloudcon.com/assets/index-BghKgt6c.js:2:54209)
    at lv (https://new-ecosystem-platform-v2.smartcloudcon.com/assets/index-BghKgt6c.js:2:127830) @ https://new-ecosystem-platform-v2.smartcloudcon.com/assets/index-BghKgt6c.js:1
[  462432ms] [WARNING] ElementPlusError: [el-link] [API] The underline option (boolean) is about to be deprecated in version 3.0.0, please use 'always' | 'hover' | 'never' instead.
For more detail, please visit: https://element-plus.org/en-US/component/link.html#underline

    at s_ (https://new-ecosystem-platform-v2.smartcloudcon.com/assets/index-BghKgt6c.js:2:115315)
    at V.immediate (https://new-ecosystem-platform-v2.smartcloudcon.com/assets/index-BghKgt6c.js:2:127848)
    at nd (https://new-ecosystem-platform-v2.smartcloudcon.com/assets/index-BghKgt6c.js:2:51119)
    at rd (https://new-ecosystem-platform-v2.smartcloudcon.com/assets/index-BghKgt6c.js:2:51187)
    at Md.s.call (https://new-ecosystem-platform-v2.smartcloudcon.com/assets/index-BghKgt6c.js:2:54465)
    at y (https://new-ecosystem-platform-v2.smartcloudcon.com/assets/index-BghKgt6c.js:2:50376)
    at ed (https://new-ecosystem-platform-v2.smartcloudcon.com/assets/index-BghKgt6c.js:2:50586)
    at Md (https://new-ecosystem-platform-v2.smartcloudcon.com/assets/index-BghKgt6c.js:2:54664)
    at V (https://new-ecosystem-platform-v2.smartcloudcon.com/assets/index-BghKgt6c.js:2:54209)
    at lv (https://new-ecosystem-platform-v2.smartcloudcon.com/assets/index-BghKgt6c.js:2:127830) @ https://new-ecosystem-platform-v2.smartcloudcon.com/assets/index-BghKgt6c.js:1
[  462433ms] [WARNING] ElementPlusError: [el-link] [API] The underline option (boolean) is about to be deprecated in version 3.0.0, please use 'always' | 'hover' | 'never' instead.
For more detail, please visit: https://element-plus.org/en-US/component/link.html#underline

    at s_ (https://new-ecosystem-platform-v2.smartcloudcon.com/assets/index-BghKgt6c.js:2:115315)
    at V.immediate (https://new-ecosystem-platform-v2.smartcloudcon.com/assets/index-BghKgt6c.js:2:127848)
    at nd (https://new-ecosystem-platform-v2.smartcloudcon.com/assets/index-BghKgt6c.js:2:51119)
    at rd (https://new-ecosystem-platform-v2.smartcloudcon.com/assets/index-BghKgt6c.js:2:51187)
    at Md.s.call (https://new-ecosystem-platform-v2.smartcloudcon.com/assets/index-BghKgt6c.js:2:54465)
    at y (https://new-ecosystem-platform-v2.smartcloudcon.com/assets/index-BghKgt6c.js:2:50376)
    at ed (https://new-ecosystem-platform-v2.smartcloudcon.com/assets/index-BghKgt6c.js:2:50586)
    at Md (https://new-ecosystem-platform-v2.smartcloudcon.com/assets/index-BghKgt6c.js:2:54664)
    at V (https://new-ecosystem-platform-v2.smartcloudcon.com/assets/index-BghKgt6c.js:2:54209)
    at lv (https://new-ecosystem-platform-v2.smartcloudcon.com/assets/index-BghKgt6c.js:2:127830) @ https://new-ecosystem-platform-v2.smartcloudcon.com/assets/index-BghKgt6c.js:1
[  462433ms] [WARNING] ElementPlusError: [el-link] [API] The underline option (boolean) is about to be deprecated in version 3.0.0, please use 'always' | 'hover' | 'never' instead.
For more detail, please visit: https://element-plus.org/en-US/component/link.html#underline

    at s_ (https://new-ecosystem-platform-v2.smartcloudcon.com/assets/index-BghKgt6c.js:2:115315)
    at V.immediate (https://new-ecosystem-platform-v2.smartcloudcon.com/assets/index-BghKgt6c.js:2:127848)
    at nd (https://new-ecosystem-platform-v2.smartcloudcon.com/assets/index-BghKgt6c.js:2:51119)
    at rd (https://new-ecosystem-platform-v2.smartcloudcon.com/assets/index-BghKgt6c.js:2:51187)
    at Md.s.call (https://new-ecosystem-platform-v2.smartcloudcon.com/assets/index-BghKgt6c.js:2:54465)
    at y (https://new-ecosystem-platform-v2.smartcloudcon.com/assets/index-BghKgt6c.js:2:50376)
    at ed (https://new-ecosystem-platform-v2.smartcloudcon.com/assets/index-BghKgt6c.js:2:50586)
    at Md (https://new-ecosystem-platform-v2.smartcloudcon.com/assets/index-BghKgt6c.js:2:54664)
    at V (https://new-ecosystem-platform-v2.smartcloudcon.com/assets/index-BghKgt6c.js:2:54209)
    at lv (https://new-ecosystem-platform-v2.smartcloudcon.com/assets/index-BghKgt6c.js:2:127830) @ https://new-ecosystem-platform-v2.smartcloudcon.com/assets/index-BghKgt6c.js:1
[  462433ms] [WARNING] ElementPlusError: [el-link] [API] The underline option (boolean) is about to be deprecated in version 3.0.0, please use 'always' | 'hover' | 'never' instead.
For more detail, please visit: https://element-plus.org/en-US/component/link.html#underline

    at s_ (https://new-ecosystem-platform-v2.smartcloudcon.com/assets/index-BghKgt6c.js:2:115315)
    at V.immediate (https://new-ecosystem-platform-v2.smartcloudcon.com/assets/index-BghKgt6c.js:2:127848)
    at nd (https://new-ecosystem-platform-v2.smartcloudcon.com/assets/index-BghKgt6c.js:2:51119)
    at rd (https://new-ecosystem-platform-v2.smartcloudcon.com/assets/index-BghKgt6c.js:2:51187)
    at Md.s.call (https://new-ecosystem-platform-v2.smartcloudcon.com/assets/index-BghKgt6c.js:2:54465)
    at y (https://new-ecosystem-platform-v2.smartcloudcon.com/assets/index-BghKgt6c.js:2:50376)
    at ed (https://new-ecosystem-platform-v2.smartcloudcon.com/assets/index-BghKgt6c.js:2:50586)
    at Md (https://new-ecosystem-platform-v2.smartcloudcon.com/assets/index-BghKgt6c.js:2:54664)
    at V (https://new-ecosystem-platform-v2.smartcloudcon.com/assets/index-BghKgt6c.js:2:54209)
    at lv (https://new-ecosystem-platform-v2.smartcloudcon.com/assets/index-BghKgt6c.js:2:127830) @ https://new-ecosystem-platform-v2.smartcloudcon.com/assets/index-BghKgt6c.js:1
[  462433ms] [WARNING] ElementPlusError: [el-link] [API] The underline option (boolean) is about to be deprecated in version 3.0.0, please use 'always' | 'hover' | 'never' instead.
For more detail, please visit: https://element-plus.org/en-US/component/link.html#underline

    at s_ (https://new-ecosystem-platform-v2.smartcloudcon.com/assets/index-BghKgt6c.js:2:115315)
    at V.immediate (https://new-ecosystem-platform-v2.smartcloudcon.com/assets/index-BghKgt6c.js:2:127848)
    at nd (https://new-ecosystem-platform-v2.smartcloudcon.com/assets/index-BghKgt6c.js:2:51119)
    at rd (https://new-ecosystem-platform-v2.smartcloudcon.com/assets/index-BghKgt6c.js:2:51187)
    at Md.s.call (https://new-ecosystem-platform-v2.smartcloudcon.com/assets/index-BghKgt6c.js:2:54465)
    at y (https://new-ecosystem-platform-v2.smartcloudcon.com/assets/index-BghKgt6c.js:2:50376)
    at ed (https://new-ecosystem-platform-v2.smartcloudcon.com/assets/index-BghKgt6c.js:2:50586)
    at Md (https://new-ecosystem-platform-v2.smartcloudcon.com/assets/index-BghKgt6c.js:2:54664)
    at V (https://new-ecosystem-platform-v2.smartcloudcon.com/assets/index-BghKgt6c.js:2:54209)
    at lv (https://new-ecosystem-platform-v2.smartcloudcon.com/assets/index-BghKgt6c.js:2:127830) @ https://new-ecosystem-platform-v2.smartcloudcon.com/assets/index-BghKgt6c.js:1
[  462434ms] [WARNING] ElementPlusError: [el-link] [API] The underline option (boolean) is about to be deprecated in version 3.0.0, please use 'always' | 'hover' | 'never' instead.
For more detail, please visit: https://element-plus.org/en-US/component/link.html#underline

    at s_ (https://new-ecosystem-platform-v2.smartcloudcon.com/assets/index-BghKgt6c.js:2:115315)
    at V.immediate (https://new-ecosystem-platform-v2.smartcloudcon.com/assets/index-BghKgt6c.js:2:127848)
    at nd (https://new-ecosystem-platform-v2.smartcloudcon.com/assets/index-BghKgt6c.js:2:51119)
    at rd (https://new-ecosystem-platform-v2.smartcloudcon.com/assets/index-BghKgt6c.js:2:51187)
    at Md.s.call (https://new-ecosystem-platform-v2.smartcloudcon.com/assets/index-BghKgt6c.js:2:54465)
    at y (https://new-ecosystem-platform-v2.smartcloudcon.com/assets/index-BghKgt6c.js:2:50376)
    at ed (https://new-ecosystem-platform-v2.smartcloudcon.com/assets/index-BghKgt6c.js:2:50586)
    at Md (https://new-ecosystem-platform-v2.smartcloudcon.com/assets/index-BghKgt6c.js:2:54664)
    at V (https://new-ecosystem-platform-v2.smartcloudcon.com/assets/index-BghKgt6c.js:2:54209)
    at lv (https://new-ecosystem-platform-v2.smartcloudcon.com/assets/index-BghKgt6c.js:2:127830) @ https://new-ecosystem-platform-v2.smartcloudcon.com/assets/index-BghKgt6c.js:1
[  465811ms] [LOG] %c[Cache] color: black; font-size: 12px; font-weight: bolder {code: 0, msg: ok, data: Array(55)} @ https://new-ecosystem-platform-v2.smartcloudcon.com/assets/index-BghKgt6c.js:50
[  465811ms] [LOG] %c[Mode] color: black; font-size: 12px; font-weight: bolder memory @ https://new-ecosystem-platform-v2.smartcloudcon.com/assets/index-BghKgt6c.js:50
[  465811ms] [LOG] %c[Method] color: black; font-size: 12px; font-weight: bolder e @ https://new-ecosystem-platform-v2.smartcloudcon.com/assets/index-BghKgt6c.js:50
[  465811ms] [LOG] %c[Cache] color: black; font-size: 12px; font-weight: bolder {code: 0, msg: ok, data: Array(55)} @ https://new-ecosystem-platform-v2.smartcloudcon.com/assets/index-BghKgt6c.js:50
[  465811ms] [LOG] %c[Mode] color: black; font-size: 12px; font-weight: bolder memory @ https://new-ecosystem-platform-v2.smartcloudcon.com/assets/index-BghKgt6c.js:50
[  465811ms] [LOG] %c[Method] color: black; font-size: 12px; font-weight: bolder e @ https://new-ecosystem-platform-v2.smartcloudcon.com/assets/index-BghKgt6c.js:50
[  465811ms] [LOG] %c[Cache] color: black; font-size: 12px; font-weight: bolder {code: 0, msg: ok, data: Array(55)} @ https://new-ecosystem-platform-v2.smartcloudcon.com/assets/index-BghKgt6c.js:50
[  465811ms] [LOG] %c[Mode] color: black; font-size: 12px; font-weight: bolder memory @ https://new-ecosystem-platform-v2.smartcloudcon.com/assets/index-BghKgt6c.js:50
[  465811ms] [LOG] %c[Method] color: black; font-size: 12px; font-weight: bolder e @ https://new-ecosystem-platform-v2.smartcloudcon.com/assets/index-BghKgt6c.js:50
[  465811ms] [LOG] %c[Cache] color: black; font-size: 12px; font-weight: bolder {code: 0, msg: ok, data: Array(55)} @ https://new-ecosystem-platform-v2.smartcloudcon.com/assets/index-BghKgt6c.js:50
[  465811ms] [LOG] %c[Mode] color: black; font-size: 12px; font-weight: bolder memory @ https://new-ecosystem-platform-v2.smartcloudcon.com/assets/index-BghKgt6c.js:50
[  465811ms] [LOG] %c[Method] color: black; font-size: 12px; font-weight: bolder e @ https://new-ecosystem-platform-v2.smartcloudcon.com/assets/index-BghKgt6c.js:50
[  469708ms] [LOG] 获取详情 @ https://new-ecosystem-platform-v2.smartcloudcon.com/assets/develop-DPqdfyj4.js:0
[  469709ms] [LOG] Pg8g2fSk4R94W 谁 @ https://new-ecosystem-platform-v2.smartcloudcon.com/assets/product-DruX0V96.js:0
[  469711ms] [LOG] 获取联网 Pg8g2fSk4R94W @ https://new-ecosystem-platform-v2.smartcloudcon.com/assets/enmu-B4EGGdrl.js:0
[  469712ms] [LOG] Pg8g2fSk4R94W 谁 @ https://new-ecosystem-platform-v2.smartcloudcon.com/assets/product-DruX0V96.js:0
[  469724ms] [LOG] undefined 解析的结果 @ https://new-ecosystem-platform-v2.smartcloudcon.com/assets/capabilityConfig-Bjlo-HWR.js:0
[  469727ms] [LOG] undefined 解析的结果 @ https://new-ecosystem-platform-v2.smartcloudcon.com/assets/capabilityConfig-Bjlo-HWR.js:0
[  469735ms] [LOG] undefined 解析的结果 @ https://new-ecosystem-platform-v2.smartcloudcon.com/assets/capabilityConfig-Bjlo-HWR.js:0
[  469737ms] [LOG] undefined 解析的结果 @ https://new-ecosystem-platform-v2.smartcloudcon.com/assets/capabilityConfig-Bjlo-HWR.js:0
[  469744ms] [LOG] undefined 解析的结果 @ https://new-ecosystem-platform-v2.smartcloudcon.com/assets/capabilityConfig-Bjlo-HWR.js:0
[  469746ms] [LOG] undefined 解析的结果 @ https://new-ecosystem-platform-v2.smartcloudcon.com/assets/capabilityConfig-Bjlo-HWR.js:0
[  470357ms] [LOG] - 联网方式 @ https://new-ecosystem-platform-v2.smartcloudcon.com/assets/develop-DPqdfyj4.js:0
[  470447ms] [LOG] Proxy(Array) 处理完毕 @ https://new-ecosystem-platform-v2.smartcloudcon.com/assets/algorithmConfig-KIZkBY64.js:1
[  472923ms] [LOG] undefined 解析的结果 @ https://new-ecosystem-platform-v2.smartcloudcon.com/assets/capabilityConfig-Bjlo-HWR.js:0
[  472925ms] [LOG] undefined 解析的结果 @ https://new-ecosystem-platform-v2.smartcloudcon.com/assets/capabilityConfig-Bjlo-HWR.js:0
[  699733ms] [LOG] undefined 解析的结果 @ https://new-ecosystem-platform-v2.smartcloudcon.com/assets/capabilityConfig-Bjlo-HWR.js:0
[  699736ms] [LOG] undefined 解析的结果 @ https://new-ecosystem-platform-v2.smartcloudcon.com/assets/capabilityConfig-Bjlo-HWR.js:0
