[    2537ms] [LOG] 构建 @ https://new-ecosystem-platform-v2.smartcloudcon.com/assets/index-CIynI5kd.js:50
[    2538ms] [LOG] 触发同步缓存 @ https://new-ecosystem-platform-v2.smartcloudcon.com/assets/index-CIynI5kd.js:50
[    2543ms] [LOG] Proxy(Object) false false /product/audit @ https://new-ecosystem-platform-v2.smartcloudcon.com/assets/index-CIynI5kd.js:50
[    2763ms] [ERROR] Failed to load resource: the server responded with a status of 401 () @ https://new-ecosystem-platform-v2.smartcloudcon.com/ecoplatformapi/user/info:0
[    2763ms] [ERROR] Error: 登录信息失效，请稍后重试
    at onSuccess (https://new-ecosystem-platform-v2.smartcloudcon.com/assets/index-CIynI5kd.js:51:139960)
    at https://new-ecosystem-platform-v2.smartcloudcon.com/assets/index-CIynI5kd.js:51:64859
    at async q9 (https://new-ecosystem-platform-v2.smartcloudcon.com/assets/index-CIynI5kd.js:51:143384)
    at async See (https://new-ecosystem-platform-v2.smartcloudcon.com/assets/index-CIynI5kd.js:51:149035) @ https://new-ecosystem-platform-v2.smartcloudcon.com/assets/index-CIynI5kd.js:50
[    2765ms] [LOG] Error: 登录信息失效，请稍后重试
    at onSuccess (https://new-ecosystem-platform-v2.smartcloudcon.com/assets/index-CIynI5kd.js:51:139960)
    at https://new-ecosystem-platform-v2.smartcloudcon.com/assets/index-CIynI5kd.js:51:64859
    at async q9 (https://new-ecosystem-platform-v2.smartcloudcon.com/assets/index-CIynI5kd.js:51:143384)
    at async See (https://new-ecosystem-platform-v2.smartcloudcon.com/assets/index-CIynI5kd.js:51:149035) 同步缓存失败 @ https://new-ecosystem-platform-v2.smartcloudcon.com/assets/index-CIynI5kd.js:50
[    3026ms] [LOG] 构建 @ https://new-ecosystem-platform-v2.smartcloudcon.com/assets/index-CIynI5kd.js:50
[    3026ms] [LOG] 触发同步缓存 @ https://new-ecosystem-platform-v2.smartcloudcon.com/assets/index-CIynI5kd.js:50
[    3026ms] [LOG] Proxy(Object) true true /login @ https://new-ecosystem-platform-v2.smartcloudcon.com/assets/index-CIynI5kd.js:50
[   17442ms] [LOG] 触发同步缓存 @ https://new-ecosystem-platform-v2.smartcloudcon.com/assets/index-CIynI5kd.js:50
[   17442ms] [LOG] Proxy(Object) false true /login @ https://new-ecosystem-platform-v2.smartcloudcon.com/assets/index-CIynI5kd.js:50
[   17643ms] [LOG] {code: 0, msg: ok, data: Object} 用户信息 @ https://new-ecosystem-platform-v2.smartcloudcon.com/assets/index-CIynI5kd.js:50
[   17968ms] [LOG] 添加路由完毕 @ https://new-ecosystem-platform-v2.smartcloudcon.com/assets/index-CIynI5kd.js:50
[   17968ms] [LOG] 注册路由Tree @ https://new-ecosystem-platform-v2.smartcloudcon.com/assets/index-CIynI5kd.js:50
[   17969ms] [LOG] [Object, Object, Object, Object, Object, Object, Object, Object, Object, Object, Object, Object, Object, Object, Object, Object, Object, Object, Object, Object, Object, Object, Object, Object, Object, Object, Object, Object, Object, Object, Object, Object, Object, Object, Object, Object, Object, Object, Object, Object, Object, Object, Object, Object, Object, Object, Object, Object, Object, Object, Object, Object, Object, Object, Object, Object, Object, Object, Object, Object, Object, Object, Object, Object, Object, Object, Object, Object, Object, Object, Object, Object, Object, Object, Object, Object, Object, Object, Object, Object, Object, Object, Object, Object, Object, Object, Object, Object, Object, Object, Object, Object, Object, Object, Object, Object, Object, Object, Object, Object] 路由扁平化结果 @ https://new-ecosystem-platform-v2.smartcloudcon.com/assets/index-CIynI5kd.js:50
[   18705ms] [WARNING] 老平台登录失败，不影响主流程 TypeError: Cannot read properties of null (reading 'access_token')
    at Proxy.d (https://new-ecosystem-platform-v2.smartcloudcon.com/assets/legacy-login-DJLBP3Pf.js:22:361)
    at async f (https://new-ecosystem-platform-v2.smartcloudcon.com/assets/legacy-login-DJLBP3Pf.js:22:1592)
    at async y (https://new-ecosystem-platform-v2.smartcloudcon.com/assets/login-pq1s4jeA.js:1:12501) @ https://new-ecosystem-platform-v2.smartcloudcon.com/assets/login-pq1s4jeA.js:0
[   18705ms] [LOG] 登录成功 @ https://new-ecosystem-platform-v2.smartcloudcon.com/assets/login-pq1s4jeA.js:0
