[     158ms] [LOG] 构建 @ https://new-ecosystem-platform-v2.smartcloudcon.com/assets/index-B-A6Bn42.js:50
[     158ms] [LOG] 触发同步缓存 @ https://new-ecosystem-platform-v2.smartcloudcon.com/assets/index-B-A6Bn42.js:50
[     169ms] [LOG] Proxy(Object) false false / @ https://new-ecosystem-platform-v2.smartcloudcon.com/assets/index-B-A6Bn42.js:50
[     831ms] [LOG] {code: 0, msg: ok, data: Object} 用户信息 @ https://new-ecosystem-platform-v2.smartcloudcon.com/assets/index-B-A6Bn42.js:50
[    1138ms] [LOG] 添加路由完毕 @ https://new-ecosystem-platform-v2.smartcloudcon.com/assets/index-B-A6Bn42.js:50
[    1138ms] [LOG] 注册路由Tree @ https://new-ecosystem-platform-v2.smartcloudcon.com/assets/index-B-A6Bn42.js:50
[    1140ms] [LOG] [Object, Object, Object, Object, Object, Object, Object, Object, Object, Object, Object, Object, Object, Object, Object, Object, Object, Object, Object, Object, Object, Object, Object, Object, Object, Object, Object, Object, Object, Object, Object, Object, Object, Object, Object, Object, Object, Object, Object, Object, Object, Object, Object, Object, Object, Object, Object, Object, Object, Object, Object, Object, Object, Object, Object, Object, Object, Object, Object, Object, Object, Object, Object, Object, Object, Object, Object, Object, Object, Object, Object, Object, Object, Object, Object, Object, Object, Object, Object, Object, Object, Object, Object, Object, Object, Object, Object, Object, Object, Object, Object, Object, Object, Object, Object, Object, Object, Object, Object, Object] 路由扁平化结果 @ https://new-ecosystem-platform-v2.smartcloudcon.com/assets/index-B-A6Bn42.js:50
[   31051ms] [LOG] 获取详情 @ https://new-ecosystem-platform-v2.smartcloudcon.com/assets/develop-ChBhn-D8.js:0
[   31052ms] [LOG] Ph6LkSScYRMgG 谁 @ https://new-ecosystem-platform-v2.smartcloudcon.com/assets/product-BdWa0NT3.js:0
[   31057ms] [LOG] 获取联网 Ph6LkSScYRMgG @ https://new-ecosystem-platform-v2.smartcloudcon.com/assets/enmu-CDY1XN9i.js:0
[   31058ms] [LOG] Ph6LkSScYRMgG 谁 @ https://new-ecosystem-platform-v2.smartcloudcon.com/assets/product-BdWa0NT3.js:0
[   31083ms] [LOG] undefined 解析的结果 @ https://new-ecosystem-platform-v2.smartcloudcon.com/assets/capabilityConfig-CWsSh7_A.js:0
[   31091ms] [LOG] undefined 解析的结果 @ https://new-ecosystem-platform-v2.smartcloudcon.com/assets/capabilityConfig-CWsSh7_A.js:0
[   31114ms] [LOG] undefined 解析的结果 @ https://new-ecosystem-platform-v2.smartcloudcon.com/assets/capabilityConfig-CWsSh7_A.js:0
[   31118ms] [LOG] undefined 解析的结果 @ https://new-ecosystem-platform-v2.smartcloudcon.com/assets/capabilityConfig-CWsSh7_A.js:0
[   31135ms] [LOG] undefined 解析的结果 @ https://new-ecosystem-platform-v2.smartcloudcon.com/assets/capabilityConfig-CWsSh7_A.js:0
[   31142ms] [LOG] undefined 解析的结果 @ https://new-ecosystem-platform-v2.smartcloudcon.com/assets/capabilityConfig-CWsSh7_A.js:0
[   31746ms] [LOG] Proxy(Array) 处理完毕 @ https://new-ecosystem-platform-v2.smartcloudcon.com/assets/algorithmConfig-C2mB2544.js:1
[   31808ms] [LOG] {EventType: info, Name: 事件服务, DataType: event, Identifier: test事件, OutputParam: Object} 解析的结果 @ https://new-ecosystem-platform-v2.smartcloudcon.com/assets/capabilityConfig-CWsSh7_A.js:0
[   31808ms] [LOG] {EventType: info, Name: 事件服务, DataType: event, Identifier: test事件, OutputParam: Object} 解析的结果 @ https://new-ecosystem-platform-v2.smartcloudcon.com/assets/capabilityConfig-CWsSh7_A.js:0
[   31810ms] [LOG] {AccessMode: rw, DataType: string, limit: null, Name: aa, Identifier: aab} 解析的结果 @ https://new-ecosystem-platform-v2.smartcloudcon.com/assets/capabilityConfig-CWsSh7_A.js:0
[   31810ms] [LOG] {AccessMode: rw, DataType: string, limit: null, Name: aa, Identifier: aab} 解析的结果 @ https://new-ecosystem-platform-v2.smartcloudcon.com/assets/capabilityConfig-CWsSh7_A.js:0
[   31811ms] [LOG] {DataType: service, Name: test服务, Identifier: test服务属性, InputParam: Object, OutputParam: Object} 解析的结果 @ https://new-ecosystem-platform-v2.smartcloudcon.com/assets/capabilityConfig-CWsSh7_A.js:0
[   31811ms] [LOG] {DataType: service, Name: test服务, Identifier: test服务属性, InputParam: Object, OutputParam: Object} 解析的结果 @ https://new-ecosystem-platform-v2.smartcloudcon.com/assets/capabilityConfig-CWsSh7_A.js:0
[   31814ms] [LOG] {AccessMode: rw, DataType: int, Name: 自定义能力1, Identifier: 1, DefaultValue: } 解析的结果 @ https://new-ecosystem-platform-v2.smartcloudcon.com/assets/capabilityConfig-CWsSh7_A.js:0
[   31815ms] [LOG] {AccessMode: rw, DataType: int, Name: 自定义能力1, Identifier: 1, DefaultValue: } 解析的结果 @ https://new-ecosystem-platform-v2.smartcloudcon.com/assets/capabilityConfig-CWsSh7_A.js:0
[   31817ms] [LOG] {AccessMode: rw, DataType: int, Name: 自定义能力2, Identifier: 2, DefaultValue: } 解析的结果 @ https://new-ecosystem-platform-v2.smartcloudcon.com/assets/capabilityConfig-CWsSh7_A.js:0
[   31817ms] [LOG] {AccessMode: rw, DataType: int, Name: 自定义能力2, Identifier: 2, DefaultValue: } 解析的结果 @ https://new-ecosystem-platform-v2.smartcloudcon.com/assets/capabilityConfig-CWsSh7_A.js:0
[   31818ms] [LOG] {AccessMode: rw, DataType: int, Name: huiyun, Identifier: huiyun, DefaultValue: } 解析的结果 @ https://new-ecosystem-platform-v2.smartcloudcon.com/assets/capabilityConfig-CWsSh7_A.js:0
[   31818ms] [LOG] {AccessMode: rw, DataType: int, Name: huiyun, Identifier: huiyun, DefaultValue: } 解析的结果 @ https://new-ecosystem-platform-v2.smartcloudcon.com/assets/capabilityConfig-CWsSh7_A.js:0
[   31843ms] [LOG] 有线 联网方式 @ https://new-ecosystem-platform-v2.smartcloudcon.com/assets/develop-ChBhn-D8.js:0
[   31908ms] [LOG] undefined 解析的结果 @ https://new-ecosystem-platform-v2.smartcloudcon.com/assets/capabilityConfig-CWsSh7_A.js:0
[   31914ms] [LOG] undefined 解析的结果 @ https://new-ecosystem-platform-v2.smartcloudcon.com/assets/capabilityConfig-CWsSh7_A.js:0
[   31963ms] [LOG] undefined 解析的结果 @ https://new-ecosystem-platform-v2.smartcloudcon.com/assets/capabilityConfig-CWsSh7_A.js:0
[   31971ms] [LOG] undefined 解析的结果 @ https://new-ecosystem-platform-v2.smartcloudcon.com/assets/capabilityConfig-CWsSh7_A.js:0
