[      73ms] [WARNING] [Vue warn]: Failed to resolve component: Setting
If this is a native custom element, make sure to exclude it from component resolution via compilerOptions.isCustomElement. 
  at <Index> 
  at <App> @ http://localhost:5174/node_modules/.vite/deps/chunk-D4VKVKNE.js?v=b0937ae5:2203
[      74ms] [WARNING] [Vue warn]: Vue received a Component that was made a reactive object. This can lead to unnecessary performance overhead and should be avoided by marking the component with `markRaw` or using `shallowRef` instead of `ref`. 
Component that was made reactive:  {name: House, __name: house, setup: } 
  at <ElIcon class="menu-icon" > 
  at <Index> 
  at <App> @ http://localhost:5174/node_modules/.vite/deps/chunk-D4VKVKNE.js?v=b0937ae5:2203
[      75ms] [WARNING] [Vue warn]: Vue received a Component that was made a reactive object. This can lead to unnecessary performance overhead and should be avoided by marking the component with `markRaw` or using `shallowRef` instead of `ref`. 
Component that was made reactive:  {name: Cpu, __name: cpu, setup: } 
  at <ElIcon class="menu-icon" > 
  at <Index> 
  at <App> @ http://localhost:5174/node_modules/.vite/deps/chunk-D4VKVKNE.js?v=b0937ae5:2203
[      76ms] [WARNING] [Vue warn]: Vue received a Component that was made a reactive object. This can lead to unnecessary performance overhead and should be avoided by marking the component with `markRaw` or using `shallowRef` instead of `ref`. 
Component that was made reactive:  {name: Grid, __name: grid, setup: } 
  at <ElIcon class="menu-icon" size=16 > 
  at <Index> 
  at <App> @ http://localhost:5174/node_modules/.vite/deps/chunk-D4VKVKNE.js?v=b0937ae5:2203
[      77ms] [WARNING] [Vue warn]: Vue received a Component that was made a reactive object. This can lead to unnecessary performance overhead and should be avoided by marking the component with `markRaw` or using `shallowRef` instead of `ref`. 
Component that was made reactive:  {name: SetUp, __name: set-up, setup: } 
  at <ElIcon class="menu-icon" size=16 > 
  at <Index> 
  at <App> @ http://localhost:5174/node_modules/.vite/deps/chunk-D4VKVKNE.js?v=b0937ae5:2203
[      79ms] [WARNING] [Vue warn]: Vue received a Component that was made a reactive object. This can lead to unnecessary performance overhead and should be avoided by marking the component with `markRaw` or using `shallowRef` instead of `ref`. 
Component that was made reactive:  {name: Cpu, __name: cpu, setup: } 
  at <ElIcon class="menu-icon" size=16 > 
  at <Index> 
  at <App> @ http://localhost:5174/node_modules/.vite/deps/chunk-D4VKVKNE.js?v=b0937ae5:2203
[      79ms] [WARNING] [Vue warn]: Vue received a Component that was made a reactive object. This can lead to unnecessary performance overhead and should be avoided by marking the component with `markRaw` or using `shallowRef` instead of `ref`. 
Component that was made reactive:  {name: Warning, __name: warning, setup: } 
  at <ElIcon class="menu-icon" size=16 > 
  at <Index> 
  at <App> @ http://localhost:5174/node_modules/.vite/deps/chunk-D4VKVKNE.js?v=b0937ae5:2203
[      80ms] [WARNING] [Vue warn]: Vue received a Component that was made a reactive object. This can lead to unnecessary performance overhead and should be avoided by marking the component with `markRaw` or using `shallowRef` instead of `ref`. 
Component that was made reactive:  {name: Box, __name: box, setup: } 
  at <ElIcon class="menu-icon" > 
  at <Index> 
  at <App> @ http://localhost:5174/node_modules/.vite/deps/chunk-D4VKVKNE.js?v=b0937ae5:2203
[      81ms] [WARNING] [Vue warn]: Vue received a Component that was made a reactive object. This can lead to unnecessary performance overhead and should be avoided by marking the component with `markRaw` or using `shallowRef` instead of `ref`. 
Component that was made reactive:  {name: Box, __name: box, setup: } 
  at <ElIcon class="menu-icon" size=16 > 
  at <Index> 
  at <App> @ http://localhost:5174/node_modules/.vite/deps/chunk-D4VKVKNE.js?v=b0937ae5:2203
[      81ms] [WARNING] [Vue warn]: Vue received a Component that was made a reactive object. This can lead to unnecessary performance overhead and should be avoided by marking the component with `markRaw` or using `shallowRef` instead of `ref`. 
Component that was made reactive:  {name: Checked, __name: checked, setup: } 
  at <ElIcon class="menu-icon" size=16 > 
  at <Index> 
  at <App> @ http://localhost:5174/node_modules/.vite/deps/chunk-D4VKVKNE.js?v=b0937ae5:2203
[      82ms] [WARNING] [Vue warn]: Vue received a Component that was made a reactive object. This can lead to unnecessary performance overhead and should be avoided by marking the component with `markRaw` or using `shallowRef` instead of `ref`. 
Component that was made reactive:  {name: Present, __name: present, setup: } 
  at <ElIcon class="menu-icon" > 
  at <Index> 
  at <App> @ http://localhost:5174/node_modules/.vite/deps/chunk-D4VKVKNE.js?v=b0937ae5:2203
[      82ms] [WARNING] [Vue warn]: Vue received a Component that was made a reactive object. This can lead to unnecessary performance overhead and should be avoided by marking the component with `markRaw` or using `shallowRef` instead of `ref`. 
Component that was made reactive:  {name: Box, __name: box, setup: } 
  at <ElIcon class="menu-icon" size=16 > 
  at <Index> 
  at <App> @ http://localhost:5174/node_modules/.vite/deps/chunk-D4VKVKNE.js?v=b0937ae5:2203
[      83ms] [WARNING] [Vue warn]: Vue received a Component that was made a reactive object. This can lead to unnecessary performance overhead and should be avoided by marking the component with `markRaw` or using `shallowRef` instead of `ref`. 
Component that was made reactive:  {name: Operation, __name: operation, setup: } 
  at <ElIcon class="menu-icon" > 
  at <Index> 
  at <App> @ http://localhost:5174/node_modules/.vite/deps/chunk-D4VKVKNE.js?v=b0937ae5:2203
[      84ms] [WARNING] [Vue warn]: Vue received a Component that was made a reactive object. This can lead to unnecessary performance overhead and should be avoided by marking the component with `markRaw` or using `shallowRef` instead of `ref`. 
Component that was made reactive:  {name: ShoppingCart, __name: shopping-cart, setup: } 
  at <ElIcon class="menu-icon" size=16 > 
  at <Index> 
  at <App> @ http://localhost:5174/node_modules/.vite/deps/chunk-D4VKVKNE.js?v=b0937ae5:2203
[      85ms] [WARNING] [Vue warn]: Vue received a Component that was made a reactive object. This can lead to unnecessary performance overhead and should be avoided by marking the component with `markRaw` or using `shallowRef` instead of `ref`. 
Component that was made reactive:  {name: Star, __name: star, setup: } 
  at <ElIcon class="menu-icon" size=16 > 
  at <Index> 
  at <App> @ http://localhost:5174/node_modules/.vite/deps/chunk-D4VKVKNE.js?v=b0937ae5:2203
[      86ms] [WARNING] [Vue warn]: Vue received a Component that was made a reactive object. This can lead to unnecessary performance overhead and should be avoided by marking the component with `markRaw` or using `shallowRef` instead of `ref`. 
Component that was made reactive:  {name: Present, __name: present, setup: } 
  at <ElIcon class="menu-icon" size=16 > 
  at <Index> 
  at <App> @ http://localhost:5174/node_modules/.vite/deps/chunk-D4VKVKNE.js?v=b0937ae5:2203
[      86ms] [WARNING] [Vue warn]: Vue received a Component that was made a reactive object. This can lead to unnecessary performance overhead and should be avoided by marking the component with `markRaw` or using `shallowRef` instead of `ref`. 
Component that was made reactive:  {name: UserFilled, __name: user-filled, setup: } 
  at <ElIcon class="menu-icon" size=16 > 
  at <Index> 
  at <App> @ http://localhost:5174/node_modules/.vite/deps/chunk-D4VKVKNE.js?v=b0937ae5:2203
[      87ms] [WARNING] [Vue warn]: Vue received a Component that was made a reactive object. This can lead to unnecessary performance overhead and should be avoided by marking the component with `markRaw` or using `shallowRef` instead of `ref`. 
Component that was made reactive:  {name: DataAnalysis, __name: data-analysis, setup: } 
  at <ElIcon class="menu-icon" size=16 > 
  at <Index> 
  at <App> @ http://localhost:5174/node_modules/.vite/deps/chunk-D4VKVKNE.js?v=b0937ae5:2203
[     120ms] [WARNING] [Vue warn]: Failed to resolve component: Setting
If this is a native custom element, make sure to exclude it from component resolution via compilerOptions.isCustomElement. 
  at <Index> 
  at <App> @ http://localhost:5174/node_modules/.vite/deps/chunk-D4VKVKNE.js?v=b0937ae5:2203
[     120ms] [WARNING] [Vue warn]: Vue received a Component that was made a reactive object. This can lead to unnecessary performance overhead and should be avoided by marking the component with `markRaw` or using `shallowRef` instead of `ref`. 
Component that was made reactive:  {name: House, __name: house, setup: } 
  at <ElIcon class="menu-icon" > 
  at <Index> 
  at <App> @ http://localhost:5174/node_modules/.vite/deps/chunk-D4VKVKNE.js?v=b0937ae5:2203
[     121ms] [WARNING] [Vue warn]: Vue received a Component that was made a reactive object. This can lead to unnecessary performance overhead and should be avoided by marking the component with `markRaw` or using `shallowRef` instead of `ref`. 
Component that was made reactive:  {name: Cpu, __name: cpu, setup: } 
  at <ElIcon class="menu-icon" > 
  at <Index> 
  at <App> @ http://localhost:5174/node_modules/.vite/deps/chunk-D4VKVKNE.js?v=b0937ae5:2203
[     121ms] [WARNING] [Vue warn]: Vue received a Component that was made a reactive object. This can lead to unnecessary performance overhead and should be avoided by marking the component with `markRaw` or using `shallowRef` instead of `ref`. 
Component that was made reactive:  {name: Grid, __name: grid, setup: } 
  at <ElIcon class="menu-icon" size=16 > 
  at <Index> 
  at <App> @ http://localhost:5174/node_modules/.vite/deps/chunk-D4VKVKNE.js?v=b0937ae5:2203
[     122ms] [WARNING] [Vue warn]: Vue received a Component that was made a reactive object. This can lead to unnecessary performance overhead and should be avoided by marking the component with `markRaw` or using `shallowRef` instead of `ref`. 
Component that was made reactive:  {name: SetUp, __name: set-up, setup: } 
  at <ElIcon class="menu-icon" size=16 > 
  at <Index> 
  at <App> @ http://localhost:5174/node_modules/.vite/deps/chunk-D4VKVKNE.js?v=b0937ae5:2203
[     122ms] [WARNING] [Vue warn]: Vue received a Component that was made a reactive object. This can lead to unnecessary performance overhead and should be avoided by marking the component with `markRaw` or using `shallowRef` instead of `ref`. 
Component that was made reactive:  {name: Cpu, __name: cpu, setup: } 
  at <ElIcon class="menu-icon" size=16 > 
  at <Index> 
  at <App> @ http://localhost:5174/node_modules/.vite/deps/chunk-D4VKVKNE.js?v=b0937ae5:2203
[     122ms] [WARNING] [Vue warn]: Vue received a Component that was made a reactive object. This can lead to unnecessary performance overhead and should be avoided by marking the component with `markRaw` or using `shallowRef` instead of `ref`. 
Component that was made reactive:  {name: Warning, __name: warning, setup: } 
  at <ElIcon class="menu-icon" size=16 > 
  at <Index> 
  at <App> @ http://localhost:5174/node_modules/.vite/deps/chunk-D4VKVKNE.js?v=b0937ae5:2203
[     123ms] [WARNING] [Vue warn]: Vue received a Component that was made a reactive object. This can lead to unnecessary performance overhead and should be avoided by marking the component with `markRaw` or using `shallowRef` instead of `ref`. 
Component that was made reactive:  {name: Box, __name: box, setup: } 
  at <ElIcon class="menu-icon" > 
  at <Index> 
  at <App> @ http://localhost:5174/node_modules/.vite/deps/chunk-D4VKVKNE.js?v=b0937ae5:2203
[     123ms] [WARNING] [Vue warn]: Vue received a Component that was made a reactive object. This can lead to unnecessary performance overhead and should be avoided by marking the component with `markRaw` or using `shallowRef` instead of `ref`. 
Component that was made reactive:  {name: Box, __name: box, setup: } 
  at <ElIcon class="menu-icon" size=16 > 
  at <Index> 
  at <App> @ http://localhost:5174/node_modules/.vite/deps/chunk-D4VKVKNE.js?v=b0937ae5:2203
[     124ms] [WARNING] [Vue warn]: Vue received a Component that was made a reactive object. This can lead to unnecessary performance overhead and should be avoided by marking the component with `markRaw` or using `shallowRef` instead of `ref`. 
Component that was made reactive:  {name: Checked, __name: checked, setup: } 
  at <ElIcon class="menu-icon" size=16 > 
  at <Index> 
  at <App> @ http://localhost:5174/node_modules/.vite/deps/chunk-D4VKVKNE.js?v=b0937ae5:2203
[     124ms] [WARNING] [Vue warn]: Vue received a Component that was made a reactive object. This can lead to unnecessary performance overhead and should be avoided by marking the component with `markRaw` or using `shallowRef` instead of `ref`. 
Component that was made reactive:  {name: Present, __name: present, setup: } 
  at <ElIcon class="menu-icon" > 
  at <Index> 
  at <App> @ http://localhost:5174/node_modules/.vite/deps/chunk-D4VKVKNE.js?v=b0937ae5:2203
[     124ms] [WARNING] [Vue warn]: Vue received a Component that was made a reactive object. This can lead to unnecessary performance overhead and should be avoided by marking the component with `markRaw` or using `shallowRef` instead of `ref`. 
Component that was made reactive:  {name: Box, __name: box, setup: } 
  at <ElIcon class="menu-icon" size=16 > 
  at <Index> 
  at <App> @ http://localhost:5174/node_modules/.vite/deps/chunk-D4VKVKNE.js?v=b0937ae5:2203
[     125ms] [WARNING] [Vue warn]: Vue received a Component that was made a reactive object. This can lead to unnecessary performance overhead and should be avoided by marking the component with `markRaw` or using `shallowRef` instead of `ref`. 
Component that was made reactive:  {name: Operation, __name: operation, setup: } 
  at <ElIcon class="menu-icon" > 
  at <Index> 
  at <App> @ http://localhost:5174/node_modules/.vite/deps/chunk-D4VKVKNE.js?v=b0937ae5:2203
[     125ms] [WARNING] [Vue warn]: Vue received a Component that was made a reactive object. This can lead to unnecessary performance overhead and should be avoided by marking the component with `markRaw` or using `shallowRef` instead of `ref`. 
Component that was made reactive:  {name: ShoppingCart, __name: shopping-cart, setup: } 
  at <ElIcon class="menu-icon" size=16 > 
  at <Index> 
  at <App> @ http://localhost:5174/node_modules/.vite/deps/chunk-D4VKVKNE.js?v=b0937ae5:2203
[     126ms] [WARNING] [Vue warn]: Vue received a Component that was made a reactive object. This can lead to unnecessary performance overhead and should be avoided by marking the component with `markRaw` or using `shallowRef` instead of `ref`. 
Component that was made reactive:  {name: Star, __name: star, setup: } 
  at <ElIcon class="menu-icon" size=16 > 
  at <Index> 
  at <App> @ http://localhost:5174/node_modules/.vite/deps/chunk-D4VKVKNE.js?v=b0937ae5:2203
[     126ms] [WARNING] [Vue warn]: Vue received a Component that was made a reactive object. This can lead to unnecessary performance overhead and should be avoided by marking the component with `markRaw` or using `shallowRef` instead of `ref`. 
Component that was made reactive:  {name: Present, __name: present, setup: } 
  at <ElIcon class="menu-icon" size=16 > 
  at <Index> 
  at <App> @ http://localhost:5174/node_modules/.vite/deps/chunk-D4VKVKNE.js?v=b0937ae5:2203
[     127ms] [WARNING] [Vue warn]: Vue received a Component that was made a reactive object. This can lead to unnecessary performance overhead and should be avoided by marking the component with `markRaw` or using `shallowRef` instead of `ref`. 
Component that was made reactive:  {name: UserFilled, __name: user-filled, setup: } 
  at <ElIcon class="menu-icon" size=16 > 
  at <Index> 
  at <App> @ http://localhost:5174/node_modules/.vite/deps/chunk-D4VKVKNE.js?v=b0937ae5:2203
[     127ms] [WARNING] [Vue warn]: Vue received a Component that was made a reactive object. This can lead to unnecessary performance overhead and should be avoided by marking the component with `markRaw` or using `shallowRef` instead of `ref`. 
Component that was made reactive:  {name: DataAnalysis, __name: data-analysis, setup: } 
  at <ElIcon class="menu-icon" size=16 > 
  at <Index> 
  at <App> @ http://localhost:5174/node_modules/.vite/deps/chunk-D4VKVKNE.js?v=b0937ae5:2203
