[    2941ms] [LOG] 构建 @ https://new-ecosystem-platform-v2.smartcloudcon.com/assets/index-B98YVNZ9.js:50
[    2942ms] [LOG] 触发同步缓存 @ https://new-ecosystem-platform-v2.smartcloudcon.com/assets/index-B98YVNZ9.js:50
[    2951ms] [LOG] Proxy(Object) false false /thing-model/capability @ https://new-ecosystem-platform-v2.smartcloudcon.com/assets/index-B98YVNZ9.js:50
[    3279ms] [LOG] {code: 0, msg: ok, data: Object} 用户信息 @ https://new-ecosystem-platform-v2.smartcloudcon.com/assets/index-B98YVNZ9.js:50
[    3523ms] [LOG] 添加路由完毕 @ https://new-ecosystem-platform-v2.smartcloudcon.com/assets/index-B98YVNZ9.js:50
[    3523ms] [LOG] 注册路由Tree @ https://new-ecosystem-platform-v2.smartcloudcon.com/assets/index-B98YVNZ9.js:50
[    3525ms] [LOG] [Object, Object, Object, Object, Object, Object, Object, Object, Object, Object, Object, Object, Object, Object, Object, Object, Object, Object, Object, Object, Object, Object, Object, Object, Object, Object, Object, Object, Object, Object, Object, Object, Object, Object, Object, Object, Object, Object, Object, Object, Object, Object, Object, Object, Object, Object, Object, Object, Object, Object, Object, Object, Object, Object, Object, Object, Object, Object, Object, Object, Object, Object, Object, Object, Object, Object, Object, Object, Object, Object, Object, Object, Object, Object, Object, Object, Object, Object, Object, Object, Object, Object, Object, Object, Object, Object, Object, Object, Object, Object, Object, Object, Object, Object, Object, Object, Object, Object, Object, Object] 路由扁平化结果 @ https://new-ecosystem-platform-v2.smartcloudcon.com/assets/index-B98YVNZ9.js:50
[    4616ms] [WARNING] ElementPlusError: [el-link] [API] The underline option (boolean) is about to be deprecated in version 3.0.0, please use 'always' | 'hover' | 'never' instead.
For more detail, please visit: https://element-plus.org/en-US/component/link.html#underline

    at a_ (https://new-ecosystem-platform-v2.smartcloudcon.com/assets/index-B98YVNZ9.js:2:115319)
    at V.immediate (https://new-ecosystem-platform-v2.smartcloudcon.com/assets/index-B98YVNZ9.js:2:127852)
    at ed (https://new-ecosystem-platform-v2.smartcloudcon.com/assets/index-B98YVNZ9.js:2:51123)
    at td (https://new-ecosystem-platform-v2.smartcloudcon.com/assets/index-B98YVNZ9.js:2:51191)
    at Ad.s.call (https://new-ecosystem-platform-v2.smartcloudcon.com/assets/index-B98YVNZ9.js:2:54469)
    at y (https://new-ecosystem-platform-v2.smartcloudcon.com/assets/index-B98YVNZ9.js:2:50380)
    at Qu (https://new-ecosystem-platform-v2.smartcloudcon.com/assets/index-B98YVNZ9.js:2:50590)
    at Ad (https://new-ecosystem-platform-v2.smartcloudcon.com/assets/index-B98YVNZ9.js:2:54668)
    at V (https://new-ecosystem-platform-v2.smartcloudcon.com/assets/index-B98YVNZ9.js:2:54213)
    at sv (https://new-ecosystem-platform-v2.smartcloudcon.com/assets/index-B98YVNZ9.js:2:127834) @ https://new-ecosystem-platform-v2.smartcloudcon.com/assets/index-B98YVNZ9.js:1
[    4617ms] [WARNING] ElementPlusError: [el-link] [API] The underline option (boolean) is about to be deprecated in version 3.0.0, please use 'always' | 'hover' | 'never' instead.
For more detail, please visit: https://element-plus.org/en-US/component/link.html#underline

    at a_ (https://new-ecosystem-platform-v2.smartcloudcon.com/assets/index-B98YVNZ9.js:2:115319)
    at V.immediate (https://new-ecosystem-platform-v2.smartcloudcon.com/assets/index-B98YVNZ9.js:2:127852)
    at ed (https://new-ecosystem-platform-v2.smartcloudcon.com/assets/index-B98YVNZ9.js:2:51123)
    at td (https://new-ecosystem-platform-v2.smartcloudcon.com/assets/index-B98YVNZ9.js:2:51191)
    at Ad.s.call (https://new-ecosystem-platform-v2.smartcloudcon.com/assets/index-B98YVNZ9.js:2:54469)
    at y (https://new-ecosystem-platform-v2.smartcloudcon.com/assets/index-B98YVNZ9.js:2:50380)
    at Qu (https://new-ecosystem-platform-v2.smartcloudcon.com/assets/index-B98YVNZ9.js:2:50590)
    at Ad (https://new-ecosystem-platform-v2.smartcloudcon.com/assets/index-B98YVNZ9.js:2:54668)
    at V (https://new-ecosystem-platform-v2.smartcloudcon.com/assets/index-B98YVNZ9.js:2:54213)
    at sv (https://new-ecosystem-platform-v2.smartcloudcon.com/assets/index-B98YVNZ9.js:2:127834) @ https://new-ecosystem-platform-v2.smartcloudcon.com/assets/index-B98YVNZ9.js:1
[    4618ms] [WARNING] ElementPlusError: [el-link] [API] The underline option (boolean) is about to be deprecated in version 3.0.0, please use 'always' | 'hover' | 'never' instead.
For more detail, please visit: https://element-plus.org/en-US/component/link.html#underline

    at a_ (https://new-ecosystem-platform-v2.smartcloudcon.com/assets/index-B98YVNZ9.js:2:115319)
    at V.immediate (https://new-ecosystem-platform-v2.smartcloudcon.com/assets/index-B98YVNZ9.js:2:127852)
    at ed (https://new-ecosystem-platform-v2.smartcloudcon.com/assets/index-B98YVNZ9.js:2:51123)
    at td (https://new-ecosystem-platform-v2.smartcloudcon.com/assets/index-B98YVNZ9.js:2:51191)
    at Ad.s.call (https://new-ecosystem-platform-v2.smartcloudcon.com/assets/index-B98YVNZ9.js:2:54469)
    at y (https://new-ecosystem-platform-v2.smartcloudcon.com/assets/index-B98YVNZ9.js:2:50380)
    at Qu (https://new-ecosystem-platform-v2.smartcloudcon.com/assets/index-B98YVNZ9.js:2:50590)
    at Ad (https://new-ecosystem-platform-v2.smartcloudcon.com/assets/index-B98YVNZ9.js:2:54668)
    at V (https://new-ecosystem-platform-v2.smartcloudcon.com/assets/index-B98YVNZ9.js:2:54213)
    at sv (https://new-ecosystem-platform-v2.smartcloudcon.com/assets/index-B98YVNZ9.js:2:127834) @ https://new-ecosystem-platform-v2.smartcloudcon.com/assets/index-B98YVNZ9.js:1
[    4618ms] [WARNING] ElementPlusError: [el-link] [API] The underline option (boolean) is about to be deprecated in version 3.0.0, please use 'always' | 'hover' | 'never' instead.
For more detail, please visit: https://element-plus.org/en-US/component/link.html#underline

    at a_ (https://new-ecosystem-platform-v2.smartcloudcon.com/assets/index-B98YVNZ9.js:2:115319)
    at V.immediate (https://new-ecosystem-platform-v2.smartcloudcon.com/assets/index-B98YVNZ9.js:2:127852)
    at ed (https://new-ecosystem-platform-v2.smartcloudcon.com/assets/index-B98YVNZ9.js:2:51123)
    at td (https://new-ecosystem-platform-v2.smartcloudcon.com/assets/index-B98YVNZ9.js:2:51191)
    at Ad.s.call (https://new-ecosystem-platform-v2.smartcloudcon.com/assets/index-B98YVNZ9.js:2:54469)
    at y (https://new-ecosystem-platform-v2.smartcloudcon.com/assets/index-B98YVNZ9.js:2:50380)
    at Qu (https://new-ecosystem-platform-v2.smartcloudcon.com/assets/index-B98YVNZ9.js:2:50590)
    at Ad (https://new-ecosystem-platform-v2.smartcloudcon.com/assets/index-B98YVNZ9.js:2:54668)
    at V (https://new-ecosystem-platform-v2.smartcloudcon.com/assets/index-B98YVNZ9.js:2:54213)
    at sv (https://new-ecosystem-platform-v2.smartcloudcon.com/assets/index-B98YVNZ9.js:2:127834) @ https://new-ecosystem-platform-v2.smartcloudcon.com/assets/index-B98YVNZ9.js:1
[    4619ms] [WARNING] ElementPlusError: [el-link] [API] The underline option (boolean) is about to be deprecated in version 3.0.0, please use 'always' | 'hover' | 'never' instead.
For more detail, please visit: https://element-plus.org/en-US/component/link.html#underline

    at a_ (https://new-ecosystem-platform-v2.smartcloudcon.com/assets/index-B98YVNZ9.js:2:115319)
    at V.immediate (https://new-ecosystem-platform-v2.smartcloudcon.com/assets/index-B98YVNZ9.js:2:127852)
    at ed (https://new-ecosystem-platform-v2.smartcloudcon.com/assets/index-B98YVNZ9.js:2:51123)
    at td (https://new-ecosystem-platform-v2.smartcloudcon.com/assets/index-B98YVNZ9.js:2:51191)
    at Ad.s.call (https://new-ecosystem-platform-v2.smartcloudcon.com/assets/index-B98YVNZ9.js:2:54469)
    at y (https://new-ecosystem-platform-v2.smartcloudcon.com/assets/index-B98YVNZ9.js:2:50380)
    at Qu (https://new-ecosystem-platform-v2.smartcloudcon.com/assets/index-B98YVNZ9.js:2:50590)
    at Ad (https://new-ecosystem-platform-v2.smartcloudcon.com/assets/index-B98YVNZ9.js:2:54668)
    at V (https://new-ecosystem-platform-v2.smartcloudcon.com/assets/index-B98YVNZ9.js:2:54213)
    at sv (https://new-ecosystem-platform-v2.smartcloudcon.com/assets/index-B98YVNZ9.js:2:127834) @ https://new-ecosystem-platform-v2.smartcloudcon.com/assets/index-B98YVNZ9.js:1
[    4619ms] [WARNING] ElementPlusError: [el-link] [API] The underline option (boolean) is about to be deprecated in version 3.0.0, please use 'always' | 'hover' | 'never' instead.
For more detail, please visit: https://element-plus.org/en-US/component/link.html#underline

    at a_ (https://new-ecosystem-platform-v2.smartcloudcon.com/assets/index-B98YVNZ9.js:2:115319)
    at V.immediate (https://new-ecosystem-platform-v2.smartcloudcon.com/assets/index-B98YVNZ9.js:2:127852)
    at ed (https://new-ecosystem-platform-v2.smartcloudcon.com/assets/index-B98YVNZ9.js:2:51123)
    at td (https://new-ecosystem-platform-v2.smartcloudcon.com/assets/index-B98YVNZ9.js:2:51191)
    at Ad.s.call (https://new-ecosystem-platform-v2.smartcloudcon.com/assets/index-B98YVNZ9.js:2:54469)
    at y (https://new-ecosystem-platform-v2.smartcloudcon.com/assets/index-B98YVNZ9.js:2:50380)
    at Qu (https://new-ecosystem-platform-v2.smartcloudcon.com/assets/index-B98YVNZ9.js:2:50590)
    at Ad (https://new-ecosystem-platform-v2.smartcloudcon.com/assets/index-B98YVNZ9.js:2:54668)
    at V (https://new-ecosystem-platform-v2.smartcloudcon.com/assets/index-B98YVNZ9.js:2:54213)
    at sv (https://new-ecosystem-platform-v2.smartcloudcon.com/assets/index-B98YVNZ9.js:2:127834) @ https://new-ecosystem-platform-v2.smartcloudcon.com/assets/index-B98YVNZ9.js:1
[    4620ms] [WARNING] ElementPlusError: [el-link] [API] The underline option (boolean) is about to be deprecated in version 3.0.0, please use 'always' | 'hover' | 'never' instead.
For more detail, please visit: https://element-plus.org/en-US/component/link.html#underline

    at a_ (https://new-ecosystem-platform-v2.smartcloudcon.com/assets/index-B98YVNZ9.js:2:115319)
    at V.immediate (https://new-ecosystem-platform-v2.smartcloudcon.com/assets/index-B98YVNZ9.js:2:127852)
    at ed (https://new-ecosystem-platform-v2.smartcloudcon.com/assets/index-B98YVNZ9.js:2:51123)
    at td (https://new-ecosystem-platform-v2.smartcloudcon.com/assets/index-B98YVNZ9.js:2:51191)
    at Ad.s.call (https://new-ecosystem-platform-v2.smartcloudcon.com/assets/index-B98YVNZ9.js:2:54469)
    at y (https://new-ecosystem-platform-v2.smartcloudcon.com/assets/index-B98YVNZ9.js:2:50380)
    at Qu (https://new-ecosystem-platform-v2.smartcloudcon.com/assets/index-B98YVNZ9.js:2:50590)
    at Ad (https://new-ecosystem-platform-v2.smartcloudcon.com/assets/index-B98YVNZ9.js:2:54668)
    at V (https://new-ecosystem-platform-v2.smartcloudcon.com/assets/index-B98YVNZ9.js:2:54213)
    at sv (https://new-ecosystem-platform-v2.smartcloudcon.com/assets/index-B98YVNZ9.js:2:127834) @ https://new-ecosystem-platform-v2.smartcloudcon.com/assets/index-B98YVNZ9.js:1
[    4620ms] [WARNING] ElementPlusError: [el-link] [API] The underline option (boolean) is about to be deprecated in version 3.0.0, please use 'always' | 'hover' | 'never' instead.
For more detail, please visit: https://element-plus.org/en-US/component/link.html#underline

    at a_ (https://new-ecosystem-platform-v2.smartcloudcon.com/assets/index-B98YVNZ9.js:2:115319)
    at V.immediate (https://new-ecosystem-platform-v2.smartcloudcon.com/assets/index-B98YVNZ9.js:2:127852)
    at ed (https://new-ecosystem-platform-v2.smartcloudcon.com/assets/index-B98YVNZ9.js:2:51123)
    at td (https://new-ecosystem-platform-v2.smartcloudcon.com/assets/index-B98YVNZ9.js:2:51191)
    at Ad.s.call (https://new-ecosystem-platform-v2.smartcloudcon.com/assets/index-B98YVNZ9.js:2:54469)
    at y (https://new-ecosystem-platform-v2.smartcloudcon.com/assets/index-B98YVNZ9.js:2:50380)
    at Qu (https://new-ecosystem-platform-v2.smartcloudcon.com/assets/index-B98YVNZ9.js:2:50590)
    at Ad (https://new-ecosystem-platform-v2.smartcloudcon.com/assets/index-B98YVNZ9.js:2:54668)
    at V (https://new-ecosystem-platform-v2.smartcloudcon.com/assets/index-B98YVNZ9.js:2:54213)
    at sv (https://new-ecosystem-platform-v2.smartcloudcon.com/assets/index-B98YVNZ9.js:2:127834) @ https://new-ecosystem-platform-v2.smartcloudcon.com/assets/index-B98YVNZ9.js:1
[    4621ms] [WARNING] ElementPlusError: [el-link] [API] The underline option (boolean) is about to be deprecated in version 3.0.0, please use 'always' | 'hover' | 'never' instead.
For more detail, please visit: https://element-plus.org/en-US/component/link.html#underline

    at a_ (https://new-ecosystem-platform-v2.smartcloudcon.com/assets/index-B98YVNZ9.js:2:115319)
    at V.immediate (https://new-ecosystem-platform-v2.smartcloudcon.com/assets/index-B98YVNZ9.js:2:127852)
    at ed (https://new-ecosystem-platform-v2.smartcloudcon.com/assets/index-B98YVNZ9.js:2:51123)
    at td (https://new-ecosystem-platform-v2.smartcloudcon.com/assets/index-B98YVNZ9.js:2:51191)
    at Ad.s.call (https://new-ecosystem-platform-v2.smartcloudcon.com/assets/index-B98YVNZ9.js:2:54469)
    at y (https://new-ecosystem-platform-v2.smartcloudcon.com/assets/index-B98YVNZ9.js:2:50380)
    at Qu (https://new-ecosystem-platform-v2.smartcloudcon.com/assets/index-B98YVNZ9.js:2:50590)
    at Ad (https://new-ecosystem-platform-v2.smartcloudcon.com/assets/index-B98YVNZ9.js:2:54668)
    at V (https://new-ecosystem-platform-v2.smartcloudcon.com/assets/index-B98YVNZ9.js:2:54213)
    at sv (https://new-ecosystem-platform-v2.smartcloudcon.com/assets/index-B98YVNZ9.js:2:127834) @ https://new-ecosystem-platform-v2.smartcloudcon.com/assets/index-B98YVNZ9.js:1
[    4621ms] [WARNING] ElementPlusError: [el-link] [API] The underline option (boolean) is about to be deprecated in version 3.0.0, please use 'always' | 'hover' | 'never' instead.
For more detail, please visit: https://element-plus.org/en-US/component/link.html#underline

    at a_ (https://new-ecosystem-platform-v2.smartcloudcon.com/assets/index-B98YVNZ9.js:2:115319)
    at V.immediate (https://new-ecosystem-platform-v2.smartcloudcon.com/assets/index-B98YVNZ9.js:2:127852)
    at ed (https://new-ecosystem-platform-v2.smartcloudcon.com/assets/index-B98YVNZ9.js:2:51123)
    at td (https://new-ecosystem-platform-v2.smartcloudcon.com/assets/index-B98YVNZ9.js:2:51191)
    at Ad.s.call (https://new-ecosystem-platform-v2.smartcloudcon.com/assets/index-B98YVNZ9.js:2:54469)
    at y (https://new-ecosystem-platform-v2.smartcloudcon.com/assets/index-B98YVNZ9.js:2:50380)
    at Qu (https://new-ecosystem-platform-v2.smartcloudcon.com/assets/index-B98YVNZ9.js:2:50590)
    at Ad (https://new-ecosystem-platform-v2.smartcloudcon.com/assets/index-B98YVNZ9.js:2:54668)
    at V (https://new-ecosystem-platform-v2.smartcloudcon.com/assets/index-B98YVNZ9.js:2:54213)
    at sv (https://new-ecosystem-platform-v2.smartcloudcon.com/assets/index-B98YVNZ9.js:2:127834) @ https://new-ecosystem-platform-v2.smartcloudcon.com/assets/index-B98YVNZ9.js:1
[    4622ms] [WARNING] ElementPlusError: [el-link] [API] The underline option (boolean) is about to be deprecated in version 3.0.0, please use 'always' | 'hover' | 'never' instead.
For more detail, please visit: https://element-plus.org/en-US/component/link.html#underline

    at a_ (https://new-ecosystem-platform-v2.smartcloudcon.com/assets/index-B98YVNZ9.js:2:115319)
    at V.immediate (https://new-ecosystem-platform-v2.smartcloudcon.com/assets/index-B98YVNZ9.js:2:127852)
    at ed (https://new-ecosystem-platform-v2.smartcloudcon.com/assets/index-B98YVNZ9.js:2:51123)
    at td (https://new-ecosystem-platform-v2.smartcloudcon.com/assets/index-B98YVNZ9.js:2:51191)
    at Ad.s.call (https://new-ecosystem-platform-v2.smartcloudcon.com/assets/index-B98YVNZ9.js:2:54469)
    at y (https://new-ecosystem-platform-v2.smartcloudcon.com/assets/index-B98YVNZ9.js:2:50380)
    at Qu (https://new-ecosystem-platform-v2.smartcloudcon.com/assets/index-B98YVNZ9.js:2:50590)
    at Ad (https://new-ecosystem-platform-v2.smartcloudcon.com/assets/index-B98YVNZ9.js:2:54668)
    at V (https://new-ecosystem-platform-v2.smartcloudcon.com/assets/index-B98YVNZ9.js:2:54213)
    at sv (https://new-ecosystem-platform-v2.smartcloudcon.com/assets/index-B98YVNZ9.js:2:127834) @ https://new-ecosystem-platform-v2.smartcloudcon.com/assets/index-B98YVNZ9.js:1
[    4622ms] [WARNING] ElementPlusError: [el-link] [API] The underline option (boolean) is about to be deprecated in version 3.0.0, please use 'always' | 'hover' | 'never' instead.
For more detail, please visit: https://element-plus.org/en-US/component/link.html#underline

    at a_ (https://new-ecosystem-platform-v2.smartcloudcon.com/assets/index-B98YVNZ9.js:2:115319)
    at V.immediate (https://new-ecosystem-platform-v2.smartcloudcon.com/assets/index-B98YVNZ9.js:2:127852)
    at ed (https://new-ecosystem-platform-v2.smartcloudcon.com/assets/index-B98YVNZ9.js:2:51123)
    at td (https://new-ecosystem-platform-v2.smartcloudcon.com/assets/index-B98YVNZ9.js:2:51191)
    at Ad.s.call (https://new-ecosystem-platform-v2.smartcloudcon.com/assets/index-B98YVNZ9.js:2:54469)
    at y (https://new-ecosystem-platform-v2.smartcloudcon.com/assets/index-B98YVNZ9.js:2:50380)
    at Qu (https://new-ecosystem-platform-v2.smartcloudcon.com/assets/index-B98YVNZ9.js:2:50590)
    at Ad (https://new-ecosystem-platform-v2.smartcloudcon.com/assets/index-B98YVNZ9.js:2:54668)
    at V (https://new-ecosystem-platform-v2.smartcloudcon.com/assets/index-B98YVNZ9.js:2:54213)
    at sv (https://new-ecosystem-platform-v2.smartcloudcon.com/assets/index-B98YVNZ9.js:2:127834) @ https://new-ecosystem-platform-v2.smartcloudcon.com/assets/index-B98YVNZ9.js:1
[    4622ms] [WARNING] ElementPlusError: [el-link] [API] The underline option (boolean) is about to be deprecated in version 3.0.0, please use 'always' | 'hover' | 'never' instead.
For more detail, please visit: https://element-plus.org/en-US/component/link.html#underline

    at a_ (https://new-ecosystem-platform-v2.smartcloudcon.com/assets/index-B98YVNZ9.js:2:115319)
    at V.immediate (https://new-ecosystem-platform-v2.smartcloudcon.com/assets/index-B98YVNZ9.js:2:127852)
    at ed (https://new-ecosystem-platform-v2.smartcloudcon.com/assets/index-B98YVNZ9.js:2:51123)
    at td (https://new-ecosystem-platform-v2.smartcloudcon.com/assets/index-B98YVNZ9.js:2:51191)
    at Ad.s.call (https://new-ecosystem-platform-v2.smartcloudcon.com/assets/index-B98YVNZ9.js:2:54469)
    at y (https://new-ecosystem-platform-v2.smartcloudcon.com/assets/index-B98YVNZ9.js:2:50380)
    at Qu (https://new-ecosystem-platform-v2.smartcloudcon.com/assets/index-B98YVNZ9.js:2:50590)
    at Ad (https://new-ecosystem-platform-v2.smartcloudcon.com/assets/index-B98YVNZ9.js:2:54668)
    at V (https://new-ecosystem-platform-v2.smartcloudcon.com/assets/index-B98YVNZ9.js:2:54213)
    at sv (https://new-ecosystem-platform-v2.smartcloudcon.com/assets/index-B98YVNZ9.js:2:127834) @ https://new-ecosystem-platform-v2.smartcloudcon.com/assets/index-B98YVNZ9.js:1
[    4623ms] [WARNING] ElementPlusError: [el-link] [API] The underline option (boolean) is about to be deprecated in version 3.0.0, please use 'always' | 'hover' | 'never' instead.
For more detail, please visit: https://element-plus.org/en-US/component/link.html#underline

    at a_ (https://new-ecosystem-platform-v2.smartcloudcon.com/assets/index-B98YVNZ9.js:2:115319)
    at V.immediate (https://new-ecosystem-platform-v2.smartcloudcon.com/assets/index-B98YVNZ9.js:2:127852)
    at ed (https://new-ecosystem-platform-v2.smartcloudcon.com/assets/index-B98YVNZ9.js:2:51123)
    at td (https://new-ecosystem-platform-v2.smartcloudcon.com/assets/index-B98YVNZ9.js:2:51191)
    at Ad.s.call (https://new-ecosystem-platform-v2.smartcloudcon.com/assets/index-B98YVNZ9.js:2:54469)
    at y (https://new-ecosystem-platform-v2.smartcloudcon.com/assets/index-B98YVNZ9.js:2:50380)
    at Qu (https://new-ecosystem-platform-v2.smartcloudcon.com/assets/index-B98YVNZ9.js:2:50590)
    at Ad (https://new-ecosystem-platform-v2.smartcloudcon.com/assets/index-B98YVNZ9.js:2:54668)
    at V (https://new-ecosystem-platform-v2.smartcloudcon.com/assets/index-B98YVNZ9.js:2:54213)
    at sv (https://new-ecosystem-platform-v2.smartcloudcon.com/assets/index-B98YVNZ9.js:2:127834) @ https://new-ecosystem-platform-v2.smartcloudcon.com/assets/index-B98YVNZ9.js:1
[    4623ms] [WARNING] ElementPlusError: [el-link] [API] The underline option (boolean) is about to be deprecated in version 3.0.0, please use 'always' | 'hover' | 'never' instead.
For more detail, please visit: https://element-plus.org/en-US/component/link.html#underline

    at a_ (https://new-ecosystem-platform-v2.smartcloudcon.com/assets/index-B98YVNZ9.js:2:115319)
    at V.immediate (https://new-ecosystem-platform-v2.smartcloudcon.com/assets/index-B98YVNZ9.js:2:127852)
    at ed (https://new-ecosystem-platform-v2.smartcloudcon.com/assets/index-B98YVNZ9.js:2:51123)
    at td (https://new-ecosystem-platform-v2.smartcloudcon.com/assets/index-B98YVNZ9.js:2:51191)
    at Ad.s.call (https://new-ecosystem-platform-v2.smartcloudcon.com/assets/index-B98YVNZ9.js:2:54469)
    at y (https://new-ecosystem-platform-v2.smartcloudcon.com/assets/index-B98YVNZ9.js:2:50380)
    at Qu (https://new-ecosystem-platform-v2.smartcloudcon.com/assets/index-B98YVNZ9.js:2:50590)
    at Ad (https://new-ecosystem-platform-v2.smartcloudcon.com/assets/index-B98YVNZ9.js:2:54668)
    at V (https://new-ecosystem-platform-v2.smartcloudcon.com/assets/index-B98YVNZ9.js:2:54213)
    at sv (https://new-ecosystem-platform-v2.smartcloudcon.com/assets/index-B98YVNZ9.js:2:127834) @ https://new-ecosystem-platform-v2.smartcloudcon.com/assets/index-B98YVNZ9.js:1
[    4624ms] [WARNING] ElementPlusError: [el-link] [API] The underline option (boolean) is about to be deprecated in version 3.0.0, please use 'always' | 'hover' | 'never' instead.
For more detail, please visit: https://element-plus.org/en-US/component/link.html#underline

    at a_ (https://new-ecosystem-platform-v2.smartcloudcon.com/assets/index-B98YVNZ9.js:2:115319)
    at V.immediate (https://new-ecosystem-platform-v2.smartcloudcon.com/assets/index-B98YVNZ9.js:2:127852)
    at ed (https://new-ecosystem-platform-v2.smartcloudcon.com/assets/index-B98YVNZ9.js:2:51123)
    at td (https://new-ecosystem-platform-v2.smartcloudcon.com/assets/index-B98YVNZ9.js:2:51191)
    at Ad.s.call (https://new-ecosystem-platform-v2.smartcloudcon.com/assets/index-B98YVNZ9.js:2:54469)
    at y (https://new-ecosystem-platform-v2.smartcloudcon.com/assets/index-B98YVNZ9.js:2:50380)
    at Qu (https://new-ecosystem-platform-v2.smartcloudcon.com/assets/index-B98YVNZ9.js:2:50590)
    at Ad (https://new-ecosystem-platform-v2.smartcloudcon.com/assets/index-B98YVNZ9.js:2:54668)
    at V (https://new-ecosystem-platform-v2.smartcloudcon.com/assets/index-B98YVNZ9.js:2:54213)
    at sv (https://new-ecosystem-platform-v2.smartcloudcon.com/assets/index-B98YVNZ9.js:2:127834) @ https://new-ecosystem-platform-v2.smartcloudcon.com/assets/index-B98YVNZ9.js:1
[    4624ms] [WARNING] ElementPlusError: [el-link] [API] The underline option (boolean) is about to be deprecated in version 3.0.0, please use 'always' | 'hover' | 'never' instead.
For more detail, please visit: https://element-plus.org/en-US/component/link.html#underline

    at a_ (https://new-ecosystem-platform-v2.smartcloudcon.com/assets/index-B98YVNZ9.js:2:115319)
    at V.immediate (https://new-ecosystem-platform-v2.smartcloudcon.com/assets/index-B98YVNZ9.js:2:127852)
    at ed (https://new-ecosystem-platform-v2.smartcloudcon.com/assets/index-B98YVNZ9.js:2:51123)
    at td (https://new-ecosystem-platform-v2.smartcloudcon.com/assets/index-B98YVNZ9.js:2:51191)
    at Ad.s.call (https://new-ecosystem-platform-v2.smartcloudcon.com/assets/index-B98YVNZ9.js:2:54469)
    at y (https://new-ecosystem-platform-v2.smartcloudcon.com/assets/index-B98YVNZ9.js:2:50380)
    at Qu (https://new-ecosystem-platform-v2.smartcloudcon.com/assets/index-B98YVNZ9.js:2:50590)
    at Ad (https://new-ecosystem-platform-v2.smartcloudcon.com/assets/index-B98YVNZ9.js:2:54668)
    at V (https://new-ecosystem-platform-v2.smartcloudcon.com/assets/index-B98YVNZ9.js:2:54213)
    at sv (https://new-ecosystem-platform-v2.smartcloudcon.com/assets/index-B98YVNZ9.js:2:127834) @ https://new-ecosystem-platform-v2.smartcloudcon.com/assets/index-B98YVNZ9.js:1
[    4625ms] [WARNING] ElementPlusError: [el-link] [API] The underline option (boolean) is about to be deprecated in version 3.0.0, please use 'always' | 'hover' | 'never' instead.
For more detail, please visit: https://element-plus.org/en-US/component/link.html#underline

    at a_ (https://new-ecosystem-platform-v2.smartcloudcon.com/assets/index-B98YVNZ9.js:2:115319)
    at V.immediate (https://new-ecosystem-platform-v2.smartcloudcon.com/assets/index-B98YVNZ9.js:2:127852)
    at ed (https://new-ecosystem-platform-v2.smartcloudcon.com/assets/index-B98YVNZ9.js:2:51123)
    at td (https://new-ecosystem-platform-v2.smartcloudcon.com/assets/index-B98YVNZ9.js:2:51191)
    at Ad.s.call (https://new-ecosystem-platform-v2.smartcloudcon.com/assets/index-B98YVNZ9.js:2:54469)
    at y (https://new-ecosystem-platform-v2.smartcloudcon.com/assets/index-B98YVNZ9.js:2:50380)
    at Qu (https://new-ecosystem-platform-v2.smartcloudcon.com/assets/index-B98YVNZ9.js:2:50590)
    at Ad (https://new-ecosystem-platform-v2.smartcloudcon.com/assets/index-B98YVNZ9.js:2:54668)
    at V (https://new-ecosystem-platform-v2.smartcloudcon.com/assets/index-B98YVNZ9.js:2:54213)
    at sv (https://new-ecosystem-platform-v2.smartcloudcon.com/assets/index-B98YVNZ9.js:2:127834) @ https://new-ecosystem-platform-v2.smartcloudcon.com/assets/index-B98YVNZ9.js:1
[    4626ms] [WARNING] ElementPlusError: [el-link] [API] The underline option (boolean) is about to be deprecated in version 3.0.0, please use 'always' | 'hover' | 'never' instead.
For more detail, please visit: https://element-plus.org/en-US/component/link.html#underline

    at a_ (https://new-ecosystem-platform-v2.smartcloudcon.com/assets/index-B98YVNZ9.js:2:115319)
    at V.immediate (https://new-ecosystem-platform-v2.smartcloudcon.com/assets/index-B98YVNZ9.js:2:127852)
    at ed (https://new-ecosystem-platform-v2.smartcloudcon.com/assets/index-B98YVNZ9.js:2:51123)
    at td (https://new-ecosystem-platform-v2.smartcloudcon.com/assets/index-B98YVNZ9.js:2:51191)
    at Ad.s.call (https://new-ecosystem-platform-v2.smartcloudcon.com/assets/index-B98YVNZ9.js:2:54469)
    at y (https://new-ecosystem-platform-v2.smartcloudcon.com/assets/index-B98YVNZ9.js:2:50380)
    at Qu (https://new-ecosystem-platform-v2.smartcloudcon.com/assets/index-B98YVNZ9.js:2:50590)
    at Ad (https://new-ecosystem-platform-v2.smartcloudcon.com/assets/index-B98YVNZ9.js:2:54668)
    at V (https://new-ecosystem-platform-v2.smartcloudcon.com/assets/index-B98YVNZ9.js:2:54213)
    at sv (https://new-ecosystem-platform-v2.smartcloudcon.com/assets/index-B98YVNZ9.js:2:127834) @ https://new-ecosystem-platform-v2.smartcloudcon.com/assets/index-B98YVNZ9.js:1
[    4626ms] [WARNING] ElementPlusError: [el-link] [API] The underline option (boolean) is about to be deprecated in version 3.0.0, please use 'always' | 'hover' | 'never' instead.
For more detail, please visit: https://element-plus.org/en-US/component/link.html#underline

    at a_ (https://new-ecosystem-platform-v2.smartcloudcon.com/assets/index-B98YVNZ9.js:2:115319)
    at V.immediate (https://new-ecosystem-platform-v2.smartcloudcon.com/assets/index-B98YVNZ9.js:2:127852)
    at ed (https://new-ecosystem-platform-v2.smartcloudcon.com/assets/index-B98YVNZ9.js:2:51123)
    at td (https://new-ecosystem-platform-v2.smartcloudcon.com/assets/index-B98YVNZ9.js:2:51191)
    at Ad.s.call (https://new-ecosystem-platform-v2.smartcloudcon.com/assets/index-B98YVNZ9.js:2:54469)
    at y (https://new-ecosystem-platform-v2.smartcloudcon.com/assets/index-B98YVNZ9.js:2:50380)
    at Qu (https://new-ecosystem-platform-v2.smartcloudcon.com/assets/index-B98YVNZ9.js:2:50590)
    at Ad (https://new-ecosystem-platform-v2.smartcloudcon.com/assets/index-B98YVNZ9.js:2:54668)
    at V (https://new-ecosystem-platform-v2.smartcloudcon.com/assets/index-B98YVNZ9.js:2:54213)
    at sv (https://new-ecosystem-platform-v2.smartcloudcon.com/assets/index-B98YVNZ9.js:2:127834) @ https://new-ecosystem-platform-v2.smartcloudcon.com/assets/index-B98YVNZ9.js:1
[    4626ms] [WARNING] ElementPlusError: [el-link] [API] The underline option (boolean) is about to be deprecated in version 3.0.0, please use 'always' | 'hover' | 'never' instead.
For more detail, please visit: https://element-plus.org/en-US/component/link.html#underline

    at a_ (https://new-ecosystem-platform-v2.smartcloudcon.com/assets/index-B98YVNZ9.js:2:115319)
    at V.immediate (https://new-ecosystem-platform-v2.smartcloudcon.com/assets/index-B98YVNZ9.js:2:127852)
    at ed (https://new-ecosystem-platform-v2.smartcloudcon.com/assets/index-B98YVNZ9.js:2:51123)
    at td (https://new-ecosystem-platform-v2.smartcloudcon.com/assets/index-B98YVNZ9.js:2:51191)
    at Ad.s.call (https://new-ecosystem-platform-v2.smartcloudcon.com/assets/index-B98YVNZ9.js:2:54469)
    at y (https://new-ecosystem-platform-v2.smartcloudcon.com/assets/index-B98YVNZ9.js:2:50380)
    at Qu (https://new-ecosystem-platform-v2.smartcloudcon.com/assets/index-B98YVNZ9.js:2:50590)
    at Ad (https://new-ecosystem-platform-v2.smartcloudcon.com/assets/index-B98YVNZ9.js:2:54668)
    at V (https://new-ecosystem-platform-v2.smartcloudcon.com/assets/index-B98YVNZ9.js:2:54213)
    at sv (https://new-ecosystem-platform-v2.smartcloudcon.com/assets/index-B98YVNZ9.js:2:127834) @ https://new-ecosystem-platform-v2.smartcloudcon.com/assets/index-B98YVNZ9.js:1
[    4627ms] [WARNING] ElementPlusError: [el-link] [API] The underline option (boolean) is about to be deprecated in version 3.0.0, please use 'always' | 'hover' | 'never' instead.
For more detail, please visit: https://element-plus.org/en-US/component/link.html#underline

    at a_ (https://new-ecosystem-platform-v2.smartcloudcon.com/assets/index-B98YVNZ9.js:2:115319)
    at V.immediate (https://new-ecosystem-platform-v2.smartcloudcon.com/assets/index-B98YVNZ9.js:2:127852)
    at ed (https://new-ecosystem-platform-v2.smartcloudcon.com/assets/index-B98YVNZ9.js:2:51123)
    at td (https://new-ecosystem-platform-v2.smartcloudcon.com/assets/index-B98YVNZ9.js:2:51191)
    at Ad.s.call (https://new-ecosystem-platform-v2.smartcloudcon.com/assets/index-B98YVNZ9.js:2:54469)
    at y (https://new-ecosystem-platform-v2.smartcloudcon.com/assets/index-B98YVNZ9.js:2:50380)
    at Qu (https://new-ecosystem-platform-v2.smartcloudcon.com/assets/index-B98YVNZ9.js:2:50590)
    at Ad (https://new-ecosystem-platform-v2.smartcloudcon.com/assets/index-B98YVNZ9.js:2:54668)
    at V (https://new-ecosystem-platform-v2.smartcloudcon.com/assets/index-B98YVNZ9.js:2:54213)
    at sv (https://new-ecosystem-platform-v2.smartcloudcon.com/assets/index-B98YVNZ9.js:2:127834) @ https://new-ecosystem-platform-v2.smartcloudcon.com/assets/index-B98YVNZ9.js:1
[    4627ms] [WARNING] ElementPlusError: [el-link] [API] The underline option (boolean) is about to be deprecated in version 3.0.0, please use 'always' | 'hover' | 'never' instead.
For more detail, please visit: https://element-plus.org/en-US/component/link.html#underline

    at a_ (https://new-ecosystem-platform-v2.smartcloudcon.com/assets/index-B98YVNZ9.js:2:115319)
    at V.immediate (https://new-ecosystem-platform-v2.smartcloudcon.com/assets/index-B98YVNZ9.js:2:127852)
    at ed (https://new-ecosystem-platform-v2.smartcloudcon.com/assets/index-B98YVNZ9.js:2:51123)
    at td (https://new-ecosystem-platform-v2.smartcloudcon.com/assets/index-B98YVNZ9.js:2:51191)
    at Ad.s.call (https://new-ecosystem-platform-v2.smartcloudcon.com/assets/index-B98YVNZ9.js:2:54469)
    at y (https://new-ecosystem-platform-v2.smartcloudcon.com/assets/index-B98YVNZ9.js:2:50380)
    at Qu (https://new-ecosystem-platform-v2.smartcloudcon.com/assets/index-B98YVNZ9.js:2:50590)
    at Ad (https://new-ecosystem-platform-v2.smartcloudcon.com/assets/index-B98YVNZ9.js:2:54668)
    at V (https://new-ecosystem-platform-v2.smartcloudcon.com/assets/index-B98YVNZ9.js:2:54213)
    at sv (https://new-ecosystem-platform-v2.smartcloudcon.com/assets/index-B98YVNZ9.js:2:127834) @ https://new-ecosystem-platform-v2.smartcloudcon.com/assets/index-B98YVNZ9.js:1
[    4628ms] [WARNING] ElementPlusError: [el-link] [API] The underline option (boolean) is about to be deprecated in version 3.0.0, please use 'always' | 'hover' | 'never' instead.
For more detail, please visit: https://element-plus.org/en-US/component/link.html#underline

    at a_ (https://new-ecosystem-platform-v2.smartcloudcon.com/assets/index-B98YVNZ9.js:2:115319)
    at V.immediate (https://new-ecosystem-platform-v2.smartcloudcon.com/assets/index-B98YVNZ9.js:2:127852)
    at ed (https://new-ecosystem-platform-v2.smartcloudcon.com/assets/index-B98YVNZ9.js:2:51123)
    at td (https://new-ecosystem-platform-v2.smartcloudcon.com/assets/index-B98YVNZ9.js:2:51191)
    at Ad.s.call (https://new-ecosystem-platform-v2.smartcloudcon.com/assets/index-B98YVNZ9.js:2:54469)
    at y (https://new-ecosystem-platform-v2.smartcloudcon.com/assets/index-B98YVNZ9.js:2:50380)
    at Qu (https://new-ecosystem-platform-v2.smartcloudcon.com/assets/index-B98YVNZ9.js:2:50590)
    at Ad (https://new-ecosystem-platform-v2.smartcloudcon.com/assets/index-B98YVNZ9.js:2:54668)
    at V (https://new-ecosystem-platform-v2.smartcloudcon.com/assets/index-B98YVNZ9.js:2:54213)
    at sv (https://new-ecosystem-platform-v2.smartcloudcon.com/assets/index-B98YVNZ9.js:2:127834) @ https://new-ecosystem-platform-v2.smartcloudcon.com/assets/index-B98YVNZ9.js:1
[    4628ms] [WARNING] ElementPlusError: [el-link] [API] The underline option (boolean) is about to be deprecated in version 3.0.0, please use 'always' | 'hover' | 'never' instead.
For more detail, please visit: https://element-plus.org/en-US/component/link.html#underline

    at a_ (https://new-ecosystem-platform-v2.smartcloudcon.com/assets/index-B98YVNZ9.js:2:115319)
    at V.immediate (https://new-ecosystem-platform-v2.smartcloudcon.com/assets/index-B98YVNZ9.js:2:127852)
    at ed (https://new-ecosystem-platform-v2.smartcloudcon.com/assets/index-B98YVNZ9.js:2:51123)
    at td (https://new-ecosystem-platform-v2.smartcloudcon.com/assets/index-B98YVNZ9.js:2:51191)
    at Ad.s.call (https://new-ecosystem-platform-v2.smartcloudcon.com/assets/index-B98YVNZ9.js:2:54469)
    at y (https://new-ecosystem-platform-v2.smartcloudcon.com/assets/index-B98YVNZ9.js:2:50380)
    at Qu (https://new-ecosystem-platform-v2.smartcloudcon.com/assets/index-B98YVNZ9.js:2:50590)
    at Ad (https://new-ecosystem-platform-v2.smartcloudcon.com/assets/index-B98YVNZ9.js:2:54668)
    at V (https://new-ecosystem-platform-v2.smartcloudcon.com/assets/index-B98YVNZ9.js:2:54213)
    at sv (https://new-ecosystem-platform-v2.smartcloudcon.com/assets/index-B98YVNZ9.js:2:127834) @ https://new-ecosystem-platform-v2.smartcloudcon.com/assets/index-B98YVNZ9.js:1
[    4629ms] [WARNING] ElementPlusError: [el-link] [API] The underline option (boolean) is about to be deprecated in version 3.0.0, please use 'always' | 'hover' | 'never' instead.
For more detail, please visit: https://element-plus.org/en-US/component/link.html#underline

    at a_ (https://new-ecosystem-platform-v2.smartcloudcon.com/assets/index-B98YVNZ9.js:2:115319)
    at V.immediate (https://new-ecosystem-platform-v2.smartcloudcon.com/assets/index-B98YVNZ9.js:2:127852)
    at ed (https://new-ecosystem-platform-v2.smartcloudcon.com/assets/index-B98YVNZ9.js:2:51123)
    at td (https://new-ecosystem-platform-v2.smartcloudcon.com/assets/index-B98YVNZ9.js:2:51191)
    at Ad.s.call (https://new-ecosystem-platform-v2.smartcloudcon.com/assets/index-B98YVNZ9.js:2:54469)
    at y (https://new-ecosystem-platform-v2.smartcloudcon.com/assets/index-B98YVNZ9.js:2:50380)
    at Qu (https://new-ecosystem-platform-v2.smartcloudcon.com/assets/index-B98YVNZ9.js:2:50590)
    at Ad (https://new-ecosystem-platform-v2.smartcloudcon.com/assets/index-B98YVNZ9.js:2:54668)
    at V (https://new-ecosystem-platform-v2.smartcloudcon.com/assets/index-B98YVNZ9.js:2:54213)
    at sv (https://new-ecosystem-platform-v2.smartcloudcon.com/assets/index-B98YVNZ9.js:2:127834) @ https://new-ecosystem-platform-v2.smartcloudcon.com/assets/index-B98YVNZ9.js:1
[    4629ms] [WARNING] ElementPlusError: [el-link] [API] The underline option (boolean) is about to be deprecated in version 3.0.0, please use 'always' | 'hover' | 'never' instead.
For more detail, please visit: https://element-plus.org/en-US/component/link.html#underline

    at a_ (https://new-ecosystem-platform-v2.smartcloudcon.com/assets/index-B98YVNZ9.js:2:115319)
    at V.immediate (https://new-ecosystem-platform-v2.smartcloudcon.com/assets/index-B98YVNZ9.js:2:127852)
    at ed (https://new-ecosystem-platform-v2.smartcloudcon.com/assets/index-B98YVNZ9.js:2:51123)
    at td (https://new-ecosystem-platform-v2.smartcloudcon.com/assets/index-B98YVNZ9.js:2:51191)
    at Ad.s.call (https://new-ecosystem-platform-v2.smartcloudcon.com/assets/index-B98YVNZ9.js:2:54469)
    at y (https://new-ecosystem-platform-v2.smartcloudcon.com/assets/index-B98YVNZ9.js:2:50380)
    at Qu (https://new-ecosystem-platform-v2.smartcloudcon.com/assets/index-B98YVNZ9.js:2:50590)
    at Ad (https://new-ecosystem-platform-v2.smartcloudcon.com/assets/index-B98YVNZ9.js:2:54668)
    at V (https://new-ecosystem-platform-v2.smartcloudcon.com/assets/index-B98YVNZ9.js:2:54213)
    at sv (https://new-ecosystem-platform-v2.smartcloudcon.com/assets/index-B98YVNZ9.js:2:127834) @ https://new-ecosystem-platform-v2.smartcloudcon.com/assets/index-B98YVNZ9.js:1
[    4630ms] [WARNING] ElementPlusError: [el-link] [API] The underline option (boolean) is about to be deprecated in version 3.0.0, please use 'always' | 'hover' | 'never' instead.
For more detail, please visit: https://element-plus.org/en-US/component/link.html#underline

    at a_ (https://new-ecosystem-platform-v2.smartcloudcon.com/assets/index-B98YVNZ9.js:2:115319)
    at V.immediate (https://new-ecosystem-platform-v2.smartcloudcon.com/assets/index-B98YVNZ9.js:2:127852)
    at ed (https://new-ecosystem-platform-v2.smartcloudcon.com/assets/index-B98YVNZ9.js:2:51123)
    at td (https://new-ecosystem-platform-v2.smartcloudcon.com/assets/index-B98YVNZ9.js:2:51191)
    at Ad.s.call (https://new-ecosystem-platform-v2.smartcloudcon.com/assets/index-B98YVNZ9.js:2:54469)
    at y (https://new-ecosystem-platform-v2.smartcloudcon.com/assets/index-B98YVNZ9.js:2:50380)
    at Qu (https://new-ecosystem-platform-v2.smartcloudcon.com/assets/index-B98YVNZ9.js:2:50590)
    at Ad (https://new-ecosystem-platform-v2.smartcloudcon.com/assets/index-B98YVNZ9.js:2:54668)
    at V (https://new-ecosystem-platform-v2.smartcloudcon.com/assets/index-B98YVNZ9.js:2:54213)
    at sv (https://new-ecosystem-platform-v2.smartcloudcon.com/assets/index-B98YVNZ9.js:2:127834) @ https://new-ecosystem-platform-v2.smartcloudcon.com/assets/index-B98YVNZ9.js:1
[    4630ms] [WARNING] ElementPlusError: [el-link] [API] The underline option (boolean) is about to be deprecated in version 3.0.0, please use 'always' | 'hover' | 'never' instead.
For more detail, please visit: https://element-plus.org/en-US/component/link.html#underline

    at a_ (https://new-ecosystem-platform-v2.smartcloudcon.com/assets/index-B98YVNZ9.js:2:115319)
    at V.immediate (https://new-ecosystem-platform-v2.smartcloudcon.com/assets/index-B98YVNZ9.js:2:127852)
    at ed (https://new-ecosystem-platform-v2.smartcloudcon.com/assets/index-B98YVNZ9.js:2:51123)
    at td (https://new-ecosystem-platform-v2.smartcloudcon.com/assets/index-B98YVNZ9.js:2:51191)
    at Ad.s.call (https://new-ecosystem-platform-v2.smartcloudcon.com/assets/index-B98YVNZ9.js:2:54469)
    at y (https://new-ecosystem-platform-v2.smartcloudcon.com/assets/index-B98YVNZ9.js:2:50380)
    at Qu (https://new-ecosystem-platform-v2.smartcloudcon.com/assets/index-B98YVNZ9.js:2:50590)
    at Ad (https://new-ecosystem-platform-v2.smartcloudcon.com/assets/index-B98YVNZ9.js:2:54668)
    at V (https://new-ecosystem-platform-v2.smartcloudcon.com/assets/index-B98YVNZ9.js:2:54213)
    at sv (https://new-ecosystem-platform-v2.smartcloudcon.com/assets/index-B98YVNZ9.js:2:127834) @ https://new-ecosystem-platform-v2.smartcloudcon.com/assets/index-B98YVNZ9.js:1
[    4630ms] [WARNING] ElementPlusError: [el-link] [API] The underline option (boolean) is about to be deprecated in version 3.0.0, please use 'always' | 'hover' | 'never' instead.
For more detail, please visit: https://element-plus.org/en-US/component/link.html#underline

    at a_ (https://new-ecosystem-platform-v2.smartcloudcon.com/assets/index-B98YVNZ9.js:2:115319)
    at V.immediate (https://new-ecosystem-platform-v2.smartcloudcon.com/assets/index-B98YVNZ9.js:2:127852)
    at ed (https://new-ecosystem-platform-v2.smartcloudcon.com/assets/index-B98YVNZ9.js:2:51123)
    at td (https://new-ecosystem-platform-v2.smartcloudcon.com/assets/index-B98YVNZ9.js:2:51191)
    at Ad.s.call (https://new-ecosystem-platform-v2.smartcloudcon.com/assets/index-B98YVNZ9.js:2:54469)
    at y (https://new-ecosystem-platform-v2.smartcloudcon.com/assets/index-B98YVNZ9.js:2:50380)
    at Qu (https://new-ecosystem-platform-v2.smartcloudcon.com/assets/index-B98YVNZ9.js:2:50590)
    at Ad (https://new-ecosystem-platform-v2.smartcloudcon.com/assets/index-B98YVNZ9.js:2:54668)
    at V (https://new-ecosystem-platform-v2.smartcloudcon.com/assets/index-B98YVNZ9.js:2:54213)
    at sv (https://new-ecosystem-platform-v2.smartcloudcon.com/assets/index-B98YVNZ9.js:2:127834) @ https://new-ecosystem-platform-v2.smartcloudcon.com/assets/index-B98YVNZ9.js:1
[    4631ms] [WARNING] ElementPlusError: [el-link] [API] The underline option (boolean) is about to be deprecated in version 3.0.0, please use 'always' | 'hover' | 'never' instead.
For more detail, please visit: https://element-plus.org/en-US/component/link.html#underline

    at a_ (https://new-ecosystem-platform-v2.smartcloudcon.com/assets/index-B98YVNZ9.js:2:115319)
    at V.immediate (https://new-ecosystem-platform-v2.smartcloudcon.com/assets/index-B98YVNZ9.js:2:127852)
    at ed (https://new-ecosystem-platform-v2.smartcloudcon.com/assets/index-B98YVNZ9.js:2:51123)
    at td (https://new-ecosystem-platform-v2.smartcloudcon.com/assets/index-B98YVNZ9.js:2:51191)
    at Ad.s.call (https://new-ecosystem-platform-v2.smartcloudcon.com/assets/index-B98YVNZ9.js:2:54469)
    at y (https://new-ecosystem-platform-v2.smartcloudcon.com/assets/index-B98YVNZ9.js:2:50380)
    at Qu (https://new-ecosystem-platform-v2.smartcloudcon.com/assets/index-B98YVNZ9.js:2:50590)
    at Ad (https://new-ecosystem-platform-v2.smartcloudcon.com/assets/index-B98YVNZ9.js:2:54668)
    at V (https://new-ecosystem-platform-v2.smartcloudcon.com/assets/index-B98YVNZ9.js:2:54213)
    at sv (https://new-ecosystem-platform-v2.smartcloudcon.com/assets/index-B98YVNZ9.js:2:127834) @ https://new-ecosystem-platform-v2.smartcloudcon.com/assets/index-B98YVNZ9.js:1
[    4631ms] [WARNING] ElementPlusError: [el-link] [API] The underline option (boolean) is about to be deprecated in version 3.0.0, please use 'always' | 'hover' | 'never' instead.
For more detail, please visit: https://element-plus.org/en-US/component/link.html#underline

    at a_ (https://new-ecosystem-platform-v2.smartcloudcon.com/assets/index-B98YVNZ9.js:2:115319)
    at V.immediate (https://new-ecosystem-platform-v2.smartcloudcon.com/assets/index-B98YVNZ9.js:2:127852)
    at ed (https://new-ecosystem-platform-v2.smartcloudcon.com/assets/index-B98YVNZ9.js:2:51123)
    at td (https://new-ecosystem-platform-v2.smartcloudcon.com/assets/index-B98YVNZ9.js:2:51191)
    at Ad.s.call (https://new-ecosystem-platform-v2.smartcloudcon.com/assets/index-B98YVNZ9.js:2:54469)
    at y (https://new-ecosystem-platform-v2.smartcloudcon.com/assets/index-B98YVNZ9.js:2:50380)
    at Qu (https://new-ecosystem-platform-v2.smartcloudcon.com/assets/index-B98YVNZ9.js:2:50590)
    at Ad (https://new-ecosystem-platform-v2.smartcloudcon.com/assets/index-B98YVNZ9.js:2:54668)
    at V (https://new-ecosystem-platform-v2.smartcloudcon.com/assets/index-B98YVNZ9.js:2:54213)
    at sv (https://new-ecosystem-platform-v2.smartcloudcon.com/assets/index-B98YVNZ9.js:2:127834) @ https://new-ecosystem-platform-v2.smartcloudcon.com/assets/index-B98YVNZ9.js:1
[    4631ms] [WARNING] ElementPlusError: [el-link] [API] The underline option (boolean) is about to be deprecated in version 3.0.0, please use 'always' | 'hover' | 'never' instead.
For more detail, please visit: https://element-plus.org/en-US/component/link.html#underline

    at a_ (https://new-ecosystem-platform-v2.smartcloudcon.com/assets/index-B98YVNZ9.js:2:115319)
    at V.immediate (https://new-ecosystem-platform-v2.smartcloudcon.com/assets/index-B98YVNZ9.js:2:127852)
    at ed (https://new-ecosystem-platform-v2.smartcloudcon.com/assets/index-B98YVNZ9.js:2:51123)
    at td (https://new-ecosystem-platform-v2.smartcloudcon.com/assets/index-B98YVNZ9.js:2:51191)
    at Ad.s.call (https://new-ecosystem-platform-v2.smartcloudcon.com/assets/index-B98YVNZ9.js:2:54469)
    at y (https://new-ecosystem-platform-v2.smartcloudcon.com/assets/index-B98YVNZ9.js:2:50380)
    at Qu (https://new-ecosystem-platform-v2.smartcloudcon.com/assets/index-B98YVNZ9.js:2:50590)
    at Ad (https://new-ecosystem-platform-v2.smartcloudcon.com/assets/index-B98YVNZ9.js:2:54668)
    at V (https://new-ecosystem-platform-v2.smartcloudcon.com/assets/index-B98YVNZ9.js:2:54213)
    at sv (https://new-ecosystem-platform-v2.smartcloudcon.com/assets/index-B98YVNZ9.js:2:127834) @ https://new-ecosystem-platform-v2.smartcloudcon.com/assets/index-B98YVNZ9.js:1
[    4632ms] [WARNING] ElementPlusError: [el-link] [API] The underline option (boolean) is about to be deprecated in version 3.0.0, please use 'always' | 'hover' | 'never' instead.
For more detail, please visit: https://element-plus.org/en-US/component/link.html#underline

    at a_ (https://new-ecosystem-platform-v2.smartcloudcon.com/assets/index-B98YVNZ9.js:2:115319)
    at V.immediate (https://new-ecosystem-platform-v2.smartcloudcon.com/assets/index-B98YVNZ9.js:2:127852)
    at ed (https://new-ecosystem-platform-v2.smartcloudcon.com/assets/index-B98YVNZ9.js:2:51123)
    at td (https://new-ecosystem-platform-v2.smartcloudcon.com/assets/index-B98YVNZ9.js:2:51191)
    at Ad.s.call (https://new-ecosystem-platform-v2.smartcloudcon.com/assets/index-B98YVNZ9.js:2:54469)
    at y (https://new-ecosystem-platform-v2.smartcloudcon.com/assets/index-B98YVNZ9.js:2:50380)
    at Qu (https://new-ecosystem-platform-v2.smartcloudcon.com/assets/index-B98YVNZ9.js:2:50590)
    at Ad (https://new-ecosystem-platform-v2.smartcloudcon.com/assets/index-B98YVNZ9.js:2:54668)
    at V (https://new-ecosystem-platform-v2.smartcloudcon.com/assets/index-B98YVNZ9.js:2:54213)
    at sv (https://new-ecosystem-platform-v2.smartcloudcon.com/assets/index-B98YVNZ9.js:2:127834) @ https://new-ecosystem-platform-v2.smartcloudcon.com/assets/index-B98YVNZ9.js:1
[    4632ms] [WARNING] ElementPlusError: [el-link] [API] The underline option (boolean) is about to be deprecated in version 3.0.0, please use 'always' | 'hover' | 'never' instead.
For more detail, please visit: https://element-plus.org/en-US/component/link.html#underline

    at a_ (https://new-ecosystem-platform-v2.smartcloudcon.com/assets/index-B98YVNZ9.js:2:115319)
    at V.immediate (https://new-ecosystem-platform-v2.smartcloudcon.com/assets/index-B98YVNZ9.js:2:127852)
    at ed (https://new-ecosystem-platform-v2.smartcloudcon.com/assets/index-B98YVNZ9.js:2:51123)
    at td (https://new-ecosystem-platform-v2.smartcloudcon.com/assets/index-B98YVNZ9.js:2:51191)
    at Ad.s.call (https://new-ecosystem-platform-v2.smartcloudcon.com/assets/index-B98YVNZ9.js:2:54469)
    at y (https://new-ecosystem-platform-v2.smartcloudcon.com/assets/index-B98YVNZ9.js:2:50380)
    at Qu (https://new-ecosystem-platform-v2.smartcloudcon.com/assets/index-B98YVNZ9.js:2:50590)
    at Ad (https://new-ecosystem-platform-v2.smartcloudcon.com/assets/index-B98YVNZ9.js:2:54668)
    at V (https://new-ecosystem-platform-v2.smartcloudcon.com/assets/index-B98YVNZ9.js:2:54213)
    at sv (https://new-ecosystem-platform-v2.smartcloudcon.com/assets/index-B98YVNZ9.js:2:127834) @ https://new-ecosystem-platform-v2.smartcloudcon.com/assets/index-B98YVNZ9.js:1
[    4633ms] [WARNING] ElementPlusError: [el-link] [API] The underline option (boolean) is about to be deprecated in version 3.0.0, please use 'always' | 'hover' | 'never' instead.
For more detail, please visit: https://element-plus.org/en-US/component/link.html#underline

    at a_ (https://new-ecosystem-platform-v2.smartcloudcon.com/assets/index-B98YVNZ9.js:2:115319)
    at V.immediate (https://new-ecosystem-platform-v2.smartcloudcon.com/assets/index-B98YVNZ9.js:2:127852)
    at ed (https://new-ecosystem-platform-v2.smartcloudcon.com/assets/index-B98YVNZ9.js:2:51123)
    at td (https://new-ecosystem-platform-v2.smartcloudcon.com/assets/index-B98YVNZ9.js:2:51191)
    at Ad.s.call (https://new-ecosystem-platform-v2.smartcloudcon.com/assets/index-B98YVNZ9.js:2:54469)
    at y (https://new-ecosystem-platform-v2.smartcloudcon.com/assets/index-B98YVNZ9.js:2:50380)
    at Qu (https://new-ecosystem-platform-v2.smartcloudcon.com/assets/index-B98YVNZ9.js:2:50590)
    at Ad (https://new-ecosystem-platform-v2.smartcloudcon.com/assets/index-B98YVNZ9.js:2:54668)
    at V (https://new-ecosystem-platform-v2.smartcloudcon.com/assets/index-B98YVNZ9.js:2:54213)
    at sv (https://new-ecosystem-platform-v2.smartcloudcon.com/assets/index-B98YVNZ9.js:2:127834) @ https://new-ecosystem-platform-v2.smartcloudcon.com/assets/index-B98YVNZ9.js:1
[    4633ms] [WARNING] ElementPlusError: [el-link] [API] The underline option (boolean) is about to be deprecated in version 3.0.0, please use 'always' | 'hover' | 'never' instead.
For more detail, please visit: https://element-plus.org/en-US/component/link.html#underline

    at a_ (https://new-ecosystem-platform-v2.smartcloudcon.com/assets/index-B98YVNZ9.js:2:115319)
    at V.immediate (https://new-ecosystem-platform-v2.smartcloudcon.com/assets/index-B98YVNZ9.js:2:127852)
    at ed (https://new-ecosystem-platform-v2.smartcloudcon.com/assets/index-B98YVNZ9.js:2:51123)
    at td (https://new-ecosystem-platform-v2.smartcloudcon.com/assets/index-B98YVNZ9.js:2:51191)
    at Ad.s.call (https://new-ecosystem-platform-v2.smartcloudcon.com/assets/index-B98YVNZ9.js:2:54469)
    at y (https://new-ecosystem-platform-v2.smartcloudcon.com/assets/index-B98YVNZ9.js:2:50380)
    at Qu (https://new-ecosystem-platform-v2.smartcloudcon.com/assets/index-B98YVNZ9.js:2:50590)
    at Ad (https://new-ecosystem-platform-v2.smartcloudcon.com/assets/index-B98YVNZ9.js:2:54668)
    at V (https://new-ecosystem-platform-v2.smartcloudcon.com/assets/index-B98YVNZ9.js:2:54213)
    at sv (https://new-ecosystem-platform-v2.smartcloudcon.com/assets/index-B98YVNZ9.js:2:127834) @ https://new-ecosystem-platform-v2.smartcloudcon.com/assets/index-B98YVNZ9.js:1
[    4633ms] [WARNING] ElementPlusError: [el-link] [API] The underline option (boolean) is about to be deprecated in version 3.0.0, please use 'always' | 'hover' | 'never' instead.
For more detail, please visit: https://element-plus.org/en-US/component/link.html#underline

    at a_ (https://new-ecosystem-platform-v2.smartcloudcon.com/assets/index-B98YVNZ9.js:2:115319)
    at V.immediate (https://new-ecosystem-platform-v2.smartcloudcon.com/assets/index-B98YVNZ9.js:2:127852)
    at ed (https://new-ecosystem-platform-v2.smartcloudcon.com/assets/index-B98YVNZ9.js:2:51123)
    at td (https://new-ecosystem-platform-v2.smartcloudcon.com/assets/index-B98YVNZ9.js:2:51191)
    at Ad.s.call (https://new-ecosystem-platform-v2.smartcloudcon.com/assets/index-B98YVNZ9.js:2:54469)
    at y (https://new-ecosystem-platform-v2.smartcloudcon.com/assets/index-B98YVNZ9.js:2:50380)
    at Qu (https://new-ecosystem-platform-v2.smartcloudcon.com/assets/index-B98YVNZ9.js:2:50590)
    at Ad (https://new-ecosystem-platform-v2.smartcloudcon.com/assets/index-B98YVNZ9.js:2:54668)
    at V (https://new-ecosystem-platform-v2.smartcloudcon.com/assets/index-B98YVNZ9.js:2:54213)
    at sv (https://new-ecosystem-platform-v2.smartcloudcon.com/assets/index-B98YVNZ9.js:2:127834) @ https://new-ecosystem-platform-v2.smartcloudcon.com/assets/index-B98YVNZ9.js:1
[    4634ms] [WARNING] ElementPlusError: [el-link] [API] The underline option (boolean) is about to be deprecated in version 3.0.0, please use 'always' | 'hover' | 'never' instead.
For more detail, please visit: https://element-plus.org/en-US/component/link.html#underline

    at a_ (https://new-ecosystem-platform-v2.smartcloudcon.com/assets/index-B98YVNZ9.js:2:115319)
    at V.immediate (https://new-ecosystem-platform-v2.smartcloudcon.com/assets/index-B98YVNZ9.js:2:127852)
    at ed (https://new-ecosystem-platform-v2.smartcloudcon.com/assets/index-B98YVNZ9.js:2:51123)
    at td (https://new-ecosystem-platform-v2.smartcloudcon.com/assets/index-B98YVNZ9.js:2:51191)
    at Ad.s.call (https://new-ecosystem-platform-v2.smartcloudcon.com/assets/index-B98YVNZ9.js:2:54469)
    at y (https://new-ecosystem-platform-v2.smartcloudcon.com/assets/index-B98YVNZ9.js:2:50380)
    at Qu (https://new-ecosystem-platform-v2.smartcloudcon.com/assets/index-B98YVNZ9.js:2:50590)
    at Ad (https://new-ecosystem-platform-v2.smartcloudcon.com/assets/index-B98YVNZ9.js:2:54668)
    at V (https://new-ecosystem-platform-v2.smartcloudcon.com/assets/index-B98YVNZ9.js:2:54213)
    at sv (https://new-ecosystem-platform-v2.smartcloudcon.com/assets/index-B98YVNZ9.js:2:127834) @ https://new-ecosystem-platform-v2.smartcloudcon.com/assets/index-B98YVNZ9.js:1
[    4634ms] [WARNING] ElementPlusError: [el-link] [API] The underline option (boolean) is about to be deprecated in version 3.0.0, please use 'always' | 'hover' | 'never' instead.
For more detail, please visit: https://element-plus.org/en-US/component/link.html#underline

    at a_ (https://new-ecosystem-platform-v2.smartcloudcon.com/assets/index-B98YVNZ9.js:2:115319)
    at V.immediate (https://new-ecosystem-platform-v2.smartcloudcon.com/assets/index-B98YVNZ9.js:2:127852)
    at ed (https://new-ecosystem-platform-v2.smartcloudcon.com/assets/index-B98YVNZ9.js:2:51123)
    at td (https://new-ecosystem-platform-v2.smartcloudcon.com/assets/index-B98YVNZ9.js:2:51191)
    at Ad.s.call (https://new-ecosystem-platform-v2.smartcloudcon.com/assets/index-B98YVNZ9.js:2:54469)
    at y (https://new-ecosystem-platform-v2.smartcloudcon.com/assets/index-B98YVNZ9.js:2:50380)
    at Qu (https://new-ecosystem-platform-v2.smartcloudcon.com/assets/index-B98YVNZ9.js:2:50590)
    at Ad (https://new-ecosystem-platform-v2.smartcloudcon.com/assets/index-B98YVNZ9.js:2:54668)
    at V (https://new-ecosystem-platform-v2.smartcloudcon.com/assets/index-B98YVNZ9.js:2:54213)
    at sv (https://new-ecosystem-platform-v2.smartcloudcon.com/assets/index-B98YVNZ9.js:2:127834) @ https://new-ecosystem-platform-v2.smartcloudcon.com/assets/index-B98YVNZ9.js:1
[    4635ms] [WARNING] ElementPlusError: [el-link] [API] The underline option (boolean) is about to be deprecated in version 3.0.0, please use 'always' | 'hover' | 'never' instead.
For more detail, please visit: https://element-plus.org/en-US/component/link.html#underline

    at a_ (https://new-ecosystem-platform-v2.smartcloudcon.com/assets/index-B98YVNZ9.js:2:115319)
    at V.immediate (https://new-ecosystem-platform-v2.smartcloudcon.com/assets/index-B98YVNZ9.js:2:127852)
    at ed (https://new-ecosystem-platform-v2.smartcloudcon.com/assets/index-B98YVNZ9.js:2:51123)
    at td (https://new-ecosystem-platform-v2.smartcloudcon.com/assets/index-B98YVNZ9.js:2:51191)
    at Ad.s.call (https://new-ecosystem-platform-v2.smartcloudcon.com/assets/index-B98YVNZ9.js:2:54469)
    at y (https://new-ecosystem-platform-v2.smartcloudcon.com/assets/index-B98YVNZ9.js:2:50380)
    at Qu (https://new-ecosystem-platform-v2.smartcloudcon.com/assets/index-B98YVNZ9.js:2:50590)
    at Ad (https://new-ecosystem-platform-v2.smartcloudcon.com/assets/index-B98YVNZ9.js:2:54668)
    at V (https://new-ecosystem-platform-v2.smartcloudcon.com/assets/index-B98YVNZ9.js:2:54213)
    at sv (https://new-ecosystem-platform-v2.smartcloudcon.com/assets/index-B98YVNZ9.js:2:127834) @ https://new-ecosystem-platform-v2.smartcloudcon.com/assets/index-B98YVNZ9.js:1
[    4635ms] [WARNING] ElementPlusError: [el-link] [API] The underline option (boolean) is about to be deprecated in version 3.0.0, please use 'always' | 'hover' | 'never' instead.
For more detail, please visit: https://element-plus.org/en-US/component/link.html#underline

    at a_ (https://new-ecosystem-platform-v2.smartcloudcon.com/assets/index-B98YVNZ9.js:2:115319)
    at V.immediate (https://new-ecosystem-platform-v2.smartcloudcon.com/assets/index-B98YVNZ9.js:2:127852)
    at ed (https://new-ecosystem-platform-v2.smartcloudcon.com/assets/index-B98YVNZ9.js:2:51123)
    at td (https://new-ecosystem-platform-v2.smartcloudcon.com/assets/index-B98YVNZ9.js:2:51191)
    at Ad.s.call (https://new-ecosystem-platform-v2.smartcloudcon.com/assets/index-B98YVNZ9.js:2:54469)
    at y (https://new-ecosystem-platform-v2.smartcloudcon.com/assets/index-B98YVNZ9.js:2:50380)
    at Qu (https://new-ecosystem-platform-v2.smartcloudcon.com/assets/index-B98YVNZ9.js:2:50590)
    at Ad (https://new-ecosystem-platform-v2.smartcloudcon.com/assets/index-B98YVNZ9.js:2:54668)
    at V (https://new-ecosystem-platform-v2.smartcloudcon.com/assets/index-B98YVNZ9.js:2:54213)
    at sv (https://new-ecosystem-platform-v2.smartcloudcon.com/assets/index-B98YVNZ9.js:2:127834) @ https://new-ecosystem-platform-v2.smartcloudcon.com/assets/index-B98YVNZ9.js:1
[    4636ms] [WARNING] ElementPlusError: [el-link] [API] The underline option (boolean) is about to be deprecated in version 3.0.0, please use 'always' | 'hover' | 'never' instead.
For more detail, please visit: https://element-plus.org/en-US/component/link.html#underline

    at a_ (https://new-ecosystem-platform-v2.smartcloudcon.com/assets/index-B98YVNZ9.js:2:115319)
    at V.immediate (https://new-ecosystem-platform-v2.smartcloudcon.com/assets/index-B98YVNZ9.js:2:127852)
    at ed (https://new-ecosystem-platform-v2.smartcloudcon.com/assets/index-B98YVNZ9.js:2:51123)
    at td (https://new-ecosystem-platform-v2.smartcloudcon.com/assets/index-B98YVNZ9.js:2:51191)
    at Ad.s.call (https://new-ecosystem-platform-v2.smartcloudcon.com/assets/index-B98YVNZ9.js:2:54469)
    at y (https://new-ecosystem-platform-v2.smartcloudcon.com/assets/index-B98YVNZ9.js:2:50380)
    at Qu (https://new-ecosystem-platform-v2.smartcloudcon.com/assets/index-B98YVNZ9.js:2:50590)
    at Ad (https://new-ecosystem-platform-v2.smartcloudcon.com/assets/index-B98YVNZ9.js:2:54668)
    at V (https://new-ecosystem-platform-v2.smartcloudcon.com/assets/index-B98YVNZ9.js:2:54213)
    at sv (https://new-ecosystem-platform-v2.smartcloudcon.com/assets/index-B98YVNZ9.js:2:127834) @ https://new-ecosystem-platform-v2.smartcloudcon.com/assets/index-B98YVNZ9.js:1
[    4636ms] [WARNING] ElementPlusError: [el-link] [API] The underline option (boolean) is about to be deprecated in version 3.0.0, please use 'always' | 'hover' | 'never' instead.
For more detail, please visit: https://element-plus.org/en-US/component/link.html#underline

    at a_ (https://new-ecosystem-platform-v2.smartcloudcon.com/assets/index-B98YVNZ9.js:2:115319)
    at V.immediate (https://new-ecosystem-platform-v2.smartcloudcon.com/assets/index-B98YVNZ9.js:2:127852)
    at ed (https://new-ecosystem-platform-v2.smartcloudcon.com/assets/index-B98YVNZ9.js:2:51123)
    at td (https://new-ecosystem-platform-v2.smartcloudcon.com/assets/index-B98YVNZ9.js:2:51191)
    at Ad.s.call (https://new-ecosystem-platform-v2.smartcloudcon.com/assets/index-B98YVNZ9.js:2:54469)
    at y (https://new-ecosystem-platform-v2.smartcloudcon.com/assets/index-B98YVNZ9.js:2:50380)
    at Qu (https://new-ecosystem-platform-v2.smartcloudcon.com/assets/index-B98YVNZ9.js:2:50590)
    at Ad (https://new-ecosystem-platform-v2.smartcloudcon.com/assets/index-B98YVNZ9.js:2:54668)
    at V (https://new-ecosystem-platform-v2.smartcloudcon.com/assets/index-B98YVNZ9.js:2:54213)
    at sv (https://new-ecosystem-platform-v2.smartcloudcon.com/assets/index-B98YVNZ9.js:2:127834) @ https://new-ecosystem-platform-v2.smartcloudcon.com/assets/index-B98YVNZ9.js:1
[    4636ms] [WARNING] ElementPlusError: [el-link] [API] The underline option (boolean) is about to be deprecated in version 3.0.0, please use 'always' | 'hover' | 'never' instead.
For more detail, please visit: https://element-plus.org/en-US/component/link.html#underline

    at a_ (https://new-ecosystem-platform-v2.smartcloudcon.com/assets/index-B98YVNZ9.js:2:115319)
    at V.immediate (https://new-ecosystem-platform-v2.smartcloudcon.com/assets/index-B98YVNZ9.js:2:127852)
    at ed (https://new-ecosystem-platform-v2.smartcloudcon.com/assets/index-B98YVNZ9.js:2:51123)
    at td (https://new-ecosystem-platform-v2.smartcloudcon.com/assets/index-B98YVNZ9.js:2:51191)
    at Ad.s.call (https://new-ecosystem-platform-v2.smartcloudcon.com/assets/index-B98YVNZ9.js:2:54469)
    at y (https://new-ecosystem-platform-v2.smartcloudcon.com/assets/index-B98YVNZ9.js:2:50380)
    at Qu (https://new-ecosystem-platform-v2.smartcloudcon.com/assets/index-B98YVNZ9.js:2:50590)
    at Ad (https://new-ecosystem-platform-v2.smartcloudcon.com/assets/index-B98YVNZ9.js:2:54668)
    at V (https://new-ecosystem-platform-v2.smartcloudcon.com/assets/index-B98YVNZ9.js:2:54213)
    at sv (https://new-ecosystem-platform-v2.smartcloudcon.com/assets/index-B98YVNZ9.js:2:127834) @ https://new-ecosystem-platform-v2.smartcloudcon.com/assets/index-B98YVNZ9.js:1
[    4637ms] [WARNING] ElementPlusError: [el-link] [API] The underline option (boolean) is about to be deprecated in version 3.0.0, please use 'always' | 'hover' | 'never' instead.
For more detail, please visit: https://element-plus.org/en-US/component/link.html#underline

    at a_ (https://new-ecosystem-platform-v2.smartcloudcon.com/assets/index-B98YVNZ9.js:2:115319)
    at V.immediate (https://new-ecosystem-platform-v2.smartcloudcon.com/assets/index-B98YVNZ9.js:2:127852)
    at ed (https://new-ecosystem-platform-v2.smartcloudcon.com/assets/index-B98YVNZ9.js:2:51123)
    at td (https://new-ecosystem-platform-v2.smartcloudcon.com/assets/index-B98YVNZ9.js:2:51191)
    at Ad.s.call (https://new-ecosystem-platform-v2.smartcloudcon.com/assets/index-B98YVNZ9.js:2:54469)
    at y (https://new-ecosystem-platform-v2.smartcloudcon.com/assets/index-B98YVNZ9.js:2:50380)
    at Qu (https://new-ecosystem-platform-v2.smartcloudcon.com/assets/index-B98YVNZ9.js:2:50590)
    at Ad (https://new-ecosystem-platform-v2.smartcloudcon.com/assets/index-B98YVNZ9.js:2:54668)
    at V (https://new-ecosystem-platform-v2.smartcloudcon.com/assets/index-B98YVNZ9.js:2:54213)
    at sv (https://new-ecosystem-platform-v2.smartcloudcon.com/assets/index-B98YVNZ9.js:2:127834) @ https://new-ecosystem-platform-v2.smartcloudcon.com/assets/index-B98YVNZ9.js:1
[    4637ms] [WARNING] ElementPlusError: [el-link] [API] The underline option (boolean) is about to be deprecated in version 3.0.0, please use 'always' | 'hover' | 'never' instead.
For more detail, please visit: https://element-plus.org/en-US/component/link.html#underline

    at a_ (https://new-ecosystem-platform-v2.smartcloudcon.com/assets/index-B98YVNZ9.js:2:115319)
    at V.immediate (https://new-ecosystem-platform-v2.smartcloudcon.com/assets/index-B98YVNZ9.js:2:127852)
    at ed (https://new-ecosystem-platform-v2.smartcloudcon.com/assets/index-B98YVNZ9.js:2:51123)
    at td (https://new-ecosystem-platform-v2.smartcloudcon.com/assets/index-B98YVNZ9.js:2:51191)
    at Ad.s.call (https://new-ecosystem-platform-v2.smartcloudcon.com/assets/index-B98YVNZ9.js:2:54469)
    at y (https://new-ecosystem-platform-v2.smartcloudcon.com/assets/index-B98YVNZ9.js:2:50380)
    at Qu (https://new-ecosystem-platform-v2.smartcloudcon.com/assets/index-B98YVNZ9.js:2:50590)
    at Ad (https://new-ecosystem-platform-v2.smartcloudcon.com/assets/index-B98YVNZ9.js:2:54668)
    at V (https://new-ecosystem-platform-v2.smartcloudcon.com/assets/index-B98YVNZ9.js:2:54213)
    at sv (https://new-ecosystem-platform-v2.smartcloudcon.com/assets/index-B98YVNZ9.js:2:127834) @ https://new-ecosystem-platform-v2.smartcloudcon.com/assets/index-B98YVNZ9.js:1
[    4638ms] [WARNING] ElementPlusError: [el-link] [API] The underline option (boolean) is about to be deprecated in version 3.0.0, please use 'always' | 'hover' | 'never' instead.
For more detail, please visit: https://element-plus.org/en-US/component/link.html#underline

    at a_ (https://new-ecosystem-platform-v2.smartcloudcon.com/assets/index-B98YVNZ9.js:2:115319)
    at V.immediate (https://new-ecosystem-platform-v2.smartcloudcon.com/assets/index-B98YVNZ9.js:2:127852)
    at ed (https://new-ecosystem-platform-v2.smartcloudcon.com/assets/index-B98YVNZ9.js:2:51123)
    at td (https://new-ecosystem-platform-v2.smartcloudcon.com/assets/index-B98YVNZ9.js:2:51191)
    at Ad.s.call (https://new-ecosystem-platform-v2.smartcloudcon.com/assets/index-B98YVNZ9.js:2:54469)
    at y (https://new-ecosystem-platform-v2.smartcloudcon.com/assets/index-B98YVNZ9.js:2:50380)
    at Qu (https://new-ecosystem-platform-v2.smartcloudcon.com/assets/index-B98YVNZ9.js:2:50590)
    at Ad (https://new-ecosystem-platform-v2.smartcloudcon.com/assets/index-B98YVNZ9.js:2:54668)
    at V (https://new-ecosystem-platform-v2.smartcloudcon.com/assets/index-B98YVNZ9.js:2:54213)
    at sv (https://new-ecosystem-platform-v2.smartcloudcon.com/assets/index-B98YVNZ9.js:2:127834) @ https://new-ecosystem-platform-v2.smartcloudcon.com/assets/index-B98YVNZ9.js:1
[    4639ms] [WARNING] ElementPlusError: [el-link] [API] The underline option (boolean) is about to be deprecated in version 3.0.0, please use 'always' | 'hover' | 'never' instead.
For more detail, please visit: https://element-plus.org/en-US/component/link.html#underline

    at a_ (https://new-ecosystem-platform-v2.smartcloudcon.com/assets/index-B98YVNZ9.js:2:115319)
    at V.immediate (https://new-ecosystem-platform-v2.smartcloudcon.com/assets/index-B98YVNZ9.js:2:127852)
    at ed (https://new-ecosystem-platform-v2.smartcloudcon.com/assets/index-B98YVNZ9.js:2:51123)
    at td (https://new-ecosystem-platform-v2.smartcloudcon.com/assets/index-B98YVNZ9.js:2:51191)
    at Ad.s.call (https://new-ecosystem-platform-v2.smartcloudcon.com/assets/index-B98YVNZ9.js:2:54469)
    at y (https://new-ecosystem-platform-v2.smartcloudcon.com/assets/index-B98YVNZ9.js:2:50380)
    at Qu (https://new-ecosystem-platform-v2.smartcloudcon.com/assets/index-B98YVNZ9.js:2:50590)
    at Ad (https://new-ecosystem-platform-v2.smartcloudcon.com/assets/index-B98YVNZ9.js:2:54668)
    at V (https://new-ecosystem-platform-v2.smartcloudcon.com/assets/index-B98YVNZ9.js:2:54213)
    at sv (https://new-ecosystem-platform-v2.smartcloudcon.com/assets/index-B98YVNZ9.js:2:127834) @ https://new-ecosystem-platform-v2.smartcloudcon.com/assets/index-B98YVNZ9.js:1
[    4639ms] [WARNING] ElementPlusError: [el-link] [API] The underline option (boolean) is about to be deprecated in version 3.0.0, please use 'always' | 'hover' | 'never' instead.
For more detail, please visit: https://element-plus.org/en-US/component/link.html#underline

    at a_ (https://new-ecosystem-platform-v2.smartcloudcon.com/assets/index-B98YVNZ9.js:2:115319)
    at V.immediate (https://new-ecosystem-platform-v2.smartcloudcon.com/assets/index-B98YVNZ9.js:2:127852)
    at ed (https://new-ecosystem-platform-v2.smartcloudcon.com/assets/index-B98YVNZ9.js:2:51123)
    at td (https://new-ecosystem-platform-v2.smartcloudcon.com/assets/index-B98YVNZ9.js:2:51191)
    at Ad.s.call (https://new-ecosystem-platform-v2.smartcloudcon.com/assets/index-B98YVNZ9.js:2:54469)
    at y (https://new-ecosystem-platform-v2.smartcloudcon.com/assets/index-B98YVNZ9.js:2:50380)
    at Qu (https://new-ecosystem-platform-v2.smartcloudcon.com/assets/index-B98YVNZ9.js:2:50590)
    at Ad (https://new-ecosystem-platform-v2.smartcloudcon.com/assets/index-B98YVNZ9.js:2:54668)
    at V (https://new-ecosystem-platform-v2.smartcloudcon.com/assets/index-B98YVNZ9.js:2:54213)
    at sv (https://new-ecosystem-platform-v2.smartcloudcon.com/assets/index-B98YVNZ9.js:2:127834) @ https://new-ecosystem-platform-v2.smartcloudcon.com/assets/index-B98YVNZ9.js:1
[    4640ms] [WARNING] ElementPlusError: [el-link] [API] The underline option (boolean) is about to be deprecated in version 3.0.0, please use 'always' | 'hover' | 'never' instead.
For more detail, please visit: https://element-plus.org/en-US/component/link.html#underline

    at a_ (https://new-ecosystem-platform-v2.smartcloudcon.com/assets/index-B98YVNZ9.js:2:115319)
    at V.immediate (https://new-ecosystem-platform-v2.smartcloudcon.com/assets/index-B98YVNZ9.js:2:127852)
    at ed (https://new-ecosystem-platform-v2.smartcloudcon.com/assets/index-B98YVNZ9.js:2:51123)
    at td (https://new-ecosystem-platform-v2.smartcloudcon.com/assets/index-B98YVNZ9.js:2:51191)
    at Ad.s.call (https://new-ecosystem-platform-v2.smartcloudcon.com/assets/index-B98YVNZ9.js:2:54469)
    at y (https://new-ecosystem-platform-v2.smartcloudcon.com/assets/index-B98YVNZ9.js:2:50380)
    at Qu (https://new-ecosystem-platform-v2.smartcloudcon.com/assets/index-B98YVNZ9.js:2:50590)
    at Ad (https://new-ecosystem-platform-v2.smartcloudcon.com/assets/index-B98YVNZ9.js:2:54668)
    at V (https://new-ecosystem-platform-v2.smartcloudcon.com/assets/index-B98YVNZ9.js:2:54213)
    at sv (https://new-ecosystem-platform-v2.smartcloudcon.com/assets/index-B98YVNZ9.js:2:127834) @ https://new-ecosystem-platform-v2.smartcloudcon.com/assets/index-B98YVNZ9.js:1
[    4640ms] [WARNING] ElementPlusError: [el-link] [API] The underline option (boolean) is about to be deprecated in version 3.0.0, please use 'always' | 'hover' | 'never' instead.
For more detail, please visit: https://element-plus.org/en-US/component/link.html#underline

    at a_ (https://new-ecosystem-platform-v2.smartcloudcon.com/assets/index-B98YVNZ9.js:2:115319)
    at V.immediate (https://new-ecosystem-platform-v2.smartcloudcon.com/assets/index-B98YVNZ9.js:2:127852)
    at ed (https://new-ecosystem-platform-v2.smartcloudcon.com/assets/index-B98YVNZ9.js:2:51123)
    at td (https://new-ecosystem-platform-v2.smartcloudcon.com/assets/index-B98YVNZ9.js:2:51191)
    at Ad.s.call (https://new-ecosystem-platform-v2.smartcloudcon.com/assets/index-B98YVNZ9.js:2:54469)
    at y (https://new-ecosystem-platform-v2.smartcloudcon.com/assets/index-B98YVNZ9.js:2:50380)
    at Qu (https://new-ecosystem-platform-v2.smartcloudcon.com/assets/index-B98YVNZ9.js:2:50590)
    at Ad (https://new-ecosystem-platform-v2.smartcloudcon.com/assets/index-B98YVNZ9.js:2:54668)
    at V (https://new-ecosystem-platform-v2.smartcloudcon.com/assets/index-B98YVNZ9.js:2:54213)
    at sv (https://new-ecosystem-platform-v2.smartcloudcon.com/assets/index-B98YVNZ9.js:2:127834) @ https://new-ecosystem-platform-v2.smartcloudcon.com/assets/index-B98YVNZ9.js:1
[    4641ms] [WARNING] ElementPlusError: [el-link] [API] The underline option (boolean) is about to be deprecated in version 3.0.0, please use 'always' | 'hover' | 'never' instead.
For more detail, please visit: https://element-plus.org/en-US/component/link.html#underline

    at a_ (https://new-ecosystem-platform-v2.smartcloudcon.com/assets/index-B98YVNZ9.js:2:115319)
    at V.immediate (https://new-ecosystem-platform-v2.smartcloudcon.com/assets/index-B98YVNZ9.js:2:127852)
    at ed (https://new-ecosystem-platform-v2.smartcloudcon.com/assets/index-B98YVNZ9.js:2:51123)
    at td (https://new-ecosystem-platform-v2.smartcloudcon.com/assets/index-B98YVNZ9.js:2:51191)
    at Ad.s.call (https://new-ecosystem-platform-v2.smartcloudcon.com/assets/index-B98YVNZ9.js:2:54469)
    at y (https://new-ecosystem-platform-v2.smartcloudcon.com/assets/index-B98YVNZ9.js:2:50380)
    at Qu (https://new-ecosystem-platform-v2.smartcloudcon.com/assets/index-B98YVNZ9.js:2:50590)
    at Ad (https://new-ecosystem-platform-v2.smartcloudcon.com/assets/index-B98YVNZ9.js:2:54668)
    at V (https://new-ecosystem-platform-v2.smartcloudcon.com/assets/index-B98YVNZ9.js:2:54213)
    at sv (https://new-ecosystem-platform-v2.smartcloudcon.com/assets/index-B98YVNZ9.js:2:127834) @ https://new-ecosystem-platform-v2.smartcloudcon.com/assets/index-B98YVNZ9.js:1
[    4641ms] [WARNING] ElementPlusError: [el-link] [API] The underline option (boolean) is about to be deprecated in version 3.0.0, please use 'always' | 'hover' | 'never' instead.
For more detail, please visit: https://element-plus.org/en-US/component/link.html#underline

    at a_ (https://new-ecosystem-platform-v2.smartcloudcon.com/assets/index-B98YVNZ9.js:2:115319)
    at V.immediate (https://new-ecosystem-platform-v2.smartcloudcon.com/assets/index-B98YVNZ9.js:2:127852)
    at ed (https://new-ecosystem-platform-v2.smartcloudcon.com/assets/index-B98YVNZ9.js:2:51123)
    at td (https://new-ecosystem-platform-v2.smartcloudcon.com/assets/index-B98YVNZ9.js:2:51191)
    at Ad.s.call (https://new-ecosystem-platform-v2.smartcloudcon.com/assets/index-B98YVNZ9.js:2:54469)
    at y (https://new-ecosystem-platform-v2.smartcloudcon.com/assets/index-B98YVNZ9.js:2:50380)
    at Qu (https://new-ecosystem-platform-v2.smartcloudcon.com/assets/index-B98YVNZ9.js:2:50590)
    at Ad (https://new-ecosystem-platform-v2.smartcloudcon.com/assets/index-B98YVNZ9.js:2:54668)
    at V (https://new-ecosystem-platform-v2.smartcloudcon.com/assets/index-B98YVNZ9.js:2:54213)
    at sv (https://new-ecosystem-platform-v2.smartcloudcon.com/assets/index-B98YVNZ9.js:2:127834) @ https://new-ecosystem-platform-v2.smartcloudcon.com/assets/index-B98YVNZ9.js:1
[    4642ms] [WARNING] ElementPlusError: [el-link] [API] The underline option (boolean) is about to be deprecated in version 3.0.0, please use 'always' | 'hover' | 'never' instead.
For more detail, please visit: https://element-plus.org/en-US/component/link.html#underline

    at a_ (https://new-ecosystem-platform-v2.smartcloudcon.com/assets/index-B98YVNZ9.js:2:115319)
    at V.immediate (https://new-ecosystem-platform-v2.smartcloudcon.com/assets/index-B98YVNZ9.js:2:127852)
    at ed (https://new-ecosystem-platform-v2.smartcloudcon.com/assets/index-B98YVNZ9.js:2:51123)
    at td (https://new-ecosystem-platform-v2.smartcloudcon.com/assets/index-B98YVNZ9.js:2:51191)
    at Ad.s.call (https://new-ecosystem-platform-v2.smartcloudcon.com/assets/index-B98YVNZ9.js:2:54469)
    at y (https://new-ecosystem-platform-v2.smartcloudcon.com/assets/index-B98YVNZ9.js:2:50380)
    at Qu (https://new-ecosystem-platform-v2.smartcloudcon.com/assets/index-B98YVNZ9.js:2:50590)
    at Ad (https://new-ecosystem-platform-v2.smartcloudcon.com/assets/index-B98YVNZ9.js:2:54668)
    at V (https://new-ecosystem-platform-v2.smartcloudcon.com/assets/index-B98YVNZ9.js:2:54213)
    at sv (https://new-ecosystem-platform-v2.smartcloudcon.com/assets/index-B98YVNZ9.js:2:127834) @ https://new-ecosystem-platform-v2.smartcloudcon.com/assets/index-B98YVNZ9.js:1
[    4642ms] [WARNING] ElementPlusError: [el-link] [API] The underline option (boolean) is about to be deprecated in version 3.0.0, please use 'always' | 'hover' | 'never' instead.
For more detail, please visit: https://element-plus.org/en-US/component/link.html#underline

    at a_ (https://new-ecosystem-platform-v2.smartcloudcon.com/assets/index-B98YVNZ9.js:2:115319)
    at V.immediate (https://new-ecosystem-platform-v2.smartcloudcon.com/assets/index-B98YVNZ9.js:2:127852)
    at ed (https://new-ecosystem-platform-v2.smartcloudcon.com/assets/index-B98YVNZ9.js:2:51123)
    at td (https://new-ecosystem-platform-v2.smartcloudcon.com/assets/index-B98YVNZ9.js:2:51191)
    at Ad.s.call (https://new-ecosystem-platform-v2.smartcloudcon.com/assets/index-B98YVNZ9.js:2:54469)
    at y (https://new-ecosystem-platform-v2.smartcloudcon.com/assets/index-B98YVNZ9.js:2:50380)
    at Qu (https://new-ecosystem-platform-v2.smartcloudcon.com/assets/index-B98YVNZ9.js:2:50590)
    at Ad (https://new-ecosystem-platform-v2.smartcloudcon.com/assets/index-B98YVNZ9.js:2:54668)
    at V (https://new-ecosystem-platform-v2.smartcloudcon.com/assets/index-B98YVNZ9.js:2:54213)
    at sv (https://new-ecosystem-platform-v2.smartcloudcon.com/assets/index-B98YVNZ9.js:2:127834) @ https://new-ecosystem-platform-v2.smartcloudcon.com/assets/index-B98YVNZ9.js:1
[    4643ms] [WARNING] ElementPlusError: [el-link] [API] The underline option (boolean) is about to be deprecated in version 3.0.0, please use 'always' | 'hover' | 'never' instead.
For more detail, please visit: https://element-plus.org/en-US/component/link.html#underline

    at a_ (https://new-ecosystem-platform-v2.smartcloudcon.com/assets/index-B98YVNZ9.js:2:115319)
    at V.immediate (https://new-ecosystem-platform-v2.smartcloudcon.com/assets/index-B98YVNZ9.js:2:127852)
    at ed (https://new-ecosystem-platform-v2.smartcloudcon.com/assets/index-B98YVNZ9.js:2:51123)
    at td (https://new-ecosystem-platform-v2.smartcloudcon.com/assets/index-B98YVNZ9.js:2:51191)
    at Ad.s.call (https://new-ecosystem-platform-v2.smartcloudcon.com/assets/index-B98YVNZ9.js:2:54469)
    at y (https://new-ecosystem-platform-v2.smartcloudcon.com/assets/index-B98YVNZ9.js:2:50380)
    at Qu (https://new-ecosystem-platform-v2.smartcloudcon.com/assets/index-B98YVNZ9.js:2:50590)
    at Ad (https://new-ecosystem-platform-v2.smartcloudcon.com/assets/index-B98YVNZ9.js:2:54668)
    at V (https://new-ecosystem-platform-v2.smartcloudcon.com/assets/index-B98YVNZ9.js:2:54213)
    at sv (https://new-ecosystem-platform-v2.smartcloudcon.com/assets/index-B98YVNZ9.js:2:127834) @ https://new-ecosystem-platform-v2.smartcloudcon.com/assets/index-B98YVNZ9.js:1
[    4643ms] [WARNING] ElementPlusError: [el-link] [API] The underline option (boolean) is about to be deprecated in version 3.0.0, please use 'always' | 'hover' | 'never' instead.
For more detail, please visit: https://element-plus.org/en-US/component/link.html#underline

    at a_ (https://new-ecosystem-platform-v2.smartcloudcon.com/assets/index-B98YVNZ9.js:2:115319)
    at V.immediate (https://new-ecosystem-platform-v2.smartcloudcon.com/assets/index-B98YVNZ9.js:2:127852)
    at ed (https://new-ecosystem-platform-v2.smartcloudcon.com/assets/index-B98YVNZ9.js:2:51123)
    at td (https://new-ecosystem-platform-v2.smartcloudcon.com/assets/index-B98YVNZ9.js:2:51191)
    at Ad.s.call (https://new-ecosystem-platform-v2.smartcloudcon.com/assets/index-B98YVNZ9.js:2:54469)
    at y (https://new-ecosystem-platform-v2.smartcloudcon.com/assets/index-B98YVNZ9.js:2:50380)
    at Qu (https://new-ecosystem-platform-v2.smartcloudcon.com/assets/index-B98YVNZ9.js:2:50590)
    at Ad (https://new-ecosystem-platform-v2.smartcloudcon.com/assets/index-B98YVNZ9.js:2:54668)
    at V (https://new-ecosystem-platform-v2.smartcloudcon.com/assets/index-B98YVNZ9.js:2:54213)
    at sv (https://new-ecosystem-platform-v2.smartcloudcon.com/assets/index-B98YVNZ9.js:2:127834) @ https://new-ecosystem-platform-v2.smartcloudcon.com/assets/index-B98YVNZ9.js:1
[    4644ms] [WARNING] ElementPlusError: [el-link] [API] The underline option (boolean) is about to be deprecated in version 3.0.0, please use 'always' | 'hover' | 'never' instead.
For more detail, please visit: https://element-plus.org/en-US/component/link.html#underline

    at a_ (https://new-ecosystem-platform-v2.smartcloudcon.com/assets/index-B98YVNZ9.js:2:115319)
    at V.immediate (https://new-ecosystem-platform-v2.smartcloudcon.com/assets/index-B98YVNZ9.js:2:127852)
    at ed (https://new-ecosystem-platform-v2.smartcloudcon.com/assets/index-B98YVNZ9.js:2:51123)
    at td (https://new-ecosystem-platform-v2.smartcloudcon.com/assets/index-B98YVNZ9.js:2:51191)
    at Ad.s.call (https://new-ecosystem-platform-v2.smartcloudcon.com/assets/index-B98YVNZ9.js:2:54469)
    at y (https://new-ecosystem-platform-v2.smartcloudcon.com/assets/index-B98YVNZ9.js:2:50380)
    at Qu (https://new-ecosystem-platform-v2.smartcloudcon.com/assets/index-B98YVNZ9.js:2:50590)
    at Ad (https://new-ecosystem-platform-v2.smartcloudcon.com/assets/index-B98YVNZ9.js:2:54668)
    at V (https://new-ecosystem-platform-v2.smartcloudcon.com/assets/index-B98YVNZ9.js:2:54213)
    at sv (https://new-ecosystem-platform-v2.smartcloudcon.com/assets/index-B98YVNZ9.js:2:127834) @ https://new-ecosystem-platform-v2.smartcloudcon.com/assets/index-B98YVNZ9.js:1
[    4644ms] [WARNING] ElementPlusError: [el-link] [API] The underline option (boolean) is about to be deprecated in version 3.0.0, please use 'always' | 'hover' | 'never' instead.
For more detail, please visit: https://element-plus.org/en-US/component/link.html#underline

    at a_ (https://new-ecosystem-platform-v2.smartcloudcon.com/assets/index-B98YVNZ9.js:2:115319)
    at V.immediate (https://new-ecosystem-platform-v2.smartcloudcon.com/assets/index-B98YVNZ9.js:2:127852)
    at ed (https://new-ecosystem-platform-v2.smartcloudcon.com/assets/index-B98YVNZ9.js:2:51123)
    at td (https://new-ecosystem-platform-v2.smartcloudcon.com/assets/index-B98YVNZ9.js:2:51191)
    at Ad.s.call (https://new-ecosystem-platform-v2.smartcloudcon.com/assets/index-B98YVNZ9.js:2:54469)
    at y (https://new-ecosystem-platform-v2.smartcloudcon.com/assets/index-B98YVNZ9.js:2:50380)
    at Qu (https://new-ecosystem-platform-v2.smartcloudcon.com/assets/index-B98YVNZ9.js:2:50590)
    at Ad (https://new-ecosystem-platform-v2.smartcloudcon.com/assets/index-B98YVNZ9.js:2:54668)
    at V (https://new-ecosystem-platform-v2.smartcloudcon.com/assets/index-B98YVNZ9.js:2:54213)
    at sv (https://new-ecosystem-platform-v2.smartcloudcon.com/assets/index-B98YVNZ9.js:2:127834) @ https://new-ecosystem-platform-v2.smartcloudcon.com/assets/index-B98YVNZ9.js:1
[    4644ms] [WARNING] ElementPlusError: [el-link] [API] The underline option (boolean) is about to be deprecated in version 3.0.0, please use 'always' | 'hover' | 'never' instead.
For more detail, please visit: https://element-plus.org/en-US/component/link.html#underline

    at a_ (https://new-ecosystem-platform-v2.smartcloudcon.com/assets/index-B98YVNZ9.js:2:115319)
    at V.immediate (https://new-ecosystem-platform-v2.smartcloudcon.com/assets/index-B98YVNZ9.js:2:127852)
    at ed (https://new-ecosystem-platform-v2.smartcloudcon.com/assets/index-B98YVNZ9.js:2:51123)
    at td (https://new-ecosystem-platform-v2.smartcloudcon.com/assets/index-B98YVNZ9.js:2:51191)
    at Ad.s.call (https://new-ecosystem-platform-v2.smartcloudcon.com/assets/index-B98YVNZ9.js:2:54469)
    at y (https://new-ecosystem-platform-v2.smartcloudcon.com/assets/index-B98YVNZ9.js:2:50380)
    at Qu (https://new-ecosystem-platform-v2.smartcloudcon.com/assets/index-B98YVNZ9.js:2:50590)
    at Ad (https://new-ecosystem-platform-v2.smartcloudcon.com/assets/index-B98YVNZ9.js:2:54668)
    at V (https://new-ecosystem-platform-v2.smartcloudcon.com/assets/index-B98YVNZ9.js:2:54213)
    at sv (https://new-ecosystem-platform-v2.smartcloudcon.com/assets/index-B98YVNZ9.js:2:127834) @ https://new-ecosystem-platform-v2.smartcloudcon.com/assets/index-B98YVNZ9.js:1
[    4645ms] [WARNING] ElementPlusError: [el-link] [API] The underline option (boolean) is about to be deprecated in version 3.0.0, please use 'always' | 'hover' | 'never' instead.
For more detail, please visit: https://element-plus.org/en-US/component/link.html#underline

    at a_ (https://new-ecosystem-platform-v2.smartcloudcon.com/assets/index-B98YVNZ9.js:2:115319)
    at V.immediate (https://new-ecosystem-platform-v2.smartcloudcon.com/assets/index-B98YVNZ9.js:2:127852)
    at ed (https://new-ecosystem-platform-v2.smartcloudcon.com/assets/index-B98YVNZ9.js:2:51123)
    at td (https://new-ecosystem-platform-v2.smartcloudcon.com/assets/index-B98YVNZ9.js:2:51191)
    at Ad.s.call (https://new-ecosystem-platform-v2.smartcloudcon.com/assets/index-B98YVNZ9.js:2:54469)
    at y (https://new-ecosystem-platform-v2.smartcloudcon.com/assets/index-B98YVNZ9.js:2:50380)
    at Qu (https://new-ecosystem-platform-v2.smartcloudcon.com/assets/index-B98YVNZ9.js:2:50590)
    at Ad (https://new-ecosystem-platform-v2.smartcloudcon.com/assets/index-B98YVNZ9.js:2:54668)
    at V (https://new-ecosystem-platform-v2.smartcloudcon.com/assets/index-B98YVNZ9.js:2:54213)
    at sv (https://new-ecosystem-platform-v2.smartcloudcon.com/assets/index-B98YVNZ9.js:2:127834) @ https://new-ecosystem-platform-v2.smartcloudcon.com/assets/index-B98YVNZ9.js:1
[    4645ms] [WARNING] ElementPlusError: [el-link] [API] The underline option (boolean) is about to be deprecated in version 3.0.0, please use 'always' | 'hover' | 'never' instead.
For more detail, please visit: https://element-plus.org/en-US/component/link.html#underline

    at a_ (https://new-ecosystem-platform-v2.smartcloudcon.com/assets/index-B98YVNZ9.js:2:115319)
    at V.immediate (https://new-ecosystem-platform-v2.smartcloudcon.com/assets/index-B98YVNZ9.js:2:127852)
    at ed (https://new-ecosystem-platform-v2.smartcloudcon.com/assets/index-B98YVNZ9.js:2:51123)
    at td (https://new-ecosystem-platform-v2.smartcloudcon.com/assets/index-B98YVNZ9.js:2:51191)
    at Ad.s.call (https://new-ecosystem-platform-v2.smartcloudcon.com/assets/index-B98YVNZ9.js:2:54469)
    at y (https://new-ecosystem-platform-v2.smartcloudcon.com/assets/index-B98YVNZ9.js:2:50380)
    at Qu (https://new-ecosystem-platform-v2.smartcloudcon.com/assets/index-B98YVNZ9.js:2:50590)
    at Ad (https://new-ecosystem-platform-v2.smartcloudcon.com/assets/index-B98YVNZ9.js:2:54668)
    at V (https://new-ecosystem-platform-v2.smartcloudcon.com/assets/index-B98YVNZ9.js:2:54213)
    at sv (https://new-ecosystem-platform-v2.smartcloudcon.com/assets/index-B98YVNZ9.js:2:127834) @ https://new-ecosystem-platform-v2.smartcloudcon.com/assets/index-B98YVNZ9.js:1
[    4646ms] [WARNING] ElementPlusError: [el-link] [API] The underline option (boolean) is about to be deprecated in version 3.0.0, please use 'always' | 'hover' | 'never' instead.
For more detail, please visit: https://element-plus.org/en-US/component/link.html#underline

    at a_ (https://new-ecosystem-platform-v2.smartcloudcon.com/assets/index-B98YVNZ9.js:2:115319)
    at V.immediate (https://new-ecosystem-platform-v2.smartcloudcon.com/assets/index-B98YVNZ9.js:2:127852)
    at ed (https://new-ecosystem-platform-v2.smartcloudcon.com/assets/index-B98YVNZ9.js:2:51123)
    at td (https://new-ecosystem-platform-v2.smartcloudcon.com/assets/index-B98YVNZ9.js:2:51191)
    at Ad.s.call (https://new-ecosystem-platform-v2.smartcloudcon.com/assets/index-B98YVNZ9.js:2:54469)
    at y (https://new-ecosystem-platform-v2.smartcloudcon.com/assets/index-B98YVNZ9.js:2:50380)
    at Qu (https://new-ecosystem-platform-v2.smartcloudcon.com/assets/index-B98YVNZ9.js:2:50590)
    at Ad (https://new-ecosystem-platform-v2.smartcloudcon.com/assets/index-B98YVNZ9.js:2:54668)
    at V (https://new-ecosystem-platform-v2.smartcloudcon.com/assets/index-B98YVNZ9.js:2:54213)
    at sv (https://new-ecosystem-platform-v2.smartcloudcon.com/assets/index-B98YVNZ9.js:2:127834) @ https://new-ecosystem-platform-v2.smartcloudcon.com/assets/index-B98YVNZ9.js:1
[    4646ms] [WARNING] ElementPlusError: [el-link] [API] The underline option (boolean) is about to be deprecated in version 3.0.0, please use 'always' | 'hover' | 'never' instead.
For more detail, please visit: https://element-plus.org/en-US/component/link.html#underline

    at a_ (https://new-ecosystem-platform-v2.smartcloudcon.com/assets/index-B98YVNZ9.js:2:115319)
    at V.immediate (https://new-ecosystem-platform-v2.smartcloudcon.com/assets/index-B98YVNZ9.js:2:127852)
    at ed (https://new-ecosystem-platform-v2.smartcloudcon.com/assets/index-B98YVNZ9.js:2:51123)
    at td (https://new-ecosystem-platform-v2.smartcloudcon.com/assets/index-B98YVNZ9.js:2:51191)
    at Ad.s.call (https://new-ecosystem-platform-v2.smartcloudcon.com/assets/index-B98YVNZ9.js:2:54469)
    at y (https://new-ecosystem-platform-v2.smartcloudcon.com/assets/index-B98YVNZ9.js:2:50380)
    at Qu (https://new-ecosystem-platform-v2.smartcloudcon.com/assets/index-B98YVNZ9.js:2:50590)
    at Ad (https://new-ecosystem-platform-v2.smartcloudcon.com/assets/index-B98YVNZ9.js:2:54668)
    at V (https://new-ecosystem-platform-v2.smartcloudcon.com/assets/index-B98YVNZ9.js:2:54213)
    at sv (https://new-ecosystem-platform-v2.smartcloudcon.com/assets/index-B98YVNZ9.js:2:127834) @ https://new-ecosystem-platform-v2.smartcloudcon.com/assets/index-B98YVNZ9.js:1
[    4646ms] [WARNING] ElementPlusError: [el-link] [API] The underline option (boolean) is about to be deprecated in version 3.0.0, please use 'always' | 'hover' | 'never' instead.
For more detail, please visit: https://element-plus.org/en-US/component/link.html#underline

    at a_ (https://new-ecosystem-platform-v2.smartcloudcon.com/assets/index-B98YVNZ9.js:2:115319)
    at V.immediate (https://new-ecosystem-platform-v2.smartcloudcon.com/assets/index-B98YVNZ9.js:2:127852)
    at ed (https://new-ecosystem-platform-v2.smartcloudcon.com/assets/index-B98YVNZ9.js:2:51123)
    at td (https://new-ecosystem-platform-v2.smartcloudcon.com/assets/index-B98YVNZ9.js:2:51191)
    at Ad.s.call (https://new-ecosystem-platform-v2.smartcloudcon.com/assets/index-B98YVNZ9.js:2:54469)
    at y (https://new-ecosystem-platform-v2.smartcloudcon.com/assets/index-B98YVNZ9.js:2:50380)
    at Qu (https://new-ecosystem-platform-v2.smartcloudcon.com/assets/index-B98YVNZ9.js:2:50590)
    at Ad (https://new-ecosystem-platform-v2.smartcloudcon.com/assets/index-B98YVNZ9.js:2:54668)
    at V (https://new-ecosystem-platform-v2.smartcloudcon.com/assets/index-B98YVNZ9.js:2:54213)
    at sv (https://new-ecosystem-platform-v2.smartcloudcon.com/assets/index-B98YVNZ9.js:2:127834) @ https://new-ecosystem-platform-v2.smartcloudcon.com/assets/index-B98YVNZ9.js:1
[    4647ms] [WARNING] ElementPlusError: [el-link] [API] The underline option (boolean) is about to be deprecated in version 3.0.0, please use 'always' | 'hover' | 'never' instead.
For more detail, please visit: https://element-plus.org/en-US/component/link.html#underline

    at a_ (https://new-ecosystem-platform-v2.smartcloudcon.com/assets/index-B98YVNZ9.js:2:115319)
    at V.immediate (https://new-ecosystem-platform-v2.smartcloudcon.com/assets/index-B98YVNZ9.js:2:127852)
    at ed (https://new-ecosystem-platform-v2.smartcloudcon.com/assets/index-B98YVNZ9.js:2:51123)
    at td (https://new-ecosystem-platform-v2.smartcloudcon.com/assets/index-B98YVNZ9.js:2:51191)
    at Ad.s.call (https://new-ecosystem-platform-v2.smartcloudcon.com/assets/index-B98YVNZ9.js:2:54469)
    at y (https://new-ecosystem-platform-v2.smartcloudcon.com/assets/index-B98YVNZ9.js:2:50380)
    at Qu (https://new-ecosystem-platform-v2.smartcloudcon.com/assets/index-B98YVNZ9.js:2:50590)
    at Ad (https://new-ecosystem-platform-v2.smartcloudcon.com/assets/index-B98YVNZ9.js:2:54668)
    at V (https://new-ecosystem-platform-v2.smartcloudcon.com/assets/index-B98YVNZ9.js:2:54213)
    at sv (https://new-ecosystem-platform-v2.smartcloudcon.com/assets/index-B98YVNZ9.js:2:127834) @ https://new-ecosystem-platform-v2.smartcloudcon.com/assets/index-B98YVNZ9.js:1
[    4647ms] [WARNING] ElementPlusError: [el-link] [API] The underline option (boolean) is about to be deprecated in version 3.0.0, please use 'always' | 'hover' | 'never' instead.
For more detail, please visit: https://element-plus.org/en-US/component/link.html#underline

    at a_ (https://new-ecosystem-platform-v2.smartcloudcon.com/assets/index-B98YVNZ9.js:2:115319)
    at V.immediate (https://new-ecosystem-platform-v2.smartcloudcon.com/assets/index-B98YVNZ9.js:2:127852)
    at ed (https://new-ecosystem-platform-v2.smartcloudcon.com/assets/index-B98YVNZ9.js:2:51123)
    at td (https://new-ecosystem-platform-v2.smartcloudcon.com/assets/index-B98YVNZ9.js:2:51191)
    at Ad.s.call (https://new-ecosystem-platform-v2.smartcloudcon.com/assets/index-B98YVNZ9.js:2:54469)
    at y (https://new-ecosystem-platform-v2.smartcloudcon.com/assets/index-B98YVNZ9.js:2:50380)
    at Qu (https://new-ecosystem-platform-v2.smartcloudcon.com/assets/index-B98YVNZ9.js:2:50590)
    at Ad (https://new-ecosystem-platform-v2.smartcloudcon.com/assets/index-B98YVNZ9.js:2:54668)
    at V (https://new-ecosystem-platform-v2.smartcloudcon.com/assets/index-B98YVNZ9.js:2:54213)
    at sv (https://new-ecosystem-platform-v2.smartcloudcon.com/assets/index-B98YVNZ9.js:2:127834) @ https://new-ecosystem-platform-v2.smartcloudcon.com/assets/index-B98YVNZ9.js:1
