[     174ms] [LOG] 构建 @ https://new-ecosystem-platform-v2.smartcloudcon.com/assets/index-B-A6Bn42.js:50
[     175ms] [LOG] 触发同步缓存 @ https://new-ecosystem-platform-v2.smartcloudcon.com/assets/index-B-A6Bn42.js:50
[     183ms] [LOG] Proxy(Object) false false / @ https://new-ecosystem-platform-v2.smartcloudcon.com/assets/index-B-A6Bn42.js:50
[     625ms] [LOG] {code: 0, msg: ok, data: Object} 用户信息 @ https://new-ecosystem-platform-v2.smartcloudcon.com/assets/index-B-A6Bn42.js:50
[     974ms] [LOG] 添加路由完毕 @ https://new-ecosystem-platform-v2.smartcloudcon.com/assets/index-B-A6Bn42.js:50
[     975ms] [LOG] 注册路由Tree @ https://new-ecosystem-platform-v2.smartcloudcon.com/assets/index-B-A6Bn42.js:50
[     976ms] [LOG] [Object, Object, Object, Object, Object, Object, Object, Object, Object, Object, Object, Object, Object, Object, Object, Object, Object, Object, Object, Object, Object, Object, Object, Object, Object, Object, Object, Object, Object, Object, Object, Object, Object, Object, Object, Object, Object, Object, Object, Object, Object, Object, Object, Object, Object, Object, Object, Object, Object, Object, Object, Object, Object, Object, Object, Object, Object, Object, Object, Object, Object, Object, Object, Object, Object, Object, Object, Object, Object, Object, Object, Object, Object, Object, Object, Object, Object, Object, Object, Object, Object, Object, Object, Object, Object, Object, Object, Object, Object, Object, Object, Object, Object, Object, Object, Object, Object, Object, Object, Object] 路由扁平化结果 @ https://new-ecosystem-platform-v2.smartcloudcon.com/assets/index-B-A6Bn42.js:50
[   63562ms] [LOG] 获取详情 @ https://new-ecosystem-platform-v2.smartcloudcon.com/assets/develop-ChBhn-D8.js:0
[   63562ms] [LOG] Ph6LkSScYRMgG 谁 @ https://new-ecosystem-platform-v2.smartcloudcon.com/assets/product-BdWa0NT3.js:0
[   63564ms] [LOG] 获取联网 Ph6LkSScYRMgG @ https://new-ecosystem-platform-v2.smartcloudcon.com/assets/enmu-CDY1XN9i.js:0
[   63564ms] [LOG] Ph6LkSScYRMgG 谁 @ https://new-ecosystem-platform-v2.smartcloudcon.com/assets/product-BdWa0NT3.js:0
[   63586ms] [LOG] undefined 解析的结果 @ https://new-ecosystem-platform-v2.smartcloudcon.com/assets/capabilityConfig-CWsSh7_A.js:0
[   63592ms] [LOG] undefined 解析的结果 @ https://new-ecosystem-platform-v2.smartcloudcon.com/assets/capabilityConfig-CWsSh7_A.js:0
[   63612ms] [LOG] undefined 解析的结果 @ https://new-ecosystem-platform-v2.smartcloudcon.com/assets/capabilityConfig-CWsSh7_A.js:0
[   63617ms] [LOG] undefined 解析的结果 @ https://new-ecosystem-platform-v2.smartcloudcon.com/assets/capabilityConfig-CWsSh7_A.js:0
[   63633ms] [LOG] undefined 解析的结果 @ https://new-ecosystem-platform-v2.smartcloudcon.com/assets/capabilityConfig-CWsSh7_A.js:0
[   63637ms] [LOG] undefined 解析的结果 @ https://new-ecosystem-platform-v2.smartcloudcon.com/assets/capabilityConfig-CWsSh7_A.js:0
[   64557ms] [LOG] {EventType: info, Name: 事件服务, DataType: event, Identifier: test事件, OutputParam: Object} 解析的结果 @ https://new-ecosystem-platform-v2.smartcloudcon.com/assets/capabilityConfig-CWsSh7_A.js:0
[   64557ms] [LOG] {EventType: info, Name: 事件服务, DataType: event, Identifier: test事件, OutputParam: Object} 解析的结果 @ https://new-ecosystem-platform-v2.smartcloudcon.com/assets/capabilityConfig-CWsSh7_A.js:0
[   64559ms] [LOG] {AccessMode: rw, DataType: string, limit: null, Name: aa, Identifier: aab} 解析的结果 @ https://new-ecosystem-platform-v2.smartcloudcon.com/assets/capabilityConfig-CWsSh7_A.js:0
[   64560ms] [LOG] {AccessMode: rw, DataType: string, limit: null, Name: aa, Identifier: aab} 解析的结果 @ https://new-ecosystem-platform-v2.smartcloudcon.com/assets/capabilityConfig-CWsSh7_A.js:0
[   64562ms] [LOG] {DataType: service, Name: test服务, Identifier: test服务属性, InputParam: Object, OutputParam: Object} 解析的结果 @ https://new-ecosystem-platform-v2.smartcloudcon.com/assets/capabilityConfig-CWsSh7_A.js:0
[   64563ms] [LOG] {DataType: service, Name: test服务, Identifier: test服务属性, InputParam: Object, OutputParam: Object} 解析的结果 @ https://new-ecosystem-platform-v2.smartcloudcon.com/assets/capabilityConfig-CWsSh7_A.js:0
[   64567ms] [LOG] {AccessMode: rw, DataType: int, Name: 自定义能力1, Identifier: 1, DefaultValue: } 解析的结果 @ https://new-ecosystem-platform-v2.smartcloudcon.com/assets/capabilityConfig-CWsSh7_A.js:0
[   64568ms] [LOG] {AccessMode: rw, DataType: int, Name: 自定义能力1, Identifier: 1, DefaultValue: } 解析的结果 @ https://new-ecosystem-platform-v2.smartcloudcon.com/assets/capabilityConfig-CWsSh7_A.js:0
[   64569ms] [LOG] {AccessMode: rw, DataType: int, Name: 自定义能力2, Identifier: 2, DefaultValue: } 解析的结果 @ https://new-ecosystem-platform-v2.smartcloudcon.com/assets/capabilityConfig-CWsSh7_A.js:0
[   64569ms] [LOG] {AccessMode: rw, DataType: int, Name: 自定义能力2, Identifier: 2, DefaultValue: } 解析的结果 @ https://new-ecosystem-platform-v2.smartcloudcon.com/assets/capabilityConfig-CWsSh7_A.js:0
[   64571ms] [LOG] {AccessMode: rw, DataType: int, Name: huiyun, Identifier: huiyun, DefaultValue: } 解析的结果 @ https://new-ecosystem-platform-v2.smartcloudcon.com/assets/capabilityConfig-CWsSh7_A.js:0
[   64572ms] [LOG] {AccessMode: rw, DataType: int, Name: huiyun, Identifier: huiyun, DefaultValue: } 解析的结果 @ https://new-ecosystem-platform-v2.smartcloudcon.com/assets/capabilityConfig-CWsSh7_A.js:0
[   64599ms] [LOG] 有线 联网方式 @ https://new-ecosystem-platform-v2.smartcloudcon.com/assets/develop-ChBhn-D8.js:0
[   64607ms] [LOG] Proxy(Array) 处理完毕 @ https://new-ecosystem-platform-v2.smartcloudcon.com/assets/algorithmConfig-C2mB2544.js:1
[   64637ms] [LOG] undefined 解析的结果 @ https://new-ecosystem-platform-v2.smartcloudcon.com/assets/capabilityConfig-CWsSh7_A.js:0
[   64642ms] [LOG] undefined 解析的结果 @ https://new-ecosystem-platform-v2.smartcloudcon.com/assets/capabilityConfig-CWsSh7_A.js:0
[   64735ms] [LOG] undefined 解析的结果 @ https://new-ecosystem-platform-v2.smartcloudcon.com/assets/capabilityConfig-CWsSh7_A.js:0
[   64748ms] [LOG] undefined 解析的结果 @ https://new-ecosystem-platform-v2.smartcloudcon.com/assets/capabilityConfig-CWsSh7_A.js:0
[ 1180982ms] [LOG] {EventType: info, Name: 事件服务, DataType: event, Identifier: test事件, OutputParam: Object} 解析的结果 @ https://new-ecosystem-platform-v2.smartcloudcon.com/assets/capabilityConfig-CWsSh7_A.js:0
[ 1180983ms] [LOG] {EventType: info, Name: 事件服务, DataType: event, Identifier: test事件, OutputParam: Object} 解析的结果 @ https://new-ecosystem-platform-v2.smartcloudcon.com/assets/capabilityConfig-CWsSh7_A.js:0
[ 1180983ms] [LOG] {AccessMode: rw, DataType: string, limit: null, Name: aa, Identifier: aab} 解析的结果 @ https://new-ecosystem-platform-v2.smartcloudcon.com/assets/capabilityConfig-CWsSh7_A.js:0
[ 1180983ms] [LOG] {AccessMode: rw, DataType: string, limit: null, Name: aa, Identifier: aab} 解析的结果 @ https://new-ecosystem-platform-v2.smartcloudcon.com/assets/capabilityConfig-CWsSh7_A.js:0
[ 1180983ms] [LOG] {DataType: service, Name: test服务, Identifier: test服务属性, InputParam: Object, OutputParam: Object} 解析的结果 @ https://new-ecosystem-platform-v2.smartcloudcon.com/assets/capabilityConfig-CWsSh7_A.js:0
[ 1180983ms] [LOG] {DataType: service, Name: test服务, Identifier: test服务属性, InputParam: Object, OutputParam: Object} 解析的结果 @ https://new-ecosystem-platform-v2.smartcloudcon.com/assets/capabilityConfig-CWsSh7_A.js:0
[ 1180985ms] [LOG] {AccessMode: rw, DataType: int, Name: 自定义能力1, Identifier: 1, DefaultValue: } 解析的结果 @ https://new-ecosystem-platform-v2.smartcloudcon.com/assets/capabilityConfig-CWsSh7_A.js:0
[ 1180985ms] [LOG] {AccessMode: rw, DataType: int, Name: 自定义能力1, Identifier: 1, DefaultValue: } 解析的结果 @ https://new-ecosystem-platform-v2.smartcloudcon.com/assets/capabilityConfig-CWsSh7_A.js:0
[ 1180985ms] [LOG] {AccessMode: rw, DataType: int, Name: 自定义能力2, Identifier: 2, DefaultValue: } 解析的结果 @ https://new-ecosystem-platform-v2.smartcloudcon.com/assets/capabilityConfig-CWsSh7_A.js:0
[ 1180985ms] [LOG] {AccessMode: rw, DataType: int, Name: 自定义能力2, Identifier: 2, DefaultValue: } 解析的结果 @ https://new-ecosystem-platform-v2.smartcloudcon.com/assets/capabilityConfig-CWsSh7_A.js:0
[ 1180986ms] [LOG] {AccessMode: rw, DataType: int, Name: huiyun, Identifier: huiyun, DefaultValue: } 解析的结果 @ https://new-ecosystem-platform-v2.smartcloudcon.com/assets/capabilityConfig-CWsSh7_A.js:0
[ 1180986ms] [LOG] {AccessMode: rw, DataType: int, Name: huiyun, Identifier: huiyun, DefaultValue: } 解析的结果 @ https://new-ecosystem-platform-v2.smartcloudcon.com/assets/capabilityConfig-CWsSh7_A.js:0
[ 1272367ms] [LOG] [Object, Object, Object, Object, Object, Object, Object, Object, Object, Object, Object, Object, Object, Object, Object, Object, Object, Object, Object, Object, Object, Object, Object, Object, Object, Object, Object, Object, Object, Object, Object, Object, Object, Object, Object, Object, Object, Object] 加载过来 @ https://new-ecosystem-platform-v2.smartcloudcon.com/assets/algorithmConfig-C2mB2544.js:1
