[      32ms] [LOG] 构建 @ https://new-ecosystem-platform-v2.smartcloudcon.com/assets/index-C60cxGSy.js:50
[      32ms] [LOG] 触发同步缓存 @ https://new-ecosystem-platform-v2.smartcloudcon.com/assets/index-C60cxGSy.js:50
[      37ms] [LOG] Proxy(Object) false false /product/audit @ https://new-ecosystem-platform-v2.smartcloudcon.com/assets/index-C60cxGSy.js:50
[      87ms] [LOG] {code: 0, msg: ok, data: Object} 用户信息 @ https://new-ecosystem-platform-v2.smartcloudcon.com/assets/index-C60cxGSy.js:50
[     141ms] [LOG] 添加路由完毕 @ https://new-ecosystem-platform-v2.smartcloudcon.com/assets/index-C60cxGSy.js:50
[     141ms] [LOG] 注册路由Tree @ https://new-ecosystem-platform-v2.smartcloudcon.com/assets/index-C60cxGSy.js:50
[     143ms] [LOG] [Object, Object, Object, Object, Object, Object, Object, Object, Object, Object, Object, Object, Object, Object, Object, Object, Object, Object, Object, Object, Object, Object, Object, Object, Object, Object, Object, Object, Object, Object, Object, Object, Object, Object, Object, Object, Object, Object, Object, Object, Object, Object, Object, Object, Object, Object, Object, Object, Object, Object, Object, Object, Object, Object, Object, Object, Object, Object, Object, Object, Object, Object, Object, Object, Object, Object, Object, Object, Object, Object, Object, Object, Object, Object, Object, Object, Object, Object, Object, Object, Object, Object, Object, Object, Object, Object, Object, Object, Object, Object, Object, Object, Object, Object, Object, Object, Object, Object, Object, Object] 路由扁平化结果 @ https://new-ecosystem-platform-v2.smartcloudcon.com/assets/index-C60cxGSy.js:50
[   23982ms] [WARNING] ElementPlusError: [el-link] [API] The underline option (boolean) is about to be deprecated in version 3.0.0, please use 'always' | 'hover' | 'never' instead.
For more detail, please visit: https://element-plus.org/en-US/component/link.html#underline

    at s_ (https://new-ecosystem-platform-v2.smartcloudcon.com/assets/index-C60cxGSy.js:2:115315)
    at V.immediate (https://new-ecosystem-platform-v2.smartcloudcon.com/assets/index-C60cxGSy.js:2:127848)
    at nd (https://new-ecosystem-platform-v2.smartcloudcon.com/assets/index-C60cxGSy.js:2:51119)
    at rd (https://new-ecosystem-platform-v2.smartcloudcon.com/assets/index-C60cxGSy.js:2:51187)
    at Md.s.call (https://new-ecosystem-platform-v2.smartcloudcon.com/assets/index-C60cxGSy.js:2:54465)
    at y (https://new-ecosystem-platform-v2.smartcloudcon.com/assets/index-C60cxGSy.js:2:50376)
    at ed (https://new-ecosystem-platform-v2.smartcloudcon.com/assets/index-C60cxGSy.js:2:50586)
    at Md (https://new-ecosystem-platform-v2.smartcloudcon.com/assets/index-C60cxGSy.js:2:54664)
    at V (https://new-ecosystem-platform-v2.smartcloudcon.com/assets/index-C60cxGSy.js:2:54209)
    at lv (https://new-ecosystem-platform-v2.smartcloudcon.com/assets/index-C60cxGSy.js:2:127830) @ https://new-ecosystem-platform-v2.smartcloudcon.com/assets/index-C60cxGSy.js:1
[   23982ms] [WARNING] ElementPlusError: [el-link] [API] The underline option (boolean) is about to be deprecated in version 3.0.0, please use 'always' | 'hover' | 'never' instead.
For more detail, please visit: https://element-plus.org/en-US/component/link.html#underline

    at s_ (https://new-ecosystem-platform-v2.smartcloudcon.com/assets/index-C60cxGSy.js:2:115315)
    at V.immediate (https://new-ecosystem-platform-v2.smartcloudcon.com/assets/index-C60cxGSy.js:2:127848)
    at nd (https://new-ecosystem-platform-v2.smartcloudcon.com/assets/index-C60cxGSy.js:2:51119)
    at rd (https://new-ecosystem-platform-v2.smartcloudcon.com/assets/index-C60cxGSy.js:2:51187)
    at Md.s.call (https://new-ecosystem-platform-v2.smartcloudcon.com/assets/index-C60cxGSy.js:2:54465)
    at y (https://new-ecosystem-platform-v2.smartcloudcon.com/assets/index-C60cxGSy.js:2:50376)
    at ed (https://new-ecosystem-platform-v2.smartcloudcon.com/assets/index-C60cxGSy.js:2:50586)
    at Md (https://new-ecosystem-platform-v2.smartcloudcon.com/assets/index-C60cxGSy.js:2:54664)
    at V (https://new-ecosystem-platform-v2.smartcloudcon.com/assets/index-C60cxGSy.js:2:54209)
    at lv (https://new-ecosystem-platform-v2.smartcloudcon.com/assets/index-C60cxGSy.js:2:127830) @ https://new-ecosystem-platform-v2.smartcloudcon.com/assets/index-C60cxGSy.js:1
[   23984ms] [WARNING] ElementPlusError: [el-link] [API] The underline option (boolean) is about to be deprecated in version 3.0.0, please use 'always' | 'hover' | 'never' instead.
For more detail, please visit: https://element-plus.org/en-US/component/link.html#underline

    at s_ (https://new-ecosystem-platform-v2.smartcloudcon.com/assets/index-C60cxGSy.js:2:115315)
    at V.immediate (https://new-ecosystem-platform-v2.smartcloudcon.com/assets/index-C60cxGSy.js:2:127848)
    at nd (https://new-ecosystem-platform-v2.smartcloudcon.com/assets/index-C60cxGSy.js:2:51119)
    at rd (https://new-ecosystem-platform-v2.smartcloudcon.com/assets/index-C60cxGSy.js:2:51187)
    at Md.s.call (https://new-ecosystem-platform-v2.smartcloudcon.com/assets/index-C60cxGSy.js:2:54465)
    at y (https://new-ecosystem-platform-v2.smartcloudcon.com/assets/index-C60cxGSy.js:2:50376)
    at ed (https://new-ecosystem-platform-v2.smartcloudcon.com/assets/index-C60cxGSy.js:2:50586)
    at Md (https://new-ecosystem-platform-v2.smartcloudcon.com/assets/index-C60cxGSy.js:2:54664)
    at V (https://new-ecosystem-platform-v2.smartcloudcon.com/assets/index-C60cxGSy.js:2:54209)
    at lv (https://new-ecosystem-platform-v2.smartcloudcon.com/assets/index-C60cxGSy.js:2:127830) @ https://new-ecosystem-platform-v2.smartcloudcon.com/assets/index-C60cxGSy.js:1
[   23984ms] [WARNING] ElementPlusError: [el-link] [API] The underline option (boolean) is about to be deprecated in version 3.0.0, please use 'always' | 'hover' | 'never' instead.
For more detail, please visit: https://element-plus.org/en-US/component/link.html#underline

    at s_ (https://new-ecosystem-platform-v2.smartcloudcon.com/assets/index-C60cxGSy.js:2:115315)
    at V.immediate (https://new-ecosystem-platform-v2.smartcloudcon.com/assets/index-C60cxGSy.js:2:127848)
    at nd (https://new-ecosystem-platform-v2.smartcloudcon.com/assets/index-C60cxGSy.js:2:51119)
    at rd (https://new-ecosystem-platform-v2.smartcloudcon.com/assets/index-C60cxGSy.js:2:51187)
    at Md.s.call (https://new-ecosystem-platform-v2.smartcloudcon.com/assets/index-C60cxGSy.js:2:54465)
    at y (https://new-ecosystem-platform-v2.smartcloudcon.com/assets/index-C60cxGSy.js:2:50376)
    at ed (https://new-ecosystem-platform-v2.smartcloudcon.com/assets/index-C60cxGSy.js:2:50586)
    at Md (https://new-ecosystem-platform-v2.smartcloudcon.com/assets/index-C60cxGSy.js:2:54664)
    at V (https://new-ecosystem-platform-v2.smartcloudcon.com/assets/index-C60cxGSy.js:2:54209)
    at lv (https://new-ecosystem-platform-v2.smartcloudcon.com/assets/index-C60cxGSy.js:2:127830) @ https://new-ecosystem-platform-v2.smartcloudcon.com/assets/index-C60cxGSy.js:1
[   39099ms] [LOG] Proxy(Object) 234234 @ https://new-ecosystem-platform-v2.smartcloudcon.com/assets/consumptionAccount-B6bmTz2M.js:0
[   44283ms] [LOG] 构建 @ https://new-ecosystem-platform-v2.smartcloudcon.com/assets/index-C60cxGSy.js:50
[   44283ms] [LOG] 触发同步缓存 @ https://new-ecosystem-platform-v2.smartcloudcon.com/assets/index-C60cxGSy.js:50
[   44289ms] [LOG] Proxy(Object) false false /product/audit @ https://new-ecosystem-platform-v2.smartcloudcon.com/assets/index-C60cxGSy.js:50
[   44342ms] [LOG] {code: 0, msg: ok, data: Object} 用户信息 @ https://new-ecosystem-platform-v2.smartcloudcon.com/assets/index-C60cxGSy.js:50
[   44400ms] [LOG] 添加路由完毕 @ https://new-ecosystem-platform-v2.smartcloudcon.com/assets/index-C60cxGSy.js:50
[   44400ms] [LOG] 注册路由Tree @ https://new-ecosystem-platform-v2.smartcloudcon.com/assets/index-C60cxGSy.js:50
[   44402ms] [LOG] [Object, Object, Object, Object, Object, Object, Object, Object, Object, Object, Object, Object, Object, Object, Object, Object, Object, Object, Object, Object, Object, Object, Object, Object, Object, Object, Object, Object, Object, Object, Object, Object, Object, Object, Object, Object, Object, Object, Object, Object, Object, Object, Object, Object, Object, Object, Object, Object, Object, Object, Object, Object, Object, Object, Object, Object, Object, Object, Object, Object, Object, Object, Object, Object, Object, Object, Object, Object, Object, Object, Object, Object, Object, Object, Object, Object, Object, Object, Object, Object, Object, Object, Object, Object, Object, Object, Object, Object, Object, Object, Object, Object, Object, Object, Object, Object, Object, Object, Object, Object] 路由扁平化结果 @ https://new-ecosystem-platform-v2.smartcloudcon.com/assets/index-C60cxGSy.js:50
[   45582ms] [LOG] 构建 @ https://new-ecosystem-platform-v2.smartcloudcon.com/assets/index-C60cxGSy.js:50
[   45582ms] [LOG] 触发同步缓存 @ https://new-ecosystem-platform-v2.smartcloudcon.com/assets/index-C60cxGSy.js:50
[   45587ms] [LOG] Proxy(Object) false false /product/audit @ https://new-ecosystem-platform-v2.smartcloudcon.com/assets/index-C60cxGSy.js:50
[   45639ms] [LOG] {code: 0, msg: ok, data: Object} 用户信息 @ https://new-ecosystem-platform-v2.smartcloudcon.com/assets/index-C60cxGSy.js:50
[   45702ms] [LOG] 添加路由完毕 @ https://new-ecosystem-platform-v2.smartcloudcon.com/assets/index-C60cxGSy.js:50
[   45702ms] [LOG] 注册路由Tree @ https://new-ecosystem-platform-v2.smartcloudcon.com/assets/index-C60cxGSy.js:50
[   45705ms] [LOG] [Object, Object, Object, Object, Object, Object, Object, Object, Object, Object, Object, Object, Object, Object, Object, Object, Object, Object, Object, Object, Object, Object, Object, Object, Object, Object, Object, Object, Object, Object, Object, Object, Object, Object, Object, Object, Object, Object, Object, Object, Object, Object, Object, Object, Object, Object, Object, Object, Object, Object, Object, Object, Object, Object, Object, Object, Object, Object, Object, Object, Object, Object, Object, Object, Object, Object, Object, Object, Object, Object, Object, Object, Object, Object, Object, Object, Object, Object, Object, Object, Object, Object, Object, Object, Object, Object, Object, Object, Object, Object, Object, Object, Object, Object, Object, Object, Object, Object, Object, Object] 路由扁平化结果 @ https://new-ecosystem-platform-v2.smartcloudcon.com/assets/index-C60cxGSy.js:50
[   53973ms] [LOG] 构建 @ https://new-ecosystem-platform-v2.smartcloudcon.com/assets/index-C60cxGSy.js:50
[   53974ms] [LOG] 触发同步缓存 @ https://new-ecosystem-platform-v2.smartcloudcon.com/assets/index-C60cxGSy.js:50
[   53978ms] [LOG] Proxy(Object) false false /product/audit @ https://new-ecosystem-platform-v2.smartcloudcon.com/assets/index-C60cxGSy.js:50
[   54030ms] [LOG] {code: 0, msg: ok, data: Object} 用户信息 @ https://new-ecosystem-platform-v2.smartcloudcon.com/assets/index-C60cxGSy.js:50
[   54082ms] [LOG] 添加路由完毕 @ https://new-ecosystem-platform-v2.smartcloudcon.com/assets/index-C60cxGSy.js:50
[   54082ms] [LOG] 注册路由Tree @ https://new-ecosystem-platform-v2.smartcloudcon.com/assets/index-C60cxGSy.js:50
[   54084ms] [LOG] [Object, Object, Object, Object, Object, Object, Object, Object, Object, Object, Object, Object, Object, Object, Object, Object, Object, Object, Object, Object, Object, Object, Object, Object, Object, Object, Object, Object, Object, Object, Object, Object, Object, Object, Object, Object, Object, Object, Object, Object, Object, Object, Object, Object, Object, Object, Object, Object, Object, Object, Object, Object, Object, Object, Object, Object, Object, Object, Object, Object, Object, Object, Object, Object, Object, Object, Object, Object, Object, Object, Object, Object, Object, Object, Object, Object, Object, Object, Object, Object, Object, Object, Object, Object, Object, Object, Object, Object, Object, Object, Object, Object, Object, Object, Object, Object, Object, Object, Object, Object] 路由扁平化结果 @ https://new-ecosystem-platform-v2.smartcloudcon.com/assets/index-C60cxGSy.js:50
[   62951ms] [LOG] 构建 @ https://new-ecosystem-platform-v2.smartcloudcon.com/assets/index-C60cxGSy.js:50
[   62951ms] [LOG] 触发同步缓存 @ https://new-ecosystem-platform-v2.smartcloudcon.com/assets/index-C60cxGSy.js:50
[   62956ms] [LOG] Proxy(Object) false false /product/audit @ https://new-ecosystem-platform-v2.smartcloudcon.com/assets/index-C60cxGSy.js:50
[   63013ms] [LOG] {code: 0, msg: ok, data: Object} 用户信息 @ https://new-ecosystem-platform-v2.smartcloudcon.com/assets/index-C60cxGSy.js:50
[   63066ms] [LOG] 添加路由完毕 @ https://new-ecosystem-platform-v2.smartcloudcon.com/assets/index-C60cxGSy.js:50
[   63066ms] [LOG] 注册路由Tree @ https://new-ecosystem-platform-v2.smartcloudcon.com/assets/index-C60cxGSy.js:50
[   63069ms] [LOG] [Object, Object, Object, Object, Object, Object, Object, Object, Object, Object, Object, Object, Object, Object, Object, Object, Object, Object, Object, Object, Object, Object, Object, Object, Object, Object, Object, Object, Object, Object, Object, Object, Object, Object, Object, Object, Object, Object, Object, Object, Object, Object, Object, Object, Object, Object, Object, Object, Object, Object, Object, Object, Object, Object, Object, Object, Object, Object, Object, Object, Object, Object, Object, Object, Object, Object, Object, Object, Object, Object, Object, Object, Object, Object, Object, Object, Object, Object, Object, Object, Object, Object, Object, Object, Object, Object, Object, Object, Object, Object, Object, Object, Object, Object, Object, Object, Object, Object, Object, Object] 路由扁平化结果 @ https://new-ecosystem-platform-v2.smartcloudcon.com/assets/index-C60cxGSy.js:50
[   84668ms] [LOG] 构建 @ https://new-ecosystem-platform-v2.smartcloudcon.com/assets/index-C60cxGSy.js:50
[   84668ms] [LOG] 触发同步缓存 @ https://new-ecosystem-platform-v2.smartcloudcon.com/assets/index-C60cxGSy.js:50
[   84673ms] [LOG] Proxy(Object) false false /product/my-solutions @ https://new-ecosystem-platform-v2.smartcloudcon.com/assets/index-C60cxGSy.js:50
[   84727ms] [LOG] {code: 0, msg: ok, data: Object} 用户信息 @ https://new-ecosystem-platform-v2.smartcloudcon.com/assets/index-C60cxGSy.js:50
[   84777ms] [LOG] 添加路由完毕 @ https://new-ecosystem-platform-v2.smartcloudcon.com/assets/index-C60cxGSy.js:50
[   84777ms] [LOG] 注册路由Tree @ https://new-ecosystem-platform-v2.smartcloudcon.com/assets/index-C60cxGSy.js:50
[   84778ms] [LOG] [Object, Object, Object, Object, Object, Object, Object, Object, Object, Object, Object, Object, Object, Object, Object, Object, Object, Object, Object, Object, Object, Object, Object, Object, Object, Object, Object, Object, Object, Object, Object, Object, Object, Object, Object, Object, Object, Object, Object, Object, Object, Object, Object, Object, Object, Object, Object, Object, Object, Object, Object, Object, Object, Object, Object, Object, Object, Object, Object, Object, Object, Object, Object, Object, Object, Object, Object, Object, Object, Object, Object, Object, Object, Object, Object, Object, Object, Object, Object, Object, Object, Object, Object, Object, Object, Object, Object, Object, Object, Object, Object, Object, Object, Object, Object, Object, Object, Object, Object, Object] 路由扁平化结果 @ https://new-ecosystem-platform-v2.smartcloudcon.com/assets/index-C60cxGSy.js:50
[   94472ms] [LOG] Proxy(Object) 234234 @ https://new-ecosystem-platform-v2.smartcloudcon.com/assets/consumptionAccount-B6bmTz2M.js:0
[   95725ms] [LOG] 构建 @ https://new-ecosystem-platform-v2.smartcloudcon.com/assets/index-C60cxGSy.js:50
[   95725ms] [LOG] 触发同步缓存 @ https://new-ecosystem-platform-v2.smartcloudcon.com/assets/index-C60cxGSy.js:50
[   95730ms] [LOG] Proxy(Object) false false /product/audit @ https://new-ecosystem-platform-v2.smartcloudcon.com/assets/index-C60cxGSy.js:50
[   95780ms] [LOG] {code: 0, msg: ok, data: Object} 用户信息 @ https://new-ecosystem-platform-v2.smartcloudcon.com/assets/index-C60cxGSy.js:50
[   95833ms] [LOG] 添加路由完毕 @ https://new-ecosystem-platform-v2.smartcloudcon.com/assets/index-C60cxGSy.js:50
[   95833ms] [LOG] 注册路由Tree @ https://new-ecosystem-platform-v2.smartcloudcon.com/assets/index-C60cxGSy.js:50
[   95836ms] [LOG] [Object, Object, Object, Object, Object, Object, Object, Object, Object, Object, Object, Object, Object, Object, Object, Object, Object, Object, Object, Object, Object, Object, Object, Object, Object, Object, Object, Object, Object, Object, Object, Object, Object, Object, Object, Object, Object, Object, Object, Object, Object, Object, Object, Object, Object, Object, Object, Object, Object, Object, Object, Object, Object, Object, Object, Object, Object, Object, Object, Object, Object, Object, Object, Object, Object, Object, Object, Object, Object, Object, Object, Object, Object, Object, Object, Object, Object, Object, Object, Object, Object, Object, Object, Object, Object, Object, Object, Object, Object, Object, Object, Object, Object, Object, Object, Object, Object, Object, Object, Object] 路由扁平化结果 @ https://new-ecosystem-platform-v2.smartcloudcon.com/assets/index-C60cxGSy.js:50
[  101564ms] [WARNING] ElementPlusError: [el-link] [API] The underline option (boolean) is about to be deprecated in version 3.0.0, please use 'always' | 'hover' | 'never' instead.
For more detail, please visit: https://element-plus.org/en-US/component/link.html#underline

    at s_ (https://new-ecosystem-platform-v2.smartcloudcon.com/assets/index-C60cxGSy.js:2:115315)
    at V.immediate (https://new-ecosystem-platform-v2.smartcloudcon.com/assets/index-C60cxGSy.js:2:127848)
    at nd (https://new-ecosystem-platform-v2.smartcloudcon.com/assets/index-C60cxGSy.js:2:51119)
    at rd (https://new-ecosystem-platform-v2.smartcloudcon.com/assets/index-C60cxGSy.js:2:51187)
    at Md.s.call (https://new-ecosystem-platform-v2.smartcloudcon.com/assets/index-C60cxGSy.js:2:54465)
    at y (https://new-ecosystem-platform-v2.smartcloudcon.com/assets/index-C60cxGSy.js:2:50376)
    at ed (https://new-ecosystem-platform-v2.smartcloudcon.com/assets/index-C60cxGSy.js:2:50586)
    at Md (https://new-ecosystem-platform-v2.smartcloudcon.com/assets/index-C60cxGSy.js:2:54664)
    at V (https://new-ecosystem-platform-v2.smartcloudcon.com/assets/index-C60cxGSy.js:2:54209)
    at lv (https://new-ecosystem-platform-v2.smartcloudcon.com/assets/index-C60cxGSy.js:2:127830) @ https://new-ecosystem-platform-v2.smartcloudcon.com/assets/index-C60cxGSy.js:1
[  101564ms] [WARNING] ElementPlusError: [el-link] [API] The underline option (boolean) is about to be deprecated in version 3.0.0, please use 'always' | 'hover' | 'never' instead.
For more detail, please visit: https://element-plus.org/en-US/component/link.html#underline

    at s_ (https://new-ecosystem-platform-v2.smartcloudcon.com/assets/index-C60cxGSy.js:2:115315)
    at V.immediate (https://new-ecosystem-platform-v2.smartcloudcon.com/assets/index-C60cxGSy.js:2:127848)
    at nd (https://new-ecosystem-platform-v2.smartcloudcon.com/assets/index-C60cxGSy.js:2:51119)
    at rd (https://new-ecosystem-platform-v2.smartcloudcon.com/assets/index-C60cxGSy.js:2:51187)
    at Md.s.call (https://new-ecosystem-platform-v2.smartcloudcon.com/assets/index-C60cxGSy.js:2:54465)
    at y (https://new-ecosystem-platform-v2.smartcloudcon.com/assets/index-C60cxGSy.js:2:50376)
    at ed (https://new-ecosystem-platform-v2.smartcloudcon.com/assets/index-C60cxGSy.js:2:50586)
    at Md (https://new-ecosystem-platform-v2.smartcloudcon.com/assets/index-C60cxGSy.js:2:54664)
    at V (https://new-ecosystem-platform-v2.smartcloudcon.com/assets/index-C60cxGSy.js:2:54209)
    at lv (https://new-ecosystem-platform-v2.smartcloudcon.com/assets/index-C60cxGSy.js:2:127830) @ https://new-ecosystem-platform-v2.smartcloudcon.com/assets/index-C60cxGSy.js:1
[  101565ms] [WARNING] ElementPlusError: [el-link] [API] The underline option (boolean) is about to be deprecated in version 3.0.0, please use 'always' | 'hover' | 'never' instead.
For more detail, please visit: https://element-plus.org/en-US/component/link.html#underline

    at s_ (https://new-ecosystem-platform-v2.smartcloudcon.com/assets/index-C60cxGSy.js:2:115315)
    at V.immediate (https://new-ecosystem-platform-v2.smartcloudcon.com/assets/index-C60cxGSy.js:2:127848)
    at nd (https://new-ecosystem-platform-v2.smartcloudcon.com/assets/index-C60cxGSy.js:2:51119)
    at rd (https://new-ecosystem-platform-v2.smartcloudcon.com/assets/index-C60cxGSy.js:2:51187)
    at Md.s.call (https://new-ecosystem-platform-v2.smartcloudcon.com/assets/index-C60cxGSy.js:2:54465)
    at y (https://new-ecosystem-platform-v2.smartcloudcon.com/assets/index-C60cxGSy.js:2:50376)
    at ed (https://new-ecosystem-platform-v2.smartcloudcon.com/assets/index-C60cxGSy.js:2:50586)
    at Md (https://new-ecosystem-platform-v2.smartcloudcon.com/assets/index-C60cxGSy.js:2:54664)
    at V (https://new-ecosystem-platform-v2.smartcloudcon.com/assets/index-C60cxGSy.js:2:54209)
    at lv (https://new-ecosystem-platform-v2.smartcloudcon.com/assets/index-C60cxGSy.js:2:127830) @ https://new-ecosystem-platform-v2.smartcloudcon.com/assets/index-C60cxGSy.js:1
[  101568ms] [WARNING] ElementPlusError: [el-link] [API] The underline option (boolean) is about to be deprecated in version 3.0.0, please use 'always' | 'hover' | 'never' instead.
For more detail, please visit: https://element-plus.org/en-US/component/link.html#underline

    at s_ (https://new-ecosystem-platform-v2.smartcloudcon.com/assets/index-C60cxGSy.js:2:115315)
    at V.immediate (https://new-ecosystem-platform-v2.smartcloudcon.com/assets/index-C60cxGSy.js:2:127848)
    at nd (https://new-ecosystem-platform-v2.smartcloudcon.com/assets/index-C60cxGSy.js:2:51119)
    at rd (https://new-ecosystem-platform-v2.smartcloudcon.com/assets/index-C60cxGSy.js:2:51187)
    at Md.s.call (https://new-ecosystem-platform-v2.smartcloudcon.com/assets/index-C60cxGSy.js:2:54465)
    at y (https://new-ecosystem-platform-v2.smartcloudcon.com/assets/index-C60cxGSy.js:2:50376)
    at ed (https://new-ecosystem-platform-v2.smartcloudcon.com/assets/index-C60cxGSy.js:2:50586)
    at Md (https://new-ecosystem-platform-v2.smartcloudcon.com/assets/index-C60cxGSy.js:2:54664)
    at V (https://new-ecosystem-platform-v2.smartcloudcon.com/assets/index-C60cxGSy.js:2:54209)
    at lv (https://new-ecosystem-platform-v2.smartcloudcon.com/assets/index-C60cxGSy.js:2:127830) @ https://new-ecosystem-platform-v2.smartcloudcon.com/assets/index-C60cxGSy.js:1
[  101569ms] [WARNING] ElementPlusError: [el-link] [API] The underline option (boolean) is about to be deprecated in version 3.0.0, please use 'always' | 'hover' | 'never' instead.
For more detail, please visit: https://element-plus.org/en-US/component/link.html#underline

    at s_ (https://new-ecosystem-platform-v2.smartcloudcon.com/assets/index-C60cxGSy.js:2:115315)
    at V.immediate (https://new-ecosystem-platform-v2.smartcloudcon.com/assets/index-C60cxGSy.js:2:127848)
    at nd (https://new-ecosystem-platform-v2.smartcloudcon.com/assets/index-C60cxGSy.js:2:51119)
    at rd (https://new-ecosystem-platform-v2.smartcloudcon.com/assets/index-C60cxGSy.js:2:51187)
    at Md.s.call (https://new-ecosystem-platform-v2.smartcloudcon.com/assets/index-C60cxGSy.js:2:54465)
    at y (https://new-ecosystem-platform-v2.smartcloudcon.com/assets/index-C60cxGSy.js:2:50376)
    at ed (https://new-ecosystem-platform-v2.smartcloudcon.com/assets/index-C60cxGSy.js:2:50586)
    at Md (https://new-ecosystem-platform-v2.smartcloudcon.com/assets/index-C60cxGSy.js:2:54664)
    at V (https://new-ecosystem-platform-v2.smartcloudcon.com/assets/index-C60cxGSy.js:2:54209)
    at lv (https://new-ecosystem-platform-v2.smartcloudcon.com/assets/index-C60cxGSy.js:2:127830) @ https://new-ecosystem-platform-v2.smartcloudcon.com/assets/index-C60cxGSy.js:1
[  101569ms] [WARNING] ElementPlusError: [el-link] [API] The underline option (boolean) is about to be deprecated in version 3.0.0, please use 'always' | 'hover' | 'never' instead.
For more detail, please visit: https://element-plus.org/en-US/component/link.html#underline

    at s_ (https://new-ecosystem-platform-v2.smartcloudcon.com/assets/index-C60cxGSy.js:2:115315)
    at V.immediate (https://new-ecosystem-platform-v2.smartcloudcon.com/assets/index-C60cxGSy.js:2:127848)
    at nd (https://new-ecosystem-platform-v2.smartcloudcon.com/assets/index-C60cxGSy.js:2:51119)
    at rd (https://new-ecosystem-platform-v2.smartcloudcon.com/assets/index-C60cxGSy.js:2:51187)
    at Md.s.call (https://new-ecosystem-platform-v2.smartcloudcon.com/assets/index-C60cxGSy.js:2:54465)
    at y (https://new-ecosystem-platform-v2.smartcloudcon.com/assets/index-C60cxGSy.js:2:50376)
    at ed (https://new-ecosystem-platform-v2.smartcloudcon.com/assets/index-C60cxGSy.js:2:50586)
    at Md (https://new-ecosystem-platform-v2.smartcloudcon.com/assets/index-C60cxGSy.js:2:54664)
    at V (https://new-ecosystem-platform-v2.smartcloudcon.com/assets/index-C60cxGSy.js:2:54209)
    at lv (https://new-ecosystem-platform-v2.smartcloudcon.com/assets/index-C60cxGSy.js:2:127830) @ https://new-ecosystem-platform-v2.smartcloudcon.com/assets/index-C60cxGSy.js:1
[  101572ms] [WARNING] ElementPlusError: [el-link] [API] The underline option (boolean) is about to be deprecated in version 3.0.0, please use 'always' | 'hover' | 'never' instead.
For more detail, please visit: https://element-plus.org/en-US/component/link.html#underline

    at s_ (https://new-ecosystem-platform-v2.smartcloudcon.com/assets/index-C60cxGSy.js:2:115315)
    at V.immediate (https://new-ecosystem-platform-v2.smartcloudcon.com/assets/index-C60cxGSy.js:2:127848)
    at nd (https://new-ecosystem-platform-v2.smartcloudcon.com/assets/index-C60cxGSy.js:2:51119)
    at rd (https://new-ecosystem-platform-v2.smartcloudcon.com/assets/index-C60cxGSy.js:2:51187)
    at Md.s.call (https://new-ecosystem-platform-v2.smartcloudcon.com/assets/index-C60cxGSy.js:2:54465)
    at y (https://new-ecosystem-platform-v2.smartcloudcon.com/assets/index-C60cxGSy.js:2:50376)
    at ed (https://new-ecosystem-platform-v2.smartcloudcon.com/assets/index-C60cxGSy.js:2:50586)
    at Md (https://new-ecosystem-platform-v2.smartcloudcon.com/assets/index-C60cxGSy.js:2:54664)
    at V (https://new-ecosystem-platform-v2.smartcloudcon.com/assets/index-C60cxGSy.js:2:54209)
    at lv (https://new-ecosystem-platform-v2.smartcloudcon.com/assets/index-C60cxGSy.js:2:127830) @ https://new-ecosystem-platform-v2.smartcloudcon.com/assets/index-C60cxGSy.js:1
[  101573ms] [WARNING] ElementPlusError: [el-link] [API] The underline option (boolean) is about to be deprecated in version 3.0.0, please use 'always' | 'hover' | 'never' instead.
For more detail, please visit: https://element-plus.org/en-US/component/link.html#underline

    at s_ (https://new-ecosystem-platform-v2.smartcloudcon.com/assets/index-C60cxGSy.js:2:115315)
    at V.immediate (https://new-ecosystem-platform-v2.smartcloudcon.com/assets/index-C60cxGSy.js:2:127848)
    at nd (https://new-ecosystem-platform-v2.smartcloudcon.com/assets/index-C60cxGSy.js:2:51119)
    at rd (https://new-ecosystem-platform-v2.smartcloudcon.com/assets/index-C60cxGSy.js:2:51187)
    at Md.s.call (https://new-ecosystem-platform-v2.smartcloudcon.com/assets/index-C60cxGSy.js:2:54465)
    at y (https://new-ecosystem-platform-v2.smartcloudcon.com/assets/index-C60cxGSy.js:2:50376)
    at ed (https://new-ecosystem-platform-v2.smartcloudcon.com/assets/index-C60cxGSy.js:2:50586)
    at Md (https://new-ecosystem-platform-v2.smartcloudcon.com/assets/index-C60cxGSy.js:2:54664)
    at V (https://new-ecosystem-platform-v2.smartcloudcon.com/assets/index-C60cxGSy.js:2:54209)
    at lv (https://new-ecosystem-platform-v2.smartcloudcon.com/assets/index-C60cxGSy.js:2:127830) @ https://new-ecosystem-platform-v2.smartcloudcon.com/assets/index-C60cxGSy.js:1
[  101575ms] [WARNING] ElementPlusError: [el-link] [API] The underline option (boolean) is about to be deprecated in version 3.0.0, please use 'always' | 'hover' | 'never' instead.
For more detail, please visit: https://element-plus.org/en-US/component/link.html#underline

    at s_ (https://new-ecosystem-platform-v2.smartcloudcon.com/assets/index-C60cxGSy.js:2:115315)
    at V.immediate (https://new-ecosystem-platform-v2.smartcloudcon.com/assets/index-C60cxGSy.js:2:127848)
    at nd (https://new-ecosystem-platform-v2.smartcloudcon.com/assets/index-C60cxGSy.js:2:51119)
    at rd (https://new-ecosystem-platform-v2.smartcloudcon.com/assets/index-C60cxGSy.js:2:51187)
    at Md.s.call (https://new-ecosystem-platform-v2.smartcloudcon.com/assets/index-C60cxGSy.js:2:54465)
    at y (https://new-ecosystem-platform-v2.smartcloudcon.com/assets/index-C60cxGSy.js:2:50376)
    at ed (https://new-ecosystem-platform-v2.smartcloudcon.com/assets/index-C60cxGSy.js:2:50586)
    at Md (https://new-ecosystem-platform-v2.smartcloudcon.com/assets/index-C60cxGSy.js:2:54664)
    at V (https://new-ecosystem-platform-v2.smartcloudcon.com/assets/index-C60cxGSy.js:2:54209)
    at lv (https://new-ecosystem-platform-v2.smartcloudcon.com/assets/index-C60cxGSy.js:2:127830) @ https://new-ecosystem-platform-v2.smartcloudcon.com/assets/index-C60cxGSy.js:1
[  101576ms] [WARNING] ElementPlusError: [el-link] [API] The underline option (boolean) is about to be deprecated in version 3.0.0, please use 'always' | 'hover' | 'never' instead.
For more detail, please visit: https://element-plus.org/en-US/component/link.html#underline

    at s_ (https://new-ecosystem-platform-v2.smartcloudcon.com/assets/index-C60cxGSy.js:2:115315)
    at V.immediate (https://new-ecosystem-platform-v2.smartcloudcon.com/assets/index-C60cxGSy.js:2:127848)
    at nd (https://new-ecosystem-platform-v2.smartcloudcon.com/assets/index-C60cxGSy.js:2:51119)
    at rd (https://new-ecosystem-platform-v2.smartcloudcon.com/assets/index-C60cxGSy.js:2:51187)
    at Md.s.call (https://new-ecosystem-platform-v2.smartcloudcon.com/assets/index-C60cxGSy.js:2:54465)
    at y (https://new-ecosystem-platform-v2.smartcloudcon.com/assets/index-C60cxGSy.js:2:50376)
    at ed (https://new-ecosystem-platform-v2.smartcloudcon.com/assets/index-C60cxGSy.js:2:50586)
    at Md (https://new-ecosystem-platform-v2.smartcloudcon.com/assets/index-C60cxGSy.js:2:54664)
    at V (https://new-ecosystem-platform-v2.smartcloudcon.com/assets/index-C60cxGSy.js:2:54209)
    at lv (https://new-ecosystem-platform-v2.smartcloudcon.com/assets/index-C60cxGSy.js:2:127830) @ https://new-ecosystem-platform-v2.smartcloudcon.com/assets/index-C60cxGSy.js:1
[  101577ms] [WARNING] ElementPlusError: [el-link] [API] The underline option (boolean) is about to be deprecated in version 3.0.0, please use 'always' | 'hover' | 'never' instead.
For more detail, please visit: https://element-plus.org/en-US/component/link.html#underline

    at s_ (https://new-ecosystem-platform-v2.smartcloudcon.com/assets/index-C60cxGSy.js:2:115315)
    at V.immediate (https://new-ecosystem-platform-v2.smartcloudcon.com/assets/index-C60cxGSy.js:2:127848)
    at nd (https://new-ecosystem-platform-v2.smartcloudcon.com/assets/index-C60cxGSy.js:2:51119)
    at rd (https://new-ecosystem-platform-v2.smartcloudcon.com/assets/index-C60cxGSy.js:2:51187)
    at Md.s.call (https://new-ecosystem-platform-v2.smartcloudcon.com/assets/index-C60cxGSy.js:2:54465)
    at y (https://new-ecosystem-platform-v2.smartcloudcon.com/assets/index-C60cxGSy.js:2:50376)
    at ed (https://new-ecosystem-platform-v2.smartcloudcon.com/assets/index-C60cxGSy.js:2:50586)
    at Md (https://new-ecosystem-platform-v2.smartcloudcon.com/assets/index-C60cxGSy.js:2:54664)
    at V (https://new-ecosystem-platform-v2.smartcloudcon.com/assets/index-C60cxGSy.js:2:54209)
    at lv (https://new-ecosystem-platform-v2.smartcloudcon.com/assets/index-C60cxGSy.js:2:127830) @ https://new-ecosystem-platform-v2.smartcloudcon.com/assets/index-C60cxGSy.js:1
[  101577ms] [WARNING] ElementPlusError: [el-link] [API] The underline option (boolean) is about to be deprecated in version 3.0.0, please use 'always' | 'hover' | 'never' instead.
For more detail, please visit: https://element-plus.org/en-US/component/link.html#underline

    at s_ (https://new-ecosystem-platform-v2.smartcloudcon.com/assets/index-C60cxGSy.js:2:115315)
    at V.immediate (https://new-ecosystem-platform-v2.smartcloudcon.com/assets/index-C60cxGSy.js:2:127848)
    at nd (https://new-ecosystem-platform-v2.smartcloudcon.com/assets/index-C60cxGSy.js:2:51119)
    at rd (https://new-ecosystem-platform-v2.smartcloudcon.com/assets/index-C60cxGSy.js:2:51187)
    at Md.s.call (https://new-ecosystem-platform-v2.smartcloudcon.com/assets/index-C60cxGSy.js:2:54465)
    at y (https://new-ecosystem-platform-v2.smartcloudcon.com/assets/index-C60cxGSy.js:2:50376)
    at ed (https://new-ecosystem-platform-v2.smartcloudcon.com/assets/index-C60cxGSy.js:2:50586)
    at Md (https://new-ecosystem-platform-v2.smartcloudcon.com/assets/index-C60cxGSy.js:2:54664)
    at V (https://new-ecosystem-platform-v2.smartcloudcon.com/assets/index-C60cxGSy.js:2:54209)
    at lv (https://new-ecosystem-platform-v2.smartcloudcon.com/assets/index-C60cxGSy.js:2:127830) @ https://new-ecosystem-platform-v2.smartcloudcon.com/assets/index-C60cxGSy.js:1
[  101579ms] [WARNING] ElementPlusError: [el-link] [API] The underline option (boolean) is about to be deprecated in version 3.0.0, please use 'always' | 'hover' | 'never' instead.
For more detail, please visit: https://element-plus.org/en-US/component/link.html#underline

    at s_ (https://new-ecosystem-platform-v2.smartcloudcon.com/assets/index-C60cxGSy.js:2:115315)
    at V.immediate (https://new-ecosystem-platform-v2.smartcloudcon.com/assets/index-C60cxGSy.js:2:127848)
    at nd (https://new-ecosystem-platform-v2.smartcloudcon.com/assets/index-C60cxGSy.js:2:51119)
    at rd (https://new-ecosystem-platform-v2.smartcloudcon.com/assets/index-C60cxGSy.js:2:51187)
    at Md.s.call (https://new-ecosystem-platform-v2.smartcloudcon.com/assets/index-C60cxGSy.js:2:54465)
    at y (https://new-ecosystem-platform-v2.smartcloudcon.com/assets/index-C60cxGSy.js:2:50376)
    at ed (https://new-ecosystem-platform-v2.smartcloudcon.com/assets/index-C60cxGSy.js:2:50586)
    at Md (https://new-ecosystem-platform-v2.smartcloudcon.com/assets/index-C60cxGSy.js:2:54664)
    at V (https://new-ecosystem-platform-v2.smartcloudcon.com/assets/index-C60cxGSy.js:2:54209)
    at lv (https://new-ecosystem-platform-v2.smartcloudcon.com/assets/index-C60cxGSy.js:2:127830) @ https://new-ecosystem-platform-v2.smartcloudcon.com/assets/index-C60cxGSy.js:1
[  101581ms] [WARNING] ElementPlusError: [el-link] [API] The underline option (boolean) is about to be deprecated in version 3.0.0, please use 'always' | 'hover' | 'never' instead.
For more detail, please visit: https://element-plus.org/en-US/component/link.html#underline

    at s_ (https://new-ecosystem-platform-v2.smartcloudcon.com/assets/index-C60cxGSy.js:2:115315)
    at V.immediate (https://new-ecosystem-platform-v2.smartcloudcon.com/assets/index-C60cxGSy.js:2:127848)
    at nd (https://new-ecosystem-platform-v2.smartcloudcon.com/assets/index-C60cxGSy.js:2:51119)
    at rd (https://new-ecosystem-platform-v2.smartcloudcon.com/assets/index-C60cxGSy.js:2:51187)
    at Md.s.call (https://new-ecosystem-platform-v2.smartcloudcon.com/assets/index-C60cxGSy.js:2:54465)
    at y (https://new-ecosystem-platform-v2.smartcloudcon.com/assets/index-C60cxGSy.js:2:50376)
    at ed (https://new-ecosystem-platform-v2.smartcloudcon.com/assets/index-C60cxGSy.js:2:50586)
    at Md (https://new-ecosystem-platform-v2.smartcloudcon.com/assets/index-C60cxGSy.js:2:54664)
    at V (https://new-ecosystem-platform-v2.smartcloudcon.com/assets/index-C60cxGSy.js:2:54209)
    at lv (https://new-ecosystem-platform-v2.smartcloudcon.com/assets/index-C60cxGSy.js:2:127830) @ https://new-ecosystem-platform-v2.smartcloudcon.com/assets/index-C60cxGSy.js:1
[  109616ms] [LOG] 构建 @ https://new-ecosystem-platform-v2.smartcloudcon.com/assets/index-C60cxGSy.js:50
[  109616ms] [LOG] 触发同步缓存 @ https://new-ecosystem-platform-v2.smartcloudcon.com/assets/index-C60cxGSy.js:50
[  109620ms] [LOG] Proxy(Object) false false /product/audit @ https://new-ecosystem-platform-v2.smartcloudcon.com/assets/index-C60cxGSy.js:50
[  109681ms] [LOG] {code: 0, msg: ok, data: Object} 用户信息 @ https://new-ecosystem-platform-v2.smartcloudcon.com/assets/index-C60cxGSy.js:50
[  109769ms] [LOG] 添加路由完毕 @ https://new-ecosystem-platform-v2.smartcloudcon.com/assets/index-C60cxGSy.js:50
[  109769ms] [LOG] 注册路由Tree @ https://new-ecosystem-platform-v2.smartcloudcon.com/assets/index-C60cxGSy.js:50
[  109772ms] [LOG] [Object, Object, Object, Object, Object, Object, Object, Object, Object, Object, Object, Object, Object, Object, Object, Object, Object, Object, Object, Object, Object, Object, Object, Object, Object, Object, Object, Object, Object, Object, Object, Object, Object, Object, Object, Object, Object, Object, Object, Object, Object, Object, Object, Object, Object, Object, Object, Object, Object, Object, Object, Object, Object, Object, Object, Object, Object, Object, Object, Object, Object, Object, Object, Object, Object, Object, Object, Object, Object, Object, Object, Object, Object, Object, Object, Object, Object, Object, Object, Object, Object, Object, Object, Object, Object, Object, Object, Object, Object, Object, Object, Object, Object, Object, Object, Object, Object, Object, Object, Object] 路由扁平化结果 @ https://new-ecosystem-platform-v2.smartcloudcon.com/assets/index-C60cxGSy.js:50
