[    2193ms] [LOG] 构建 @ https://new-ecosystem-platform-v2.smartcloudcon.com/assets/index-CdQ3a6o1.js:50
[    2194ms] [LOG] 触发同步缓存 @ https://new-ecosystem-platform-v2.smartcloudcon.com/assets/index-CdQ3a6o1.js:50
[    2197ms] [LOG] Proxy(Object) true false /package/service @ https://new-ecosystem-platform-v2.smartcloudcon.com/assets/index-CdQ3a6o1.js:50
[    2198ms] [ERROR] Error: 登录信息失效
    at q9 (https://new-ecosystem-platform-v2.smartcloudcon.com/assets/index-CdQ3a6o1.js:51:144396)
    at See (https://new-ecosystem-platform-v2.smartcloudcon.com/assets/index-CdQ3a6o1.js:51:150075)
    at https://new-ecosystem-platform-v2.smartcloudcon.com/assets/index-CdQ3a6o1.js:51:150126 @ https://new-ecosystem-platform-v2.smartcloudcon.com/assets/index-CdQ3a6o1.js:50
[    2200ms] [LOG] Error: 登录信息失效
    at q9 (https://new-ecosystem-platform-v2.smartcloudcon.com/assets/index-CdQ3a6o1.js:51:144396)
    at See (https://new-ecosystem-platform-v2.smartcloudcon.com/assets/index-CdQ3a6o1.js:51:150075)
    at https://new-ecosystem-platform-v2.smartcloudcon.com/assets/index-CdQ3a6o1.js:51:150126 同步缓存失败 @ https://new-ecosystem-platform-v2.smartcloudcon.com/assets/index-CdQ3a6o1.js:50
[    2432ms] [LOG] 构建 @ https://new-ecosystem-platform-v2.smartcloudcon.com/assets/index-CdQ3a6o1.js:50
[    2432ms] [LOG] 触发同步缓存 @ https://new-ecosystem-platform-v2.smartcloudcon.com/assets/index-CdQ3a6o1.js:50
[    2433ms] [LOG] Proxy(Object) true true /login @ https://new-ecosystem-platform-v2.smartcloudcon.com/assets/index-CdQ3a6o1.js:50
[   16402ms] [LOG] 触发同步缓存 @ https://new-ecosystem-platform-v2.smartcloudcon.com/assets/index-CdQ3a6o1.js:50
[   16402ms] [LOG] Proxy(Object) false true /login @ https://new-ecosystem-platform-v2.smartcloudcon.com/assets/index-CdQ3a6o1.js:50
[   16653ms] [LOG] {code: 0, msg: ok, data: Object} 用户信息 @ https://new-ecosystem-platform-v2.smartcloudcon.com/assets/index-CdQ3a6o1.js:50
[   16983ms] [LOG] 添加路由完毕 @ https://new-ecosystem-platform-v2.smartcloudcon.com/assets/index-CdQ3a6o1.js:50
[   16983ms] [LOG] 注册路由Tree @ https://new-ecosystem-platform-v2.smartcloudcon.com/assets/index-CdQ3a6o1.js:50
[   16984ms] [LOG] [Object, Object, Object, Object, Object, Object, Object, Object, Object, Object, Object, Object, Object, Object, Object, Object, Object, Object, Object, Object, Object, Object, Object, Object, Object, Object, Object, Object, Object, Object, Object, Object, Object, Object, Object, Object, Object, Object, Object, Object, Object, Object, Object, Object, Object, Object, Object, Object, Object, Object, Object, Object, Object, Object, Object, Object, Object, Object, Object, Object, Object, Object, Object, Object, Object, Object, Object, Object, Object, Object, Object, Object, Object, Object, Object, Object, Object, Object, Object, Object, Object, Object, Object, Object, Object, Object, Object, Object, Object, Object, Object, Object, Object, Object, Object, Object, Object, Object, Object, Object] 路由扁平化结果 @ https://new-ecosystem-platform-v2.smartcloudcon.com/assets/index-CdQ3a6o1.js:50
[   17983ms] [WARNING] 老平台登录失败，不影响主流程 TypeError: Cannot read properties of null (reading 'access_token')
    at Proxy.d (https://new-ecosystem-platform-v2.smartcloudcon.com/assets/legacy-login-BHjXgKfu.js:22:361)
    at async f (https://new-ecosystem-platform-v2.smartcloudcon.com/assets/legacy-login-BHjXgKfu.js:22:1592)
    at async b (https://new-ecosystem-platform-v2.smartcloudcon.com/assets/login-zwA__sSa.js:1:12501) @ https://new-ecosystem-platform-v2.smartcloudcon.com/assets/login-zwA__sSa.js:0
[   17984ms] [LOG] 登录成功 @ https://new-ecosystem-platform-v2.smartcloudcon.com/assets/login-zwA__sSa.js:0
