[     515ms] [WARNING] [Vue warn]: Failed to resolve component: Setting
If this is a native custom element, make sure to exclude it from component resolution via compilerOptions.isCustomElement. 
  at <Index> 
  at <App> @ http://localhost:5173/node_modules/.vite/deps/chunk-D4VKVKNE.js?v=b0937ae5:2203
[     522ms] [WARNING] [Vue warn]: Vue received a Component that was made a reactive object. This can lead to unnecessary performance overhead and should be avoided by marking the component with `markRaw` or using `shallowRef` instead of `ref`. 
Component that was made reactive:  {name: House, __name: house, setup: } 
  at <ElIcon class="menu-icon" > 
  at <Index> 
  at <App> @ http://localhost:5173/node_modules/.vite/deps/chunk-D4VKVKNE.js?v=b0937ae5:2203
[     524ms] [WARNING] [Vue warn]: Vue received a Component that was made a reactive object. This can lead to unnecessary performance overhead and should be avoided by marking the component with `markRaw` or using `shallowRef` instead of `ref`. 
Component that was made reactive:  {name: Cpu, __name: cpu, setup: } 
  at <ElIcon class="menu-icon" > 
  at <Index> 
  at <App> @ http://localhost:5173/node_modules/.vite/deps/chunk-D4VKVKNE.js?v=b0937ae5:2203
[     526ms] [WARNING] [Vue warn]: Vue received a Component that was made a reactive object. This can lead to unnecessary performance overhead and should be avoided by marking the component with `markRaw` or using `shallowRef` instead of `ref`. 
Component that was made reactive:  {name: SetUp, __name: set-up, setup: } 
  at <ElIcon class="menu-icon" size=16 > 
  at <Index> 
  at <App> @ http://localhost:5173/node_modules/.vite/deps/chunk-D4VKVKNE.js?v=b0937ae5:2203
[     527ms] [WARNING] [Vue warn]: Vue received a Component that was made a reactive object. This can lead to unnecessary performance overhead and should be avoided by marking the component with `markRaw` or using `shallowRef` instead of `ref`. 
Component that was made reactive:  {name: Cpu, __name: cpu, setup: } 
  at <ElIcon class="menu-icon" size=16 > 
  at <Index> 
  at <App> @ http://localhost:5173/node_modules/.vite/deps/chunk-D4VKVKNE.js?v=b0937ae5:2203
[     528ms] [WARNING] [Vue warn]: Vue received a Component that was made a reactive object. This can lead to unnecessary performance overhead and should be avoided by marking the component with `markRaw` or using `shallowRef` instead of `ref`. 
Component that was made reactive:  {name: Grid, __name: grid, setup: } 
  at <ElIcon class="menu-icon" size=16 > 
  at <Index> 
  at <App> @ http://localhost:5173/node_modules/.vite/deps/chunk-D4VKVKNE.js?v=b0937ae5:2203
[     529ms] [WARNING] [Vue warn]: Vue received a Component that was made a reactive object. This can lead to unnecessary performance overhead and should be avoided by marking the component with `markRaw` or using `shallowRef` instead of `ref`. 
Component that was made reactive:  {name: Box, __name: box, setup: } 
  at <ElIcon class="menu-icon" > 
  at <Index> 
  at <App> @ http://localhost:5173/node_modules/.vite/deps/chunk-D4VKVKNE.js?v=b0937ae5:2203
[     530ms] [WARNING] [Vue warn]: Vue received a Component that was made a reactive object. This can lead to unnecessary performance overhead and should be avoided by marking the component with `markRaw` or using `shallowRef` instead of `ref`. 
Component that was made reactive:  {name: Box, __name: box, setup: } 
  at <ElIcon class="menu-icon" size=16 > 
  at <Index> 
  at <App> @ http://localhost:5173/node_modules/.vite/deps/chunk-D4VKVKNE.js?v=b0937ae5:2203
[     531ms] [WARNING] [Vue warn]: Vue received a Component that was made a reactive object. This can lead to unnecessary performance overhead and should be avoided by marking the component with `markRaw` or using `shallowRef` instead of `ref`. 
Component that was made reactive:  {name: Present, __name: present, setup: } 
  at <ElIcon class="menu-icon" > 
  at <Index> 
  at <App> @ http://localhost:5173/node_modules/.vite/deps/chunk-D4VKVKNE.js?v=b0937ae5:2203
[     532ms] [WARNING] [Vue warn]: Vue received a Component that was made a reactive object. This can lead to unnecessary performance overhead and should be avoided by marking the component with `markRaw` or using `shallowRef` instead of `ref`. 
Component that was made reactive:  {name: Box, __name: box, setup: } 
  at <ElIcon class="menu-icon" size=16 > 
  at <Index> 
  at <App> @ http://localhost:5173/node_modules/.vite/deps/chunk-D4VKVKNE.js?v=b0937ae5:2203
[     533ms] [WARNING] [Vue warn]: Vue received a Component that was made a reactive object. This can lead to unnecessary performance overhead and should be avoided by marking the component with `markRaw` or using `shallowRef` instead of `ref`. 
Component that was made reactive:  {name: Operation, __name: operation, setup: } 
  at <ElIcon class="menu-icon" > 
  at <Index> 
  at <App> @ http://localhost:5173/node_modules/.vite/deps/chunk-D4VKVKNE.js?v=b0937ae5:2203
[     534ms] [WARNING] [Vue warn]: Vue received a Component that was made a reactive object. This can lead to unnecessary performance overhead and should be avoided by marking the component with `markRaw` or using `shallowRef` instead of `ref`. 
Component that was made reactive:  {name: ShoppingCart, __name: shopping-cart, setup: } 
  at <ElIcon class="menu-icon" size=16 > 
  at <Index> 
  at <App> @ http://localhost:5173/node_modules/.vite/deps/chunk-D4VKVKNE.js?v=b0937ae5:2203
[     534ms] [WARNING] [Vue warn]: Vue received a Component that was made a reactive object. This can lead to unnecessary performance overhead and should be avoided by marking the component with `markRaw` or using `shallowRef` instead of `ref`. 
Component that was made reactive:  {name: Star, __name: star, setup: } 
  at <ElIcon class="menu-icon" size=16 > 
  at <Index> 
  at <App> @ http://localhost:5173/node_modules/.vite/deps/chunk-D4VKVKNE.js?v=b0937ae5:2203
[     535ms] [WARNING] [Vue warn]: Vue received a Component that was made a reactive object. This can lead to unnecessary performance overhead and should be avoided by marking the component with `markRaw` or using `shallowRef` instead of `ref`. 
Component that was made reactive:  {name: Present, __name: present, setup: } 
  at <ElIcon class="menu-icon" size=16 > 
  at <Index> 
  at <App> @ http://localhost:5173/node_modules/.vite/deps/chunk-D4VKVKNE.js?v=b0937ae5:2203
[     537ms] [WARNING] [Vue warn]: Vue received a Component that was made a reactive object. This can lead to unnecessary performance overhead and should be avoided by marking the component with `markRaw` or using `shallowRef` instead of `ref`. 
Component that was made reactive:  {name: UserFilled, __name: user-filled, setup: } 
  at <ElIcon class="menu-icon" size=16 > 
  at <Index> 
  at <App> @ http://localhost:5173/node_modules/.vite/deps/chunk-D4VKVKNE.js?v=b0937ae5:2203
[     538ms] [WARNING] [Vue warn]: Vue received a Component that was made a reactive object. This can lead to unnecessary performance overhead and should be avoided by marking the component with `markRaw` or using `shallowRef` instead of `ref`. 
Component that was made reactive:  {name: DataAnalysis, __name: data-analysis, setup: } 
  at <ElIcon class="menu-icon" size=16 > 
  at <Index> 
  at <App> @ http://localhost:5173/node_modules/.vite/deps/chunk-D4VKVKNE.js?v=b0937ae5:2203
[     749ms] [WARNING] [Vue warn]: Failed to resolve component: Setting
If this is a native custom element, make sure to exclude it from component resolution via compilerOptions.isCustomElement. 
  at <Index> 
  at <App> @ http://localhost:5173/node_modules/.vite/deps/chunk-D4VKVKNE.js?v=b0937ae5:2203
[     751ms] [WARNING] [Vue warn]: Vue received a Component that was made a reactive object. This can lead to unnecessary performance overhead and should be avoided by marking the component with `markRaw` or using `shallowRef` instead of `ref`. 
Component that was made reactive:  {name: House, __name: house, setup: } 
  at <ElIcon class="menu-icon" > 
  at <Index> 
  at <App> @ http://localhost:5173/node_modules/.vite/deps/chunk-D4VKVKNE.js?v=b0937ae5:2203
[     751ms] [WARNING] [Vue warn]: Vue received a Component that was made a reactive object. This can lead to unnecessary performance overhead and should be avoided by marking the component with `markRaw` or using `shallowRef` instead of `ref`. 
Component that was made reactive:  {name: Cpu, __name: cpu, setup: } 
  at <ElIcon class="menu-icon" > 
  at <Index> 
  at <App> @ http://localhost:5173/node_modules/.vite/deps/chunk-D4VKVKNE.js?v=b0937ae5:2203
[     752ms] [WARNING] [Vue warn]: Vue received a Component that was made a reactive object. This can lead to unnecessary performance overhead and should be avoided by marking the component with `markRaw` or using `shallowRef` instead of `ref`. 
Component that was made reactive:  {name: SetUp, __name: set-up, setup: } 
  at <ElIcon class="menu-icon" size=16 > 
  at <Index> 
  at <App> @ http://localhost:5173/node_modules/.vite/deps/chunk-D4VKVKNE.js?v=b0937ae5:2203
[     753ms] [WARNING] [Vue warn]: Vue received a Component that was made a reactive object. This can lead to unnecessary performance overhead and should be avoided by marking the component with `markRaw` or using `shallowRef` instead of `ref`. 
Component that was made reactive:  {name: Cpu, __name: cpu, setup: } 
  at <ElIcon class="menu-icon" size=16 > 
  at <Index> 
  at <App> @ http://localhost:5173/node_modules/.vite/deps/chunk-D4VKVKNE.js?v=b0937ae5:2203
[     753ms] [WARNING] [Vue warn]: Vue received a Component that was made a reactive object. This can lead to unnecessary performance overhead and should be avoided by marking the component with `markRaw` or using `shallowRef` instead of `ref`. 
Component that was made reactive:  {name: Grid, __name: grid, setup: } 
  at <ElIcon class="menu-icon" size=16 > 
  at <Index> 
  at <App> @ http://localhost:5173/node_modules/.vite/deps/chunk-D4VKVKNE.js?v=b0937ae5:2203
[     754ms] [WARNING] [Vue warn]: Vue received a Component that was made a reactive object. This can lead to unnecessary performance overhead and should be avoided by marking the component with `markRaw` or using `shallowRef` instead of `ref`. 
Component that was made reactive:  {name: Box, __name: box, setup: } 
  at <ElIcon class="menu-icon" > 
  at <Index> 
  at <App> @ http://localhost:5173/node_modules/.vite/deps/chunk-D4VKVKNE.js?v=b0937ae5:2203
[     755ms] [WARNING] [Vue warn]: Vue received a Component that was made a reactive object. This can lead to unnecessary performance overhead and should be avoided by marking the component with `markRaw` or using `shallowRef` instead of `ref`. 
Component that was made reactive:  {name: Box, __name: box, setup: } 
  at <ElIcon class="menu-icon" size=16 > 
  at <Index> 
  at <App> @ http://localhost:5173/node_modules/.vite/deps/chunk-D4VKVKNE.js?v=b0937ae5:2203
[     755ms] [WARNING] [Vue warn]: Vue received a Component that was made a reactive object. This can lead to unnecessary performance overhead and should be avoided by marking the component with `markRaw` or using `shallowRef` instead of `ref`. 
Component that was made reactive:  {name: Present, __name: present, setup: } 
  at <ElIcon class="menu-icon" > 
  at <Index> 
  at <App> @ http://localhost:5173/node_modules/.vite/deps/chunk-D4VKVKNE.js?v=b0937ae5:2203
[     755ms] [WARNING] [Vue warn]: Vue received a Component that was made a reactive object. This can lead to unnecessary performance overhead and should be avoided by marking the component with `markRaw` or using `shallowRef` instead of `ref`. 
Component that was made reactive:  {name: Box, __name: box, setup: } 
  at <ElIcon class="menu-icon" size=16 > 
  at <Index> 
  at <App> @ http://localhost:5173/node_modules/.vite/deps/chunk-D4VKVKNE.js?v=b0937ae5:2203
[     756ms] [WARNING] [Vue warn]: Vue received a Component that was made a reactive object. This can lead to unnecessary performance overhead and should be avoided by marking the component with `markRaw` or using `shallowRef` instead of `ref`. 
Component that was made reactive:  {name: Operation, __name: operation, setup: } 
  at <ElIcon class="menu-icon" > 
  at <Index> 
  at <App> @ http://localhost:5173/node_modules/.vite/deps/chunk-D4VKVKNE.js?v=b0937ae5:2203
[     756ms] [WARNING] [Vue warn]: Vue received a Component that was made a reactive object. This can lead to unnecessary performance overhead and should be avoided by marking the component with `markRaw` or using `shallowRef` instead of `ref`. 
Component that was made reactive:  {name: ShoppingCart, __name: shopping-cart, setup: } 
  at <ElIcon class="menu-icon" size=16 > 
  at <Index> 
  at <App> @ http://localhost:5173/node_modules/.vite/deps/chunk-D4VKVKNE.js?v=b0937ae5:2203
[     757ms] [WARNING] [Vue warn]: Vue received a Component that was made a reactive object. This can lead to unnecessary performance overhead and should be avoided by marking the component with `markRaw` or using `shallowRef` instead of `ref`. 
Component that was made reactive:  {name: Star, __name: star, setup: } 
  at <ElIcon class="menu-icon" size=16 > 
  at <Index> 
  at <App> @ http://localhost:5173/node_modules/.vite/deps/chunk-D4VKVKNE.js?v=b0937ae5:2203
[     757ms] [WARNING] [Vue warn]: Vue received a Component that was made a reactive object. This can lead to unnecessary performance overhead and should be avoided by marking the component with `markRaw` or using `shallowRef` instead of `ref`. 
Component that was made reactive:  {name: Present, __name: present, setup: } 
  at <ElIcon class="menu-icon" size=16 > 
  at <Index> 
  at <App> @ http://localhost:5173/node_modules/.vite/deps/chunk-D4VKVKNE.js?v=b0937ae5:2203
[     758ms] [WARNING] [Vue warn]: Vue received a Component that was made a reactive object. This can lead to unnecessary performance overhead and should be avoided by marking the component with `markRaw` or using `shallowRef` instead of `ref`. 
Component that was made reactive:  {name: UserFilled, __name: user-filled, setup: } 
  at <ElIcon class="menu-icon" size=16 > 
  at <Index> 
  at <App> @ http://localhost:5173/node_modules/.vite/deps/chunk-D4VKVKNE.js?v=b0937ae5:2203
[     758ms] [WARNING] [Vue warn]: Vue received a Component that was made a reactive object. This can lead to unnecessary performance overhead and should be avoided by marking the component with `markRaw` or using `shallowRef` instead of `ref`. 
Component that was made reactive:  {name: DataAnalysis, __name: data-analysis, setup: } 
  at <ElIcon class="menu-icon" size=16 > 
  at <Index> 
  at <App> @ http://localhost:5173/node_modules/.vite/deps/chunk-D4VKVKNE.js?v=b0937ae5:2203
[     781ms] [WARNING] ElementPlusError: [el-checkbox] [API] label act as value is about to be deprecated in version 3.0.0, please use value instead.
For more detail, please visit: https://element-plus.org/en-US/component/checkbox.html

    at debugWarn (http://localhost:5173/node_modules/.vite/deps/element-plus.js?v=b0937ae5:10429:37)
    at watch.immediate (http://localhost:5173/node_modules/.vite/deps/element-plus.js?v=b0937ae5:10473:14)
    at callWithErrorHandling (http://localhost:5173/node_modules/.vite/deps/chunk-D4VKVKNE.js?v=b0937ae5:2351:19)
    at callWithAsyncErrorHandling (http://localhost:5173/node_modules/.vite/deps/chunk-D4VKVKNE.js?v=b0937ae5:2358:17)
    at baseWatchOptions.call (http://localhost:5173/node_modules/.vite/deps/chunk-D4VKVKNE.js?v=b0937ae5:3043:47)
    at job (http://localhost:5173/node_modules/.vite/deps/chunk-D4VKVKNE.js?v=b0937ae5:2081:18)
    at watch (http://localhost:5173/node_modules/.vite/deps/chunk-D4VKVKNE.js?v=b0937ae5:2116:7)
    at doWatch (http://localhost:5173/node_modules/.vite/deps/chunk-D4VKVKNE.js?v=b0937ae5:3071:23)
    at watch2 (http://localhost:5173/node_modules/.vite/deps/chunk-D4VKVKNE.js?v=b0937ae5:3004:10)
    at useDeprecated (http://localhost:5173/node_modules/.vite/deps/element-plus.js?v=b0937ae5:10472:3) @ http://localhost:5173/node_modules/.vite/deps/element-plus.js?v=b0937ae5:10429
[     784ms] [WARNING] ElementPlusError: [el-checkbox] [API] label act as value is about to be deprecated in version 3.0.0, please use value instead.
For more detail, please visit: https://element-plus.org/en-US/component/checkbox.html

    at debugWarn (http://localhost:5173/node_modules/.vite/deps/element-plus.js?v=b0937ae5:10429:37)
    at watch.immediate (http://localhost:5173/node_modules/.vite/deps/element-plus.js?v=b0937ae5:10473:14)
    at callWithErrorHandling (http://localhost:5173/node_modules/.vite/deps/chunk-D4VKVKNE.js?v=b0937ae5:2351:19)
    at callWithAsyncErrorHandling (http://localhost:5173/node_modules/.vite/deps/chunk-D4VKVKNE.js?v=b0937ae5:2358:17)
    at baseWatchOptions.call (http://localhost:5173/node_modules/.vite/deps/chunk-D4VKVKNE.js?v=b0937ae5:3043:47)
    at job (http://localhost:5173/node_modules/.vite/deps/chunk-D4VKVKNE.js?v=b0937ae5:2081:18)
    at watch (http://localhost:5173/node_modules/.vite/deps/chunk-D4VKVKNE.js?v=b0937ae5:2116:7)
    at doWatch (http://localhost:5173/node_modules/.vite/deps/chunk-D4VKVKNE.js?v=b0937ae5:3071:23)
    at watch2 (http://localhost:5173/node_modules/.vite/deps/chunk-D4VKVKNE.js?v=b0937ae5:3004:10)
    at useDeprecated (http://localhost:5173/node_modules/.vite/deps/element-plus.js?v=b0937ae5:10472:3) @ http://localhost:5173/node_modules/.vite/deps/element-plus.js?v=b0937ae5:10429
[     785ms] [WARNING] ElementPlusError: [el-checkbox] [API] label act as value is about to be deprecated in version 3.0.0, please use value instead.
For more detail, please visit: https://element-plus.org/en-US/component/checkbox.html

    at debugWarn (http://localhost:5173/node_modules/.vite/deps/element-plus.js?v=b0937ae5:10429:37)
    at watch.immediate (http://localhost:5173/node_modules/.vite/deps/element-plus.js?v=b0937ae5:10473:14)
    at callWithErrorHandling (http://localhost:5173/node_modules/.vite/deps/chunk-D4VKVKNE.js?v=b0937ae5:2351:19)
    at callWithAsyncErrorHandling (http://localhost:5173/node_modules/.vite/deps/chunk-D4VKVKNE.js?v=b0937ae5:2358:17)
    at baseWatchOptions.call (http://localhost:5173/node_modules/.vite/deps/chunk-D4VKVKNE.js?v=b0937ae5:3043:47)
    at job (http://localhost:5173/node_modules/.vite/deps/chunk-D4VKVKNE.js?v=b0937ae5:2081:18)
    at watch (http://localhost:5173/node_modules/.vite/deps/chunk-D4VKVKNE.js?v=b0937ae5:2116:7)
    at doWatch (http://localhost:5173/node_modules/.vite/deps/chunk-D4VKVKNE.js?v=b0937ae5:3071:23)
    at watch2 (http://localhost:5173/node_modules/.vite/deps/chunk-D4VKVKNE.js?v=b0937ae5:3004:10)
    at useDeprecated (http://localhost:5173/node_modules/.vite/deps/element-plus.js?v=b0937ae5:10472:3) @ http://localhost:5173/node_modules/.vite/deps/element-plus.js?v=b0937ae5:10429
[     788ms] [WARNING] ElementPlusError: [el-checkbox] [API] label act as value is about to be deprecated in version 3.0.0, please use value instead.
For more detail, please visit: https://element-plus.org/en-US/component/checkbox.html

    at debugWarn (http://localhost:5173/node_modules/.vite/deps/element-plus.js?v=b0937ae5:10429:37)
    at watch.immediate (http://localhost:5173/node_modules/.vite/deps/element-plus.js?v=b0937ae5:10473:14)
    at callWithErrorHandling (http://localhost:5173/node_modules/.vite/deps/chunk-D4VKVKNE.js?v=b0937ae5:2351:19)
    at callWithAsyncErrorHandling (http://localhost:5173/node_modules/.vite/deps/chunk-D4VKVKNE.js?v=b0937ae5:2358:17)
    at baseWatchOptions.call (http://localhost:5173/node_modules/.vite/deps/chunk-D4VKVKNE.js?v=b0937ae5:3043:47)
    at job (http://localhost:5173/node_modules/.vite/deps/chunk-D4VKVKNE.js?v=b0937ae5:2081:18)
    at watch (http://localhost:5173/node_modules/.vite/deps/chunk-D4VKVKNE.js?v=b0937ae5:2116:7)
    at doWatch (http://localhost:5173/node_modules/.vite/deps/chunk-D4VKVKNE.js?v=b0937ae5:3071:23)
    at watch2 (http://localhost:5173/node_modules/.vite/deps/chunk-D4VKVKNE.js?v=b0937ae5:3004:10)
    at useDeprecated (http://localhost:5173/node_modules/.vite/deps/element-plus.js?v=b0937ae5:10472:3) @ http://localhost:5173/node_modules/.vite/deps/element-plus.js?v=b0937ae5:10429
[     789ms] [WARNING] ElementPlusError: [el-checkbox] [API] label act as value is about to be deprecated in version 3.0.0, please use value instead.
For more detail, please visit: https://element-plus.org/en-US/component/checkbox.html

    at debugWarn (http://localhost:5173/node_modules/.vite/deps/element-plus.js?v=b0937ae5:10429:37)
    at watch.immediate (http://localhost:5173/node_modules/.vite/deps/element-plus.js?v=b0937ae5:10473:14)
    at callWithErrorHandling (http://localhost:5173/node_modules/.vite/deps/chunk-D4VKVKNE.js?v=b0937ae5:2351:19)
    at callWithAsyncErrorHandling (http://localhost:5173/node_modules/.vite/deps/chunk-D4VKVKNE.js?v=b0937ae5:2358:17)
    at baseWatchOptions.call (http://localhost:5173/node_modules/.vite/deps/chunk-D4VKVKNE.js?v=b0937ae5:3043:47)
    at job (http://localhost:5173/node_modules/.vite/deps/chunk-D4VKVKNE.js?v=b0937ae5:2081:18)
    at watch (http://localhost:5173/node_modules/.vite/deps/chunk-D4VKVKNE.js?v=b0937ae5:2116:7)
    at doWatch (http://localhost:5173/node_modules/.vite/deps/chunk-D4VKVKNE.js?v=b0937ae5:3071:23)
    at watch2 (http://localhost:5173/node_modules/.vite/deps/chunk-D4VKVKNE.js?v=b0937ae5:3004:10)
    at useDeprecated (http://localhost:5173/node_modules/.vite/deps/element-plus.js?v=b0937ae5:10472:3) @ http://localhost:5173/node_modules/.vite/deps/element-plus.js?v=b0937ae5:10429
[     790ms] [WARNING] ElementPlusError: [el-checkbox] [API] label act as value is about to be deprecated in version 3.0.0, please use value instead.
For more detail, please visit: https://element-plus.org/en-US/component/checkbox.html

    at debugWarn (http://localhost:5173/node_modules/.vite/deps/element-plus.js?v=b0937ae5:10429:37)
    at watch.immediate (http://localhost:5173/node_modules/.vite/deps/element-plus.js?v=b0937ae5:10473:14)
    at callWithErrorHandling (http://localhost:5173/node_modules/.vite/deps/chunk-D4VKVKNE.js?v=b0937ae5:2351:19)
    at callWithAsyncErrorHandling (http://localhost:5173/node_modules/.vite/deps/chunk-D4VKVKNE.js?v=b0937ae5:2358:17)
    at baseWatchOptions.call (http://localhost:5173/node_modules/.vite/deps/chunk-D4VKVKNE.js?v=b0937ae5:3043:47)
    at job (http://localhost:5173/node_modules/.vite/deps/chunk-D4VKVKNE.js?v=b0937ae5:2081:18)
    at watch (http://localhost:5173/node_modules/.vite/deps/chunk-D4VKVKNE.js?v=b0937ae5:2116:7)
    at doWatch (http://localhost:5173/node_modules/.vite/deps/chunk-D4VKVKNE.js?v=b0937ae5:3071:23)
    at watch2 (http://localhost:5173/node_modules/.vite/deps/chunk-D4VKVKNE.js?v=b0937ae5:3004:10)
    at useDeprecated (http://localhost:5173/node_modules/.vite/deps/element-plus.js?v=b0937ae5:10472:3) @ http://localhost:5173/node_modules/.vite/deps/element-plus.js?v=b0937ae5:10429
[     791ms] [WARNING] ElementPlusError: [el-checkbox] [API] label act as value is about to be deprecated in version 3.0.0, please use value instead.
For more detail, please visit: https://element-plus.org/en-US/component/checkbox.html

    at debugWarn (http://localhost:5173/node_modules/.vite/deps/element-plus.js?v=b0937ae5:10429:37)
    at watch.immediate (http://localhost:5173/node_modules/.vite/deps/element-plus.js?v=b0937ae5:10473:14)
    at callWithErrorHandling (http://localhost:5173/node_modules/.vite/deps/chunk-D4VKVKNE.js?v=b0937ae5:2351:19)
    at callWithAsyncErrorHandling (http://localhost:5173/node_modules/.vite/deps/chunk-D4VKVKNE.js?v=b0937ae5:2358:17)
    at baseWatchOptions.call (http://localhost:5173/node_modules/.vite/deps/chunk-D4VKVKNE.js?v=b0937ae5:3043:47)
    at job (http://localhost:5173/node_modules/.vite/deps/chunk-D4VKVKNE.js?v=b0937ae5:2081:18)
    at watch (http://localhost:5173/node_modules/.vite/deps/chunk-D4VKVKNE.js?v=b0937ae5:2116:7)
    at doWatch (http://localhost:5173/node_modules/.vite/deps/chunk-D4VKVKNE.js?v=b0937ae5:3071:23)
    at watch2 (http://localhost:5173/node_modules/.vite/deps/chunk-D4VKVKNE.js?v=b0937ae5:3004:10)
    at useDeprecated (http://localhost:5173/node_modules/.vite/deps/element-plus.js?v=b0937ae5:10472:3) @ http://localhost:5173/node_modules/.vite/deps/element-plus.js?v=b0937ae5:10429
[     792ms] [WARNING] ElementPlusError: [el-checkbox] [API] label act as value is about to be deprecated in version 3.0.0, please use value instead.
For more detail, please visit: https://element-plus.org/en-US/component/checkbox.html

    at debugWarn (http://localhost:5173/node_modules/.vite/deps/element-plus.js?v=b0937ae5:10429:37)
    at watch.immediate (http://localhost:5173/node_modules/.vite/deps/element-plus.js?v=b0937ae5:10473:14)
    at callWithErrorHandling (http://localhost:5173/node_modules/.vite/deps/chunk-D4VKVKNE.js?v=b0937ae5:2351:19)
    at callWithAsyncErrorHandling (http://localhost:5173/node_modules/.vite/deps/chunk-D4VKVKNE.js?v=b0937ae5:2358:17)
    at baseWatchOptions.call (http://localhost:5173/node_modules/.vite/deps/chunk-D4VKVKNE.js?v=b0937ae5:3043:47)
    at job (http://localhost:5173/node_modules/.vite/deps/chunk-D4VKVKNE.js?v=b0937ae5:2081:18)
    at watch (http://localhost:5173/node_modules/.vite/deps/chunk-D4VKVKNE.js?v=b0937ae5:2116:7)
    at doWatch (http://localhost:5173/node_modules/.vite/deps/chunk-D4VKVKNE.js?v=b0937ae5:3071:23)
    at watch2 (http://localhost:5173/node_modules/.vite/deps/chunk-D4VKVKNE.js?v=b0937ae5:3004:10)
    at useDeprecated (http://localhost:5173/node_modules/.vite/deps/element-plus.js?v=b0937ae5:10472:3) @ http://localhost:5173/node_modules/.vite/deps/element-plus.js?v=b0937ae5:10429
[     793ms] [WARNING] ElementPlusError: [el-checkbox] [API] label act as value is about to be deprecated in version 3.0.0, please use value instead.
For more detail, please visit: https://element-plus.org/en-US/component/checkbox.html

    at debugWarn (http://localhost:5173/node_modules/.vite/deps/element-plus.js?v=b0937ae5:10429:37)
    at watch.immediate (http://localhost:5173/node_modules/.vite/deps/element-plus.js?v=b0937ae5:10473:14)
    at callWithErrorHandling (http://localhost:5173/node_modules/.vite/deps/chunk-D4VKVKNE.js?v=b0937ae5:2351:19)
    at callWithAsyncErrorHandling (http://localhost:5173/node_modules/.vite/deps/chunk-D4VKVKNE.js?v=b0937ae5:2358:17)
    at baseWatchOptions.call (http://localhost:5173/node_modules/.vite/deps/chunk-D4VKVKNE.js?v=b0937ae5:3043:47)
    at job (http://localhost:5173/node_modules/.vite/deps/chunk-D4VKVKNE.js?v=b0937ae5:2081:18)
    at watch (http://localhost:5173/node_modules/.vite/deps/chunk-D4VKVKNE.js?v=b0937ae5:2116:7)
    at doWatch (http://localhost:5173/node_modules/.vite/deps/chunk-D4VKVKNE.js?v=b0937ae5:3071:23)
    at watch2 (http://localhost:5173/node_modules/.vite/deps/chunk-D4VKVKNE.js?v=b0937ae5:3004:10)
    at useDeprecated (http://localhost:5173/node_modules/.vite/deps/element-plus.js?v=b0937ae5:10472:3) @ http://localhost:5173/node_modules/.vite/deps/element-plus.js?v=b0937ae5:10429
[     794ms] [WARNING] ElementPlusError: [el-checkbox] [API] label act as value is about to be deprecated in version 3.0.0, please use value instead.
For more detail, please visit: https://element-plus.org/en-US/component/checkbox.html

    at debugWarn (http://localhost:5173/node_modules/.vite/deps/element-plus.js?v=b0937ae5:10429:37)
    at watch.immediate (http://localhost:5173/node_modules/.vite/deps/element-plus.js?v=b0937ae5:10473:14)
    at callWithErrorHandling (http://localhost:5173/node_modules/.vite/deps/chunk-D4VKVKNE.js?v=b0937ae5:2351:19)
    at callWithAsyncErrorHandling (http://localhost:5173/node_modules/.vite/deps/chunk-D4VKVKNE.js?v=b0937ae5:2358:17)
    at baseWatchOptions.call (http://localhost:5173/node_modules/.vite/deps/chunk-D4VKVKNE.js?v=b0937ae5:3043:47)
    at job (http://localhost:5173/node_modules/.vite/deps/chunk-D4VKVKNE.js?v=b0937ae5:2081:18)
    at watch (http://localhost:5173/node_modules/.vite/deps/chunk-D4VKVKNE.js?v=b0937ae5:2116:7)
    at doWatch (http://localhost:5173/node_modules/.vite/deps/chunk-D4VKVKNE.js?v=b0937ae5:3071:23)
    at watch2 (http://localhost:5173/node_modules/.vite/deps/chunk-D4VKVKNE.js?v=b0937ae5:3004:10)
    at useDeprecated (http://localhost:5173/node_modules/.vite/deps/element-plus.js?v=b0937ae5:10472:3) @ http://localhost:5173/node_modules/.vite/deps/element-plus.js?v=b0937ae5:10429
[     808ms] [WARNING] ElementPlusError: [el-checkbox] [API] label act as value is about to be deprecated in version 3.0.0, please use value instead.
For more detail, please visit: https://element-plus.org/en-US/component/checkbox.html

    at debugWarn (http://localhost:5173/node_modules/.vite/deps/element-plus.js?v=b0937ae5:10429:37)
    at watch.immediate (http://localhost:5173/node_modules/.vite/deps/element-plus.js?v=b0937ae5:10473:14)
    at callWithErrorHandling (http://localhost:5173/node_modules/.vite/deps/chunk-D4VKVKNE.js?v=b0937ae5:2351:19)
    at callWithAsyncErrorHandling (http://localhost:5173/node_modules/.vite/deps/chunk-D4VKVKNE.js?v=b0937ae5:2358:17)
    at baseWatchOptions.call (http://localhost:5173/node_modules/.vite/deps/chunk-D4VKVKNE.js?v=b0937ae5:3043:47)
    at job (http://localhost:5173/node_modules/.vite/deps/chunk-D4VKVKNE.js?v=b0937ae5:2081:18)
    at watch (http://localhost:5173/node_modules/.vite/deps/chunk-D4VKVKNE.js?v=b0937ae5:2116:7)
    at doWatch (http://localhost:5173/node_modules/.vite/deps/chunk-D4VKVKNE.js?v=b0937ae5:3071:23)
    at watch2 (http://localhost:5173/node_modules/.vite/deps/chunk-D4VKVKNE.js?v=b0937ae5:3004:10)
    at useDeprecated (http://localhost:5173/node_modules/.vite/deps/element-plus.js?v=b0937ae5:10472:3) @ http://localhost:5173/node_modules/.vite/deps/element-plus.js?v=b0937ae5:10429
[     809ms] [WARNING] ElementPlusError: [el-checkbox] [API] label act as value is about to be deprecated in version 3.0.0, please use value instead.
For more detail, please visit: https://element-plus.org/en-US/component/checkbox.html

    at debugWarn (http://localhost:5173/node_modules/.vite/deps/element-plus.js?v=b0937ae5:10429:37)
    at watch.immediate (http://localhost:5173/node_modules/.vite/deps/element-plus.js?v=b0937ae5:10473:14)
    at callWithErrorHandling (http://localhost:5173/node_modules/.vite/deps/chunk-D4VKVKNE.js?v=b0937ae5:2351:19)
    at callWithAsyncErrorHandling (http://localhost:5173/node_modules/.vite/deps/chunk-D4VKVKNE.js?v=b0937ae5:2358:17)
    at baseWatchOptions.call (http://localhost:5173/node_modules/.vite/deps/chunk-D4VKVKNE.js?v=b0937ae5:3043:47)
    at job (http://localhost:5173/node_modules/.vite/deps/chunk-D4VKVKNE.js?v=b0937ae5:2081:18)
    at watch (http://localhost:5173/node_modules/.vite/deps/chunk-D4VKVKNE.js?v=b0937ae5:2116:7)
    at doWatch (http://localhost:5173/node_modules/.vite/deps/chunk-D4VKVKNE.js?v=b0937ae5:3071:23)
    at watch2 (http://localhost:5173/node_modules/.vite/deps/chunk-D4VKVKNE.js?v=b0937ae5:3004:10)
    at useDeprecated (http://localhost:5173/node_modules/.vite/deps/element-plus.js?v=b0937ae5:10472:3) @ http://localhost:5173/node_modules/.vite/deps/element-plus.js?v=b0937ae5:10429
[     810ms] [WARNING] ElementPlusError: [el-checkbox] [API] label act as value is about to be deprecated in version 3.0.0, please use value instead.
For more detail, please visit: https://element-plus.org/en-US/component/checkbox.html

    at debugWarn (http://localhost:5173/node_modules/.vite/deps/element-plus.js?v=b0937ae5:10429:37)
    at watch.immediate (http://localhost:5173/node_modules/.vite/deps/element-plus.js?v=b0937ae5:10473:14)
    at callWithErrorHandling (http://localhost:5173/node_modules/.vite/deps/chunk-D4VKVKNE.js?v=b0937ae5:2351:19)
    at callWithAsyncErrorHandling (http://localhost:5173/node_modules/.vite/deps/chunk-D4VKVKNE.js?v=b0937ae5:2358:17)
    at baseWatchOptions.call (http://localhost:5173/node_modules/.vite/deps/chunk-D4VKVKNE.js?v=b0937ae5:3043:47)
    at job (http://localhost:5173/node_modules/.vite/deps/chunk-D4VKVKNE.js?v=b0937ae5:2081:18)
    at watch (http://localhost:5173/node_modules/.vite/deps/chunk-D4VKVKNE.js?v=b0937ae5:2116:7)
    at doWatch (http://localhost:5173/node_modules/.vite/deps/chunk-D4VKVKNE.js?v=b0937ae5:3071:23)
    at watch2 (http://localhost:5173/node_modules/.vite/deps/chunk-D4VKVKNE.js?v=b0937ae5:3004:10)
    at useDeprecated (http://localhost:5173/node_modules/.vite/deps/element-plus.js?v=b0937ae5:10472:3) @ http://localhost:5173/node_modules/.vite/deps/element-plus.js?v=b0937ae5:10429
[     811ms] [WARNING] ElementPlusError: [el-checkbox] [API] label act as value is about to be deprecated in version 3.0.0, please use value instead.
For more detail, please visit: https://element-plus.org/en-US/component/checkbox.html

    at debugWarn (http://localhost:5173/node_modules/.vite/deps/element-plus.js?v=b0937ae5:10429:37)
    at watch.immediate (http://localhost:5173/node_modules/.vite/deps/element-plus.js?v=b0937ae5:10473:14)
    at callWithErrorHandling (http://localhost:5173/node_modules/.vite/deps/chunk-D4VKVKNE.js?v=b0937ae5:2351:19)
    at callWithAsyncErrorHandling (http://localhost:5173/node_modules/.vite/deps/chunk-D4VKVKNE.js?v=b0937ae5:2358:17)
    at baseWatchOptions.call (http://localhost:5173/node_modules/.vite/deps/chunk-D4VKVKNE.js?v=b0937ae5:3043:47)
    at job (http://localhost:5173/node_modules/.vite/deps/chunk-D4VKVKNE.js?v=b0937ae5:2081:18)
    at watch (http://localhost:5173/node_modules/.vite/deps/chunk-D4VKVKNE.js?v=b0937ae5:2116:7)
    at doWatch (http://localhost:5173/node_modules/.vite/deps/chunk-D4VKVKNE.js?v=b0937ae5:3071:23)
    at watch2 (http://localhost:5173/node_modules/.vite/deps/chunk-D4VKVKNE.js?v=b0937ae5:3004:10)
    at useDeprecated (http://localhost:5173/node_modules/.vite/deps/element-plus.js?v=b0937ae5:10472:3) @ http://localhost:5173/node_modules/.vite/deps/element-plus.js?v=b0937ae5:10429
[     812ms] [WARNING] ElementPlusError: [el-checkbox] [API] label act as value is about to be deprecated in version 3.0.0, please use value instead.
For more detail, please visit: https://element-plus.org/en-US/component/checkbox.html

    at debugWarn (http://localhost:5173/node_modules/.vite/deps/element-plus.js?v=b0937ae5:10429:37)
    at watch.immediate (http://localhost:5173/node_modules/.vite/deps/element-plus.js?v=b0937ae5:10473:14)
    at callWithErrorHandling (http://localhost:5173/node_modules/.vite/deps/chunk-D4VKVKNE.js?v=b0937ae5:2351:19)
    at callWithAsyncErrorHandling (http://localhost:5173/node_modules/.vite/deps/chunk-D4VKVKNE.js?v=b0937ae5:2358:17)
    at baseWatchOptions.call (http://localhost:5173/node_modules/.vite/deps/chunk-D4VKVKNE.js?v=b0937ae5:3043:47)
    at job (http://localhost:5173/node_modules/.vite/deps/chunk-D4VKVKNE.js?v=b0937ae5:2081:18)
    at watch (http://localhost:5173/node_modules/.vite/deps/chunk-D4VKVKNE.js?v=b0937ae5:2116:7)
    at doWatch (http://localhost:5173/node_modules/.vite/deps/chunk-D4VKVKNE.js?v=b0937ae5:3071:23)
    at watch2 (http://localhost:5173/node_modules/.vite/deps/chunk-D4VKVKNE.js?v=b0937ae5:3004:10)
    at useDeprecated (http://localhost:5173/node_modules/.vite/deps/element-plus.js?v=b0937ae5:10472:3) @ http://localhost:5173/node_modules/.vite/deps/element-plus.js?v=b0937ae5:10429
[     813ms] [WARNING] ElementPlusError: [el-checkbox] [API] label act as value is about to be deprecated in version 3.0.0, please use value instead.
For more detail, please visit: https://element-plus.org/en-US/component/checkbox.html

    at debugWarn (http://localhost:5173/node_modules/.vite/deps/element-plus.js?v=b0937ae5:10429:37)
    at watch.immediate (http://localhost:5173/node_modules/.vite/deps/element-plus.js?v=b0937ae5:10473:14)
    at callWithErrorHandling (http://localhost:5173/node_modules/.vite/deps/chunk-D4VKVKNE.js?v=b0937ae5:2351:19)
    at callWithAsyncErrorHandling (http://localhost:5173/node_modules/.vite/deps/chunk-D4VKVKNE.js?v=b0937ae5:2358:17)
    at baseWatchOptions.call (http://localhost:5173/node_modules/.vite/deps/chunk-D4VKVKNE.js?v=b0937ae5:3043:47)
    at job (http://localhost:5173/node_modules/.vite/deps/chunk-D4VKVKNE.js?v=b0937ae5:2081:18)
    at watch (http://localhost:5173/node_modules/.vite/deps/chunk-D4VKVKNE.js?v=b0937ae5:2116:7)
    at doWatch (http://localhost:5173/node_modules/.vite/deps/chunk-D4VKVKNE.js?v=b0937ae5:3071:23)
    at watch2 (http://localhost:5173/node_modules/.vite/deps/chunk-D4VKVKNE.js?v=b0937ae5:3004:10)
    at useDeprecated (http://localhost:5173/node_modules/.vite/deps/element-plus.js?v=b0937ae5:10472:3) @ http://localhost:5173/node_modules/.vite/deps/element-plus.js?v=b0937ae5:10429
[     814ms] [WARNING] ElementPlusError: [el-checkbox] [API] label act as value is about to be deprecated in version 3.0.0, please use value instead.
For more detail, please visit: https://element-plus.org/en-US/component/checkbox.html

    at debugWarn (http://localhost:5173/node_modules/.vite/deps/element-plus.js?v=b0937ae5:10429:37)
    at watch.immediate (http://localhost:5173/node_modules/.vite/deps/element-plus.js?v=b0937ae5:10473:14)
    at callWithErrorHandling (http://localhost:5173/node_modules/.vite/deps/chunk-D4VKVKNE.js?v=b0937ae5:2351:19)
    at callWithAsyncErrorHandling (http://localhost:5173/node_modules/.vite/deps/chunk-D4VKVKNE.js?v=b0937ae5:2358:17)
    at baseWatchOptions.call (http://localhost:5173/node_modules/.vite/deps/chunk-D4VKVKNE.js?v=b0937ae5:3043:47)
    at job (http://localhost:5173/node_modules/.vite/deps/chunk-D4VKVKNE.js?v=b0937ae5:2081:18)
    at watch (http://localhost:5173/node_modules/.vite/deps/chunk-D4VKVKNE.js?v=b0937ae5:2116:7)
    at doWatch (http://localhost:5173/node_modules/.vite/deps/chunk-D4VKVKNE.js?v=b0937ae5:3071:23)
    at watch2 (http://localhost:5173/node_modules/.vite/deps/chunk-D4VKVKNE.js?v=b0937ae5:3004:10)
    at useDeprecated (http://localhost:5173/node_modules/.vite/deps/element-plus.js?v=b0937ae5:10472:3) @ http://localhost:5173/node_modules/.vite/deps/element-plus.js?v=b0937ae5:10429
[     816ms] [WARNING] ElementPlusError: [el-checkbox] [API] label act as value is about to be deprecated in version 3.0.0, please use value instead.
For more detail, please visit: https://element-plus.org/en-US/component/checkbox.html

    at debugWarn (http://localhost:5173/node_modules/.vite/deps/element-plus.js?v=b0937ae5:10429:37)
    at watch.immediate (http://localhost:5173/node_modules/.vite/deps/element-plus.js?v=b0937ae5:10473:14)
    at callWithErrorHandling (http://localhost:5173/node_modules/.vite/deps/chunk-D4VKVKNE.js?v=b0937ae5:2351:19)
    at callWithAsyncErrorHandling (http://localhost:5173/node_modules/.vite/deps/chunk-D4VKVKNE.js?v=b0937ae5:2358:17)
    at baseWatchOptions.call (http://localhost:5173/node_modules/.vite/deps/chunk-D4VKVKNE.js?v=b0937ae5:3043:47)
    at job (http://localhost:5173/node_modules/.vite/deps/chunk-D4VKVKNE.js?v=b0937ae5:2081:18)
    at watch (http://localhost:5173/node_modules/.vite/deps/chunk-D4VKVKNE.js?v=b0937ae5:2116:7)
    at doWatch (http://localhost:5173/node_modules/.vite/deps/chunk-D4VKVKNE.js?v=b0937ae5:3071:23)
    at watch2 (http://localhost:5173/node_modules/.vite/deps/chunk-D4VKVKNE.js?v=b0937ae5:3004:10)
    at useDeprecated (http://localhost:5173/node_modules/.vite/deps/element-plus.js?v=b0937ae5:10472:3) @ http://localhost:5173/node_modules/.vite/deps/element-plus.js?v=b0937ae5:10429
[     817ms] [WARNING] ElementPlusError: [el-checkbox] [API] label act as value is about to be deprecated in version 3.0.0, please use value instead.
For more detail, please visit: https://element-plus.org/en-US/component/checkbox.html

    at debugWarn (http://localhost:5173/node_modules/.vite/deps/element-plus.js?v=b0937ae5:10429:37)
    at watch.immediate (http://localhost:5173/node_modules/.vite/deps/element-plus.js?v=b0937ae5:10473:14)
    at callWithErrorHandling (http://localhost:5173/node_modules/.vite/deps/chunk-D4VKVKNE.js?v=b0937ae5:2351:19)
    at callWithAsyncErrorHandling (http://localhost:5173/node_modules/.vite/deps/chunk-D4VKVKNE.js?v=b0937ae5:2358:17)
    at baseWatchOptions.call (http://localhost:5173/node_modules/.vite/deps/chunk-D4VKVKNE.js?v=b0937ae5:3043:47)
    at job (http://localhost:5173/node_modules/.vite/deps/chunk-D4VKVKNE.js?v=b0937ae5:2081:18)
    at watch (http://localhost:5173/node_modules/.vite/deps/chunk-D4VKVKNE.js?v=b0937ae5:2116:7)
    at doWatch (http://localhost:5173/node_modules/.vite/deps/chunk-D4VKVKNE.js?v=b0937ae5:3071:23)
    at watch2 (http://localhost:5173/node_modules/.vite/deps/chunk-D4VKVKNE.js?v=b0937ae5:3004:10)
    at useDeprecated (http://localhost:5173/node_modules/.vite/deps/element-plus.js?v=b0937ae5:10472:3) @ http://localhost:5173/node_modules/.vite/deps/element-plus.js?v=b0937ae5:10429
[     818ms] [WARNING] ElementPlusError: [el-checkbox] [API] label act as value is about to be deprecated in version 3.0.0, please use value instead.
For more detail, please visit: https://element-plus.org/en-US/component/checkbox.html

    at debugWarn (http://localhost:5173/node_modules/.vite/deps/element-plus.js?v=b0937ae5:10429:37)
    at watch.immediate (http://localhost:5173/node_modules/.vite/deps/element-plus.js?v=b0937ae5:10473:14)
    at callWithErrorHandling (http://localhost:5173/node_modules/.vite/deps/chunk-D4VKVKNE.js?v=b0937ae5:2351:19)
    at callWithAsyncErrorHandling (http://localhost:5173/node_modules/.vite/deps/chunk-D4VKVKNE.js?v=b0937ae5:2358:17)
    at baseWatchOptions.call (http://localhost:5173/node_modules/.vite/deps/chunk-D4VKVKNE.js?v=b0937ae5:3043:47)
    at job (http://localhost:5173/node_modules/.vite/deps/chunk-D4VKVKNE.js?v=b0937ae5:2081:18)
    at watch (http://localhost:5173/node_modules/.vite/deps/chunk-D4VKVKNE.js?v=b0937ae5:2116:7)
    at doWatch (http://localhost:5173/node_modules/.vite/deps/chunk-D4VKVKNE.js?v=b0937ae5:3071:23)
    at watch2 (http://localhost:5173/node_modules/.vite/deps/chunk-D4VKVKNE.js?v=b0937ae5:3004:10)
    at useDeprecated (http://localhost:5173/node_modules/.vite/deps/element-plus.js?v=b0937ae5:10472:3) @ http://localhost:5173/node_modules/.vite/deps/element-plus.js?v=b0937ae5:10429
[     819ms] [WARNING] ElementPlusError: [el-checkbox] [API] label act as value is about to be deprecated in version 3.0.0, please use value instead.
For more detail, please visit: https://element-plus.org/en-US/component/checkbox.html

    at debugWarn (http://localhost:5173/node_modules/.vite/deps/element-plus.js?v=b0937ae5:10429:37)
    at watch.immediate (http://localhost:5173/node_modules/.vite/deps/element-plus.js?v=b0937ae5:10473:14)
    at callWithErrorHandling (http://localhost:5173/node_modules/.vite/deps/chunk-D4VKVKNE.js?v=b0937ae5:2351:19)
    at callWithAsyncErrorHandling (http://localhost:5173/node_modules/.vite/deps/chunk-D4VKVKNE.js?v=b0937ae5:2358:17)
    at baseWatchOptions.call (http://localhost:5173/node_modules/.vite/deps/chunk-D4VKVKNE.js?v=b0937ae5:3043:47)
    at job (http://localhost:5173/node_modules/.vite/deps/chunk-D4VKVKNE.js?v=b0937ae5:2081:18)
    at watch (http://localhost:5173/node_modules/.vite/deps/chunk-D4VKVKNE.js?v=b0937ae5:2116:7)
    at doWatch (http://localhost:5173/node_modules/.vite/deps/chunk-D4VKVKNE.js?v=b0937ae5:3071:23)
    at watch2 (http://localhost:5173/node_modules/.vite/deps/chunk-D4VKVKNE.js?v=b0937ae5:3004:10)
    at useDeprecated (http://localhost:5173/node_modules/.vite/deps/element-plus.js?v=b0937ae5:10472:3) @ http://localhost:5173/node_modules/.vite/deps/element-plus.js?v=b0937ae5:10429
[     820ms] [WARNING] ElementPlusError: [el-checkbox] [API] label act as value is about to be deprecated in version 3.0.0, please use value instead.
For more detail, please visit: https://element-plus.org/en-US/component/checkbox.html

    at debugWarn (http://localhost:5173/node_modules/.vite/deps/element-plus.js?v=b0937ae5:10429:37)
    at watch.immediate (http://localhost:5173/node_modules/.vite/deps/element-plus.js?v=b0937ae5:10473:14)
    at callWithErrorHandling (http://localhost:5173/node_modules/.vite/deps/chunk-D4VKVKNE.js?v=b0937ae5:2351:19)
    at callWithAsyncErrorHandling (http://localhost:5173/node_modules/.vite/deps/chunk-D4VKVKNE.js?v=b0937ae5:2358:17)
    at baseWatchOptions.call (http://localhost:5173/node_modules/.vite/deps/chunk-D4VKVKNE.js?v=b0937ae5:3043:47)
    at job (http://localhost:5173/node_modules/.vite/deps/chunk-D4VKVKNE.js?v=b0937ae5:2081:18)
    at watch (http://localhost:5173/node_modules/.vite/deps/chunk-D4VKVKNE.js?v=b0937ae5:2116:7)
    at doWatch (http://localhost:5173/node_modules/.vite/deps/chunk-D4VKVKNE.js?v=b0937ae5:3071:23)
    at watch2 (http://localhost:5173/node_modules/.vite/deps/chunk-D4VKVKNE.js?v=b0937ae5:3004:10)
    at useDeprecated (http://localhost:5173/node_modules/.vite/deps/element-plus.js?v=b0937ae5:10472:3) @ http://localhost:5173/node_modules/.vite/deps/element-plus.js?v=b0937ae5:10429
[     821ms] [WARNING] ElementPlusError: [el-checkbox] [API] label act as value is about to be deprecated in version 3.0.0, please use value instead.
For more detail, please visit: https://element-plus.org/en-US/component/checkbox.html

    at debugWarn (http://localhost:5173/node_modules/.vite/deps/element-plus.js?v=b0937ae5:10429:37)
    at watch.immediate (http://localhost:5173/node_modules/.vite/deps/element-plus.js?v=b0937ae5:10473:14)
    at callWithErrorHandling (http://localhost:5173/node_modules/.vite/deps/chunk-D4VKVKNE.js?v=b0937ae5:2351:19)
    at callWithAsyncErrorHandling (http://localhost:5173/node_modules/.vite/deps/chunk-D4VKVKNE.js?v=b0937ae5:2358:17)
    at baseWatchOptions.call (http://localhost:5173/node_modules/.vite/deps/chunk-D4VKVKNE.js?v=b0937ae5:3043:47)
    at job (http://localhost:5173/node_modules/.vite/deps/chunk-D4VKVKNE.js?v=b0937ae5:2081:18)
    at watch (http://localhost:5173/node_modules/.vite/deps/chunk-D4VKVKNE.js?v=b0937ae5:2116:7)
    at doWatch (http://localhost:5173/node_modules/.vite/deps/chunk-D4VKVKNE.js?v=b0937ae5:3071:23)
    at watch2 (http://localhost:5173/node_modules/.vite/deps/chunk-D4VKVKNE.js?v=b0937ae5:3004:10)
    at useDeprecated (http://localhost:5173/node_modules/.vite/deps/element-plus.js?v=b0937ae5:10472:3) @ http://localhost:5173/node_modules/.vite/deps/element-plus.js?v=b0937ae5:10429
[     823ms] [WARNING] ElementPlusError: [el-checkbox] [API] label act as value is about to be deprecated in version 3.0.0, please use value instead.
For more detail, please visit: https://element-plus.org/en-US/component/checkbox.html

    at debugWarn (http://localhost:5173/node_modules/.vite/deps/element-plus.js?v=b0937ae5:10429:37)
    at watch.immediate (http://localhost:5173/node_modules/.vite/deps/element-plus.js?v=b0937ae5:10473:14)
    at callWithErrorHandling (http://localhost:5173/node_modules/.vite/deps/chunk-D4VKVKNE.js?v=b0937ae5:2351:19)
    at callWithAsyncErrorHandling (http://localhost:5173/node_modules/.vite/deps/chunk-D4VKVKNE.js?v=b0937ae5:2358:17)
    at baseWatchOptions.call (http://localhost:5173/node_modules/.vite/deps/chunk-D4VKVKNE.js?v=b0937ae5:3043:47)
    at job (http://localhost:5173/node_modules/.vite/deps/chunk-D4VKVKNE.js?v=b0937ae5:2081:18)
    at watch (http://localhost:5173/node_modules/.vite/deps/chunk-D4VKVKNE.js?v=b0937ae5:2116:7)
    at doWatch (http://localhost:5173/node_modules/.vite/deps/chunk-D4VKVKNE.js?v=b0937ae5:3071:23)
    at watch2 (http://localhost:5173/node_modules/.vite/deps/chunk-D4VKVKNE.js?v=b0937ae5:3004:10)
    at useDeprecated (http://localhost:5173/node_modules/.vite/deps/element-plus.js?v=b0937ae5:10472:3) @ http://localhost:5173/node_modules/.vite/deps/element-plus.js?v=b0937ae5:10429
[     824ms] [WARNING] ElementPlusError: [el-checkbox] [API] label act as value is about to be deprecated in version 3.0.0, please use value instead.
For more detail, please visit: https://element-plus.org/en-US/component/checkbox.html

    at debugWarn (http://localhost:5173/node_modules/.vite/deps/element-plus.js?v=b0937ae5:10429:37)
    at watch.immediate (http://localhost:5173/node_modules/.vite/deps/element-plus.js?v=b0937ae5:10473:14)
    at callWithErrorHandling (http://localhost:5173/node_modules/.vite/deps/chunk-D4VKVKNE.js?v=b0937ae5:2351:19)
    at callWithAsyncErrorHandling (http://localhost:5173/node_modules/.vite/deps/chunk-D4VKVKNE.js?v=b0937ae5:2358:17)
    at baseWatchOptions.call (http://localhost:5173/node_modules/.vite/deps/chunk-D4VKVKNE.js?v=b0937ae5:3043:47)
    at job (http://localhost:5173/node_modules/.vite/deps/chunk-D4VKVKNE.js?v=b0937ae5:2081:18)
    at watch (http://localhost:5173/node_modules/.vite/deps/chunk-D4VKVKNE.js?v=b0937ae5:2116:7)
    at doWatch (http://localhost:5173/node_modules/.vite/deps/chunk-D4VKVKNE.js?v=b0937ae5:3071:23)
    at watch2 (http://localhost:5173/node_modules/.vite/deps/chunk-D4VKVKNE.js?v=b0937ae5:3004:10)
    at useDeprecated (http://localhost:5173/node_modules/.vite/deps/element-plus.js?v=b0937ae5:10472:3) @ http://localhost:5173/node_modules/.vite/deps/element-plus.js?v=b0937ae5:10429
[   15571ms] [WARNING] ElementPlusError: [el-checkbox] [API] label act as value is about to be deprecated in version 3.0.0, please use value instead.
For more detail, please visit: https://element-plus.org/en-US/component/checkbox.html

    at debugWarn (http://localhost:5173/node_modules/.vite/deps/element-plus.js?v=b0937ae5:10429:37)
    at watch.immediate (http://localhost:5173/node_modules/.vite/deps/element-plus.js?v=b0937ae5:10473:14)
    at callWithErrorHandling (http://localhost:5173/node_modules/.vite/deps/chunk-D4VKVKNE.js?v=b0937ae5:2351:19)
    at callWithAsyncErrorHandling (http://localhost:5173/node_modules/.vite/deps/chunk-D4VKVKNE.js?v=b0937ae5:2358:17)
    at baseWatchOptions.call (http://localhost:5173/node_modules/.vite/deps/chunk-D4VKVKNE.js?v=b0937ae5:3043:47)
    at job (http://localhost:5173/node_modules/.vite/deps/chunk-D4VKVKNE.js?v=b0937ae5:2081:18)
    at watch (http://localhost:5173/node_modules/.vite/deps/chunk-D4VKVKNE.js?v=b0937ae5:2116:7)
    at doWatch (http://localhost:5173/node_modules/.vite/deps/chunk-D4VKVKNE.js?v=b0937ae5:3071:23)
    at watch2 (http://localhost:5173/node_modules/.vite/deps/chunk-D4VKVKNE.js?v=b0937ae5:3004:10)
    at useDeprecated (http://localhost:5173/node_modules/.vite/deps/element-plus.js?v=b0937ae5:10472:3) @ http://localhost:5173/node_modules/.vite/deps/element-plus.js?v=b0937ae5:10429
[   15573ms] [WARNING] ElementPlusError: [el-checkbox] [API] label act as value is about to be deprecated in version 3.0.0, please use value instead.
For more detail, please visit: https://element-plus.org/en-US/component/checkbox.html

    at debugWarn (http://localhost:5173/node_modules/.vite/deps/element-plus.js?v=b0937ae5:10429:37)
    at watch.immediate (http://localhost:5173/node_modules/.vite/deps/element-plus.js?v=b0937ae5:10473:14)
    at callWithErrorHandling (http://localhost:5173/node_modules/.vite/deps/chunk-D4VKVKNE.js?v=b0937ae5:2351:19)
    at callWithAsyncErrorHandling (http://localhost:5173/node_modules/.vite/deps/chunk-D4VKVKNE.js?v=b0937ae5:2358:17)
    at baseWatchOptions.call (http://localhost:5173/node_modules/.vite/deps/chunk-D4VKVKNE.js?v=b0937ae5:3043:47)
    at job (http://localhost:5173/node_modules/.vite/deps/chunk-D4VKVKNE.js?v=b0937ae5:2081:18)
    at watch (http://localhost:5173/node_modules/.vite/deps/chunk-D4VKVKNE.js?v=b0937ae5:2116:7)
    at doWatch (http://localhost:5173/node_modules/.vite/deps/chunk-D4VKVKNE.js?v=b0937ae5:3071:23)
    at watch2 (http://localhost:5173/node_modules/.vite/deps/chunk-D4VKVKNE.js?v=b0937ae5:3004:10)
    at useDeprecated (http://localhost:5173/node_modules/.vite/deps/element-plus.js?v=b0937ae5:10472:3) @ http://localhost:5173/node_modules/.vite/deps/element-plus.js?v=b0937ae5:10429
[   15574ms] [WARNING] ElementPlusError: [el-checkbox] [API] label act as value is about to be deprecated in version 3.0.0, please use value instead.
For more detail, please visit: https://element-plus.org/en-US/component/checkbox.html

    at debugWarn (http://localhost:5173/node_modules/.vite/deps/element-plus.js?v=b0937ae5:10429:37)
    at watch.immediate (http://localhost:5173/node_modules/.vite/deps/element-plus.js?v=b0937ae5:10473:14)
    at callWithErrorHandling (http://localhost:5173/node_modules/.vite/deps/chunk-D4VKVKNE.js?v=b0937ae5:2351:19)
    at callWithAsyncErrorHandling (http://localhost:5173/node_modules/.vite/deps/chunk-D4VKVKNE.js?v=b0937ae5:2358:17)
    at baseWatchOptions.call (http://localhost:5173/node_modules/.vite/deps/chunk-D4VKVKNE.js?v=b0937ae5:3043:47)
    at job (http://localhost:5173/node_modules/.vite/deps/chunk-D4VKVKNE.js?v=b0937ae5:2081:18)
    at watch (http://localhost:5173/node_modules/.vite/deps/chunk-D4VKVKNE.js?v=b0937ae5:2116:7)
    at doWatch (http://localhost:5173/node_modules/.vite/deps/chunk-D4VKVKNE.js?v=b0937ae5:3071:23)
    at watch2 (http://localhost:5173/node_modules/.vite/deps/chunk-D4VKVKNE.js?v=b0937ae5:3004:10)
    at useDeprecated (http://localhost:5173/node_modules/.vite/deps/element-plus.js?v=b0937ae5:10472:3) @ http://localhost:5173/node_modules/.vite/deps/element-plus.js?v=b0937ae5:10429
[   15576ms] [WARNING] ElementPlusError: [el-checkbox] [API] label act as value is about to be deprecated in version 3.0.0, please use value instead.
For more detail, please visit: https://element-plus.org/en-US/component/checkbox.html

    at debugWarn (http://localhost:5173/node_modules/.vite/deps/element-plus.js?v=b0937ae5:10429:37)
    at watch.immediate (http://localhost:5173/node_modules/.vite/deps/element-plus.js?v=b0937ae5:10473:14)
    at callWithErrorHandling (http://localhost:5173/node_modules/.vite/deps/chunk-D4VKVKNE.js?v=b0937ae5:2351:19)
    at callWithAsyncErrorHandling (http://localhost:5173/node_modules/.vite/deps/chunk-D4VKVKNE.js?v=b0937ae5:2358:17)
    at baseWatchOptions.call (http://localhost:5173/node_modules/.vite/deps/chunk-D4VKVKNE.js?v=b0937ae5:3043:47)
    at job (http://localhost:5173/node_modules/.vite/deps/chunk-D4VKVKNE.js?v=b0937ae5:2081:18)
    at watch (http://localhost:5173/node_modules/.vite/deps/chunk-D4VKVKNE.js?v=b0937ae5:2116:7)
    at doWatch (http://localhost:5173/node_modules/.vite/deps/chunk-D4VKVKNE.js?v=b0937ae5:3071:23)
    at watch2 (http://localhost:5173/node_modules/.vite/deps/chunk-D4VKVKNE.js?v=b0937ae5:3004:10)
    at useDeprecated (http://localhost:5173/node_modules/.vite/deps/element-plus.js?v=b0937ae5:10472:3) @ http://localhost:5173/node_modules/.vite/deps/element-plus.js?v=b0937ae5:10429
[   15576ms] [WARNING] ElementPlusError: [el-checkbox] [API] label act as value is about to be deprecated in version 3.0.0, please use value instead.
For more detail, please visit: https://element-plus.org/en-US/component/checkbox.html

    at debugWarn (http://localhost:5173/node_modules/.vite/deps/element-plus.js?v=b0937ae5:10429:37)
    at watch.immediate (http://localhost:5173/node_modules/.vite/deps/element-plus.js?v=b0937ae5:10473:14)
    at callWithErrorHandling (http://localhost:5173/node_modules/.vite/deps/chunk-D4VKVKNE.js?v=b0937ae5:2351:19)
    at callWithAsyncErrorHandling (http://localhost:5173/node_modules/.vite/deps/chunk-D4VKVKNE.js?v=b0937ae5:2358:17)
    at baseWatchOptions.call (http://localhost:5173/node_modules/.vite/deps/chunk-D4VKVKNE.js?v=b0937ae5:3043:47)
    at job (http://localhost:5173/node_modules/.vite/deps/chunk-D4VKVKNE.js?v=b0937ae5:2081:18)
    at watch (http://localhost:5173/node_modules/.vite/deps/chunk-D4VKVKNE.js?v=b0937ae5:2116:7)
    at doWatch (http://localhost:5173/node_modules/.vite/deps/chunk-D4VKVKNE.js?v=b0937ae5:3071:23)
    at watch2 (http://localhost:5173/node_modules/.vite/deps/chunk-D4VKVKNE.js?v=b0937ae5:3004:10)
    at useDeprecated (http://localhost:5173/node_modules/.vite/deps/element-plus.js?v=b0937ae5:10472:3) @ http://localhost:5173/node_modules/.vite/deps/element-plus.js?v=b0937ae5:10429
[   15577ms] [WARNING] ElementPlusError: [el-checkbox] [API] label act as value is about to be deprecated in version 3.0.0, please use value instead.
For more detail, please visit: https://element-plus.org/en-US/component/checkbox.html

    at debugWarn (http://localhost:5173/node_modules/.vite/deps/element-plus.js?v=b0937ae5:10429:37)
    at watch.immediate (http://localhost:5173/node_modules/.vite/deps/element-plus.js?v=b0937ae5:10473:14)
    at callWithErrorHandling (http://localhost:5173/node_modules/.vite/deps/chunk-D4VKVKNE.js?v=b0937ae5:2351:19)
    at callWithAsyncErrorHandling (http://localhost:5173/node_modules/.vite/deps/chunk-D4VKVKNE.js?v=b0937ae5:2358:17)
    at baseWatchOptions.call (http://localhost:5173/node_modules/.vite/deps/chunk-D4VKVKNE.js?v=b0937ae5:3043:47)
    at job (http://localhost:5173/node_modules/.vite/deps/chunk-D4VKVKNE.js?v=b0937ae5:2081:18)
    at watch (http://localhost:5173/node_modules/.vite/deps/chunk-D4VKVKNE.js?v=b0937ae5:2116:7)
    at doWatch (http://localhost:5173/node_modules/.vite/deps/chunk-D4VKVKNE.js?v=b0937ae5:3071:23)
    at watch2 (http://localhost:5173/node_modules/.vite/deps/chunk-D4VKVKNE.js?v=b0937ae5:3004:10)
    at useDeprecated (http://localhost:5173/node_modules/.vite/deps/element-plus.js?v=b0937ae5:10472:3) @ http://localhost:5173/node_modules/.vite/deps/element-plus.js?v=b0937ae5:10429
[   15578ms] [WARNING] ElementPlusError: [el-checkbox] [API] label act as value is about to be deprecated in version 3.0.0, please use value instead.
For more detail, please visit: https://element-plus.org/en-US/component/checkbox.html

    at debugWarn (http://localhost:5173/node_modules/.vite/deps/element-plus.js?v=b0937ae5:10429:37)
    at watch.immediate (http://localhost:5173/node_modules/.vite/deps/element-plus.js?v=b0937ae5:10473:14)
    at callWithErrorHandling (http://localhost:5173/node_modules/.vite/deps/chunk-D4VKVKNE.js?v=b0937ae5:2351:19)
    at callWithAsyncErrorHandling (http://localhost:5173/node_modules/.vite/deps/chunk-D4VKVKNE.js?v=b0937ae5:2358:17)
    at baseWatchOptions.call (http://localhost:5173/node_modules/.vite/deps/chunk-D4VKVKNE.js?v=b0937ae5:3043:47)
    at job (http://localhost:5173/node_modules/.vite/deps/chunk-D4VKVKNE.js?v=b0937ae5:2081:18)
    at watch (http://localhost:5173/node_modules/.vite/deps/chunk-D4VKVKNE.js?v=b0937ae5:2116:7)
    at doWatch (http://localhost:5173/node_modules/.vite/deps/chunk-D4VKVKNE.js?v=b0937ae5:3071:23)
    at watch2 (http://localhost:5173/node_modules/.vite/deps/chunk-D4VKVKNE.js?v=b0937ae5:3004:10)
    at useDeprecated (http://localhost:5173/node_modules/.vite/deps/element-plus.js?v=b0937ae5:10472:3) @ http://localhost:5173/node_modules/.vite/deps/element-plus.js?v=b0937ae5:10429
[   15579ms] [WARNING] ElementPlusError: [el-checkbox] [API] label act as value is about to be deprecated in version 3.0.0, please use value instead.
For more detail, please visit: https://element-plus.org/en-US/component/checkbox.html

    at debugWarn (http://localhost:5173/node_modules/.vite/deps/element-plus.js?v=b0937ae5:10429:37)
    at watch.immediate (http://localhost:5173/node_modules/.vite/deps/element-plus.js?v=b0937ae5:10473:14)
    at callWithErrorHandling (http://localhost:5173/node_modules/.vite/deps/chunk-D4VKVKNE.js?v=b0937ae5:2351:19)
    at callWithAsyncErrorHandling (http://localhost:5173/node_modules/.vite/deps/chunk-D4VKVKNE.js?v=b0937ae5:2358:17)
    at baseWatchOptions.call (http://localhost:5173/node_modules/.vite/deps/chunk-D4VKVKNE.js?v=b0937ae5:3043:47)
    at job (http://localhost:5173/node_modules/.vite/deps/chunk-D4VKVKNE.js?v=b0937ae5:2081:18)
    at watch (http://localhost:5173/node_modules/.vite/deps/chunk-D4VKVKNE.js?v=b0937ae5:2116:7)
    at doWatch (http://localhost:5173/node_modules/.vite/deps/chunk-D4VKVKNE.js?v=b0937ae5:3071:23)
    at watch2 (http://localhost:5173/node_modules/.vite/deps/chunk-D4VKVKNE.js?v=b0937ae5:3004:10)
    at useDeprecated (http://localhost:5173/node_modules/.vite/deps/element-plus.js?v=b0937ae5:10472:3) @ http://localhost:5173/node_modules/.vite/deps/element-plus.js?v=b0937ae5:10429
[   15579ms] [WARNING] ElementPlusError: [el-checkbox] [API] label act as value is about to be deprecated in version 3.0.0, please use value instead.
For more detail, please visit: https://element-plus.org/en-US/component/checkbox.html

    at debugWarn (http://localhost:5173/node_modules/.vite/deps/element-plus.js?v=b0937ae5:10429:37)
    at watch.immediate (http://localhost:5173/node_modules/.vite/deps/element-plus.js?v=b0937ae5:10473:14)
    at callWithErrorHandling (http://localhost:5173/node_modules/.vite/deps/chunk-D4VKVKNE.js?v=b0937ae5:2351:19)
    at callWithAsyncErrorHandling (http://localhost:5173/node_modules/.vite/deps/chunk-D4VKVKNE.js?v=b0937ae5:2358:17)
    at baseWatchOptions.call (http://localhost:5173/node_modules/.vite/deps/chunk-D4VKVKNE.js?v=b0937ae5:3043:47)
    at job (http://localhost:5173/node_modules/.vite/deps/chunk-D4VKVKNE.js?v=b0937ae5:2081:18)
    at watch (http://localhost:5173/node_modules/.vite/deps/chunk-D4VKVKNE.js?v=b0937ae5:2116:7)
    at doWatch (http://localhost:5173/node_modules/.vite/deps/chunk-D4VKVKNE.js?v=b0937ae5:3071:23)
    at watch2 (http://localhost:5173/node_modules/.vite/deps/chunk-D4VKVKNE.js?v=b0937ae5:3004:10)
    at useDeprecated (http://localhost:5173/node_modules/.vite/deps/element-plus.js?v=b0937ae5:10472:3) @ http://localhost:5173/node_modules/.vite/deps/element-plus.js?v=b0937ae5:10429
[   15580ms] [WARNING] ElementPlusError: [el-checkbox] [API] label act as value is about to be deprecated in version 3.0.0, please use value instead.
For more detail, please visit: https://element-plus.org/en-US/component/checkbox.html

    at debugWarn (http://localhost:5173/node_modules/.vite/deps/element-plus.js?v=b0937ae5:10429:37)
    at watch.immediate (http://localhost:5173/node_modules/.vite/deps/element-plus.js?v=b0937ae5:10473:14)
    at callWithErrorHandling (http://localhost:5173/node_modules/.vite/deps/chunk-D4VKVKNE.js?v=b0937ae5:2351:19)
    at callWithAsyncErrorHandling (http://localhost:5173/node_modules/.vite/deps/chunk-D4VKVKNE.js?v=b0937ae5:2358:17)
    at baseWatchOptions.call (http://localhost:5173/node_modules/.vite/deps/chunk-D4VKVKNE.js?v=b0937ae5:3043:47)
    at job (http://localhost:5173/node_modules/.vite/deps/chunk-D4VKVKNE.js?v=b0937ae5:2081:18)
    at watch (http://localhost:5173/node_modules/.vite/deps/chunk-D4VKVKNE.js?v=b0937ae5:2116:7)
    at doWatch (http://localhost:5173/node_modules/.vite/deps/chunk-D4VKVKNE.js?v=b0937ae5:3071:23)
    at watch2 (http://localhost:5173/node_modules/.vite/deps/chunk-D4VKVKNE.js?v=b0937ae5:3004:10)
    at useDeprecated (http://localhost:5173/node_modules/.vite/deps/element-plus.js?v=b0937ae5:10472:3) @ http://localhost:5173/node_modules/.vite/deps/element-plus.js?v=b0937ae5:10429
[   15588ms] [WARNING] ElementPlusError: [el-checkbox] [API] label act as value is about to be deprecated in version 3.0.0, please use value instead.
For more detail, please visit: https://element-plus.org/en-US/component/checkbox.html

    at debugWarn (http://localhost:5173/node_modules/.vite/deps/element-plus.js?v=b0937ae5:10429:37)
    at watch.immediate (http://localhost:5173/node_modules/.vite/deps/element-plus.js?v=b0937ae5:10473:14)
    at callWithErrorHandling (http://localhost:5173/node_modules/.vite/deps/chunk-D4VKVKNE.js?v=b0937ae5:2351:19)
    at callWithAsyncErrorHandling (http://localhost:5173/node_modules/.vite/deps/chunk-D4VKVKNE.js?v=b0937ae5:2358:17)
    at baseWatchOptions.call (http://localhost:5173/node_modules/.vite/deps/chunk-D4VKVKNE.js?v=b0937ae5:3043:47)
    at job (http://localhost:5173/node_modules/.vite/deps/chunk-D4VKVKNE.js?v=b0937ae5:2081:18)
    at watch (http://localhost:5173/node_modules/.vite/deps/chunk-D4VKVKNE.js?v=b0937ae5:2116:7)
    at doWatch (http://localhost:5173/node_modules/.vite/deps/chunk-D4VKVKNE.js?v=b0937ae5:3071:23)
    at watch2 (http://localhost:5173/node_modules/.vite/deps/chunk-D4VKVKNE.js?v=b0937ae5:3004:10)
    at useDeprecated (http://localhost:5173/node_modules/.vite/deps/element-plus.js?v=b0937ae5:10472:3) @ http://localhost:5173/node_modules/.vite/deps/element-plus.js?v=b0937ae5:10429
[   15588ms] [WARNING] ElementPlusError: [el-checkbox] [API] label act as value is about to be deprecated in version 3.0.0, please use value instead.
For more detail, please visit: https://element-plus.org/en-US/component/checkbox.html

    at debugWarn (http://localhost:5173/node_modules/.vite/deps/element-plus.js?v=b0937ae5:10429:37)
    at watch.immediate (http://localhost:5173/node_modules/.vite/deps/element-plus.js?v=b0937ae5:10473:14)
    at callWithErrorHandling (http://localhost:5173/node_modules/.vite/deps/chunk-D4VKVKNE.js?v=b0937ae5:2351:19)
    at callWithAsyncErrorHandling (http://localhost:5173/node_modules/.vite/deps/chunk-D4VKVKNE.js?v=b0937ae5:2358:17)
    at baseWatchOptions.call (http://localhost:5173/node_modules/.vite/deps/chunk-D4VKVKNE.js?v=b0937ae5:3043:47)
    at job (http://localhost:5173/node_modules/.vite/deps/chunk-D4VKVKNE.js?v=b0937ae5:2081:18)
    at watch (http://localhost:5173/node_modules/.vite/deps/chunk-D4VKVKNE.js?v=b0937ae5:2116:7)
    at doWatch (http://localhost:5173/node_modules/.vite/deps/chunk-D4VKVKNE.js?v=b0937ae5:3071:23)
    at watch2 (http://localhost:5173/node_modules/.vite/deps/chunk-D4VKVKNE.js?v=b0937ae5:3004:10)
    at useDeprecated (http://localhost:5173/node_modules/.vite/deps/element-plus.js?v=b0937ae5:10472:3) @ http://localhost:5173/node_modules/.vite/deps/element-plus.js?v=b0937ae5:10429
[   15589ms] [WARNING] ElementPlusError: [el-checkbox] [API] label act as value is about to be deprecated in version 3.0.0, please use value instead.
For more detail, please visit: https://element-plus.org/en-US/component/checkbox.html

    at debugWarn (http://localhost:5173/node_modules/.vite/deps/element-plus.js?v=b0937ae5:10429:37)
    at watch.immediate (http://localhost:5173/node_modules/.vite/deps/element-plus.js?v=b0937ae5:10473:14)
    at callWithErrorHandling (http://localhost:5173/node_modules/.vite/deps/chunk-D4VKVKNE.js?v=b0937ae5:2351:19)
    at callWithAsyncErrorHandling (http://localhost:5173/node_modules/.vite/deps/chunk-D4VKVKNE.js?v=b0937ae5:2358:17)
    at baseWatchOptions.call (http://localhost:5173/node_modules/.vite/deps/chunk-D4VKVKNE.js?v=b0937ae5:3043:47)
    at job (http://localhost:5173/node_modules/.vite/deps/chunk-D4VKVKNE.js?v=b0937ae5:2081:18)
    at watch (http://localhost:5173/node_modules/.vite/deps/chunk-D4VKVKNE.js?v=b0937ae5:2116:7)
    at doWatch (http://localhost:5173/node_modules/.vite/deps/chunk-D4VKVKNE.js?v=b0937ae5:3071:23)
    at watch2 (http://localhost:5173/node_modules/.vite/deps/chunk-D4VKVKNE.js?v=b0937ae5:3004:10)
    at useDeprecated (http://localhost:5173/node_modules/.vite/deps/element-plus.js?v=b0937ae5:10472:3) @ http://localhost:5173/node_modules/.vite/deps/element-plus.js?v=b0937ae5:10429
[   15590ms] [WARNING] ElementPlusError: [el-checkbox] [API] label act as value is about to be deprecated in version 3.0.0, please use value instead.
For more detail, please visit: https://element-plus.org/en-US/component/checkbox.html

    at debugWarn (http://localhost:5173/node_modules/.vite/deps/element-plus.js?v=b0937ae5:10429:37)
    at watch.immediate (http://localhost:5173/node_modules/.vite/deps/element-plus.js?v=b0937ae5:10473:14)
    at callWithErrorHandling (http://localhost:5173/node_modules/.vite/deps/chunk-D4VKVKNE.js?v=b0937ae5:2351:19)
    at callWithAsyncErrorHandling (http://localhost:5173/node_modules/.vite/deps/chunk-D4VKVKNE.js?v=b0937ae5:2358:17)
    at baseWatchOptions.call (http://localhost:5173/node_modules/.vite/deps/chunk-D4VKVKNE.js?v=b0937ae5:3043:47)
    at job (http://localhost:5173/node_modules/.vite/deps/chunk-D4VKVKNE.js?v=b0937ae5:2081:18)
    at watch (http://localhost:5173/node_modules/.vite/deps/chunk-D4VKVKNE.js?v=b0937ae5:2116:7)
    at doWatch (http://localhost:5173/node_modules/.vite/deps/chunk-D4VKVKNE.js?v=b0937ae5:3071:23)
    at watch2 (http://localhost:5173/node_modules/.vite/deps/chunk-D4VKVKNE.js?v=b0937ae5:3004:10)
    at useDeprecated (http://localhost:5173/node_modules/.vite/deps/element-plus.js?v=b0937ae5:10472:3) @ http://localhost:5173/node_modules/.vite/deps/element-plus.js?v=b0937ae5:10429
[   15591ms] [WARNING] ElementPlusError: [el-checkbox] [API] label act as value is about to be deprecated in version 3.0.0, please use value instead.
For more detail, please visit: https://element-plus.org/en-US/component/checkbox.html

    at debugWarn (http://localhost:5173/node_modules/.vite/deps/element-plus.js?v=b0937ae5:10429:37)
    at watch.immediate (http://localhost:5173/node_modules/.vite/deps/element-plus.js?v=b0937ae5:10473:14)
    at callWithErrorHandling (http://localhost:5173/node_modules/.vite/deps/chunk-D4VKVKNE.js?v=b0937ae5:2351:19)
    at callWithAsyncErrorHandling (http://localhost:5173/node_modules/.vite/deps/chunk-D4VKVKNE.js?v=b0937ae5:2358:17)
    at baseWatchOptions.call (http://localhost:5173/node_modules/.vite/deps/chunk-D4VKVKNE.js?v=b0937ae5:3043:47)
    at job (http://localhost:5173/node_modules/.vite/deps/chunk-D4VKVKNE.js?v=b0937ae5:2081:18)
    at watch (http://localhost:5173/node_modules/.vite/deps/chunk-D4VKVKNE.js?v=b0937ae5:2116:7)
    at doWatch (http://localhost:5173/node_modules/.vite/deps/chunk-D4VKVKNE.js?v=b0937ae5:3071:23)
    at watch2 (http://localhost:5173/node_modules/.vite/deps/chunk-D4VKVKNE.js?v=b0937ae5:3004:10)
    at useDeprecated (http://localhost:5173/node_modules/.vite/deps/element-plus.js?v=b0937ae5:10472:3) @ http://localhost:5173/node_modules/.vite/deps/element-plus.js?v=b0937ae5:10429
[   15592ms] [WARNING] ElementPlusError: [el-checkbox] [API] label act as value is about to be deprecated in version 3.0.0, please use value instead.
For more detail, please visit: https://element-plus.org/en-US/component/checkbox.html

    at debugWarn (http://localhost:5173/node_modules/.vite/deps/element-plus.js?v=b0937ae5:10429:37)
    at watch.immediate (http://localhost:5173/node_modules/.vite/deps/element-plus.js?v=b0937ae5:10473:14)
    at callWithErrorHandling (http://localhost:5173/node_modules/.vite/deps/chunk-D4VKVKNE.js?v=b0937ae5:2351:19)
    at callWithAsyncErrorHandling (http://localhost:5173/node_modules/.vite/deps/chunk-D4VKVKNE.js?v=b0937ae5:2358:17)
    at baseWatchOptions.call (http://localhost:5173/node_modules/.vite/deps/chunk-D4VKVKNE.js?v=b0937ae5:3043:47)
    at job (http://localhost:5173/node_modules/.vite/deps/chunk-D4VKVKNE.js?v=b0937ae5:2081:18)
    at watch (http://localhost:5173/node_modules/.vite/deps/chunk-D4VKVKNE.js?v=b0937ae5:2116:7)
    at doWatch (http://localhost:5173/node_modules/.vite/deps/chunk-D4VKVKNE.js?v=b0937ae5:3071:23)
    at watch2 (http://localhost:5173/node_modules/.vite/deps/chunk-D4VKVKNE.js?v=b0937ae5:3004:10)
    at useDeprecated (http://localhost:5173/node_modules/.vite/deps/element-plus.js?v=b0937ae5:10472:3) @ http://localhost:5173/node_modules/.vite/deps/element-plus.js?v=b0937ae5:10429
[   15593ms] [WARNING] ElementPlusError: [el-checkbox] [API] label act as value is about to be deprecated in version 3.0.0, please use value instead.
For more detail, please visit: https://element-plus.org/en-US/component/checkbox.html

    at debugWarn (http://localhost:5173/node_modules/.vite/deps/element-plus.js?v=b0937ae5:10429:37)
    at watch.immediate (http://localhost:5173/node_modules/.vite/deps/element-plus.js?v=b0937ae5:10473:14)
    at callWithErrorHandling (http://localhost:5173/node_modules/.vite/deps/chunk-D4VKVKNE.js?v=b0937ae5:2351:19)
    at callWithAsyncErrorHandling (http://localhost:5173/node_modules/.vite/deps/chunk-D4VKVKNE.js?v=b0937ae5:2358:17)
    at baseWatchOptions.call (http://localhost:5173/node_modules/.vite/deps/chunk-D4VKVKNE.js?v=b0937ae5:3043:47)
    at job (http://localhost:5173/node_modules/.vite/deps/chunk-D4VKVKNE.js?v=b0937ae5:2081:18)
    at watch (http://localhost:5173/node_modules/.vite/deps/chunk-D4VKVKNE.js?v=b0937ae5:2116:7)
    at doWatch (http://localhost:5173/node_modules/.vite/deps/chunk-D4VKVKNE.js?v=b0937ae5:3071:23)
    at watch2 (http://localhost:5173/node_modules/.vite/deps/chunk-D4VKVKNE.js?v=b0937ae5:3004:10)
    at useDeprecated (http://localhost:5173/node_modules/.vite/deps/element-plus.js?v=b0937ae5:10472:3) @ http://localhost:5173/node_modules/.vite/deps/element-plus.js?v=b0937ae5:10429
[   15594ms] [WARNING] ElementPlusError: [el-checkbox] [API] label act as value is about to be deprecated in version 3.0.0, please use value instead.
For more detail, please visit: https://element-plus.org/en-US/component/checkbox.html

    at debugWarn (http://localhost:5173/node_modules/.vite/deps/element-plus.js?v=b0937ae5:10429:37)
    at watch.immediate (http://localhost:5173/node_modules/.vite/deps/element-plus.js?v=b0937ae5:10473:14)
    at callWithErrorHandling (http://localhost:5173/node_modules/.vite/deps/chunk-D4VKVKNE.js?v=b0937ae5:2351:19)
    at callWithAsyncErrorHandling (http://localhost:5173/node_modules/.vite/deps/chunk-D4VKVKNE.js?v=b0937ae5:2358:17)
    at baseWatchOptions.call (http://localhost:5173/node_modules/.vite/deps/chunk-D4VKVKNE.js?v=b0937ae5:3043:47)
    at job (http://localhost:5173/node_modules/.vite/deps/chunk-D4VKVKNE.js?v=b0937ae5:2081:18)
    at watch (http://localhost:5173/node_modules/.vite/deps/chunk-D4VKVKNE.js?v=b0937ae5:2116:7)
    at doWatch (http://localhost:5173/node_modules/.vite/deps/chunk-D4VKVKNE.js?v=b0937ae5:3071:23)
    at watch2 (http://localhost:5173/node_modules/.vite/deps/chunk-D4VKVKNE.js?v=b0937ae5:3004:10)
    at useDeprecated (http://localhost:5173/node_modules/.vite/deps/element-plus.js?v=b0937ae5:10472:3) @ http://localhost:5173/node_modules/.vite/deps/element-plus.js?v=b0937ae5:10429
[   15595ms] [WARNING] ElementPlusError: [el-checkbox] [API] label act as value is about to be deprecated in version 3.0.0, please use value instead.
For more detail, please visit: https://element-plus.org/en-US/component/checkbox.html

    at debugWarn (http://localhost:5173/node_modules/.vite/deps/element-plus.js?v=b0937ae5:10429:37)
    at watch.immediate (http://localhost:5173/node_modules/.vite/deps/element-plus.js?v=b0937ae5:10473:14)
    at callWithErrorHandling (http://localhost:5173/node_modules/.vite/deps/chunk-D4VKVKNE.js?v=b0937ae5:2351:19)
    at callWithAsyncErrorHandling (http://localhost:5173/node_modules/.vite/deps/chunk-D4VKVKNE.js?v=b0937ae5:2358:17)
    at baseWatchOptions.call (http://localhost:5173/node_modules/.vite/deps/chunk-D4VKVKNE.js?v=b0937ae5:3043:47)
    at job (http://localhost:5173/node_modules/.vite/deps/chunk-D4VKVKNE.js?v=b0937ae5:2081:18)
    at watch (http://localhost:5173/node_modules/.vite/deps/chunk-D4VKVKNE.js?v=b0937ae5:2116:7)
    at doWatch (http://localhost:5173/node_modules/.vite/deps/chunk-D4VKVKNE.js?v=b0937ae5:3071:23)
    at watch2 (http://localhost:5173/node_modules/.vite/deps/chunk-D4VKVKNE.js?v=b0937ae5:3004:10)
    at useDeprecated (http://localhost:5173/node_modules/.vite/deps/element-plus.js?v=b0937ae5:10472:3) @ http://localhost:5173/node_modules/.vite/deps/element-plus.js?v=b0937ae5:10429
[   15596ms] [WARNING] ElementPlusError: [el-checkbox] [API] label act as value is about to be deprecated in version 3.0.0, please use value instead.
For more detail, please visit: https://element-plus.org/en-US/component/checkbox.html

    at debugWarn (http://localhost:5173/node_modules/.vite/deps/element-plus.js?v=b0937ae5:10429:37)
    at watch.immediate (http://localhost:5173/node_modules/.vite/deps/element-plus.js?v=b0937ae5:10473:14)
    at callWithErrorHandling (http://localhost:5173/node_modules/.vite/deps/chunk-D4VKVKNE.js?v=b0937ae5:2351:19)
    at callWithAsyncErrorHandling (http://localhost:5173/node_modules/.vite/deps/chunk-D4VKVKNE.js?v=b0937ae5:2358:17)
    at baseWatchOptions.call (http://localhost:5173/node_modules/.vite/deps/chunk-D4VKVKNE.js?v=b0937ae5:3043:47)
    at job (http://localhost:5173/node_modules/.vite/deps/chunk-D4VKVKNE.js?v=b0937ae5:2081:18)
    at watch (http://localhost:5173/node_modules/.vite/deps/chunk-D4VKVKNE.js?v=b0937ae5:2116:7)
    at doWatch (http://localhost:5173/node_modules/.vite/deps/chunk-D4VKVKNE.js?v=b0937ae5:3071:23)
    at watch2 (http://localhost:5173/node_modules/.vite/deps/chunk-D4VKVKNE.js?v=b0937ae5:3004:10)
    at useDeprecated (http://localhost:5173/node_modules/.vite/deps/element-plus.js?v=b0937ae5:10472:3) @ http://localhost:5173/node_modules/.vite/deps/element-plus.js?v=b0937ae5:10429
[   15597ms] [WARNING] ElementPlusError: [el-checkbox] [API] label act as value is about to be deprecated in version 3.0.0, please use value instead.
For more detail, please visit: https://element-plus.org/en-US/component/checkbox.html

    at debugWarn (http://localhost:5173/node_modules/.vite/deps/element-plus.js?v=b0937ae5:10429:37)
    at watch.immediate (http://localhost:5173/node_modules/.vite/deps/element-plus.js?v=b0937ae5:10473:14)
    at callWithErrorHandling (http://localhost:5173/node_modules/.vite/deps/chunk-D4VKVKNE.js?v=b0937ae5:2351:19)
    at callWithAsyncErrorHandling (http://localhost:5173/node_modules/.vite/deps/chunk-D4VKVKNE.js?v=b0937ae5:2358:17)
    at baseWatchOptions.call (http://localhost:5173/node_modules/.vite/deps/chunk-D4VKVKNE.js?v=b0937ae5:3043:47)
    at job (http://localhost:5173/node_modules/.vite/deps/chunk-D4VKVKNE.js?v=b0937ae5:2081:18)
    at watch (http://localhost:5173/node_modules/.vite/deps/chunk-D4VKVKNE.js?v=b0937ae5:2116:7)
    at doWatch (http://localhost:5173/node_modules/.vite/deps/chunk-D4VKVKNE.js?v=b0937ae5:3071:23)
    at watch2 (http://localhost:5173/node_modules/.vite/deps/chunk-D4VKVKNE.js?v=b0937ae5:3004:10)
    at useDeprecated (http://localhost:5173/node_modules/.vite/deps/element-plus.js?v=b0937ae5:10472:3) @ http://localhost:5173/node_modules/.vite/deps/element-plus.js?v=b0937ae5:10429
[   15599ms] [WARNING] ElementPlusError: [el-checkbox] [API] label act as value is about to be deprecated in version 3.0.0, please use value instead.
For more detail, please visit: https://element-plus.org/en-US/component/checkbox.html

    at debugWarn (http://localhost:5173/node_modules/.vite/deps/element-plus.js?v=b0937ae5:10429:37)
    at watch.immediate (http://localhost:5173/node_modules/.vite/deps/element-plus.js?v=b0937ae5:10473:14)
    at callWithErrorHandling (http://localhost:5173/node_modules/.vite/deps/chunk-D4VKVKNE.js?v=b0937ae5:2351:19)
    at callWithAsyncErrorHandling (http://localhost:5173/node_modules/.vite/deps/chunk-D4VKVKNE.js?v=b0937ae5:2358:17)
    at baseWatchOptions.call (http://localhost:5173/node_modules/.vite/deps/chunk-D4VKVKNE.js?v=b0937ae5:3043:47)
    at job (http://localhost:5173/node_modules/.vite/deps/chunk-D4VKVKNE.js?v=b0937ae5:2081:18)
    at watch (http://localhost:5173/node_modules/.vite/deps/chunk-D4VKVKNE.js?v=b0937ae5:2116:7)
    at doWatch (http://localhost:5173/node_modules/.vite/deps/chunk-D4VKVKNE.js?v=b0937ae5:3071:23)
    at watch2 (http://localhost:5173/node_modules/.vite/deps/chunk-D4VKVKNE.js?v=b0937ae5:3004:10)
    at useDeprecated (http://localhost:5173/node_modules/.vite/deps/element-plus.js?v=b0937ae5:10472:3) @ http://localhost:5173/node_modules/.vite/deps/element-plus.js?v=b0937ae5:10429
[   15599ms] [WARNING] ElementPlusError: [el-checkbox] [API] label act as value is about to be deprecated in version 3.0.0, please use value instead.
For more detail, please visit: https://element-plus.org/en-US/component/checkbox.html

    at debugWarn (http://localhost:5173/node_modules/.vite/deps/element-plus.js?v=b0937ae5:10429:37)
    at watch.immediate (http://localhost:5173/node_modules/.vite/deps/element-plus.js?v=b0937ae5:10473:14)
    at callWithErrorHandling (http://localhost:5173/node_modules/.vite/deps/chunk-D4VKVKNE.js?v=b0937ae5:2351:19)
    at callWithAsyncErrorHandling (http://localhost:5173/node_modules/.vite/deps/chunk-D4VKVKNE.js?v=b0937ae5:2358:17)
    at baseWatchOptions.call (http://localhost:5173/node_modules/.vite/deps/chunk-D4VKVKNE.js?v=b0937ae5:3043:47)
    at job (http://localhost:5173/node_modules/.vite/deps/chunk-D4VKVKNE.js?v=b0937ae5:2081:18)
    at watch (http://localhost:5173/node_modules/.vite/deps/chunk-D4VKVKNE.js?v=b0937ae5:2116:7)
    at doWatch (http://localhost:5173/node_modules/.vite/deps/chunk-D4VKVKNE.js?v=b0937ae5:3071:23)
    at watch2 (http://localhost:5173/node_modules/.vite/deps/chunk-D4VKVKNE.js?v=b0937ae5:3004:10)
    at useDeprecated (http://localhost:5173/node_modules/.vite/deps/element-plus.js?v=b0937ae5:10472:3) @ http://localhost:5173/node_modules/.vite/deps/element-plus.js?v=b0937ae5:10429
[   15600ms] [WARNING] ElementPlusError: [el-checkbox] [API] label act as value is about to be deprecated in version 3.0.0, please use value instead.
For more detail, please visit: https://element-plus.org/en-US/component/checkbox.html

    at debugWarn (http://localhost:5173/node_modules/.vite/deps/element-plus.js?v=b0937ae5:10429:37)
    at watch.immediate (http://localhost:5173/node_modules/.vite/deps/element-plus.js?v=b0937ae5:10473:14)
    at callWithErrorHandling (http://localhost:5173/node_modules/.vite/deps/chunk-D4VKVKNE.js?v=b0937ae5:2351:19)
    at callWithAsyncErrorHandling (http://localhost:5173/node_modules/.vite/deps/chunk-D4VKVKNE.js?v=b0937ae5:2358:17)
    at baseWatchOptions.call (http://localhost:5173/node_modules/.vite/deps/chunk-D4VKVKNE.js?v=b0937ae5:3043:47)
    at job (http://localhost:5173/node_modules/.vite/deps/chunk-D4VKVKNE.js?v=b0937ae5:2081:18)
    at watch (http://localhost:5173/node_modules/.vite/deps/chunk-D4VKVKNE.js?v=b0937ae5:2116:7)
    at doWatch (http://localhost:5173/node_modules/.vite/deps/chunk-D4VKVKNE.js?v=b0937ae5:3071:23)
    at watch2 (http://localhost:5173/node_modules/.vite/deps/chunk-D4VKVKNE.js?v=b0937ae5:3004:10)
    at useDeprecated (http://localhost:5173/node_modules/.vite/deps/element-plus.js?v=b0937ae5:10472:3) @ http://localhost:5173/node_modules/.vite/deps/element-plus.js?v=b0937ae5:10429
[   15601ms] [WARNING] ElementPlusError: [el-checkbox] [API] label act as value is about to be deprecated in version 3.0.0, please use value instead.
For more detail, please visit: https://element-plus.org/en-US/component/checkbox.html

    at debugWarn (http://localhost:5173/node_modules/.vite/deps/element-plus.js?v=b0937ae5:10429:37)
    at watch.immediate (http://localhost:5173/node_modules/.vite/deps/element-plus.js?v=b0937ae5:10473:14)
    at callWithErrorHandling (http://localhost:5173/node_modules/.vite/deps/chunk-D4VKVKNE.js?v=b0937ae5:2351:19)
    at callWithAsyncErrorHandling (http://localhost:5173/node_modules/.vite/deps/chunk-D4VKVKNE.js?v=b0937ae5:2358:17)
    at baseWatchOptions.call (http://localhost:5173/node_modules/.vite/deps/chunk-D4VKVKNE.js?v=b0937ae5:3043:47)
    at job (http://localhost:5173/node_modules/.vite/deps/chunk-D4VKVKNE.js?v=b0937ae5:2081:18)
    at watch (http://localhost:5173/node_modules/.vite/deps/chunk-D4VKVKNE.js?v=b0937ae5:2116:7)
    at doWatch (http://localhost:5173/node_modules/.vite/deps/chunk-D4VKVKNE.js?v=b0937ae5:3071:23)
    at watch2 (http://localhost:5173/node_modules/.vite/deps/chunk-D4VKVKNE.js?v=b0937ae5:3004:10)
    at useDeprecated (http://localhost:5173/node_modules/.vite/deps/element-plus.js?v=b0937ae5:10472:3) @ http://localhost:5173/node_modules/.vite/deps/element-plus.js?v=b0937ae5:10429
[  888053ms] [LOG] 构建 @ https://new-ecosystem-platform-v2.smartcloudcon.com/assets/index-C60cxGSy.js:50
[  888053ms] [LOG] 触发同步缓存 @ https://new-ecosystem-platform-v2.smartcloudcon.com/assets/index-C60cxGSy.js:50
[  888062ms] [LOG] Proxy(Object) false false /product @ https://new-ecosystem-platform-v2.smartcloudcon.com/assets/index-C60cxGSy.js:50
[  889496ms] [LOG] {code: 0, msg: ok, data: Object} 用户信息 @ https://new-ecosystem-platform-v2.smartcloudcon.com/assets/index-C60cxGSy.js:50
[  890208ms] [LOG] 添加路由完毕 @ https://new-ecosystem-platform-v2.smartcloudcon.com/assets/index-C60cxGSy.js:50
[  890210ms] [LOG] 注册路由Tree @ https://new-ecosystem-platform-v2.smartcloudcon.com/assets/index-C60cxGSy.js:50
[  890214ms] [LOG] [Object, Object, Object, Object, Object, Object, Object, Object, Object, Object, Object, Object, Object, Object, Object, Object, Object, Object, Object, Object, Object, Object, Object, Object, Object, Object, Object, Object, Object, Object, Object, Object, Object, Object, Object, Object, Object, Object, Object, Object, Object, Object, Object, Object, Object, Object, Object, Object, Object, Object, Object, Object, Object, Object, Object, Object, Object, Object, Object, Object, Object, Object, Object, Object, Object, Object, Object, Object, Object, Object, Object, Object, Object, Object, Object, Object, Object, Object, Object, Object, Object, Object, Object, Object, Object, Object, Object, Object, Object, Object, Object, Object, Object, Object, Object, Object, Object, Object, Object, Object] 路由扁平化结果 @ https://new-ecosystem-platform-v2.smartcloudcon.com/assets/index-C60cxGSy.js:50
