[     216ms] [WARNING] [Vue warn]: Failed to resolve component: Setting
If this is a native custom element, make sure to exclude it from component resolution via compilerOptions.isCustomElement. 
  at <Index> 
  at <App> @ http://localhost:5174/node_modules/.vite/deps/chunk-D4VKVKNE.js?v=b0937ae5:2203
[     222ms] [WARNING] [Vue warn]: Vue received a Component that was made a reactive object. This can lead to unnecessary performance overhead and should be avoided by marking the component with `markRaw` or using `shallowRef` instead of `ref`. 
Component that was made reactive:  {name: House, __name: house, setup: } 
  at <ElIcon class="menu-icon" > 
  at <Index> 
  at <App> @ http://localhost:5174/node_modules/.vite/deps/chunk-D4VKVKNE.js?v=b0937ae5:2203
[     224ms] [WARNING] [Vue warn]: Vue received a Component that was made a reactive object. This can lead to unnecessary performance overhead and should be avoided by marking the component with `markRaw` or using `shallowRef` instead of `ref`. 
Component that was made reactive:  {name: Cpu, __name: cpu, setup: } 
  at <ElIcon class="menu-icon" > 
  at <Index> 
  at <App> @ http://localhost:5174/node_modules/.vite/deps/chunk-D4VKVKNE.js?v=b0937ae5:2203
[     226ms] [WARNING] [Vue warn]: Vue received a Component that was made a reactive object. This can lead to unnecessary performance overhead and should be avoided by marking the component with `markRaw` or using `shallowRef` instead of `ref`. 
Component that was made reactive:  {name: Grid, __name: grid, setup: } 
  at <ElIcon class="menu-icon" size=16 > 
  at <Index> 
  at <App> @ http://localhost:5174/node_modules/.vite/deps/chunk-D4VKVKNE.js?v=b0937ae5:2203
[     227ms] [WARNING] [Vue warn]: Vue received a Component that was made a reactive object. This can lead to unnecessary performance overhead and should be avoided by marking the component with `markRaw` or using `shallowRef` instead of `ref`. 
Component that was made reactive:  {name: SetUp, __name: set-up, setup: } 
  at <ElIcon class="menu-icon" size=16 > 
  at <Index> 
  at <App> @ http://localhost:5174/node_modules/.vite/deps/chunk-D4VKVKNE.js?v=b0937ae5:2203
[     227ms] [WARNING] [Vue warn]: Vue received a Component that was made a reactive object. This can lead to unnecessary performance overhead and should be avoided by marking the component with `markRaw` or using `shallowRef` instead of `ref`. 
Component that was made reactive:  {name: Cpu, __name: cpu, setup: } 
  at <ElIcon class="menu-icon" size=16 > 
  at <Index> 
  at <App> @ http://localhost:5174/node_modules/.vite/deps/chunk-D4VKVKNE.js?v=b0937ae5:2203
[     228ms] [WARNING] [Vue warn]: Vue received a Component that was made a reactive object. This can lead to unnecessary performance overhead and should be avoided by marking the component with `markRaw` or using `shallowRef` instead of `ref`. 
Component that was made reactive:  {name: Warning, __name: warning, setup: } 
  at <ElIcon class="menu-icon" size=16 > 
  at <Index> 
  at <App> @ http://localhost:5174/node_modules/.vite/deps/chunk-D4VKVKNE.js?v=b0937ae5:2203
[     229ms] [WARNING] [Vue warn]: Vue received a Component that was made a reactive object. This can lead to unnecessary performance overhead and should be avoided by marking the component with `markRaw` or using `shallowRef` instead of `ref`. 
Component that was made reactive:  {name: Box, __name: box, setup: } 
  at <ElIcon class="menu-icon" > 
  at <Index> 
  at <App> @ http://localhost:5174/node_modules/.vite/deps/chunk-D4VKVKNE.js?v=b0937ae5:2203
[     230ms] [WARNING] [Vue warn]: Vue received a Component that was made a reactive object. This can lead to unnecessary performance overhead and should be avoided by marking the component with `markRaw` or using `shallowRef` instead of `ref`. 
Component that was made reactive:  {name: Box, __name: box, setup: } 
  at <ElIcon class="menu-icon" size=16 > 
  at <Index> 
  at <App> @ http://localhost:5174/node_modules/.vite/deps/chunk-D4VKVKNE.js?v=b0937ae5:2203
[     231ms] [WARNING] [Vue warn]: Vue received a Component that was made a reactive object. This can lead to unnecessary performance overhead and should be avoided by marking the component with `markRaw` or using `shallowRef` instead of `ref`. 
Component that was made reactive:  {name: Checked, __name: checked, setup: } 
  at <ElIcon class="menu-icon" size=16 > 
  at <Index> 
  at <App> @ http://localhost:5174/node_modules/.vite/deps/chunk-D4VKVKNE.js?v=b0937ae5:2203
[     232ms] [WARNING] [Vue warn]: Vue received a Component that was made a reactive object. This can lead to unnecessary performance overhead and should be avoided by marking the component with `markRaw` or using `shallowRef` instead of `ref`. 
Component that was made reactive:  {name: Present, __name: present, setup: } 
  at <ElIcon class="menu-icon" > 
  at <Index> 
  at <App> @ http://localhost:5174/node_modules/.vite/deps/chunk-D4VKVKNE.js?v=b0937ae5:2203
[     233ms] [WARNING] [Vue warn]: Vue received a Component that was made a reactive object. This can lead to unnecessary performance overhead and should be avoided by marking the component with `markRaw` or using `shallowRef` instead of `ref`. 
Component that was made reactive:  {name: Box, __name: box, setup: } 
  at <ElIcon class="menu-icon" size=16 > 
  at <Index> 
  at <App> @ http://localhost:5174/node_modules/.vite/deps/chunk-D4VKVKNE.js?v=b0937ae5:2203
[     234ms] [WARNING] [Vue warn]: Vue received a Component that was made a reactive object. This can lead to unnecessary performance overhead and should be avoided by marking the component with `markRaw` or using `shallowRef` instead of `ref`. 
Component that was made reactive:  {name: Operation, __name: operation, setup: } 
  at <ElIcon class="menu-icon" > 
  at <Index> 
  at <App> @ http://localhost:5174/node_modules/.vite/deps/chunk-D4VKVKNE.js?v=b0937ae5:2203
[     235ms] [WARNING] [Vue warn]: Vue received a Component that was made a reactive object. This can lead to unnecessary performance overhead and should be avoided by marking the component with `markRaw` or using `shallowRef` instead of `ref`. 
Component that was made reactive:  {name: ShoppingCart, __name: shopping-cart, setup: } 
  at <ElIcon class="menu-icon" size=16 > 
  at <Index> 
  at <App> @ http://localhost:5174/node_modules/.vite/deps/chunk-D4VKVKNE.js?v=b0937ae5:2203
[     237ms] [WARNING] [Vue warn]: Vue received a Component that was made a reactive object. This can lead to unnecessary performance overhead and should be avoided by marking the component with `markRaw` or using `shallowRef` instead of `ref`. 
Component that was made reactive:  {name: Star, __name: star, setup: } 
  at <ElIcon class="menu-icon" size=16 > 
  at <Index> 
  at <App> @ http://localhost:5174/node_modules/.vite/deps/chunk-D4VKVKNE.js?v=b0937ae5:2203
[     238ms] [WARNING] [Vue warn]: Vue received a Component that was made a reactive object. This can lead to unnecessary performance overhead and should be avoided by marking the component with `markRaw` or using `shallowRef` instead of `ref`. 
Component that was made reactive:  {name: Present, __name: present, setup: } 
  at <ElIcon class="menu-icon" size=16 > 
  at <Index> 
  at <App> @ http://localhost:5174/node_modules/.vite/deps/chunk-D4VKVKNE.js?v=b0937ae5:2203
[     238ms] [WARNING] [Vue warn]: Vue received a Component that was made a reactive object. This can lead to unnecessary performance overhead and should be avoided by marking the component with `markRaw` or using `shallowRef` instead of `ref`. 
Component that was made reactive:  {name: UserFilled, __name: user-filled, setup: } 
  at <ElIcon class="menu-icon" size=16 > 
  at <Index> 
  at <App> @ http://localhost:5174/node_modules/.vite/deps/chunk-D4VKVKNE.js?v=b0937ae5:2203
[     239ms] [WARNING] [Vue warn]: Vue received a Component that was made a reactive object. This can lead to unnecessary performance overhead and should be avoided by marking the component with `markRaw` or using `shallowRef` instead of `ref`. 
Component that was made reactive:  {name: DataAnalysis, __name: data-analysis, setup: } 
  at <ElIcon class="menu-icon" size=16 > 
  at <Index> 
  at <App> @ http://localhost:5174/node_modules/.vite/deps/chunk-D4VKVKNE.js?v=b0937ae5:2203
[     425ms] [WARNING] [Vue warn]: Failed to resolve component: Setting
If this is a native custom element, make sure to exclude it from component resolution via compilerOptions.isCustomElement. 
  at <Index> 
  at <App> @ http://localhost:5174/node_modules/.vite/deps/chunk-D4VKVKNE.js?v=b0937ae5:2203
[     426ms] [WARNING] [Vue warn]: Vue received a Component that was made a reactive object. This can lead to unnecessary performance overhead and should be avoided by marking the component with `markRaw` or using `shallowRef` instead of `ref`. 
Component that was made reactive:  {name: House, __name: house, setup: } 
  at <ElIcon class="menu-icon" > 
  at <Index> 
  at <App> @ http://localhost:5174/node_modules/.vite/deps/chunk-D4VKVKNE.js?v=b0937ae5:2203
[     426ms] [WARNING] [Vue warn]: Vue received a Component that was made a reactive object. This can lead to unnecessary performance overhead and should be avoided by marking the component with `markRaw` or using `shallowRef` instead of `ref`. 
Component that was made reactive:  {name: Cpu, __name: cpu, setup: } 
  at <ElIcon class="menu-icon" > 
  at <Index> 
  at <App> @ http://localhost:5174/node_modules/.vite/deps/chunk-D4VKVKNE.js?v=b0937ae5:2203
[     427ms] [WARNING] [Vue warn]: Vue received a Component that was made a reactive object. This can lead to unnecessary performance overhead and should be avoided by marking the component with `markRaw` or using `shallowRef` instead of `ref`. 
Component that was made reactive:  {name: Grid, __name: grid, setup: } 
  at <ElIcon class="menu-icon" size=16 > 
  at <Index> 
  at <App> @ http://localhost:5174/node_modules/.vite/deps/chunk-D4VKVKNE.js?v=b0937ae5:2203
[     427ms] [WARNING] [Vue warn]: Vue received a Component that was made a reactive object. This can lead to unnecessary performance overhead and should be avoided by marking the component with `markRaw` or using `shallowRef` instead of `ref`. 
Component that was made reactive:  {name: SetUp, __name: set-up, setup: } 
  at <ElIcon class="menu-icon" size=16 > 
  at <Index> 
  at <App> @ http://localhost:5174/node_modules/.vite/deps/chunk-D4VKVKNE.js?v=b0937ae5:2203
[     427ms] [WARNING] [Vue warn]: Vue received a Component that was made a reactive object. This can lead to unnecessary performance overhead and should be avoided by marking the component with `markRaw` or using `shallowRef` instead of `ref`. 
Component that was made reactive:  {name: Cpu, __name: cpu, setup: } 
  at <ElIcon class="menu-icon" size=16 > 
  at <Index> 
  at <App> @ http://localhost:5174/node_modules/.vite/deps/chunk-D4VKVKNE.js?v=b0937ae5:2203
[     428ms] [WARNING] [Vue warn]: Vue received a Component that was made a reactive object. This can lead to unnecessary performance overhead and should be avoided by marking the component with `markRaw` or using `shallowRef` instead of `ref`. 
Component that was made reactive:  {name: Warning, __name: warning, setup: } 
  at <ElIcon class="menu-icon" size=16 > 
  at <Index> 
  at <App> @ http://localhost:5174/node_modules/.vite/deps/chunk-D4VKVKNE.js?v=b0937ae5:2203
[     428ms] [WARNING] [Vue warn]: Vue received a Component that was made a reactive object. This can lead to unnecessary performance overhead and should be avoided by marking the component with `markRaw` or using `shallowRef` instead of `ref`. 
Component that was made reactive:  {name: Box, __name: box, setup: } 
  at <ElIcon class="menu-icon" > 
  at <Index> 
  at <App> @ http://localhost:5174/node_modules/.vite/deps/chunk-D4VKVKNE.js?v=b0937ae5:2203
[     428ms] [WARNING] [Vue warn]: Vue received a Component that was made a reactive object. This can lead to unnecessary performance overhead and should be avoided by marking the component with `markRaw` or using `shallowRef` instead of `ref`. 
Component that was made reactive:  {name: Box, __name: box, setup: } 
  at <ElIcon class="menu-icon" size=16 > 
  at <Index> 
  at <App> @ http://localhost:5174/node_modules/.vite/deps/chunk-D4VKVKNE.js?v=b0937ae5:2203
[     429ms] [WARNING] [Vue warn]: Vue received a Component that was made a reactive object. This can lead to unnecessary performance overhead and should be avoided by marking the component with `markRaw` or using `shallowRef` instead of `ref`. 
Component that was made reactive:  {name: Checked, __name: checked, setup: } 
  at <ElIcon class="menu-icon" size=16 > 
  at <Index> 
  at <App> @ http://localhost:5174/node_modules/.vite/deps/chunk-D4VKVKNE.js?v=b0937ae5:2203
[     429ms] [WARNING] [Vue warn]: Vue received a Component that was made a reactive object. This can lead to unnecessary performance overhead and should be avoided by marking the component with `markRaw` or using `shallowRef` instead of `ref`. 
Component that was made reactive:  {name: Present, __name: present, setup: } 
  at <ElIcon class="menu-icon" > 
  at <Index> 
  at <App> @ http://localhost:5174/node_modules/.vite/deps/chunk-D4VKVKNE.js?v=b0937ae5:2203
[     429ms] [WARNING] [Vue warn]: Vue received a Component that was made a reactive object. This can lead to unnecessary performance overhead and should be avoided by marking the component with `markRaw` or using `shallowRef` instead of `ref`. 
Component that was made reactive:  {name: Box, __name: box, setup: } 
  at <ElIcon class="menu-icon" size=16 > 
  at <Index> 
  at <App> @ http://localhost:5174/node_modules/.vite/deps/chunk-D4VKVKNE.js?v=b0937ae5:2203
[     430ms] [WARNING] [Vue warn]: Vue received a Component that was made a reactive object. This can lead to unnecessary performance overhead and should be avoided by marking the component with `markRaw` or using `shallowRef` instead of `ref`. 
Component that was made reactive:  {name: Operation, __name: operation, setup: } 
  at <ElIcon class="menu-icon" > 
  at <Index> 
  at <App> @ http://localhost:5174/node_modules/.vite/deps/chunk-D4VKVKNE.js?v=b0937ae5:2203
[     430ms] [WARNING] [Vue warn]: Vue received a Component that was made a reactive object. This can lead to unnecessary performance overhead and should be avoided by marking the component with `markRaw` or using `shallowRef` instead of `ref`. 
Component that was made reactive:  {name: ShoppingCart, __name: shopping-cart, setup: } 
  at <ElIcon class="menu-icon" size=16 > 
  at <Index> 
  at <App> @ http://localhost:5174/node_modules/.vite/deps/chunk-D4VKVKNE.js?v=b0937ae5:2203
[     431ms] [WARNING] [Vue warn]: Vue received a Component that was made a reactive object. This can lead to unnecessary performance overhead and should be avoided by marking the component with `markRaw` or using `shallowRef` instead of `ref`. 
Component that was made reactive:  {name: Star, __name: star, setup: } 
  at <ElIcon class="menu-icon" size=16 > 
  at <Index> 
  at <App> @ http://localhost:5174/node_modules/.vite/deps/chunk-D4VKVKNE.js?v=b0937ae5:2203
[     431ms] [WARNING] [Vue warn]: Vue received a Component that was made a reactive object. This can lead to unnecessary performance overhead and should be avoided by marking the component with `markRaw` or using `shallowRef` instead of `ref`. 
Component that was made reactive:  {name: Present, __name: present, setup: } 
  at <ElIcon class="menu-icon" size=16 > 
  at <Index> 
  at <App> @ http://localhost:5174/node_modules/.vite/deps/chunk-D4VKVKNE.js?v=b0937ae5:2203
[     431ms] [WARNING] [Vue warn]: Vue received a Component that was made a reactive object. This can lead to unnecessary performance overhead and should be avoided by marking the component with `markRaw` or using `shallowRef` instead of `ref`. 
Component that was made reactive:  {name: UserFilled, __name: user-filled, setup: } 
  at <ElIcon class="menu-icon" size=16 > 
  at <Index> 
  at <App> @ http://localhost:5174/node_modules/.vite/deps/chunk-D4VKVKNE.js?v=b0937ae5:2203
[     432ms] [WARNING] [Vue warn]: Vue received a Component that was made a reactive object. This can lead to unnecessary performance overhead and should be avoided by marking the component with `markRaw` or using `shallowRef` instead of `ref`. 
Component that was made reactive:  {name: DataAnalysis, __name: data-analysis, setup: } 
  at <ElIcon class="menu-icon" size=16 > 
  at <Index> 
  at <App> @ http://localhost:5174/node_modules/.vite/deps/chunk-D4VKVKNE.js?v=b0937ae5:2203
