[   27064ms] [ERROR] Failed to load resource: the server responded with a status of 403 () @ https://gamma.app/manifest.json:0
[   27602ms] [ERROR] Manifest fetch from https://gamma.app/manifest.json failed, code 403 @ https://gamma.app/zh-cn:0
[   28206ms] [WARNING] An error occurred! For more details, see the full error text at https://go.apollo.dev/c/err#%7B%22version%22%3A%223.14.1%22%2C%22message%22%3A85%2C%22args%22%3A%5B%5D%7D @ https://gamma.app/_next/static/chunks/0~8ccmzdhk_78.js?dpl=dpl_HcCYSncCU6G4XUEmnUnj16CNgWgW:4
[   28882ms] [WARNING] warn: [LaunchDarkly] Unknown feature flag "debugLogging"; returning default value null. @ https://gamma.app/_next/static/chunks/0~8ccmzdhk_78.js?dpl=dpl_HcCYSncCU6G4XUEmnUnj16CNgWgW:4
[   28883ms] [WARNING] warn: [LaunchDarkly] Unknown feature flag "offlineTest"; returning default value null. @ https://gamma.app/_next/static/chunks/0~8ccmzdhk_78.js?dpl=dpl_HcCYSncCU6G4XUEmnUnj16CNgWgW:4
[   29109ms] [LOG] utm function starting @ https://gamma.app/_next/static/chunks/0~8ccmzdhk_78.js?dpl=dpl_HcCYSncCU6G4XUEmnUnj16CNgWgW:4
[   29180ms] [INFO] info: [LaunchDarkly] Opened LaunchDarkly stream connection @ https://gamma.app/_next/static/chunks/0~8ccmzdhk_78.js?dpl=dpl_HcCYSncCU6G4XUEmnUnj16CNgWgW:4
[   29609ms] [INFO] info: [LaunchDarkly] Closed LaunchDarkly stream connection @ https://gamma.app/_next/static/chunks/0~8ccmzdhk_78.js?dpl=dpl_HcCYSncCU6G4XUEmnUnj16CNgWgW:4
[   29781ms] [INFO] info: [LaunchDarkly] Opened LaunchDarkly stream connection @ https://gamma.app/_next/static/chunks/0~8ccmzdhk_78.js?dpl=dpl_HcCYSncCU6G4XUEmnUnj16CNgWgW:4
[   33805ms] [ERROR] Not signed in with the identity provider. @ https://gamma.app/zh-cn:0
[   33959ms] [ERROR] Failed to load resource: the server responded with a status of 403 () @ https://gamma.app/manifest.json:0
[   34477ms] [ERROR] Manifest fetch from https://gamma.app/manifest.json failed, code 403 @ https://gamma.app/zh-cn:0
[   34763ms] [ERROR] [GSI_LOGGER]: FedCM get() rejects with AbortError: signal is aborted without reason @ https://gamma.app/_next/static/chunks/0~8ccmzdhk_78.js?dpl=dpl_HcCYSncCU6G4XUEmnUnj16CNgWgW:4
[   46357ms] [INFO] info: [LaunchDarkly] Closed LaunchDarkly stream connection @ https://gamma.app/_next/static/chunks/0~8ccmzdhk_78.js?dpl=dpl_HcCYSncCU6G4XUEmnUnj16CNgWgW:4
[   46357ms] [INFO] info: [LaunchDarkly] Will retry stream connection in 567 milliseconds @ https://gamma.app/_next/static/chunks/0~8ccmzdhk_78.js?dpl=dpl_HcCYSncCU6G4XUEmnUnj16CNgWgW:4
[   46852ms] [ERROR] Failed to load resource: the server responded with a status of 403 () @ https://gamma.app/_next/static/chunks/0j1qwqf4q-ocd.js?dpl=dpl_HcCYSncCU6G4XUEmnUnj16CNgWgW:0
[   46852ms] [ERROR] Refused to execute script from 'https://gamma.app/_next/static/chunks/0j1qwqf4q-ocd.js?dpl=dpl_HcCYSncCU6G4XUEmnUnj16CNgWgW' because its MIME type ('text/html') is not executable, and strict MIME type checking is enabled. @ https://gamma.app/signin?:0
[   46998ms] [ERROR] Failed to load resource: the server responded with a status of 403 () @ https://gamma.app/_next/static/chunks/17cwmpa9ypj9p.js?dpl=dpl_HcCYSncCU6G4XUEmnUnj16CNgWgW:0
[   46998ms] [ERROR] Refused to execute script from 'https://gamma.app/_next/static/chunks/17cwmpa9ypj9p.js?dpl=dpl_HcCYSncCU6G4XUEmnUnj16CNgWgW' because its MIME type ('text/html') is not executable, and strict MIME type checking is enabled. @ https://gamma.app/signin?:0
[   47097ms] [ERROR] Failed to load resource: the server responded with a status of 403 () @ https://gamma.app/_next/static/chunks/0cz~ulnoddeez.js?dpl=dpl_HcCYSncCU6G4XUEmnUnj16CNgWgW:0
[   47097ms] [ERROR] Refused to execute script from 'https://gamma.app/_next/static/chunks/0cz~ulnoddeez.js?dpl=dpl_HcCYSncCU6G4XUEmnUnj16CNgWgW' because its MIME type ('text/html') is not executable, and strict MIME type checking is enabled. @ https://gamma.app/signin?:0
[   47098ms] [ERROR] Failed to load resource: the server responded with a status of 403 () @ https://gamma.app/_next/static/chunks/0822x7eu0sgjd.js?dpl=dpl_HcCYSncCU6G4XUEmnUnj16CNgWgW:0
[   47098ms] [ERROR] Refused to execute script from 'https://gamma.app/_next/static/chunks/0822x7eu0sgjd.js?dpl=dpl_HcCYSncCU6G4XUEmnUnj16CNgWgW' because its MIME type ('text/html') is not executable, and strict MIME type checking is enabled. @ https://gamma.app/signin?:0
[   47246ms] [ERROR] Failed to load resource: the server responded with a status of 403 () @ https://gamma.app/_next/static/chunks/0xmohbex7csdo.js?dpl=dpl_HcCYSncCU6G4XUEmnUnj16CNgWgW:0
[   47246ms] [ERROR] Refused to execute script from 'https://gamma.app/_next/static/chunks/0xmohbex7csdo.js?dpl=dpl_HcCYSncCU6G4XUEmnUnj16CNgWgW' because its MIME type ('text/html') is not executable, and strict MIME type checking is enabled. @ https://gamma.app/signin?:0
[   47298ms] [ERROR] Failed to load resource: the server responded with a status of 403 () @ https://gamma.app/_next/static/chunks/14ed1xv2t-uyb.js?dpl=dpl_HcCYSncCU6G4XUEmnUnj16CNgWgW:0
[   47298ms] [ERROR] Refused to execute script from 'https://gamma.app/_next/static/chunks/14ed1xv2t-uyb.js?dpl=dpl_HcCYSncCU6G4XUEmnUnj16CNgWgW' because its MIME type ('text/html') is not executable, and strict MIME type checking is enabled. @ https://gamma.app/signin?:0
[   47392ms] [ERROR] Failed to load resource: the server responded with a status of 403 () @ https://gamma.app/_next/static/chunks/turbopack-0fz84kih-qre_.js?dpl=dpl_HcCYSncCU6G4XUEmnUnj16CNgWgW:0
[   47392ms] [ERROR] Refused to execute script from 'https://gamma.app/_next/static/chunks/turbopack-0fz84kih-qre_.js?dpl=dpl_HcCYSncCU6G4XUEmnUnj16CNgWgW' because its MIME type ('text/html') is not executable, and strict MIME type checking is enabled. @ https://gamma.app/signin?:0
[   47394ms] [ERROR] Failed to load resource: the server responded with a status of 403 () @ https://gamma.app/_next/static/chunks/0siktysu.n.tc.js?dpl=dpl_HcCYSncCU6G4XUEmnUnj16CNgWgW:0
[   47394ms] [ERROR] Refused to execute script from 'https://gamma.app/_next/static/chunks/0siktysu.n.tc.js?dpl=dpl_HcCYSncCU6G4XUEmnUnj16CNgWgW' because its MIME type ('text/html') is not executable, and strict MIME type checking is enabled. @ https://gamma.app/signin?:0
[   47494ms] [ERROR] Failed to load resource: the server responded with a status of 403 () @ https://gamma.app/_next/static/chunks/0.bg7ewb7ow87.js?dpl=dpl_HcCYSncCU6G4XUEmnUnj16CNgWgW:0
[   47494ms] [ERROR] Refused to execute script from 'https://gamma.app/_next/static/chunks/0.bg7ewb7ow87.js?dpl=dpl_HcCYSncCU6G4XUEmnUnj16CNgWgW' because its MIME type ('text/html') is not executable, and strict MIME type checking is enabled. @ https://gamma.app/signin?:0
[   47497ms] [ERROR] Failed to load resource: the server responded with a status of 403 () @ https://gamma.app/_next/static/chunks/12fw3ek_ru_j5.js?dpl=dpl_HcCYSncCU6G4XUEmnUnj16CNgWgW:0
[   47497ms] [ERROR] Refused to execute script from 'https://gamma.app/_next/static/chunks/12fw3ek_ru_j5.js?dpl=dpl_HcCYSncCU6G4XUEmnUnj16CNgWgW' because its MIME type ('text/html') is not executable, and strict MIME type checking is enabled. @ https://gamma.app/signin?:0
[   47641ms] [ERROR] Failed to load resource: the server responded with a status of 403 () @ https://gamma.app/icons/pwa-icon-192x192.png:0
[   47946ms] [WARNING] Error while trying to use the following icon from the Manifest: https://gamma.app/icons/pwa-icon-192x192.png (Download error or resource isn't a valid image) @ https://gamma.app/signin?:0
[   64100ms] [WARNING] An error occurred! For more details, see the full error text at https://go.apollo.dev/c/err#%7B%22version%22%3A%223.14.1%22%2C%22message%22%3A85%2C%22args%22%3A%5B%5D%7D @ https://gamma.app/_next/static/chunks/0~8ccmzdhk_78.js?dpl=dpl_HcCYSncCU6G4XUEmnUnj16CNgWgW:4
[   64193ms] [WARNING] An error occurred! For more details, see the full error text at https://go.apollo.dev/c/err#%7B%22version%22%3A%223.14.1%22%2C%22message%22%3A103%2C%22args%22%3A%5B%22useQuery%22%2C%22onCompleted%22%2C%22If%20your%20%60onCompleted%60%20callback%20sets%20local%20state%2C%20switch%20to%20use%20derived%20state%20using%20%60data%60%20returned%20from%20the%20hook%20instead.%20Use%20%60useEffect%60%20to%20perform%20side-effects%20as%20a%20result%20of%20updates%20to%20%60data%60.%22%5D%7D @ https://gamma.app/_next/static/chunks/0~8ccmzdhk_78.js?dpl=dpl_HcCYSncCU6G4XUEmnUnj16CNgWgW:4
[   64365ms] [LOG] utm function starting @ https://gamma.app/_next/static/chunks/0~8ccmzdhk_78.js?dpl=dpl_HcCYSncCU6G4XUEmnUnj16CNgWgW:4
[   64387ms] [VERBOSE] [DOM] Input elements should have autocomplete attributes (suggested: "username"): (More info: https://goo.gl/9p2vKq) %o @ https://gamma.app/signin?:0
[   64630ms] [WARNING] Canvas2D: Multiple readback operations using getImageData are faster with the willReadFrequently attribute set to true. See: https://html.spec.whatwg.org/multipage/canvas.html#concept-canvas-will-read-frequently @ https://gamma.app/_next/static/chunks/0yxrinb_pnzh1.js?dpl=dpl_HcCYSncCU6G4XUEmnUnj16CNgWgW:1
[   64755ms] [WARNING] warn: [LaunchDarkly] Unknown feature flag "debugLogging"; returning default value null. @ https://gamma.app/_next/static/chunks/0~8ccmzdhk_78.js?dpl=dpl_HcCYSncCU6G4XUEmnUnj16CNgWgW:4
[   64756ms] [WARNING] warn: [LaunchDarkly] Unknown feature flag "offlineTest"; returning default value null. @ https://gamma.app/_next/static/chunks/0~8ccmzdhk_78.js?dpl=dpl_HcCYSncCU6G4XUEmnUnj16CNgWgW:4
[   65341ms] [INFO] info: [LaunchDarkly] Opened LaunchDarkly stream connection @ https://gamma.app/_next/static/chunks/0~8ccmzdhk_78.js?dpl=dpl_HcCYSncCU6G4XUEmnUnj16CNgWgW:4
[   65598ms] [INFO] info: [LaunchDarkly] Closed LaunchDarkly stream connection @ https://gamma.app/_next/static/chunks/0~8ccmzdhk_78.js?dpl=dpl_HcCYSncCU6G4XUEmnUnj16CNgWgW:4
[   65877ms] [INFO] info: [LaunchDarkly] Opened LaunchDarkly stream connection @ https://gamma.app/_next/static/chunks/0~8ccmzdhk_78.js?dpl=dpl_HcCYSncCU6G4XUEmnUnj16CNgWgW:4
[   66500ms] [INFO] [Intercom] Launcher is disabled in settings or current page does not match display conditions @ https://js.intercomcdn.com/frame-modern.7583cce2.js:0
[   75316ms] [INFO] Slow network is detected. See https://www.chromestatus.com/feature/5636954674692096 for more details. Fallback font will be used while loading: https://fonts.gstatic.com/s/roboto/v48/KFO7CnqEu92Fr1ME7kSn66aGLdTylUAMa3yUBA.woff2 @ https://www.gstatic.com/recaptcha/releases/MerVUtRoajKEbP7pLiGXkL28/recaptcha__zh_cn.js:722
[   90354ms] [LOG] [GraphQL error]: Code: FORBIDDEN. Message: Invalid email or password @ https://gamma.app/_next/static/chunks/0~8ccmzdhk_78.js?dpl=dpl_HcCYSncCU6G4XUEmnUnj16CNgWgW:4
[   90356ms] [ERROR] [Signin.onSigninClick] Error signing in Invalid email or password @ https://gamma.app/_next/static/chunks/0~8ccmzdhk_78.js?dpl=dpl_HcCYSncCU6G4XUEmnUnj16CNgWgW:4
[  138488ms] [WARNING] An error occurred! For more details, see the full error text at https://go.apollo.dev/c/err#%7B%22version%22%3A%223.14.1%22%2C%22message%22%3A85%2C%22args%22%3A%5B%5D%7D @ https://gamma.app/_next/static/chunks/0~8ccmzdhk_78.js?dpl=dpl_HcCYSncCU6G4XUEmnUnj16CNgWgW:4
[  138745ms] [ERROR] Not signed in with the identity provider. @ https://gamma.app/:0
[  138949ms] [INFO] info: [LaunchDarkly] Closed LaunchDarkly stream connection @ https://gamma.app/_next/static/chunks/0~8ccmzdhk_78.js?dpl=dpl_HcCYSncCU6G4XUEmnUnj16CNgWgW:4
[  139150ms] [WARNING] Disabling this snippet because Optimizely has already initialized on this page load. Are there multiple snippets on the page? @ https://gamma.app/_next/static/chunks/0~8ccmzdhk_78.js?dpl=dpl_HcCYSncCU6G4XUEmnUnj16CNgWgW:4
[  139232ms] [INFO] info: [LaunchDarkly] Opened LaunchDarkly stream connection @ https://gamma.app/_next/static/chunks/0~8ccmzdhk_78.js?dpl=dpl_HcCYSncCU6G4XUEmnUnj16CNgWgW:4
[  139249ms] [INFO] info: [LaunchDarkly] Closed LaunchDarkly stream connection @ https://gamma.app/_next/static/chunks/0~8ccmzdhk_78.js?dpl=dpl_HcCYSncCU6G4XUEmnUnj16CNgWgW:4
[  139482ms] [INFO] info: [LaunchDarkly] Opened LaunchDarkly stream connection @ https://gamma.app/_next/static/chunks/0~8ccmzdhk_78.js?dpl=dpl_HcCYSncCU6G4XUEmnUnj16CNgWgW:4
[  142084ms] [LOG] MAI SDK already configured; skipping reconfiguration. @ https://gamma.app/_next/static/chunks/0~8ccmzdhk_78.js?dpl=dpl_HcCYSncCU6G4XUEmnUnj16CNgWgW:4
[  142102ms] [ERROR] [GSI_LOGGER]: FedCM get() rejects with AbortError: signal is aborted without reason @ https://gamma.app/_next/static/chunks/0~8ccmzdhk_78.js?dpl=dpl_HcCYSncCU6G4XUEmnUnj16CNgWgW:4
[  142352ms] [INFO] info: [LaunchDarkly] Closed LaunchDarkly stream connection @ https://gamma.app/_next/static/chunks/0~8ccmzdhk_78.js?dpl=dpl_HcCYSncCU6G4XUEmnUnj16CNgWgW:4
[  142352ms] [INFO] info: [LaunchDarkly] Will retry stream connection in 540 milliseconds @ https://gamma.app/_next/static/chunks/0~8ccmzdhk_78.js?dpl=dpl_HcCYSncCU6G4XUEmnUnj16CNgWgW:4
[  142678ms] [WARNING] An error occurred! For more details, see the full error text at https://go.apollo.dev/c/err#%7B%22version%22%3A%223.14.1%22%2C%22message%22%3A85%2C%22args%22%3A%5B%5D%7D @ https://gamma.app/_next/static/chunks/0~8ccmzdhk_78.js?dpl=dpl_HcCYSncCU6G4XUEmnUnj16CNgWgW:4
[  142756ms] [WARNING] Canvas2D: Multiple readback operations using getImageData are faster with the willReadFrequently attribute set to true. See: https://html.spec.whatwg.org/multipage/canvas.html#concept-canvas-will-read-frequently @ https://gamma.app/_next/static/chunks/0yxrinb_pnzh1.js?dpl=dpl_HcCYSncCU6G4XUEmnUnj16CNgWgW:1
[  142938ms] [WARNING] An error occurred! For more details, see the full error text at https://go.apollo.dev/c/err#%7B%22version%22%3A%223.14.1%22%2C%22message%22%3A103%2C%22args%22%3A%5B%22useQuery%22%2C%22onCompleted%22%2C%22If%20your%20%60onCompleted%60%20callback%20sets%20local%20state%2C%20switch%20to%20use%20derived%20state%20using%20%60data%60%20returned%20from%20the%20hook%20instead.%20Use%20%60useEffect%60%20to%20perform%20side-effects%20as%20a%20result%20of%20updates%20to%20%60data%60.%22%5D%7D @ https://gamma.app/_next/static/chunks/0~8ccmzdhk_78.js?dpl=dpl_HcCYSncCU6G4XUEmnUnj16CNgWgW:4
[  143109ms] [WARNING] warn: [LaunchDarkly] Unknown feature flag "debugLogging"; returning default value null. @ https://gamma.app/_next/static/chunks/0~8ccmzdhk_78.js?dpl=dpl_HcCYSncCU6G4XUEmnUnj16CNgWgW:4
[  143110ms] [WARNING] warn: [LaunchDarkly] Unknown feature flag "offlineTest"; returning default value null. @ https://gamma.app/_next/static/chunks/0~8ccmzdhk_78.js?dpl=dpl_HcCYSncCU6G4XUEmnUnj16CNgWgW:4
[  143223ms] [LOG] utm function starting @ https://gamma.app/_next/static/chunks/0~8ccmzdhk_78.js?dpl=dpl_HcCYSncCU6G4XUEmnUnj16CNgWgW:4
[  143351ms] [INFO] info: [LaunchDarkly] Opened LaunchDarkly stream connection @ https://gamma.app/_next/static/chunks/0~8ccmzdhk_78.js?dpl=dpl_HcCYSncCU6G4XUEmnUnj16CNgWgW:4
[  143483ms] [INFO] info: [LaunchDarkly] Closed LaunchDarkly stream connection @ https://gamma.app/_next/static/chunks/0~8ccmzdhk_78.js?dpl=dpl_HcCYSncCU6G4XUEmnUnj16CNgWgW:4
[  143748ms] [INFO] info: [LaunchDarkly] Opened LaunchDarkly stream connection @ https://gamma.app/_next/static/chunks/0~8ccmzdhk_78.js?dpl=dpl_HcCYSncCU6G4XUEmnUnj16CNgWgW:4
[  146172ms] [INFO] [Intercom] Launcher is disabled in settings or current page does not match display conditions @ https://js.intercomcdn.com/frame-modern.7583cce2.js:0
[  148993ms] [LOG] MAI SDK already configured; skipping reconfiguration. @ https://gamma.app/_next/static/chunks/0~8ccmzdhk_78.js?dpl=dpl_HcCYSncCU6G4XUEmnUnj16CNgWgW:4
[  155119ms] [INFO] info: [LaunchDarkly] Closed LaunchDarkly stream connection @ https://gamma.app/_next/static/chunks/0~8ccmzdhk_78.js?dpl=dpl_HcCYSncCU6G4XUEmnUnj16CNgWgW:4
[  155120ms] [INFO] info: [LaunchDarkly] Will retry stream connection in 681 milliseconds @ https://gamma.app/_next/static/chunks/0~8ccmzdhk_78.js?dpl=dpl_HcCYSncCU6G4XUEmnUnj16CNgWgW:4
[  155618ms] [WARNING] An error occurred! For more details, see the full error text at https://go.apollo.dev/c/err#%7B%22version%22%3A%223.14.1%22%2C%22message%22%3A85%2C%22args%22%3A%5B%5D%7D @ https://gamma.app/_next/static/chunks/0~8ccmzdhk_78.js?dpl=dpl_HcCYSncCU6G4XUEmnUnj16CNgWgW:4
[  155949ms] [WARNING] warn: [LaunchDarkly] Unknown feature flag "debugLogging"; returning default value null. @ https://gamma.app/_next/static/chunks/0~8ccmzdhk_78.js?dpl=dpl_HcCYSncCU6G4XUEmnUnj16CNgWgW:4
[  155949ms] [WARNING] warn: [LaunchDarkly] Unknown feature flag "offlineTest"; returning default value null. @ https://gamma.app/_next/static/chunks/0~8ccmzdhk_78.js?dpl=dpl_HcCYSncCU6G4XUEmnUnj16CNgWgW:4
[  156099ms] [INFO] info: [LaunchDarkly] Closed LaunchDarkly stream connection @ https://gamma.app/_next/static/chunks/0~8ccmzdhk_78.js?dpl=dpl_HcCYSncCU6G4XUEmnUnj16CNgWgW:4
[  156198ms] [LOG] utm function starting @ https://gamma.app/_next/static/chunks/0~8ccmzdhk_78.js?dpl=dpl_HcCYSncCU6G4XUEmnUnj16CNgWgW:4
[  156597ms] [INFO] info: [LaunchDarkly] Opened LaunchDarkly stream connection @ https://gamma.app/_next/static/chunks/0~8ccmzdhk_78.js?dpl=dpl_HcCYSncCU6G4XUEmnUnj16CNgWgW:4
[  156730ms] [ERROR] Not signed in with the identity provider. @ https://gamma.app/zh-cn:0
[  156761ms] [INFO] [Intercom] Launcher is disabled in settings or current page does not match display conditions @ https://js.intercomcdn.com/frame-modern.7583cce2.js:0
[  168622ms] [ERROR] [GSI_LOGGER]: FedCM get() rejects with NetworkError: Error retrieving a token. @ https://gamma.app/_next/static/chunks/0~8ccmzdhk_78.js?dpl=dpl_HcCYSncCU6G4XUEmnUnj16CNgWgW:4
[  350027ms] [INFO] info: [LaunchDarkly] Closed LaunchDarkly stream connection @ https://gamma.app/_next/static/chunks/0~8ccmzdhk_78.js?dpl=dpl_HcCYSncCU6G4XUEmnUnj16CNgWgW:4
[  350027ms] [INFO] info: [LaunchDarkly] Will retry stream connection in 718 milliseconds @ https://gamma.app/_next/static/chunks/0~8ccmzdhk_78.js?dpl=dpl_HcCYSncCU6G4XUEmnUnj16CNgWgW:4
[  350028ms] [ERROR] Failed to load resource: net::ERR_CONNECTION_RESET @ https://clientstream.launchdarkly.com/eval/61e83cfd8ac5a016e6f0d0b6/eyJrZXkiOiJsZF9hbm9ueW1vdXNfdXNlciIsImFub255bW91cyI6dHJ1ZSwiaXNHYW1tYUUyRSI6ZmFsc2UsImlzR2FtbWFVc2VyIjpmYWxzZSwib3JnSWQiOiJub19vcmdfaWQiLCJpc01vYmlsZURldmljZSI6ZmFsc2UsImRlcGxveVRpbWUiOjE3ODI1MDQ4NzcyOTEsImRlcGxveW1lbnRIYXNoIjoiZ2wzNWFtMWR2IiwiYnJvd3NlciI6eyJuYW1lIjoiQ2hyb21lIiwidmVyc2lvbiI6IjE0OS4wLjAuMCJ9LCJsb2NhbGUiOiJ6aC1DTiIsImxvY2F0aW9uIjp7ImNpdHkiOiJQYXJpcyIsImNvdW50cnkiOiJGUiIsInJlZ2lvbiI6IklERiIsImxhdGl0dWRlIjo0OC44NTU4LCJsb25naXR1ZGUiOjIuMzQ5NH0sImtpbmQiOiJ1c2VyIn0?withReasons=true:0
[  351040ms] [INFO] info: [LaunchDarkly] Opened LaunchDarkly stream connection @ https://gamma.app/_next/static/chunks/0~8ccmzdhk_78.js?dpl=dpl_HcCYSncCU6G4XUEmnUnj16CNgWgW:4
[ 1279766ms] [INFO] info: [LaunchDarkly] Closed LaunchDarkly stream connection @ https://gamma.app/_next/static/chunks/0~8ccmzdhk_78.js?dpl=dpl_HcCYSncCU6G4XUEmnUnj16CNgWgW:4
[ 1279767ms] [INFO] info: [LaunchDarkly] Will retry stream connection in 760 milliseconds @ https://gamma.app/_next/static/chunks/0~8ccmzdhk_78.js?dpl=dpl_HcCYSncCU6G4XUEmnUnj16CNgWgW:4
[ 1280014ms] [WARNING] An error occurred! For more details, see the full error text at https://go.apollo.dev/c/err#%7B%22version%22%3A%223.14.1%22%2C%22message%22%3A85%2C%22args%22%3A%5B%5D%7D @ https://gamma.app/_next/static/chunks/0~8ccmzdhk_78.js?dpl=dpl_HcCYSncCU6G4XUEmnUnj16CNgWgW:4
[ 1280094ms] [WARNING] Canvas2D: Multiple readback operations using getImageData are faster with the willReadFrequently attribute set to true. See: https://html.spec.whatwg.org/multipage/canvas.html#concept-canvas-will-read-frequently @ https://gamma.app/_next/static/chunks/0yxrinb_pnzh1.js?dpl=dpl_HcCYSncCU6G4XUEmnUnj16CNgWgW:1
[ 1280354ms] [LOG] utm function starting @ https://gamma.app/_next/static/chunks/0~8ccmzdhk_78.js?dpl=dpl_HcCYSncCU6G4XUEmnUnj16CNgWgW:4
[ 1280419ms] [LOG] [Churnkey] Embed v1.0.58 @ https://gamma.app/_next/static/chunks/0~8ccmzdhk_78.js?dpl=dpl_HcCYSncCU6G4XUEmnUnj16CNgWgW:4
[ 1280867ms] [WARNING] Warning: fragment with name PageFields already exists.
graphql-tag enforces all fragment names across your application to be unique; read more about
this in the docs: http://dev.apollodata.com/core/fragments.html#unique-names @ https://gamma.app/_next/static/chunks/0~8ccmzdhk_78.js?dpl=dpl_HcCYSncCU6G4XUEmnUnj16CNgWgW:4
[ 1280970ms] [WARNING] warn: [LaunchDarkly] Unknown feature flag "debugLogging"; returning default value null. @ https://gamma.app/_next/static/chunks/0~8ccmzdhk_78.js?dpl=dpl_HcCYSncCU6G4XUEmnUnj16CNgWgW:4
[ 1280971ms] [WARNING] warn: [LaunchDarkly] Unknown feature flag "offlineTest"; returning default value null. @ https://gamma.app/_next/static/chunks/0~8ccmzdhk_78.js?dpl=dpl_HcCYSncCU6G4XUEmnUnj16CNgWgW:4
[ 1280995ms] [WARNING] warn: [LaunchDarkly] Unknown feature flag "inlineDashboardButterbar"; returning default value null. @ https://gamma.app/_next/static/chunks/0~8ccmzdhk_78.js?dpl=dpl_HcCYSncCU6G4XUEmnUnj16CNgWgW:4
[ 1280998ms] [WARNING] An error occurred! For more details, see the full error text at https://go.apollo.dev/c/err#%7B%22version%22%3A%223.14.1%22%2C%22message%22%3A103%2C%22args%22%3A%5B%22useQuery%22%2C%22onCompleted%22%2C%22If%20your%20%60onCompleted%60%20callback%20sets%20local%20state%2C%20switch%20to%20use%20derived%20state%20using%20%60data%60%20returned%20from%20the%20hook%20instead.%20Use%20%60useEffect%60%20to%20perform%20side-effects%20as%20a%20result%20of%20updates%20to%20%60data%60.%22%5D%7D @ https://gamma.app/_next/static/chunks/0~8ccmzdhk_78.js?dpl=dpl_HcCYSncCU6G4XUEmnUnj16CNgWgW:4
[ 1281053ms] [WARNING] An error occurred! For more details, see the full error text at https://go.apollo.dev/c/err#%7B%22version%22%3A%223.14.1%22%2C%22message%22%3A103%2C%22args%22%3A%5B%22useLazyQuery%22%2C%22variables%22%2C%22Pass%20all%20%60variables%60%20to%20the%20returned%20%60execute%60%20function%20instead.%22%5D%7D @ https://gamma.app/_next/static/chunks/0~8ccmzdhk_78.js?dpl=dpl_HcCYSncCU6G4XUEmnUnj16CNgWgW:4
[ 1281208ms] [INFO] info: [LaunchDarkly] Opened LaunchDarkly stream connection @ https://gamma.app/_next/static/chunks/0~8ccmzdhk_78.js?dpl=dpl_HcCYSncCU6G4XUEmnUnj16CNgWgW:4
[ 1281537ms] [INFO] info: [LaunchDarkly] Closed LaunchDarkly stream connection @ https://gamma.app/_next/static/chunks/0~8ccmzdhk_78.js?dpl=dpl_HcCYSncCU6G4XUEmnUnj16CNgWgW:4
[ 1281721ms] [INFO] info: [LaunchDarkly] Opened LaunchDarkly stream connection @ https://gamma.app/_next/static/chunks/0~8ccmzdhk_78.js?dpl=dpl_HcCYSncCU6G4XUEmnUnj16CNgWgW:4
[ 1282024ms] [WARNING] Canny: You can only initialize the widget once, re-initializations may result in errors or unpredictable behaviour. @ https://gamma.app/_next/static/chunks/0~8ccmzdhk_78.js?dpl=dpl_HcCYSncCU6G4XUEmnUnj16CNgWgW:4
[ 1282024ms] [WARNING] Canny: You can only initialize the widget once, re-initializations may result in errors or unpredictable behaviour. @ https://gamma.app/_next/static/chunks/0~8ccmzdhk_78.js?dpl=dpl_HcCYSncCU6G4XUEmnUnj16CNgWgW:4
[ 1282403ms] [INFO] [Intercom] Launcher is disabled in settings or current page does not match display conditions @ https://js.intercomcdn.com/frame-modern.7583cce2.js:0
[ 1286911ms] [INFO] info: [LaunchDarkly] Closed LaunchDarkly stream connection @ https://gamma.app/_next/static/chunks/0~8ccmzdhk_78.js?dpl=dpl_HcCYSncCU6G4XUEmnUnj16CNgWgW:4
[ 1286911ms] [INFO] info: [LaunchDarkly] Will retry stream connection in 819 milliseconds @ https://gamma.app/_next/static/chunks/0~8ccmzdhk_78.js?dpl=dpl_HcCYSncCU6G4XUEmnUnj16CNgWgW:4
[ 1287033ms] [WARNING] An error occurred! For more details, see the full error text at https://go.apollo.dev/c/err#%7B%22version%22%3A%223.14.1%22%2C%22message%22%3A85%2C%22args%22%3A%5B%5D%7D @ https://gamma.app/_next/static/chunks/0~8ccmzdhk_78.js?dpl=dpl_HcCYSncCU6G4XUEmnUnj16CNgWgW:4
[ 1287101ms] [WARNING] An error occurred! For more details, see the full error text at https://go.apollo.dev/c/err#%7B%22version%22%3A%223.14.1%22%2C%22message%22%3A103%2C%22args%22%3A%5B%22useQuery%22%2C%22onCompleted%22%2C%22If%20your%20%60onCompleted%60%20callback%20sets%20local%20state%2C%20switch%20to%20use%20derived%20state%20using%20%60data%60%20returned%20from%20the%20hook%20instead.%20Use%20%60useEffect%60%20to%20perform%20side-effects%20as%20a%20result%20of%20updates%20to%20%60data%60.%22%5D%7D @ https://gamma.app/_next/static/chunks/0~8ccmzdhk_78.js?dpl=dpl_HcCYSncCU6G4XUEmnUnj16CNgWgW:4
[ 1287161ms] [WARNING] Canvas2D: Multiple readback operations using getImageData are faster with the willReadFrequently attribute set to true. See: https://html.spec.whatwg.org/multipage/canvas.html#concept-canvas-will-read-frequently @ https://gamma.app/_next/static/chunks/0yxrinb_pnzh1.js?dpl=dpl_HcCYSncCU6G4XUEmnUnj16CNgWgW:1
[ 1287221ms] [VERBOSE] [DOM] Input elements should have autocomplete attributes (suggested: "username"): (More info: https://goo.gl/9p2vKq) %o @ https://gamma.app/signin?logout_success=true:0
[ 1287409ms] [WARNING] warn: [LaunchDarkly] Unknown feature flag "debugLogging"; returning default value null. @ https://gamma.app/_next/static/chunks/0~8ccmzdhk_78.js?dpl=dpl_HcCYSncCU6G4XUEmnUnj16CNgWgW:4
[ 1287410ms] [WARNING] warn: [LaunchDarkly] Unknown feature flag "offlineTest"; returning default value null. @ https://gamma.app/_next/static/chunks/0~8ccmzdhk_78.js?dpl=dpl_HcCYSncCU6G4XUEmnUnj16CNgWgW:4
[ 1287493ms] [LOG] utm function starting @ https://gamma.app/_next/static/chunks/0~8ccmzdhk_78.js?dpl=dpl_HcCYSncCU6G4XUEmnUnj16CNgWgW:4
[ 1287536ms] [INFO] info: [LaunchDarkly] Opened LaunchDarkly stream connection @ https://gamma.app/_next/static/chunks/0~8ccmzdhk_78.js?dpl=dpl_HcCYSncCU6G4XUEmnUnj16CNgWgW:4
[ 1287599ms] [INFO] info: [LaunchDarkly] Closed LaunchDarkly stream connection @ https://gamma.app/_next/static/chunks/0~8ccmzdhk_78.js?dpl=dpl_HcCYSncCU6G4XUEmnUnj16CNgWgW:4
[ 1287737ms] [INFO] info: [LaunchDarkly] Opened LaunchDarkly stream connection @ https://gamma.app/_next/static/chunks/0~8ccmzdhk_78.js?dpl=dpl_HcCYSncCU6G4XUEmnUnj16CNgWgW:4
[ 1288789ms] [INFO] [Intercom] Launcher is disabled in settings or current page does not match display conditions @ https://js.intercomcdn.com/frame-modern.7583cce2.js:0
[ 1307794ms] [LOG] [GraphQL error]: Code: FORBIDDEN. Message: Invalid email or password @ https://gamma.app/_next/static/chunks/0~8ccmzdhk_78.js?dpl=dpl_HcCYSncCU6G4XUEmnUnj16CNgWgW:4
[ 1307795ms] [ERROR] [Signin.onSigninClick] Error signing in Invalid email or password @ https://gamma.app/_next/static/chunks/0~8ccmzdhk_78.js?dpl=dpl_HcCYSncCU6G4XUEmnUnj16CNgWgW:4
[ 1312085ms] [INFO] info: [LaunchDarkly] Closed LaunchDarkly stream connection @ https://gamma.app/_next/static/chunks/0~8ccmzdhk_78.js?dpl=dpl_HcCYSncCU6G4XUEmnUnj16CNgWgW:4
[ 1312086ms] [INFO] info: [LaunchDarkly] Will retry stream connection in 662 milliseconds @ https://gamma.app/_next/static/chunks/0~8ccmzdhk_78.js?dpl=dpl_HcCYSncCU6G4XUEmnUnj16CNgWgW:4
[ 1312443ms] [WARNING] Warning: fragment with name PageFields already exists.
graphql-tag enforces all fragment names across your application to be unique; read more about
this in the docs: http://dev.apollodata.com/core/fragments.html#unique-names @ https://gamma.app/_next/static/chunks/0~8ccmzdhk_78.js?dpl=dpl_HcCYSncCU6G4XUEmnUnj16CNgWgW:4
[ 1312508ms] [WARNING] An error occurred! For more details, see the full error text at https://go.apollo.dev/c/err#%7B%22version%22%3A%223.14.1%22%2C%22message%22%3A85%2C%22args%22%3A%5B%5D%7D @ https://gamma.app/_next/static/chunks/0~8ccmzdhk_78.js?dpl=dpl_HcCYSncCU6G4XUEmnUnj16CNgWgW:4
[ 1312609ms] [WARNING] Canvas2D: Multiple readback operations using getImageData are faster with the willReadFrequently attribute set to true. See: https://html.spec.whatwg.org/multipage/canvas.html#concept-canvas-will-read-frequently @ https://gamma.app/_next/static/chunks/0yxrinb_pnzh1.js?dpl=dpl_HcCYSncCU6G4XUEmnUnj16CNgWgW:1
[ 1312827ms] [WARNING] [Intercom] The App ID in your code snippet has not been set. Set it to your App ID found in settings to complete installation: https://app.intercom.com/a/apps/_/settings/web @ https://js.intercomcdn.com/frame-modern.7583cce2.js:0
[ 1312830ms] [INFO] [Intercom] Launcher is disabled in settings or current page does not match display conditions @ https://js.intercomcdn.com/frame-modern.7583cce2.js:0
[ 1312925ms] [WARNING] An error occurred! For more details, see the full error text at https://go.apollo.dev/c/err#%7B%22version%22%3A%223.14.1%22%2C%22message%22%3A103%2C%22args%22%3A%5B%22useQuery%22%2C%22onCompleted%22%2C%22If%20your%20%60onCompleted%60%20callback%20sets%20local%20state%2C%20switch%20to%20use%20derived%20state%20using%20%60data%60%20returned%20from%20the%20hook%20instead.%20Use%20%60useEffect%60%20to%20perform%20side-effects%20as%20a%20result%20of%20updates%20to%20%60data%60.%22%5D%7D @ https://gamma.app/_next/static/chunks/0~8ccmzdhk_78.js?dpl=dpl_HcCYSncCU6G4XUEmnUnj16CNgWgW:4
[ 1312994ms] [WARNING] An error occurred! For more details, see the full error text at https://go.apollo.dev/c/err#%7B%22version%22%3A%223.14.1%22%2C%22message%22%3A103%2C%22args%22%3A%5B%22useLazyQuery%22%2C%22variables%22%2C%22Pass%20all%20%60variables%60%20to%20the%20returned%20%60execute%60%20function%20instead.%22%5D%7D @ https://gamma.app/_next/static/chunks/0~8ccmzdhk_78.js?dpl=dpl_HcCYSncCU6G4XUEmnUnj16CNgWgW:4
[ 1313076ms] [WARNING] Canny: You can only initialize the widget once, re-initializations may result in errors or unpredictable behaviour. @ https://gamma.app/_next/static/chunks/0~8ccmzdhk_78.js?dpl=dpl_HcCYSncCU6G4XUEmnUnj16CNgWgW:4
[ 1313076ms] [WARNING] Canny: You can only initialize the widget once, re-initializations may result in errors or unpredictable behaviour. @ https://gamma.app/_next/static/chunks/0~8ccmzdhk_78.js?dpl=dpl_HcCYSncCU6G4XUEmnUnj16CNgWgW:4
[ 1313321ms] [LOG] [Churnkey] Embed v1.0.58 @ https://gamma.app/_next/static/chunks/0~8ccmzdhk_78.js?dpl=dpl_HcCYSncCU6G4XUEmnUnj16CNgWgW:4
[ 1313528ms] [WARNING] warn: [LaunchDarkly] Unknown feature flag "debugLogging"; returning default value null. @ https://gamma.app/_next/static/chunks/0~8ccmzdhk_78.js?dpl=dpl_HcCYSncCU6G4XUEmnUnj16CNgWgW:4
[ 1313532ms] [WARNING] warn: [LaunchDarkly] Unknown feature flag "offlineTest"; returning default value null. @ https://gamma.app/_next/static/chunks/0~8ccmzdhk_78.js?dpl=dpl_HcCYSncCU6G4XUEmnUnj16CNgWgW:4
[ 1313532ms] [WARNING] warn: [LaunchDarkly] Unknown feature flag "inlineDashboardButterbar"; returning default value null. @ https://gamma.app/_next/static/chunks/0~8ccmzdhk_78.js?dpl=dpl_HcCYSncCU6G4XUEmnUnj16CNgWgW:4
[ 1313694ms] [INFO] info: [LaunchDarkly] Opened LaunchDarkly stream connection @ https://gamma.app/_next/static/chunks/0~8ccmzdhk_78.js?dpl=dpl_HcCYSncCU6G4XUEmnUnj16CNgWgW:4
[ 1321699ms] [INFO] info: [LaunchDarkly] Closed LaunchDarkly stream connection @ https://gamma.app/_next/static/chunks/0~8ccmzdhk_78.js?dpl=dpl_HcCYSncCU6G4XUEmnUnj16CNgWgW:4
[ 1321699ms] [INFO] info: [LaunchDarkly] Will retry stream connection in 969 milliseconds @ https://gamma.app/_next/static/chunks/0~8ccmzdhk_78.js?dpl=dpl_HcCYSncCU6G4XUEmnUnj16CNgWgW:4
[ 1321826ms] [WARNING] An error occurred! For more details, see the full error text at https://go.apollo.dev/c/err#%7B%22version%22%3A%223.14.1%22%2C%22message%22%3A85%2C%22args%22%3A%5B%5D%7D @ https://gamma.app/_next/static/chunks/0~8ccmzdhk_78.js?dpl=dpl_HcCYSncCU6G4XUEmnUnj16CNgWgW:4
[ 1321882ms] [WARNING] An error occurred! For more details, see the full error text at https://go.apollo.dev/c/err#%7B%22version%22%3A%223.14.1%22%2C%22message%22%3A103%2C%22args%22%3A%5B%22useQuery%22%2C%22onCompleted%22%2C%22If%20your%20%60onCompleted%60%20callback%20sets%20local%20state%2C%20switch%20to%20use%20derived%20state%20using%20%60data%60%20returned%20from%20the%20hook%20instead.%20Use%20%60useEffect%60%20to%20perform%20side-effects%20as%20a%20result%20of%20updates%20to%20%60data%60.%22%5D%7D @ https://gamma.app/_next/static/chunks/0~8ccmzdhk_78.js?dpl=dpl_HcCYSncCU6G4XUEmnUnj16CNgWgW:4
[ 1321958ms] [WARNING] Canvas2D: Multiple readback operations using getImageData are faster with the willReadFrequently attribute set to true. See: https://html.spec.whatwg.org/multipage/canvas.html#concept-canvas-will-read-frequently @ https://gamma.app/_next/static/chunks/0yxrinb_pnzh1.js?dpl=dpl_HcCYSncCU6G4XUEmnUnj16CNgWgW:1
[ 1322000ms] [VERBOSE] [DOM] Input elements should have autocomplete attributes (suggested: "username"): (More info: https://goo.gl/9p2vKq) %o @ https://gamma.app/signin?logout_success=true:0
[ 1322160ms] [WARNING] warn: [LaunchDarkly] Unknown feature flag "debugLogging"; returning default value null. @ https://gamma.app/_next/static/chunks/0~8ccmzdhk_78.js?dpl=dpl_HcCYSncCU6G4XUEmnUnj16CNgWgW:4
[ 1322161ms] [WARNING] warn: [LaunchDarkly] Unknown feature flag "offlineTest"; returning default value null. @ https://gamma.app/_next/static/chunks/0~8ccmzdhk_78.js?dpl=dpl_HcCYSncCU6G4XUEmnUnj16CNgWgW:4
[ 1322202ms] [LOG] utm function starting @ https://gamma.app/_next/static/chunks/0~8ccmzdhk_78.js?dpl=dpl_HcCYSncCU6G4XUEmnUnj16CNgWgW:4
[ 1322280ms] [INFO] info: [LaunchDarkly] Opened LaunchDarkly stream connection @ https://gamma.app/_next/static/chunks/0~8ccmzdhk_78.js?dpl=dpl_HcCYSncCU6G4XUEmnUnj16CNgWgW:4
[ 1322335ms] [INFO] info: [LaunchDarkly] Closed LaunchDarkly stream connection @ https://gamma.app/_next/static/chunks/0~8ccmzdhk_78.js?dpl=dpl_HcCYSncCU6G4XUEmnUnj16CNgWgW:4
[ 1322494ms] [INFO] info: [LaunchDarkly] Opened LaunchDarkly stream connection @ https://gamma.app/_next/static/chunks/0~8ccmzdhk_78.js?dpl=dpl_HcCYSncCU6G4XUEmnUnj16CNgWgW:4
[ 1323550ms] [INFO] [Intercom] Launcher is disabled in settings or current page does not match display conditions @ https://js.intercomcdn.com/frame-modern.7583cce2.js:0
[ 1326462ms] [INFO] info: [LaunchDarkly] Closed LaunchDarkly stream connection @ https://gamma.app/_next/static/chunks/0~8ccmzdhk_78.js?dpl=dpl_HcCYSncCU6G4XUEmnUnj16CNgWgW:4
[ 1326463ms] [INFO] info: [LaunchDarkly] Will retry stream connection in 590 milliseconds @ https://gamma.app/_next/static/chunks/0~8ccmzdhk_78.js?dpl=dpl_HcCYSncCU6G4XUEmnUnj16CNgWgW:4
[ 1326747ms] [WARNING] Warning: fragment with name PageFields already exists.
graphql-tag enforces all fragment names across your application to be unique; read more about
this in the docs: http://dev.apollodata.com/core/fragments.html#unique-names @ https://gamma.app/_next/static/chunks/0~8ccmzdhk_78.js?dpl=dpl_HcCYSncCU6G4XUEmnUnj16CNgWgW:4
[ 1326828ms] [WARNING] An error occurred! For more details, see the full error text at https://go.apollo.dev/c/err#%7B%22version%22%3A%223.14.1%22%2C%22message%22%3A85%2C%22args%22%3A%5B%5D%7D @ https://gamma.app/_next/static/chunks/0~8ccmzdhk_78.js?dpl=dpl_HcCYSncCU6G4XUEmnUnj16CNgWgW:4
[ 1326917ms] [WARNING] Canvas2D: Multiple readback operations using getImageData are faster with the willReadFrequently attribute set to true. See: https://html.spec.whatwg.org/multipage/canvas.html#concept-canvas-will-read-frequently @ https://gamma.app/_next/static/chunks/0yxrinb_pnzh1.js?dpl=dpl_HcCYSncCU6G4XUEmnUnj16CNgWgW:1
[ 1327063ms] [WARNING] [Intercom] The App ID in your code snippet has not been set. Set it to your App ID found in settings to complete installation: https://app.intercom.com/a/apps/_/settings/web @ https://js.intercomcdn.com/frame-modern.7583cce2.js:0
[ 1327066ms] [INFO] [Intercom] Launcher is disabled in settings or current page does not match display conditions @ https://js.intercomcdn.com/frame-modern.7583cce2.js:0
[ 1327242ms] [WARNING] An error occurred! For more details, see the full error text at https://go.apollo.dev/c/err#%7B%22version%22%3A%223.14.1%22%2C%22message%22%3A103%2C%22args%22%3A%5B%22useQuery%22%2C%22onCompleted%22%2C%22If%20your%20%60onCompleted%60%20callback%20sets%20local%20state%2C%20switch%20to%20use%20derived%20state%20using%20%60data%60%20returned%20from%20the%20hook%20instead.%20Use%20%60useEffect%60%20to%20perform%20side-effects%20as%20a%20result%20of%20updates%20to%20%60data%60.%22%5D%7D @ https://gamma.app/_next/static/chunks/0~8ccmzdhk_78.js?dpl=dpl_HcCYSncCU6G4XUEmnUnj16CNgWgW:4
[ 1327285ms] [WARNING] An error occurred! For more details, see the full error text at https://go.apollo.dev/c/err#%7B%22version%22%3A%223.14.1%22%2C%22message%22%3A103%2C%22args%22%3A%5B%22useLazyQuery%22%2C%22variables%22%2C%22Pass%20all%20%60variables%60%20to%20the%20returned%20%60execute%60%20function%20instead.%22%5D%7D @ https://gamma.app/_next/static/chunks/0~8ccmzdhk_78.js?dpl=dpl_HcCYSncCU6G4XUEmnUnj16CNgWgW:4
[ 1327341ms] [WARNING] Canny: You can only initialize the widget once, re-initializations may result in errors or unpredictable behaviour. @ https://gamma.app/_next/static/chunks/0~8ccmzdhk_78.js?dpl=dpl_HcCYSncCU6G4XUEmnUnj16CNgWgW:4
[ 1327342ms] [WARNING] Canny: You can only initialize the widget once, re-initializations may result in errors or unpredictable behaviour. @ https://gamma.app/_next/static/chunks/0~8ccmzdhk_78.js?dpl=dpl_HcCYSncCU6G4XUEmnUnj16CNgWgW:4
[ 1327541ms] [LOG] [Churnkey] Embed v1.0.58 @ https://gamma.app/_next/static/chunks/0~8ccmzdhk_78.js?dpl=dpl_HcCYSncCU6G4XUEmnUnj16CNgWgW:4
[ 1327776ms] [WARNING] warn: [LaunchDarkly] Unknown feature flag "debugLogging"; returning default value null. @ https://gamma.app/_next/static/chunks/0~8ccmzdhk_78.js?dpl=dpl_HcCYSncCU6G4XUEmnUnj16CNgWgW:4
[ 1327779ms] [WARNING] warn: [LaunchDarkly] Unknown feature flag "offlineTest"; returning default value null. @ https://gamma.app/_next/static/chunks/0~8ccmzdhk_78.js?dpl=dpl_HcCYSncCU6G4XUEmnUnj16CNgWgW:4
[ 1327780ms] [WARNING] warn: [LaunchDarkly] Unknown feature flag "inlineDashboardButterbar"; returning default value null. @ https://gamma.app/_next/static/chunks/0~8ccmzdhk_78.js?dpl=dpl_HcCYSncCU6G4XUEmnUnj16CNgWgW:4
[ 1327890ms] [INFO] info: [LaunchDarkly] Opened LaunchDarkly stream connection @ https://gamma.app/_next/static/chunks/0~8ccmzdhk_78.js?dpl=dpl_HcCYSncCU6G4XUEmnUnj16CNgWgW:4
