[     190ms] [WARNING] [Vue warn]: Failed to resolve component: Setting
If this is a native custom element, make sure to exclude it from component resolution via compilerOptions.isCustomElement. 
  at <Index> 
  at <App> @ http://localhost:3001/node_modules/.vite/deps/chunk-D4VKVKNE.js?v=b0937ae5:2203
[     194ms] [WARNING] [Vue warn]: Vue received a Component that was made a reactive object. This can lead to unnecessary performance overhead and should be avoided by marking the component with `markRaw` or using `shallowRef` instead of `ref`. 
Component that was made reactive:  {name: House, __name: house, setup: } 
  at <ElIcon class="menu-icon" > 
  at <Index> 
  at <App> @ http://localhost:3001/node_modules/.vite/deps/chunk-D4VKVKNE.js?v=b0937ae5:2203
[     195ms] [WARNING] [Vue warn]: Vue received a Component that was made a reactive object. This can lead to unnecessary performance overhead and should be avoided by marking the component with `markRaw` or using `shallowRef` instead of `ref`. 
Component that was made reactive:  {name: Cpu, __name: cpu, setup: } 
  at <ElIcon class="menu-icon" > 
  at <Index> 
  at <App> @ http://localhost:3001/node_modules/.vite/deps/chunk-D4VKVKNE.js?v=b0937ae5:2203
[     196ms] [WARNING] [Vue warn]: Vue received a Component that was made a reactive object. This can lead to unnecessary performance overhead and should be avoided by marking the component with `markRaw` or using `shallowRef` instead of `ref`. 
Component that was made reactive:  {name: Grid, __name: grid, setup: } 
  at <ElIcon class="menu-icon" size=16 > 
  at <Index> 
  at <App> @ http://localhost:3001/node_modules/.vite/deps/chunk-D4VKVKNE.js?v=b0937ae5:2203
[     196ms] [WARNING] [Vue warn]: Vue received a Component that was made a reactive object. This can lead to unnecessary performance overhead and should be avoided by marking the component with `markRaw` or using `shallowRef` instead of `ref`. 
Component that was made reactive:  {name: SetUp, __name: set-up, setup: } 
  at <ElIcon class="menu-icon" size=16 > 
  at <Index> 
  at <App> @ http://localhost:3001/node_modules/.vite/deps/chunk-D4VKVKNE.js?v=b0937ae5:2203
[     197ms] [WARNING] [Vue warn]: Vue received a Component that was made a reactive object. This can lead to unnecessary performance overhead and should be avoided by marking the component with `markRaw` or using `shallowRef` instead of `ref`. 
Component that was made reactive:  {name: Cpu, __name: cpu, setup: } 
  at <ElIcon class="menu-icon" size=16 > 
  at <Index> 
  at <App> @ http://localhost:3001/node_modules/.vite/deps/chunk-D4VKVKNE.js?v=b0937ae5:2203
[     197ms] [WARNING] [Vue warn]: Vue received a Component that was made a reactive object. This can lead to unnecessary performance overhead and should be avoided by marking the component with `markRaw` or using `shallowRef` instead of `ref`. 
Component that was made reactive:  {name: Warning, __name: warning, setup: } 
  at <ElIcon class="menu-icon" size=16 > 
  at <Index> 
  at <App> @ http://localhost:3001/node_modules/.vite/deps/chunk-D4VKVKNE.js?v=b0937ae5:2203
[     197ms] [WARNING] [Vue warn]: Vue received a Component that was made a reactive object. This can lead to unnecessary performance overhead and should be avoided by marking the component with `markRaw` or using `shallowRef` instead of `ref`. 
Component that was made reactive:  {name: Box, __name: box, setup: } 
  at <ElIcon class="menu-icon" > 
  at <Index> 
  at <App> @ http://localhost:3001/node_modules/.vite/deps/chunk-D4VKVKNE.js?v=b0937ae5:2203
[     198ms] [WARNING] [Vue warn]: Vue received a Component that was made a reactive object. This can lead to unnecessary performance overhead and should be avoided by marking the component with `markRaw` or using `shallowRef` instead of `ref`. 
Component that was made reactive:  {name: Box, __name: box, setup: } 
  at <ElIcon class="menu-icon" size=16 > 
  at <Index> 
  at <App> @ http://localhost:3001/node_modules/.vite/deps/chunk-D4VKVKNE.js?v=b0937ae5:2203
[     198ms] [WARNING] [Vue warn]: Vue received a Component that was made a reactive object. This can lead to unnecessary performance overhead and should be avoided by marking the component with `markRaw` or using `shallowRef` instead of `ref`. 
Component that was made reactive:  {name: Checked, __name: checked, setup: } 
  at <ElIcon class="menu-icon" size=16 > 
  at <Index> 
  at <App> @ http://localhost:3001/node_modules/.vite/deps/chunk-D4VKVKNE.js?v=b0937ae5:2203
[     199ms] [WARNING] [Vue warn]: Vue received a Component that was made a reactive object. This can lead to unnecessary performance overhead and should be avoided by marking the component with `markRaw` or using `shallowRef` instead of `ref`. 
Component that was made reactive:  {name: Present, __name: present, setup: } 
  at <ElIcon class="menu-icon" > 
  at <Index> 
  at <App> @ http://localhost:3001/node_modules/.vite/deps/chunk-D4VKVKNE.js?v=b0937ae5:2203
[     200ms] [WARNING] [Vue warn]: Vue received a Component that was made a reactive object. This can lead to unnecessary performance overhead and should be avoided by marking the component with `markRaw` or using `shallowRef` instead of `ref`. 
Component that was made reactive:  {name: Box, __name: box, setup: } 
  at <ElIcon class="menu-icon" size=16 > 
  at <Index> 
  at <App> @ http://localhost:3001/node_modules/.vite/deps/chunk-D4VKVKNE.js?v=b0937ae5:2203
[     201ms] [WARNING] [Vue warn]: Vue received a Component that was made a reactive object. This can lead to unnecessary performance overhead and should be avoided by marking the component with `markRaw` or using `shallowRef` instead of `ref`. 
Component that was made reactive:  {name: Operation, __name: operation, setup: } 
  at <ElIcon class="menu-icon" > 
  at <Index> 
  at <App> @ http://localhost:3001/node_modules/.vite/deps/chunk-D4VKVKNE.js?v=b0937ae5:2203
[     202ms] [WARNING] [Vue warn]: Vue received a Component that was made a reactive object. This can lead to unnecessary performance overhead and should be avoided by marking the component with `markRaw` or using `shallowRef` instead of `ref`. 
Component that was made reactive:  {name: ShoppingCart, __name: shopping-cart, setup: } 
  at <ElIcon class="menu-icon" size=16 > 
  at <Index> 
  at <App> @ http://localhost:3001/node_modules/.vite/deps/chunk-D4VKVKNE.js?v=b0937ae5:2203
[     202ms] [WARNING] [Vue warn]: Vue received a Component that was made a reactive object. This can lead to unnecessary performance overhead and should be avoided by marking the component with `markRaw` or using `shallowRef` instead of `ref`. 
Component that was made reactive:  {name: Star, __name: star, setup: } 
  at <ElIcon class="menu-icon" size=16 > 
  at <Index> 
  at <App> @ http://localhost:3001/node_modules/.vite/deps/chunk-D4VKVKNE.js?v=b0937ae5:2203
[     203ms] [WARNING] [Vue warn]: Vue received a Component that was made a reactive object. This can lead to unnecessary performance overhead and should be avoided by marking the component with `markRaw` or using `shallowRef` instead of `ref`. 
Component that was made reactive:  {name: Present, __name: present, setup: } 
  at <ElIcon class="menu-icon" size=16 > 
  at <Index> 
  at <App> @ http://localhost:3001/node_modules/.vite/deps/chunk-D4VKVKNE.js?v=b0937ae5:2203
[     203ms] [WARNING] [Vue warn]: Vue received a Component that was made a reactive object. This can lead to unnecessary performance overhead and should be avoided by marking the component with `markRaw` or using `shallowRef` instead of `ref`. 
Component that was made reactive:  {name: UserFilled, __name: user-filled, setup: } 
  at <ElIcon class="menu-icon" size=16 > 
  at <Index> 
  at <App> @ http://localhost:3001/node_modules/.vite/deps/chunk-D4VKVKNE.js?v=b0937ae5:2203
[     203ms] [WARNING] [Vue warn]: Vue received a Component that was made a reactive object. This can lead to unnecessary performance overhead and should be avoided by marking the component with `markRaw` or using `shallowRef` instead of `ref`. 
Component that was made reactive:  {name: DataAnalysis, __name: data-analysis, setup: } 
  at <ElIcon class="menu-icon" size=16 > 
  at <Index> 
  at <App> @ http://localhost:3001/node_modules/.vite/deps/chunk-D4VKVKNE.js?v=b0937ae5:2203
[     289ms] [WARNING] [Vue warn]: Failed to resolve component: Setting
If this is a native custom element, make sure to exclude it from component resolution via compilerOptions.isCustomElement. 
  at <Index> 
  at <App> @ http://localhost:3001/node_modules/.vite/deps/chunk-D4VKVKNE.js?v=b0937ae5:2203
[     290ms] [WARNING] [Vue warn]: Vue received a Component that was made a reactive object. This can lead to unnecessary performance overhead and should be avoided by marking the component with `markRaw` or using `shallowRef` instead of `ref`. 
Component that was made reactive:  {name: House, __name: house, setup: } 
  at <ElIcon class="menu-icon" > 
  at <Index> 
  at <App> @ http://localhost:3001/node_modules/.vite/deps/chunk-D4VKVKNE.js?v=b0937ae5:2203
[     291ms] [WARNING] [Vue warn]: Vue received a Component that was made a reactive object. This can lead to unnecessary performance overhead and should be avoided by marking the component with `markRaw` or using `shallowRef` instead of `ref`. 
Component that was made reactive:  {name: Cpu, __name: cpu, setup: } 
  at <ElIcon class="menu-icon" > 
  at <Index> 
  at <App> @ http://localhost:3001/node_modules/.vite/deps/chunk-D4VKVKNE.js?v=b0937ae5:2203
[     291ms] [WARNING] [Vue warn]: Vue received a Component that was made a reactive object. This can lead to unnecessary performance overhead and should be avoided by marking the component with `markRaw` or using `shallowRef` instead of `ref`. 
Component that was made reactive:  {name: Grid, __name: grid, setup: } 
  at <ElIcon class="menu-icon" size=16 > 
  at <Index> 
  at <App> @ http://localhost:3001/node_modules/.vite/deps/chunk-D4VKVKNE.js?v=b0937ae5:2203
[     292ms] [WARNING] [Vue warn]: Vue received a Component that was made a reactive object. This can lead to unnecessary performance overhead and should be avoided by marking the component with `markRaw` or using `shallowRef` instead of `ref`. 
Component that was made reactive:  {name: SetUp, __name: set-up, setup: } 
  at <ElIcon class="menu-icon" size=16 > 
  at <Index> 
  at <App> @ http://localhost:3001/node_modules/.vite/deps/chunk-D4VKVKNE.js?v=b0937ae5:2203
[     292ms] [WARNING] [Vue warn]: Vue received a Component that was made a reactive object. This can lead to unnecessary performance overhead and should be avoided by marking the component with `markRaw` or using `shallowRef` instead of `ref`. 
Component that was made reactive:  {name: Cpu, __name: cpu, setup: } 
  at <ElIcon class="menu-icon" size=16 > 
  at <Index> 
  at <App> @ http://localhost:3001/node_modules/.vite/deps/chunk-D4VKVKNE.js?v=b0937ae5:2203
[     292ms] [WARNING] [Vue warn]: Vue received a Component that was made a reactive object. This can lead to unnecessary performance overhead and should be avoided by marking the component with `markRaw` or using `shallowRef` instead of `ref`. 
Component that was made reactive:  {name: Warning, __name: warning, setup: } 
  at <ElIcon class="menu-icon" size=16 > 
  at <Index> 
  at <App> @ http://localhost:3001/node_modules/.vite/deps/chunk-D4VKVKNE.js?v=b0937ae5:2203
[     292ms] [WARNING] [Vue warn]: Vue received a Component that was made a reactive object. This can lead to unnecessary performance overhead and should be avoided by marking the component with `markRaw` or using `shallowRef` instead of `ref`. 
Component that was made reactive:  {name: Box, __name: box, setup: } 
  at <ElIcon class="menu-icon" > 
  at <Index> 
  at <App> @ http://localhost:3001/node_modules/.vite/deps/chunk-D4VKVKNE.js?v=b0937ae5:2203
[     292ms] [WARNING] [Vue warn]: Vue received a Component that was made a reactive object. This can lead to unnecessary performance overhead and should be avoided by marking the component with `markRaw` or using `shallowRef` instead of `ref`. 
Component that was made reactive:  {name: Box, __name: box, setup: } 
  at <ElIcon class="menu-icon" size=16 > 
  at <Index> 
  at <App> @ http://localhost:3001/node_modules/.vite/deps/chunk-D4VKVKNE.js?v=b0937ae5:2203
[     292ms] [WARNING] [Vue warn]: Vue received a Component that was made a reactive object. This can lead to unnecessary performance overhead and should be avoided by marking the component with `markRaw` or using `shallowRef` instead of `ref`. 
Component that was made reactive:  {name: Checked, __name: checked, setup: } 
  at <ElIcon class="menu-icon" size=16 > 
  at <Index> 
  at <App> @ http://localhost:3001/node_modules/.vite/deps/chunk-D4VKVKNE.js?v=b0937ae5:2203
[     293ms] [WARNING] [Vue warn]: Vue received a Component that was made a reactive object. This can lead to unnecessary performance overhead and should be avoided by marking the component with `markRaw` or using `shallowRef` instead of `ref`. 
Component that was made reactive:  {name: Present, __name: present, setup: } 
  at <ElIcon class="menu-icon" > 
  at <Index> 
  at <App> @ http://localhost:3001/node_modules/.vite/deps/chunk-D4VKVKNE.js?v=b0937ae5:2203
[     293ms] [WARNING] [Vue warn]: Vue received a Component that was made a reactive object. This can lead to unnecessary performance overhead and should be avoided by marking the component with `markRaw` or using `shallowRef` instead of `ref`. 
Component that was made reactive:  {name: Box, __name: box, setup: } 
  at <ElIcon class="menu-icon" size=16 > 
  at <Index> 
  at <App> @ http://localhost:3001/node_modules/.vite/deps/chunk-D4VKVKNE.js?v=b0937ae5:2203
[     293ms] [WARNING] [Vue warn]: Vue received a Component that was made a reactive object. This can lead to unnecessary performance overhead and should be avoided by marking the component with `markRaw` or using `shallowRef` instead of `ref`. 
Component that was made reactive:  {name: Operation, __name: operation, setup: } 
  at <ElIcon class="menu-icon" > 
  at <Index> 
  at <App> @ http://localhost:3001/node_modules/.vite/deps/chunk-D4VKVKNE.js?v=b0937ae5:2203
[     293ms] [WARNING] [Vue warn]: Vue received a Component that was made a reactive object. This can lead to unnecessary performance overhead and should be avoided by marking the component with `markRaw` or using `shallowRef` instead of `ref`. 
Component that was made reactive:  {name: ShoppingCart, __name: shopping-cart, setup: } 
  at <ElIcon class="menu-icon" size=16 > 
  at <Index> 
  at <App> @ http://localhost:3001/node_modules/.vite/deps/chunk-D4VKVKNE.js?v=b0937ae5:2203
[     293ms] [WARNING] [Vue warn]: Vue received a Component that was made a reactive object. This can lead to unnecessary performance overhead and should be avoided by marking the component with `markRaw` or using `shallowRef` instead of `ref`. 
Component that was made reactive:  {name: Star, __name: star, setup: } 
  at <ElIcon class="menu-icon" size=16 > 
  at <Index> 
  at <App> @ http://localhost:3001/node_modules/.vite/deps/chunk-D4VKVKNE.js?v=b0937ae5:2203
[     293ms] [WARNING] [Vue warn]: Vue received a Component that was made a reactive object. This can lead to unnecessary performance overhead and should be avoided by marking the component with `markRaw` or using `shallowRef` instead of `ref`. 
Component that was made reactive:  {name: Present, __name: present, setup: } 
  at <ElIcon class="menu-icon" size=16 > 
  at <Index> 
  at <App> @ http://localhost:3001/node_modules/.vite/deps/chunk-D4VKVKNE.js?v=b0937ae5:2203
[     293ms] [WARNING] [Vue warn]: Vue received a Component that was made a reactive object. This can lead to unnecessary performance overhead and should be avoided by marking the component with `markRaw` or using `shallowRef` instead of `ref`. 
Component that was made reactive:  {name: UserFilled, __name: user-filled, setup: } 
  at <ElIcon class="menu-icon" size=16 > 
  at <Index> 
  at <App> @ http://localhost:3001/node_modules/.vite/deps/chunk-D4VKVKNE.js?v=b0937ae5:2203
[     293ms] [WARNING] [Vue warn]: Vue received a Component that was made a reactive object. This can lead to unnecessary performance overhead and should be avoided by marking the component with `markRaw` or using `shallowRef` instead of `ref`. 
Component that was made reactive:  {name: DataAnalysis, __name: data-analysis, setup: } 
  at <ElIcon class="menu-icon" size=16 > 
  at <Index> 
  at <App> @ http://localhost:3001/node_modules/.vite/deps/chunk-D4VKVKNE.js?v=b0937ae5:2203
[     295ms] [WARNING] [Vue warn]: Vue received a Component that was made a reactive object. This can lead to unnecessary performance overhead and should be avoided by marking the component with `markRaw` or using `shallowRef` instead of `ref`. 
Component that was made reactive:  {name: Box, __name: box, setup: } 
  at <ElIcon size=24 color="#1890FF" > 
  at <Index onVnodeUnmounted=fn<onVnodeUnmounted> ref=Ref< undefined > > 
  at <RouterView> 
  at <Index> 
  at <App> @ http://localhost:3001/node_modules/.vite/deps/chunk-D4VKVKNE.js?v=b0937ae5:2203
[     295ms] [WARNING] [Vue warn]: Vue received a Component that was made a reactive object. This can lead to unnecessary performance overhead and should be avoided by marking the component with `markRaw` or using `shallowRef` instead of `ref`. 
Component that was made reactive:  {name: Grid, __name: grid, setup: } 
  at <ElIcon size=24 color="#52C41A" > 
  at <Index onVnodeUnmounted=fn<onVnodeUnmounted> ref=Ref< undefined > > 
  at <RouterView> 
  at <Index> 
  at <App> @ http://localhost:3001/node_modules/.vite/deps/chunk-D4VKVKNE.js?v=b0937ae5:2203
[     295ms] [WARNING] [Vue warn]: Vue received a Component that was made a reactive object. This can lead to unnecessary performance overhead and should be avoided by marking the component with `markRaw` or using `shallowRef` instead of `ref`. 
Component that was made reactive:  {name: DataAnalysis, __name: data-analysis, setup: } 
  at <ElIcon size=24 color="#FAAD14" > 
  at <Index onVnodeUnmounted=fn<onVnodeUnmounted> ref=Ref< undefined > > 
  at <RouterView> 
  at <Index> 
  at <App> @ http://localhost:3001/node_modules/.vite/deps/chunk-D4VKVKNE.js?v=b0937ae5:2203
[     296ms] [WARNING] [Vue warn]: Vue received a Component that was made a reactive object. This can lead to unnecessary performance overhead and should be avoided by marking the component with `markRaw` or using `shallowRef` instead of `ref`. 
Component that was made reactive:  {name: User, __name: user, setup: } 
  at <ElIcon size=24 color="#722ED1" > 
  at <Index onVnodeUnmounted=fn<onVnodeUnmounted> ref=Ref< undefined > > 
  at <RouterView> 
  at <Index> 
  at <App> @ http://localhost:3001/node_modules/.vite/deps/chunk-D4VKVKNE.js?v=b0937ae5:2203
[     296ms] [WARNING] [Vue warn]: Vue received a Component that was made a reactive object. This can lead to unnecessary performance overhead and should be avoided by marking the component with `markRaw` or using `shallowRef` instead of `ref`. 
Component that was made reactive:  {name: Box, __name: box, setup: } 
  at <ElIcon size=32 color="#1890FF" > 
  at <Index onVnodeUnmounted=fn<onVnodeUnmounted> ref=Ref< undefined > > 
  at <RouterView> 
  at <Index> 
  at <App> @ http://localhost:3001/node_modules/.vite/deps/chunk-D4VKVKNE.js?v=b0937ae5:2203
[   51009ms] [WARNING] [Vue warn]: Failed to resolve component: Setting
If this is a native custom element, make sure to exclude it from component resolution via compilerOptions.isCustomElement. 
  at <Index> 
  at <App> @ http://localhost:3001/node_modules/.vite/deps/chunk-D4VKVKNE.js?v=b0937ae5:2203
[   51010ms] [WARNING] [Vue warn]: Vue received a Component that was made a reactive object. This can lead to unnecessary performance overhead and should be avoided by marking the component with `markRaw` or using `shallowRef` instead of `ref`. 
Component that was made reactive:  {name: House, __name: house, setup: } 
  at <ElIcon class="menu-icon" > 
  at <Index> 
  at <App> @ http://localhost:3001/node_modules/.vite/deps/chunk-D4VKVKNE.js?v=b0937ae5:2203
[   51011ms] [WARNING] [Vue warn]: Vue received a Component that was made a reactive object. This can lead to unnecessary performance overhead and should be avoided by marking the component with `markRaw` or using `shallowRef` instead of `ref`. 
Component that was made reactive:  {name: Cpu, __name: cpu, setup: } 
  at <ElIcon class="menu-icon" > 
  at <Index> 
  at <App> @ http://localhost:3001/node_modules/.vite/deps/chunk-D4VKVKNE.js?v=b0937ae5:2203
[   51011ms] [WARNING] [Vue warn]: Vue received a Component that was made a reactive object. This can lead to unnecessary performance overhead and should be avoided by marking the component with `markRaw` or using `shallowRef` instead of `ref`. 
Component that was made reactive:  {name: Grid, __name: grid, setup: } 
  at <ElIcon class="menu-icon" size=16 > 
  at <Index> 
  at <App> @ http://localhost:3001/node_modules/.vite/deps/chunk-D4VKVKNE.js?v=b0937ae5:2203
[   51012ms] [WARNING] [Vue warn]: Vue received a Component that was made a reactive object. This can lead to unnecessary performance overhead and should be avoided by marking the component with `markRaw` or using `shallowRef` instead of `ref`. 
Component that was made reactive:  {name: SetUp, __name: set-up, setup: } 
  at <ElIcon class="menu-icon" size=16 > 
  at <Index> 
  at <App> @ http://localhost:3001/node_modules/.vite/deps/chunk-D4VKVKNE.js?v=b0937ae5:2203
[   51012ms] [WARNING] [Vue warn]: Vue received a Component that was made a reactive object. This can lead to unnecessary performance overhead and should be avoided by marking the component with `markRaw` or using `shallowRef` instead of `ref`. 
Component that was made reactive:  {name: Cpu, __name: cpu, setup: } 
  at <ElIcon class="menu-icon" size=16 > 
  at <Index> 
  at <App> @ http://localhost:3001/node_modules/.vite/deps/chunk-D4VKVKNE.js?v=b0937ae5:2203
[   51013ms] [WARNING] [Vue warn]: Vue received a Component that was made a reactive object. This can lead to unnecessary performance overhead and should be avoided by marking the component with `markRaw` or using `shallowRef` instead of `ref`. 
Component that was made reactive:  {name: Warning, __name: warning, setup: } 
  at <ElIcon class="menu-icon" size=16 > 
  at <Index> 
  at <App> @ http://localhost:3001/node_modules/.vite/deps/chunk-D4VKVKNE.js?v=b0937ae5:2203
[   51013ms] [WARNING] [Vue warn]: Vue received a Component that was made a reactive object. This can lead to unnecessary performance overhead and should be avoided by marking the component with `markRaw` or using `shallowRef` instead of `ref`. 
Component that was made reactive:  {name: Box, __name: box, setup: } 
  at <ElIcon class="menu-icon" > 
  at <Index> 
  at <App> @ http://localhost:3001/node_modules/.vite/deps/chunk-D4VKVKNE.js?v=b0937ae5:2203
[   51014ms] [WARNING] [Vue warn]: Vue received a Component that was made a reactive object. This can lead to unnecessary performance overhead and should be avoided by marking the component with `markRaw` or using `shallowRef` instead of `ref`. 
Component that was made reactive:  {name: Box, __name: box, setup: } 
  at <ElIcon class="menu-icon" size=16 > 
  at <Index> 
  at <App> @ http://localhost:3001/node_modules/.vite/deps/chunk-D4VKVKNE.js?v=b0937ae5:2203
[   51014ms] [WARNING] [Vue warn]: Vue received a Component that was made a reactive object. This can lead to unnecessary performance overhead and should be avoided by marking the component with `markRaw` or using `shallowRef` instead of `ref`. 
Component that was made reactive:  {name: Checked, __name: checked, setup: } 
  at <ElIcon class="menu-icon" size=16 > 
  at <Index> 
  at <App> @ http://localhost:3001/node_modules/.vite/deps/chunk-D4VKVKNE.js?v=b0937ae5:2203
[   51014ms] [WARNING] [Vue warn]: Vue received a Component that was made a reactive object. This can lead to unnecessary performance overhead and should be avoided by marking the component with `markRaw` or using `shallowRef` instead of `ref`. 
Component that was made reactive:  {name: Present, __name: present, setup: } 
  at <ElIcon class="menu-icon" > 
  at <Index> 
  at <App> @ http://localhost:3001/node_modules/.vite/deps/chunk-D4VKVKNE.js?v=b0937ae5:2203
[   51015ms] [WARNING] [Vue warn]: Vue received a Component that was made a reactive object. This can lead to unnecessary performance overhead and should be avoided by marking the component with `markRaw` or using `shallowRef` instead of `ref`. 
Component that was made reactive:  {name: Box, __name: box, setup: } 
  at <ElIcon class="menu-icon" size=16 > 
  at <Index> 
  at <App> @ http://localhost:3001/node_modules/.vite/deps/chunk-D4VKVKNE.js?v=b0937ae5:2203
[   51016ms] [WARNING] [Vue warn]: Vue received a Component that was made a reactive object. This can lead to unnecessary performance overhead and should be avoided by marking the component with `markRaw` or using `shallowRef` instead of `ref`. 
Component that was made reactive:  {name: Operation, __name: operation, setup: } 
  at <ElIcon class="menu-icon" > 
  at <Index> 
  at <App> @ http://localhost:3001/node_modules/.vite/deps/chunk-D4VKVKNE.js?v=b0937ae5:2203
[   51016ms] [WARNING] [Vue warn]: Vue received a Component that was made a reactive object. This can lead to unnecessary performance overhead and should be avoided by marking the component with `markRaw` or using `shallowRef` instead of `ref`. 
Component that was made reactive:  {name: ShoppingCart, __name: shopping-cart, setup: } 
  at <ElIcon class="menu-icon" size=16 > 
  at <Index> 
  at <App> @ http://localhost:3001/node_modules/.vite/deps/chunk-D4VKVKNE.js?v=b0937ae5:2203
[   51016ms] [WARNING] [Vue warn]: Vue received a Component that was made a reactive object. This can lead to unnecessary performance overhead and should be avoided by marking the component with `markRaw` or using `shallowRef` instead of `ref`. 
Component that was made reactive:  {name: Star, __name: star, setup: } 
  at <ElIcon class="menu-icon" size=16 > 
  at <Index> 
  at <App> @ http://localhost:3001/node_modules/.vite/deps/chunk-D4VKVKNE.js?v=b0937ae5:2203
[   51017ms] [WARNING] [Vue warn]: Vue received a Component that was made a reactive object. This can lead to unnecessary performance overhead and should be avoided by marking the component with `markRaw` or using `shallowRef` instead of `ref`. 
Component that was made reactive:  {name: Present, __name: present, setup: } 
  at <ElIcon class="menu-icon" size=16 > 
  at <Index> 
  at <App> @ http://localhost:3001/node_modules/.vite/deps/chunk-D4VKVKNE.js?v=b0937ae5:2203
[   51017ms] [WARNING] [Vue warn]: Vue received a Component that was made a reactive object. This can lead to unnecessary performance overhead and should be avoided by marking the component with `markRaw` or using `shallowRef` instead of `ref`. 
Component that was made reactive:  {name: UserFilled, __name: user-filled, setup: } 
  at <ElIcon class="menu-icon" size=16 > 
  at <Index> 
  at <App> @ http://localhost:3001/node_modules/.vite/deps/chunk-D4VKVKNE.js?v=b0937ae5:2203
[   51018ms] [WARNING] [Vue warn]: Vue received a Component that was made a reactive object. This can lead to unnecessary performance overhead and should be avoided by marking the component with `markRaw` or using `shallowRef` instead of `ref`. 
Component that was made reactive:  {name: DataAnalysis, __name: data-analysis, setup: } 
  at <ElIcon class="menu-icon" size=16 > 
  at <Index> 
  at <App> @ http://localhost:3001/node_modules/.vite/deps/chunk-D4VKVKNE.js?v=b0937ae5:2203
[   53154ms] [WARNING] [Vue warn]: Failed to resolve component: Setting
If this is a native custom element, make sure to exclude it from component resolution via compilerOptions.isCustomElement. 
  at <Index> 
  at <App> @ http://localhost:3001/node_modules/.vite/deps/chunk-D4VKVKNE.js?v=b0937ae5:2203
[   53155ms] [WARNING] [Vue warn]: Vue received a Component that was made a reactive object. This can lead to unnecessary performance overhead and should be avoided by marking the component with `markRaw` or using `shallowRef` instead of `ref`. 
Component that was made reactive:  {name: House, __name: house, setup: } 
  at <ElIcon class="menu-icon" > 
  at <Index> 
  at <App> @ http://localhost:3001/node_modules/.vite/deps/chunk-D4VKVKNE.js?v=b0937ae5:2203
[   53155ms] [WARNING] [Vue warn]: Vue received a Component that was made a reactive object. This can lead to unnecessary performance overhead and should be avoided by marking the component with `markRaw` or using `shallowRef` instead of `ref`. 
Component that was made reactive:  {name: Cpu, __name: cpu, setup: } 
  at <ElIcon class="menu-icon" > 
  at <Index> 
  at <App> @ http://localhost:3001/node_modules/.vite/deps/chunk-D4VKVKNE.js?v=b0937ae5:2203
[   53156ms] [WARNING] [Vue warn]: Vue received a Component that was made a reactive object. This can lead to unnecessary performance overhead and should be avoided by marking the component with `markRaw` or using `shallowRef` instead of `ref`. 
Component that was made reactive:  {name: Grid, __name: grid, setup: } 
  at <ElIcon class="menu-icon" size=16 > 
  at <Index> 
  at <App> @ http://localhost:3001/node_modules/.vite/deps/chunk-D4VKVKNE.js?v=b0937ae5:2203
[   53156ms] [WARNING] [Vue warn]: Vue received a Component that was made a reactive object. This can lead to unnecessary performance overhead and should be avoided by marking the component with `markRaw` or using `shallowRef` instead of `ref`. 
Component that was made reactive:  {name: SetUp, __name: set-up, setup: } 
  at <ElIcon class="menu-icon" size=16 > 
  at <Index> 
  at <App> @ http://localhost:3001/node_modules/.vite/deps/chunk-D4VKVKNE.js?v=b0937ae5:2203
[   53157ms] [WARNING] [Vue warn]: Vue received a Component that was made a reactive object. This can lead to unnecessary performance overhead and should be avoided by marking the component with `markRaw` or using `shallowRef` instead of `ref`. 
Component that was made reactive:  {name: Cpu, __name: cpu, setup: } 
  at <ElIcon class="menu-icon" size=16 > 
  at <Index> 
  at <App> @ http://localhost:3001/node_modules/.vite/deps/chunk-D4VKVKNE.js?v=b0937ae5:2203
[   53157ms] [WARNING] [Vue warn]: Vue received a Component that was made a reactive object. This can lead to unnecessary performance overhead and should be avoided by marking the component with `markRaw` or using `shallowRef` instead of `ref`. 
Component that was made reactive:  {name: Warning, __name: warning, setup: } 
  at <ElIcon class="menu-icon" size=16 > 
  at <Index> 
  at <App> @ http://localhost:3001/node_modules/.vite/deps/chunk-D4VKVKNE.js?v=b0937ae5:2203
[   53158ms] [WARNING] [Vue warn]: Vue received a Component that was made a reactive object. This can lead to unnecessary performance overhead and should be avoided by marking the component with `markRaw` or using `shallowRef` instead of `ref`. 
Component that was made reactive:  {name: Box, __name: box, setup: } 
  at <ElIcon class="menu-icon" > 
  at <Index> 
  at <App> @ http://localhost:3001/node_modules/.vite/deps/chunk-D4VKVKNE.js?v=b0937ae5:2203
[   53159ms] [WARNING] [Vue warn]: Vue received a Component that was made a reactive object. This can lead to unnecessary performance overhead and should be avoided by marking the component with `markRaw` or using `shallowRef` instead of `ref`. 
Component that was made reactive:  {name: Box, __name: box, setup: } 
  at <ElIcon class="menu-icon" size=16 > 
  at <Index> 
  at <App> @ http://localhost:3001/node_modules/.vite/deps/chunk-D4VKVKNE.js?v=b0937ae5:2203
[   53160ms] [WARNING] [Vue warn]: Vue received a Component that was made a reactive object. This can lead to unnecessary performance overhead and should be avoided by marking the component with `markRaw` or using `shallowRef` instead of `ref`. 
Component that was made reactive:  {name: Checked, __name: checked, setup: } 
  at <ElIcon class="menu-icon" size=16 > 
  at <Index> 
  at <App> @ http://localhost:3001/node_modules/.vite/deps/chunk-D4VKVKNE.js?v=b0937ae5:2203
[   53160ms] [WARNING] [Vue warn]: Vue received a Component that was made a reactive object. This can lead to unnecessary performance overhead and should be avoided by marking the component with `markRaw` or using `shallowRef` instead of `ref`. 
Component that was made reactive:  {name: Present, __name: present, setup: } 
  at <ElIcon class="menu-icon" > 
  at <Index> 
  at <App> @ http://localhost:3001/node_modules/.vite/deps/chunk-D4VKVKNE.js?v=b0937ae5:2203
[   53161ms] [WARNING] [Vue warn]: Vue received a Component that was made a reactive object. This can lead to unnecessary performance overhead and should be avoided by marking the component with `markRaw` or using `shallowRef` instead of `ref`. 
Component that was made reactive:  {name: Box, __name: box, setup: } 
  at <ElIcon class="menu-icon" size=16 > 
  at <Index> 
  at <App> @ http://localhost:3001/node_modules/.vite/deps/chunk-D4VKVKNE.js?v=b0937ae5:2203
[   53162ms] [WARNING] [Vue warn]: Vue received a Component that was made a reactive object. This can lead to unnecessary performance overhead and should be avoided by marking the component with `markRaw` or using `shallowRef` instead of `ref`. 
Component that was made reactive:  {name: Operation, __name: operation, setup: } 
  at <ElIcon class="menu-icon" > 
  at <Index> 
  at <App> @ http://localhost:3001/node_modules/.vite/deps/chunk-D4VKVKNE.js?v=b0937ae5:2203
[   53163ms] [WARNING] [Vue warn]: Vue received a Component that was made a reactive object. This can lead to unnecessary performance overhead and should be avoided by marking the component with `markRaw` or using `shallowRef` instead of `ref`. 
Component that was made reactive:  {name: ShoppingCart, __name: shopping-cart, setup: } 
  at <ElIcon class="menu-icon" size=16 > 
  at <Index> 
  at <App> @ http://localhost:3001/node_modules/.vite/deps/chunk-D4VKVKNE.js?v=b0937ae5:2203
[   53164ms] [WARNING] [Vue warn]: Vue received a Component that was made a reactive object. This can lead to unnecessary performance overhead and should be avoided by marking the component with `markRaw` or using `shallowRef` instead of `ref`. 
Component that was made reactive:  {name: Star, __name: star, setup: } 
  at <ElIcon class="menu-icon" size=16 > 
  at <Index> 
  at <App> @ http://localhost:3001/node_modules/.vite/deps/chunk-D4VKVKNE.js?v=b0937ae5:2203
[   53165ms] [WARNING] [Vue warn]: Vue received a Component that was made a reactive object. This can lead to unnecessary performance overhead and should be avoided by marking the component with `markRaw` or using `shallowRef` instead of `ref`. 
Component that was made reactive:  {name: Present, __name: present, setup: } 
  at <ElIcon class="menu-icon" size=16 > 
  at <Index> 
  at <App> @ http://localhost:3001/node_modules/.vite/deps/chunk-D4VKVKNE.js?v=b0937ae5:2203
[   53165ms] [WARNING] [Vue warn]: Vue received a Component that was made a reactive object. This can lead to unnecessary performance overhead and should be avoided by marking the component with `markRaw` or using `shallowRef` instead of `ref`. 
Component that was made reactive:  {name: UserFilled, __name: user-filled, setup: } 
  at <ElIcon class="menu-icon" size=16 > 
  at <Index> 
  at <App> @ http://localhost:3001/node_modules/.vite/deps/chunk-D4VKVKNE.js?v=b0937ae5:2203
[   53166ms] [WARNING] [Vue warn]: Vue received a Component that was made a reactive object. This can lead to unnecessary performance overhead and should be avoided by marking the component with `markRaw` or using `shallowRef` instead of `ref`. 
Component that was made reactive:  {name: DataAnalysis, __name: data-analysis, setup: } 
  at <ElIcon class="menu-icon" size=16 > 
  at <Index> 
  at <App> @ http://localhost:3001/node_modules/.vite/deps/chunk-D4VKVKNE.js?v=b0937ae5:2203
[  128391ms] [WARNING] Invalid prop: type check failed for prop "modelValue". Expected Number | String | Boolean, got Array  null at <ElCheckbox>
at <ElFormItem>
at <ElFocusTrap>
at <ElOverlay>
at <BaseTransition>
at <Transition>
at <Teleport>
at <ElDrawer>
at <Recommend>
at <RouterView>
at <Index>
at <App> [Object, Object, Object, Object, Object, Object, Object, Object, Object, Object, Object, Object] @ http://localhost:3001/node_modules/.vite/deps/element-plus.js?v=b0937ae5:24297
[  128397ms] [WARNING] Invalid prop: type check failed for prop "modelValue". Expected Number | String | Boolean, got Array  null at <ElCheckbox>
at <ElFormItem>
at <ElFocusTrap>
at <ElOverlay>
at <BaseTransition>
at <Transition>
at <Teleport>
at <ElDrawer>
at <Recommend>
at <RouterView>
at <Index>
at <App> [Object, Object, Object, Object, Object, Object, Object, Object, Object, Object, Object, Object] @ http://localhost:3001/node_modules/.vite/deps/element-plus.js?v=b0937ae5:24297
[  128401ms] [WARNING] Invalid prop: type check failed for prop "modelValue". Expected Number | String | Boolean, got Array  null at <ElCheckbox>
at <ElFormItem>
at <ElFocusTrap>
at <ElOverlay>
at <BaseTransition>
at <Transition>
at <Teleport>
at <ElDrawer>
at <Recommend>
at <RouterView>
at <Index>
at <App> [Object, Object, Object, Object, Object, Object, Object, Object, Object, Object, Object, Object] @ http://localhost:3001/node_modules/.vite/deps/element-plus.js?v=b0937ae5:24297
[  128402ms] [WARNING] Invalid prop: type check failed for prop "modelValue". Expected Number | String | Boolean, got Array  null at <ElCheckbox>
at <ElFormItem>
at <ElFocusTrap>
at <ElOverlay>
at <BaseTransition>
at <Transition>
at <Teleport>
at <ElDrawer>
at <Recommend>
at <RouterView>
at <Index>
at <App> [Object, Object, Object, Object, Object, Object, Object, Object, Object, Object, Object, Object] @ http://localhost:3001/node_modules/.vite/deps/element-plus.js?v=b0937ae5:24297
[  128404ms] [WARNING] Invalid prop: type check failed for prop "modelValue". Expected Number | String | Boolean, got Array  null at <ElCheckbox>
at <ElFormItem>
at <ElFocusTrap>
at <ElOverlay>
at <BaseTransition>
at <Transition>
at <Teleport>
at <ElDrawer>
at <Recommend>
at <RouterView>
at <Index>
at <App> [Object, Object, Object, Object, Object, Object, Object, Object, Object, Object, Object, Object] @ http://localhost:3001/node_modules/.vite/deps/element-plus.js?v=b0937ae5:24297
[ 1133492ms] [WARNING] Property "isLayerExpanded" was accessed during render but is not defined on instance. Proxy(Object) at <ElFocusTrap>
at <ElOverlay>
at <BaseTransition>
at <Transition>
at <Teleport>
at <ElDrawer>
at <Recommend>
at <RouterView>
at <Index>
at <App> [Object, Object, Object, Object, Object, Object, Object, Object, Object, Object] @ http://localhost:3001/node_modules/.vite/deps/element-plus.js?v=b0937ae5:24297
[ 1133494ms] [WARNING] Unhandled error during execution of render function Proxy(Object) at <ElFocusTrap>
at <ElOverlay>
at <BaseTransition>
at <Transition>
at <Teleport>
at <ElDrawer>
at <Recommend>
at <RouterView>
at <Index>
at <App> [Object, Object, Object, Object, Object, Object, Object, Object, Object, Object] @ http://localhost:3001/node_modules/.vite/deps/element-plus.js?v=b0937ae5:24297
[ 1133494ms] [ERROR] TypeError: _ctx.isLayerExpanded is not a function
    at http://localhost:3001/src/views/ops/recommend.vue?t=1782717170068:1292:96
    at renderList (http://localhost:3001/node_modules/.vite/deps/chunk-D4VKVKNE.js?v=b0937ae5:5354:16)
    at http://localhost:3001/src/views/ops/recommend.vue?t=1782717170068:1275:83
    at renderList (http://localhost:3001/node_modules/.vite/deps/chunk-D4VKVKNE.js?v=b0937ae5:5354:16)
    at http://localhost:3001/src/views/ops/recommend.vue?t=1782717170068:1241:67
    at renderFnWithContext (http://localhost:3001/node_modules/.vite/deps/chunk-D4VKVKNE.js?v=b0937ae5:2862:13)
    at renderSlot (http://localhost:3001/node_modules/.vite/deps/chunk-D4VKVKNE.js?v=b0937ae5:5434:53)
    at http://localhost:3001/node_modules/.vite/deps/element-plus.js?v=b0937ae5:34887:21
    at renderFnWithContext (http://localhost:3001/node_modules/.vite/deps/chunk-D4VKVKNE.js?v=b0937ae5:2862:13)
    at renderSlot (http://localhost:3001/node_modules/.vite/deps/chunk-D4VKVKNE.js?v=b0937ae5:5434:53) @ http://localhost:3001/node_modules/.vite/deps/chunk-D4VKVKNE.js?v=b0937ae5:2723
[ 1133494ms] [WARNING] [HMR] Something went wrong during Vue component hot-reload. Full reload required. @ http://localhost:3001/node_modules/.vite/deps/chunk-D4VKVKNE.js?v=b0937ae5:2724
[ 1141003ms] [WARNING] [Vue warn]: Unhandled error during execution of scheduler flush 
  at <RouterView> 
  at <Index> 
  at <App> @ http://localhost:3001/node_modules/.vite/deps/chunk-D4VKVKNE.js?v=b0937ae5:2203
[ 1141007ms] TypeError: Cannot read properties of null (reading 'type')
    at unmountComponent (http://localhost:3001/node_modules/.vite/deps/chunk-D4VKVKNE.js?v=b0937ae5:8920:18)
    at unmount (http://localhost:3001/node_modules/.vite/deps/chunk-D4VKVKNE.js?v=b0937ae5:8823:7)
    at unmountChildren (http://localhost:3001/node_modules/.vite/deps/chunk-D4VKVKNE.js?v=b0937ae5:8946:7)
    at unmount (http://localhost:3001/node_modules/.vite/deps/chunk-D4VKVKNE.js?v=b0937ae5:8847:9)
    at unmountComponent (http://localhost:3001/node_modules/.vite/deps/chunk-D4VKVKNE.js?v=b0937ae5:8932:7)
    at unmount (http://localhost:3001/node_modules/.vite/deps/chunk-D4VKVKNE.js?v=b0937ae5:8823:7)
    at patch (http://localhost:3001/node_modules/.vite/deps/chunk-D4VKVKNE.js?v=b0937ae5:7597:7)
    at ReactiveEffect.componentUpdateFn [as fn] (http://localhost:3001/node_modules/.vite/deps/chunk-D4VKVKNE.js?v=b0937ae5:8377:9)
    at ReactiveEffect.run (http://localhost:3001/node_modules/.vite/deps/chunk-D4VKVKNE.js?v=b0937ae5:507:19)
    at http://localhost:3001/node_modules/.vite/deps/chunk-D4VKVKNE.js?v=b0937ae5:2689:27
[ 1141008ms] TypeError: Cannot read properties of null (reading 'type')
    at unmountComponent (http://localhost:3001/node_modules/.vite/deps/chunk-D4VKVKNE.js?v=b0937ae5:8920:18)
    at unmount (http://localhost:3001/node_modules/.vite/deps/chunk-D4VKVKNE.js?v=b0937ae5:8823:7)
    at unmountChildren (http://localhost:3001/node_modules/.vite/deps/chunk-D4VKVKNE.js?v=b0937ae5:8946:7)
    at unmount (http://localhost:3001/node_modules/.vite/deps/chunk-D4VKVKNE.js?v=b0937ae5:8847:9)
    at unmountComponent (http://localhost:3001/node_modules/.vite/deps/chunk-D4VKVKNE.js?v=b0937ae5:8932:7)
    at unmount (http://localhost:3001/node_modules/.vite/deps/chunk-D4VKVKNE.js?v=b0937ae5:8823:7)
    at patch (http://localhost:3001/node_modules/.vite/deps/chunk-D4VKVKNE.js?v=b0937ae5:7597:7)
    at ReactiveEffect.componentUpdateFn [as fn] (http://localhost:3001/node_modules/.vite/deps/chunk-D4VKVKNE.js?v=b0937ae5:8377:9)
    at ReactiveEffect.run (http://localhost:3001/node_modules/.vite/deps/chunk-D4VKVKNE.js?v=b0937ae5:507:19)
    at http://localhost:3001/node_modules/.vite/deps/chunk-D4VKVKNE.js?v=b0937ae5:2689:27
[ 1141008ms] TypeError: Cannot read properties of null (reading 'type')
    at unmountComponent (http://localhost:3001/node_modules/.vite/deps/chunk-D4VKVKNE.js?v=b0937ae5:8920:18)
    at unmount (http://localhost:3001/node_modules/.vite/deps/chunk-D4VKVKNE.js?v=b0937ae5:8823:7)
    at unmountChildren (http://localhost:3001/node_modules/.vite/deps/chunk-D4VKVKNE.js?v=b0937ae5:8946:7)
    at unmount (http://localhost:3001/node_modules/.vite/deps/chunk-D4VKVKNE.js?v=b0937ae5:8847:9)
    at unmountComponent (http://localhost:3001/node_modules/.vite/deps/chunk-D4VKVKNE.js?v=b0937ae5:8932:7)
    at unmount (http://localhost:3001/node_modules/.vite/deps/chunk-D4VKVKNE.js?v=b0937ae5:8823:7)
    at patch (http://localhost:3001/node_modules/.vite/deps/chunk-D4VKVKNE.js?v=b0937ae5:7597:7)
    at ReactiveEffect.componentUpdateFn [as fn] (http://localhost:3001/node_modules/.vite/deps/chunk-D4VKVKNE.js?v=b0937ae5:8377:9)
    at ReactiveEffect.run (http://localhost:3001/node_modules/.vite/deps/chunk-D4VKVKNE.js?v=b0937ae5:507:19)
    at http://localhost:3001/node_modules/.vite/deps/chunk-D4VKVKNE.js?v=b0937ae5:2689:27
[ 1141008ms] TypeError: Cannot read properties of null (reading 'type')
    at unmountComponent (http://localhost:3001/node_modules/.vite/deps/chunk-D4VKVKNE.js?v=b0937ae5:8920:18)
    at unmount (http://localhost:3001/node_modules/.vite/deps/chunk-D4VKVKNE.js?v=b0937ae5:8823:7)
    at unmountChildren (http://localhost:3001/node_modules/.vite/deps/chunk-D4VKVKNE.js?v=b0937ae5:8946:7)
    at unmount (http://localhost:3001/node_modules/.vite/deps/chunk-D4VKVKNE.js?v=b0937ae5:8847:9)
    at unmountComponent (http://localhost:3001/node_modules/.vite/deps/chunk-D4VKVKNE.js?v=b0937ae5:8932:7)
    at unmount (http://localhost:3001/node_modules/.vite/deps/chunk-D4VKVKNE.js?v=b0937ae5:8823:7)
    at patch (http://localhost:3001/node_modules/.vite/deps/chunk-D4VKVKNE.js?v=b0937ae5:7597:7)
    at ReactiveEffect.componentUpdateFn [as fn] (http://localhost:3001/node_modules/.vite/deps/chunk-D4VKVKNE.js?v=b0937ae5:8377:9)
    at ReactiveEffect.run (http://localhost:3001/node_modules/.vite/deps/chunk-D4VKVKNE.js?v=b0937ae5:507:19)
    at http://localhost:3001/node_modules/.vite/deps/chunk-D4VKVKNE.js?v=b0937ae5:2689:27
[ 1141008ms] TypeError: Cannot read properties of null (reading 'type')
    at unmountComponent (http://localhost:3001/node_modules/.vite/deps/chunk-D4VKVKNE.js?v=b0937ae5:8920:18)
    at unmount (http://localhost:3001/node_modules/.vite/deps/chunk-D4VKVKNE.js?v=b0937ae5:8823:7)
    at unmountChildren (http://localhost:3001/node_modules/.vite/deps/chunk-D4VKVKNE.js?v=b0937ae5:8946:7)
    at unmount (http://localhost:3001/node_modules/.vite/deps/chunk-D4VKVKNE.js?v=b0937ae5:8847:9)
    at unmountComponent (http://localhost:3001/node_modules/.vite/deps/chunk-D4VKVKNE.js?v=b0937ae5:8932:7)
    at unmount (http://localhost:3001/node_modules/.vite/deps/chunk-D4VKVKNE.js?v=b0937ae5:8823:7)
    at patch (http://localhost:3001/node_modules/.vite/deps/chunk-D4VKVKNE.js?v=b0937ae5:7597:7)
    at ReactiveEffect.componentUpdateFn [as fn] (http://localhost:3001/node_modules/.vite/deps/chunk-D4VKVKNE.js?v=b0937ae5:8377:9)
    at ReactiveEffect.run (http://localhost:3001/node_modules/.vite/deps/chunk-D4VKVKNE.js?v=b0937ae5:507:19)
    at http://localhost:3001/node_modules/.vite/deps/chunk-D4VKVKNE.js?v=b0937ae5:2689:27
[ 1141008ms] TypeError: Cannot read properties of null (reading 'type')
    at unmountComponent (http://localhost:3001/node_modules/.vite/deps/chunk-D4VKVKNE.js?v=b0937ae5:8920:18)
    at unmount (http://localhost:3001/node_modules/.vite/deps/chunk-D4VKVKNE.js?v=b0937ae5:8823:7)
    at unmountChildren (http://localhost:3001/node_modules/.vite/deps/chunk-D4VKVKNE.js?v=b0937ae5:8946:7)
    at unmount (http://localhost:3001/node_modules/.vite/deps/chunk-D4VKVKNE.js?v=b0937ae5:8847:9)
    at unmountComponent (http://localhost:3001/node_modules/.vite/deps/chunk-D4VKVKNE.js?v=b0937ae5:8932:7)
    at unmount (http://localhost:3001/node_modules/.vite/deps/chunk-D4VKVKNE.js?v=b0937ae5:8823:7)
    at patch (http://localhost:3001/node_modules/.vite/deps/chunk-D4VKVKNE.js?v=b0937ae5:7597:7)
    at ReactiveEffect.componentUpdateFn [as fn] (http://localhost:3001/node_modules/.vite/deps/chunk-D4VKVKNE.js?v=b0937ae5:8377:9)
    at ReactiveEffect.run (http://localhost:3001/node_modules/.vite/deps/chunk-D4VKVKNE.js?v=b0937ae5:507:19)
    at http://localhost:3001/node_modules/.vite/deps/chunk-D4VKVKNE.js?v=b0937ae5:2689:27
[ 1141009ms] TypeError: Cannot read properties of null (reading 'type')
    at unmountComponent (http://localhost:3001/node_modules/.vite/deps/chunk-D4VKVKNE.js?v=b0937ae5:8920:18)
    at unmount (http://localhost:3001/node_modules/.vite/deps/chunk-D4VKVKNE.js?v=b0937ae5:8823:7)
    at unmountChildren (http://localhost:3001/node_modules/.vite/deps/chunk-D4VKVKNE.js?v=b0937ae5:8946:7)
    at unmount (http://localhost:3001/node_modules/.vite/deps/chunk-D4VKVKNE.js?v=b0937ae5:8847:9)
    at unmountComponent (http://localhost:3001/node_modules/.vite/deps/chunk-D4VKVKNE.js?v=b0937ae5:8932:7)
    at unmount (http://localhost:3001/node_modules/.vite/deps/chunk-D4VKVKNE.js?v=b0937ae5:8823:7)
    at patch (http://localhost:3001/node_modules/.vite/deps/chunk-D4VKVKNE.js?v=b0937ae5:7597:7)
    at ReactiveEffect.componentUpdateFn [as fn] (http://localhost:3001/node_modules/.vite/deps/chunk-D4VKVKNE.js?v=b0937ae5:8377:9)
    at ReactiveEffect.run (http://localhost:3001/node_modules/.vite/deps/chunk-D4VKVKNE.js?v=b0937ae5:507:19)
    at http://localhost:3001/node_modules/.vite/deps/chunk-D4VKVKNE.js?v=b0937ae5:2689:27
[ 1141009ms] TypeError: Cannot read properties of null (reading 'type')
    at unmountComponent (http://localhost:3001/node_modules/.vite/deps/chunk-D4VKVKNE.js?v=b0937ae5:8920:18)
    at unmount (http://localhost:3001/node_modules/.vite/deps/chunk-D4VKVKNE.js?v=b0937ae5:8823:7)
    at unmountChildren (http://localhost:3001/node_modules/.vite/deps/chunk-D4VKVKNE.js?v=b0937ae5:8946:7)
    at unmount (http://localhost:3001/node_modules/.vite/deps/chunk-D4VKVKNE.js?v=b0937ae5:8847:9)
    at unmountComponent (http://localhost:3001/node_modules/.vite/deps/chunk-D4VKVKNE.js?v=b0937ae5:8932:7)
    at unmount (http://localhost:3001/node_modules/.vite/deps/chunk-D4VKVKNE.js?v=b0937ae5:8823:7)
    at patch (http://localhost:3001/node_modules/.vite/deps/chunk-D4VKVKNE.js?v=b0937ae5:7597:7)
    at ReactiveEffect.componentUpdateFn [as fn] (http://localhost:3001/node_modules/.vite/deps/chunk-D4VKVKNE.js?v=b0937ae5:8377:9)
    at ReactiveEffect.run (http://localhost:3001/node_modules/.vite/deps/chunk-D4VKVKNE.js?v=b0937ae5:507:19)
    at http://localhost:3001/node_modules/.vite/deps/chunk-D4VKVKNE.js?v=b0937ae5:2689:27
[ 1141009ms] TypeError: Cannot read properties of null (reading 'type')
    at unmountComponent (http://localhost:3001/node_modules/.vite/deps/chunk-D4VKVKNE.js?v=b0937ae5:8920:18)
    at unmount (http://localhost:3001/node_modules/.vite/deps/chunk-D4VKVKNE.js?v=b0937ae5:8823:7)
    at unmountChildren (http://localhost:3001/node_modules/.vite/deps/chunk-D4VKVKNE.js?v=b0937ae5:8946:7)
    at unmount (http://localhost:3001/node_modules/.vite/deps/chunk-D4VKVKNE.js?v=b0937ae5:8847:9)
    at unmountComponent (http://localhost:3001/node_modules/.vite/deps/chunk-D4VKVKNE.js?v=b0937ae5:8932:7)
    at unmount (http://localhost:3001/node_modules/.vite/deps/chunk-D4VKVKNE.js?v=b0937ae5:8823:7)
    at patch (http://localhost:3001/node_modules/.vite/deps/chunk-D4VKVKNE.js?v=b0937ae5:7597:7)
    at ReactiveEffect.componentUpdateFn [as fn] (http://localhost:3001/node_modules/.vite/deps/chunk-D4VKVKNE.js?v=b0937ae5:8377:9)
    at ReactiveEffect.run (http://localhost:3001/node_modules/.vite/deps/chunk-D4VKVKNE.js?v=b0937ae5:507:19)
    at http://localhost:3001/node_modules/.vite/deps/chunk-D4VKVKNE.js?v=b0937ae5:2689:27
[ 1141009ms] TypeError: Cannot read properties of null (reading 'type')
    at unmountComponent (http://localhost:3001/node_modules/.vite/deps/chunk-D4VKVKNE.js?v=b0937ae5:8920:18)
    at unmount (http://localhost:3001/node_modules/.vite/deps/chunk-D4VKVKNE.js?v=b0937ae5:8823:7)
    at unmountChildren (http://localhost:3001/node_modules/.vite/deps/chunk-D4VKVKNE.js?v=b0937ae5:8946:7)
    at unmount (http://localhost:3001/node_modules/.vite/deps/chunk-D4VKVKNE.js?v=b0937ae5:8847:9)
    at unmountComponent (http://localhost:3001/node_modules/.vite/deps/chunk-D4VKVKNE.js?v=b0937ae5:8932:7)
    at unmount (http://localhost:3001/node_modules/.vite/deps/chunk-D4VKVKNE.js?v=b0937ae5:8823:7)
    at patch (http://localhost:3001/node_modules/.vite/deps/chunk-D4VKVKNE.js?v=b0937ae5:7597:7)
    at ReactiveEffect.componentUpdateFn [as fn] (http://localhost:3001/node_modules/.vite/deps/chunk-D4VKVKNE.js?v=b0937ae5:8377:9)
    at ReactiveEffect.run (http://localhost:3001/node_modules/.vite/deps/chunk-D4VKVKNE.js?v=b0937ae5:507:19)
    at http://localhost:3001/node_modules/.vite/deps/chunk-D4VKVKNE.js?v=b0937ae5:2689:27
[ 1141010ms] TypeError: Cannot read properties of null (reading 'type')
    at unmountComponent (http://localhost:3001/node_modules/.vite/deps/chunk-D4VKVKNE.js?v=b0937ae5:8920:18)
    at unmount (http://localhost:3001/node_modules/.vite/deps/chunk-D4VKVKNE.js?v=b0937ae5:8823:7)
    at unmountChildren (http://localhost:3001/node_modules/.vite/deps/chunk-D4VKVKNE.js?v=b0937ae5:8946:7)
    at unmount (http://localhost:3001/node_modules/.vite/deps/chunk-D4VKVKNE.js?v=b0937ae5:8847:9)
    at unmountComponent (http://localhost:3001/node_modules/.vite/deps/chunk-D4VKVKNE.js?v=b0937ae5:8932:7)
    at unmount (http://localhost:3001/node_modules/.vite/deps/chunk-D4VKVKNE.js?v=b0937ae5:8823:7)
    at patch (http://localhost:3001/node_modules/.vite/deps/chunk-D4VKVKNE.js?v=b0937ae5:7597:7)
    at ReactiveEffect.componentUpdateFn [as fn] (http://localhost:3001/node_modules/.vite/deps/chunk-D4VKVKNE.js?v=b0937ae5:8377:9)
    at ReactiveEffect.run (http://localhost:3001/node_modules/.vite/deps/chunk-D4VKVKNE.js?v=b0937ae5:507:19)
    at http://localhost:3001/node_modules/.vite/deps/chunk-D4VKVKNE.js?v=b0937ae5:2689:27
[ 1141010ms] TypeError: Cannot read properties of null (reading 'type')
    at unmountComponent (http://localhost:3001/node_modules/.vite/deps/chunk-D4VKVKNE.js?v=b0937ae5:8920:18)
    at unmount (http://localhost:3001/node_modules/.vite/deps/chunk-D4VKVKNE.js?v=b0937ae5:8823:7)
    at unmountChildren (http://localhost:3001/node_modules/.vite/deps/chunk-D4VKVKNE.js?v=b0937ae5:8946:7)
    at unmount (http://localhost:3001/node_modules/.vite/deps/chunk-D4VKVKNE.js?v=b0937ae5:8847:9)
    at unmountComponent (http://localhost:3001/node_modules/.vite/deps/chunk-D4VKVKNE.js?v=b0937ae5:8932:7)
    at unmount (http://localhost:3001/node_modules/.vite/deps/chunk-D4VKVKNE.js?v=b0937ae5:8823:7)
    at patch (http://localhost:3001/node_modules/.vite/deps/chunk-D4VKVKNE.js?v=b0937ae5:7597:7)
    at ReactiveEffect.componentUpdateFn [as fn] (http://localhost:3001/node_modules/.vite/deps/chunk-D4VKVKNE.js?v=b0937ae5:8377:9)
    at ReactiveEffect.run (http://localhost:3001/node_modules/.vite/deps/chunk-D4VKVKNE.js?v=b0937ae5:507:19)
    at http://localhost:3001/node_modules/.vite/deps/chunk-D4VKVKNE.js?v=b0937ae5:2689:27
[ 1141010ms] TypeError: Cannot read properties of null (reading 'type')
    at unmountComponent (http://localhost:3001/node_modules/.vite/deps/chunk-D4VKVKNE.js?v=b0937ae5:8920:18)
    at unmount (http://localhost:3001/node_modules/.vite/deps/chunk-D4VKVKNE.js?v=b0937ae5:8823:7)
    at unmountChildren (http://localhost:3001/node_modules/.vite/deps/chunk-D4VKVKNE.js?v=b0937ae5:8946:7)
    at unmount (http://localhost:3001/node_modules/.vite/deps/chunk-D4VKVKNE.js?v=b0937ae5:8847:9)
    at unmountComponent (http://localhost:3001/node_modules/.vite/deps/chunk-D4VKVKNE.js?v=b0937ae5:8932:7)
    at unmount (http://localhost:3001/node_modules/.vite/deps/chunk-D4VKVKNE.js?v=b0937ae5:8823:7)
    at patch (http://localhost:3001/node_modules/.vite/deps/chunk-D4VKVKNE.js?v=b0937ae5:7597:7)
    at ReactiveEffect.componentUpdateFn [as fn] (http://localhost:3001/node_modules/.vite/deps/chunk-D4VKVKNE.js?v=b0937ae5:8377:9)
    at ReactiveEffect.run (http://localhost:3001/node_modules/.vite/deps/chunk-D4VKVKNE.js?v=b0937ae5:507:19)
    at http://localhost:3001/node_modules/.vite/deps/chunk-D4VKVKNE.js?v=b0937ae5:2689:27
[ 1141010ms] TypeError: Cannot read properties of null (reading 'type')
    at unmountComponent (http://localhost:3001/node_modules/.vite/deps/chunk-D4VKVKNE.js?v=b0937ae5:8920:18)
    at unmount (http://localhost:3001/node_modules/.vite/deps/chunk-D4VKVKNE.js?v=b0937ae5:8823:7)
    at unmountChildren (http://localhost:3001/node_modules/.vite/deps/chunk-D4VKVKNE.js?v=b0937ae5:8946:7)
    at unmount (http://localhost:3001/node_modules/.vite/deps/chunk-D4VKVKNE.js?v=b0937ae5:8847:9)
    at unmountComponent (http://localhost:3001/node_modules/.vite/deps/chunk-D4VKVKNE.js?v=b0937ae5:8932:7)
    at unmount (http://localhost:3001/node_modules/.vite/deps/chunk-D4VKVKNE.js?v=b0937ae5:8823:7)
    at patch (http://localhost:3001/node_modules/.vite/deps/chunk-D4VKVKNE.js?v=b0937ae5:7597:7)
    at ReactiveEffect.componentUpdateFn [as fn] (http://localhost:3001/node_modules/.vite/deps/chunk-D4VKVKNE.js?v=b0937ae5:8377:9)
    at ReactiveEffect.run (http://localhost:3001/node_modules/.vite/deps/chunk-D4VKVKNE.js?v=b0937ae5:507:19)
    at http://localhost:3001/node_modules/.vite/deps/chunk-D4VKVKNE.js?v=b0937ae5:2689:27
[ 1141010ms] TypeError: Cannot read properties of null (reading 'type')
    at unmountComponent (http://localhost:3001/node_modules/.vite/deps/chunk-D4VKVKNE.js?v=b0937ae5:8920:18)
    at unmount (http://localhost:3001/node_modules/.vite/deps/chunk-D4VKVKNE.js?v=b0937ae5:8823:7)
    at unmountChildren (http://localhost:3001/node_modules/.vite/deps/chunk-D4VKVKNE.js?v=b0937ae5:8946:7)
    at unmount (http://localhost:3001/node_modules/.vite/deps/chunk-D4VKVKNE.js?v=b0937ae5:8847:9)
    at unmountComponent (http://localhost:3001/node_modules/.vite/deps/chunk-D4VKVKNE.js?v=b0937ae5:8932:7)
    at unmount (http://localhost:3001/node_modules/.vite/deps/chunk-D4VKVKNE.js?v=b0937ae5:8823:7)
    at patch (http://localhost:3001/node_modules/.vite/deps/chunk-D4VKVKNE.js?v=b0937ae5:7597:7)
    at ReactiveEffect.componentUpdateFn [as fn] (http://localhost:3001/node_modules/.vite/deps/chunk-D4VKVKNE.js?v=b0937ae5:8377:9)
    at ReactiveEffect.run (http://localhost:3001/node_modules/.vite/deps/chunk-D4VKVKNE.js?v=b0937ae5:507:19)
    at http://localhost:3001/node_modules/.vite/deps/chunk-D4VKVKNE.js?v=b0937ae5:2689:27
