[     108ms] [WARNING] [Vue warn]: Failed to resolve component: Setting
If this is a native custom element, make sure to exclude it from component resolution via compilerOptions.isCustomElement. 
  at <Index> 
  at <App> @ http://localhost:3001/node_modules/.vite/deps/chunk-D4VKVKNE.js?v=b0937ae5:2203
[     111ms] [WARNING] [Vue warn]: Vue received a Component that was made a reactive object. This can lead to unnecessary performance overhead and should be avoided by marking the component with `markRaw` or using `shallowRef` instead of `ref`. 
Component that was made reactive:  {name: House, __name: house, setup: } 
  at <ElIcon class="menu-icon" > 
  at <Index> 
  at <App> @ http://localhost:3001/node_modules/.vite/deps/chunk-D4VKVKNE.js?v=b0937ae5:2203
[     112ms] [WARNING] [Vue warn]: Vue received a Component that was made a reactive object. This can lead to unnecessary performance overhead and should be avoided by marking the component with `markRaw` or using `shallowRef` instead of `ref`. 
Component that was made reactive:  {name: Cpu, __name: cpu, setup: } 
  at <ElIcon class="menu-icon" > 
  at <Index> 
  at <App> @ http://localhost:3001/node_modules/.vite/deps/chunk-D4VKVKNE.js?v=b0937ae5:2203
[     113ms] [WARNING] [Vue warn]: Vue received a Component that was made a reactive object. This can lead to unnecessary performance overhead and should be avoided by marking the component with `markRaw` or using `shallowRef` instead of `ref`. 
Component that was made reactive:  {name: Grid, __name: grid, setup: } 
  at <ElIcon class="menu-icon" size=16 > 
  at <Index> 
  at <App> @ http://localhost:3001/node_modules/.vite/deps/chunk-D4VKVKNE.js?v=b0937ae5:2203
[     114ms] [WARNING] [Vue warn]: Vue received a Component that was made a reactive object. This can lead to unnecessary performance overhead and should be avoided by marking the component with `markRaw` or using `shallowRef` instead of `ref`. 
Component that was made reactive:  {name: SetUp, __name: set-up, setup: } 
  at <ElIcon class="menu-icon" size=16 > 
  at <Index> 
  at <App> @ http://localhost:3001/node_modules/.vite/deps/chunk-D4VKVKNE.js?v=b0937ae5:2203
[     115ms] [WARNING] [Vue warn]: Vue received a Component that was made a reactive object. This can lead to unnecessary performance overhead and should be avoided by marking the component with `markRaw` or using `shallowRef` instead of `ref`. 
Component that was made reactive:  {name: Cpu, __name: cpu, setup: } 
  at <ElIcon class="menu-icon" size=16 > 
  at <Index> 
  at <App> @ http://localhost:3001/node_modules/.vite/deps/chunk-D4VKVKNE.js?v=b0937ae5:2203
[     115ms] [WARNING] [Vue warn]: Vue received a Component that was made a reactive object. This can lead to unnecessary performance overhead and should be avoided by marking the component with `markRaw` or using `shallowRef` instead of `ref`. 
Component that was made reactive:  {name: Warning, __name: warning, setup: } 
  at <ElIcon class="menu-icon" size=16 > 
  at <Index> 
  at <App> @ http://localhost:3001/node_modules/.vite/deps/chunk-D4VKVKNE.js?v=b0937ae5:2203
[     116ms] [WARNING] [Vue warn]: Vue received a Component that was made a reactive object. This can lead to unnecessary performance overhead and should be avoided by marking the component with `markRaw` or using `shallowRef` instead of `ref`. 
Component that was made reactive:  {name: Box, __name: box, setup: } 
  at <ElIcon class="menu-icon" > 
  at <Index> 
  at <App> @ http://localhost:3001/node_modules/.vite/deps/chunk-D4VKVKNE.js?v=b0937ae5:2203
[     117ms] [WARNING] [Vue warn]: Vue received a Component that was made a reactive object. This can lead to unnecessary performance overhead and should be avoided by marking the component with `markRaw` or using `shallowRef` instead of `ref`. 
Component that was made reactive:  {name: Box, __name: box, setup: } 
  at <ElIcon class="menu-icon" size=16 > 
  at <Index> 
  at <App> @ http://localhost:3001/node_modules/.vite/deps/chunk-D4VKVKNE.js?v=b0937ae5:2203
[     117ms] [WARNING] [Vue warn]: Vue received a Component that was made a reactive object. This can lead to unnecessary performance overhead and should be avoided by marking the component with `markRaw` or using `shallowRef` instead of `ref`. 
Component that was made reactive:  {name: Checked, __name: checked, setup: } 
  at <ElIcon class="menu-icon" size=16 > 
  at <Index> 
  at <App> @ http://localhost:3001/node_modules/.vite/deps/chunk-D4VKVKNE.js?v=b0937ae5:2203
[     118ms] [WARNING] [Vue warn]: Vue received a Component that was made a reactive object. This can lead to unnecessary performance overhead and should be avoided by marking the component with `markRaw` or using `shallowRef` instead of `ref`. 
Component that was made reactive:  {name: Present, __name: present, setup: } 
  at <ElIcon class="menu-icon" > 
  at <Index> 
  at <App> @ http://localhost:3001/node_modules/.vite/deps/chunk-D4VKVKNE.js?v=b0937ae5:2203
[     119ms] [WARNING] [Vue warn]: Vue received a Component that was made a reactive object. This can lead to unnecessary performance overhead and should be avoided by marking the component with `markRaw` or using `shallowRef` instead of `ref`. 
Component that was made reactive:  {name: Box, __name: box, setup: } 
  at <ElIcon class="menu-icon" size=16 > 
  at <Index> 
  at <App> @ http://localhost:3001/node_modules/.vite/deps/chunk-D4VKVKNE.js?v=b0937ae5:2203
[     120ms] [WARNING] [Vue warn]: Vue received a Component that was made a reactive object. This can lead to unnecessary performance overhead and should be avoided by marking the component with `markRaw` or using `shallowRef` instead of `ref`. 
Component that was made reactive:  {name: SetUp, __name: set-up, setup: } 
  at <ElIcon class="menu-icon" size=16 > 
  at <Index> 
  at <App> @ http://localhost:3001/node_modules/.vite/deps/chunk-D4VKVKNE.js?v=b0937ae5:2203
[     121ms] [WARNING] [Vue warn]: Vue received a Component that was made a reactive object. This can lead to unnecessary performance overhead and should be avoided by marking the component with `markRaw` or using `shallowRef` instead of `ref`. 
Component that was made reactive:  {name: Operation, __name: operation, setup: } 
  at <ElIcon class="menu-icon" > 
  at <Index> 
  at <App> @ http://localhost:3001/node_modules/.vite/deps/chunk-D4VKVKNE.js?v=b0937ae5:2203
[     122ms] [WARNING] [Vue warn]: Vue received a Component that was made a reactive object. This can lead to unnecessary performance overhead and should be avoided by marking the component with `markRaw` or using `shallowRef` instead of `ref`. 
Component that was made reactive:  {name: ShoppingCart, __name: shopping-cart, setup: } 
  at <ElIcon class="menu-icon" size=16 > 
  at <Index> 
  at <App> @ http://localhost:3001/node_modules/.vite/deps/chunk-D4VKVKNE.js?v=b0937ae5:2203
[     123ms] [WARNING] [Vue warn]: Vue received a Component that was made a reactive object. This can lead to unnecessary performance overhead and should be avoided by marking the component with `markRaw` or using `shallowRef` instead of `ref`. 
Component that was made reactive:  {name: Star, __name: star, setup: } 
  at <ElIcon class="menu-icon" size=16 > 
  at <Index> 
  at <App> @ http://localhost:3001/node_modules/.vite/deps/chunk-D4VKVKNE.js?v=b0937ae5:2203
[     123ms] [WARNING] [Vue warn]: Vue received a Component that was made a reactive object. This can lead to unnecessary performance overhead and should be avoided by marking the component with `markRaw` or using `shallowRef` instead of `ref`. 
Component that was made reactive:  {name: Present, __name: present, setup: } 
  at <ElIcon class="menu-icon" size=16 > 
  at <Index> 
  at <App> @ http://localhost:3001/node_modules/.vite/deps/chunk-D4VKVKNE.js?v=b0937ae5:2203
[     124ms] [WARNING] [Vue warn]: Vue received a Component that was made a reactive object. This can lead to unnecessary performance overhead and should be avoided by marking the component with `markRaw` or using `shallowRef` instead of `ref`. 
Component that was made reactive:  {name: UserFilled, __name: user-filled, setup: } 
  at <ElIcon class="menu-icon" size=16 > 
  at <Index> 
  at <App> @ http://localhost:3001/node_modules/.vite/deps/chunk-D4VKVKNE.js?v=b0937ae5:2203
[     124ms] [WARNING] [Vue warn]: Vue received a Component that was made a reactive object. This can lead to unnecessary performance overhead and should be avoided by marking the component with `markRaw` or using `shallowRef` instead of `ref`. 
Component that was made reactive:  {name: DataAnalysis, __name: data-analysis, setup: } 
  at <ElIcon class="menu-icon" size=16 > 
  at <Index> 
  at <App> @ http://localhost:3001/node_modules/.vite/deps/chunk-D4VKVKNE.js?v=b0937ae5:2203
[     266ms] [WARNING] [Vue warn]: Failed to resolve component: Setting
If this is a native custom element, make sure to exclude it from component resolution via compilerOptions.isCustomElement. 
  at <Index> 
  at <App> @ http://localhost:3001/node_modules/.vite/deps/chunk-D4VKVKNE.js?v=b0937ae5:2203
[     267ms] [WARNING] [Vue warn]: Vue received a Component that was made a reactive object. This can lead to unnecessary performance overhead and should be avoided by marking the component with `markRaw` or using `shallowRef` instead of `ref`. 
Component that was made reactive:  {name: House, __name: house, setup: } 
  at <ElIcon class="menu-icon" > 
  at <Index> 
  at <App> @ http://localhost:3001/node_modules/.vite/deps/chunk-D4VKVKNE.js?v=b0937ae5:2203
[     267ms] [WARNING] [Vue warn]: Vue received a Component that was made a reactive object. This can lead to unnecessary performance overhead and should be avoided by marking the component with `markRaw` or using `shallowRef` instead of `ref`. 
Component that was made reactive:  {name: Cpu, __name: cpu, setup: } 
  at <ElIcon class="menu-icon" > 
  at <Index> 
  at <App> @ http://localhost:3001/node_modules/.vite/deps/chunk-D4VKVKNE.js?v=b0937ae5:2203
[     268ms] [WARNING] [Vue warn]: Vue received a Component that was made a reactive object. This can lead to unnecessary performance overhead and should be avoided by marking the component with `markRaw` or using `shallowRef` instead of `ref`. 
Component that was made reactive:  {name: Grid, __name: grid, setup: } 
  at <ElIcon class="menu-icon" size=16 > 
  at <Index> 
  at <App> @ http://localhost:3001/node_modules/.vite/deps/chunk-D4VKVKNE.js?v=b0937ae5:2203
[     268ms] [WARNING] [Vue warn]: Vue received a Component that was made a reactive object. This can lead to unnecessary performance overhead and should be avoided by marking the component with `markRaw` or using `shallowRef` instead of `ref`. 
Component that was made reactive:  {name: SetUp, __name: set-up, setup: } 
  at <ElIcon class="menu-icon" size=16 > 
  at <Index> 
  at <App> @ http://localhost:3001/node_modules/.vite/deps/chunk-D4VKVKNE.js?v=b0937ae5:2203
[     268ms] [WARNING] [Vue warn]: Vue received a Component that was made a reactive object. This can lead to unnecessary performance overhead and should be avoided by marking the component with `markRaw` or using `shallowRef` instead of `ref`. 
Component that was made reactive:  {name: Cpu, __name: cpu, setup: } 
  at <ElIcon class="menu-icon" size=16 > 
  at <Index> 
  at <App> @ http://localhost:3001/node_modules/.vite/deps/chunk-D4VKVKNE.js?v=b0937ae5:2203
[     269ms] [WARNING] [Vue warn]: Vue received a Component that was made a reactive object. This can lead to unnecessary performance overhead and should be avoided by marking the component with `markRaw` or using `shallowRef` instead of `ref`. 
Component that was made reactive:  {name: Warning, __name: warning, setup: } 
  at <ElIcon class="menu-icon" size=16 > 
  at <Index> 
  at <App> @ http://localhost:3001/node_modules/.vite/deps/chunk-D4VKVKNE.js?v=b0937ae5:2203
[     269ms] [WARNING] [Vue warn]: Vue received a Component that was made a reactive object. This can lead to unnecessary performance overhead and should be avoided by marking the component with `markRaw` or using `shallowRef` instead of `ref`. 
Component that was made reactive:  {name: Box, __name: box, setup: } 
  at <ElIcon class="menu-icon" > 
  at <Index> 
  at <App> @ http://localhost:3001/node_modules/.vite/deps/chunk-D4VKVKNE.js?v=b0937ae5:2203
[     269ms] [WARNING] [Vue warn]: Vue received a Component that was made a reactive object. This can lead to unnecessary performance overhead and should be avoided by marking the component with `markRaw` or using `shallowRef` instead of `ref`. 
Component that was made reactive:  {name: Box, __name: box, setup: } 
  at <ElIcon class="menu-icon" size=16 > 
  at <Index> 
  at <App> @ http://localhost:3001/node_modules/.vite/deps/chunk-D4VKVKNE.js?v=b0937ae5:2203
[     270ms] [WARNING] [Vue warn]: Vue received a Component that was made a reactive object. This can lead to unnecessary performance overhead and should be avoided by marking the component with `markRaw` or using `shallowRef` instead of `ref`. 
Component that was made reactive:  {name: Checked, __name: checked, setup: } 
  at <ElIcon class="menu-icon" size=16 > 
  at <Index> 
  at <App> @ http://localhost:3001/node_modules/.vite/deps/chunk-D4VKVKNE.js?v=b0937ae5:2203
[     270ms] [WARNING] [Vue warn]: Vue received a Component that was made a reactive object. This can lead to unnecessary performance overhead and should be avoided by marking the component with `markRaw` or using `shallowRef` instead of `ref`. 
Component that was made reactive:  {name: Present, __name: present, setup: } 
  at <ElIcon class="menu-icon" > 
  at <Index> 
  at <App> @ http://localhost:3001/node_modules/.vite/deps/chunk-D4VKVKNE.js?v=b0937ae5:2203
[     271ms] [WARNING] [Vue warn]: Vue received a Component that was made a reactive object. This can lead to unnecessary performance overhead and should be avoided by marking the component with `markRaw` or using `shallowRef` instead of `ref`. 
Component that was made reactive:  {name: Box, __name: box, setup: } 
  at <ElIcon class="menu-icon" size=16 > 
  at <Index> 
  at <App> @ http://localhost:3001/node_modules/.vite/deps/chunk-D4VKVKNE.js?v=b0937ae5:2203
[     271ms] [WARNING] [Vue warn]: Vue received a Component that was made a reactive object. This can lead to unnecessary performance overhead and should be avoided by marking the component with `markRaw` or using `shallowRef` instead of `ref`. 
Component that was made reactive:  {name: SetUp, __name: set-up, setup: } 
  at <ElIcon class="menu-icon" size=16 > 
  at <Index> 
  at <App> @ http://localhost:3001/node_modules/.vite/deps/chunk-D4VKVKNE.js?v=b0937ae5:2203
[     271ms] [WARNING] [Vue warn]: Vue received a Component that was made a reactive object. This can lead to unnecessary performance overhead and should be avoided by marking the component with `markRaw` or using `shallowRef` instead of `ref`. 
Component that was made reactive:  {name: Operation, __name: operation, setup: } 
  at <ElIcon class="menu-icon" > 
  at <Index> 
  at <App> @ http://localhost:3001/node_modules/.vite/deps/chunk-D4VKVKNE.js?v=b0937ae5:2203
[     272ms] [WARNING] [Vue warn]: Vue received a Component that was made a reactive object. This can lead to unnecessary performance overhead and should be avoided by marking the component with `markRaw` or using `shallowRef` instead of `ref`. 
Component that was made reactive:  {name: ShoppingCart, __name: shopping-cart, setup: } 
  at <ElIcon class="menu-icon" size=16 > 
  at <Index> 
  at <App> @ http://localhost:3001/node_modules/.vite/deps/chunk-D4VKVKNE.js?v=b0937ae5:2203
[     272ms] [WARNING] [Vue warn]: Vue received a Component that was made a reactive object. This can lead to unnecessary performance overhead and should be avoided by marking the component with `markRaw` or using `shallowRef` instead of `ref`. 
Component that was made reactive:  {name: Star, __name: star, setup: } 
  at <ElIcon class="menu-icon" size=16 > 
  at <Index> 
  at <App> @ http://localhost:3001/node_modules/.vite/deps/chunk-D4VKVKNE.js?v=b0937ae5:2203
[     272ms] [WARNING] [Vue warn]: Vue received a Component that was made a reactive object. This can lead to unnecessary performance overhead and should be avoided by marking the component with `markRaw` or using `shallowRef` instead of `ref`. 
Component that was made reactive:  {name: Present, __name: present, setup: } 
  at <ElIcon class="menu-icon" size=16 > 
  at <Index> 
  at <App> @ http://localhost:3001/node_modules/.vite/deps/chunk-D4VKVKNE.js?v=b0937ae5:2203
[     273ms] [WARNING] [Vue warn]: Vue received a Component that was made a reactive object. This can lead to unnecessary performance overhead and should be avoided by marking the component with `markRaw` or using `shallowRef` instead of `ref`. 
Component that was made reactive:  {name: UserFilled, __name: user-filled, setup: } 
  at <ElIcon class="menu-icon" size=16 > 
  at <Index> 
  at <App> @ http://localhost:3001/node_modules/.vite/deps/chunk-D4VKVKNE.js?v=b0937ae5:2203
[     273ms] [WARNING] [Vue warn]: Vue received a Component that was made a reactive object. This can lead to unnecessary performance overhead and should be avoided by marking the component with `markRaw` or using `shallowRef` instead of `ref`. 
Component that was made reactive:  {name: DataAnalysis, __name: data-analysis, setup: } 
  at <ElIcon class="menu-icon" size=16 > 
  at <Index> 
  at <App> @ http://localhost:3001/node_modules/.vite/deps/chunk-D4VKVKNE.js?v=b0937ae5:2203
[     296ms] [WARNING] ElementPlusError: [el-checkbox] [API] label act as value is about to be deprecated in version 3.0.0, please use value instead.
For more detail, please visit: https://element-plus.org/en-US/component/checkbox.html

    at debugWarn (http://localhost:3001/node_modules/.vite/deps/element-plus.js?v=b0937ae5:10429:37)
    at watch.immediate (http://localhost:3001/node_modules/.vite/deps/element-plus.js?v=b0937ae5:10473:14)
    at callWithErrorHandling (http://localhost:3001/node_modules/.vite/deps/chunk-D4VKVKNE.js?v=b0937ae5:2351:19)
    at callWithAsyncErrorHandling (http://localhost:3001/node_modules/.vite/deps/chunk-D4VKVKNE.js?v=b0937ae5:2358:17)
    at baseWatchOptions.call (http://localhost:3001/node_modules/.vite/deps/chunk-D4VKVKNE.js?v=b0937ae5:3043:47)
    at job (http://localhost:3001/node_modules/.vite/deps/chunk-D4VKVKNE.js?v=b0937ae5:2081:18)
    at watch (http://localhost:3001/node_modules/.vite/deps/chunk-D4VKVKNE.js?v=b0937ae5:2116:7)
    at doWatch (http://localhost:3001/node_modules/.vite/deps/chunk-D4VKVKNE.js?v=b0937ae5:3071:23)
    at watch2 (http://localhost:3001/node_modules/.vite/deps/chunk-D4VKVKNE.js?v=b0937ae5:3004:10)
    at useDeprecated (http://localhost:3001/node_modules/.vite/deps/element-plus.js?v=b0937ae5:10472:3) @ http://localhost:3001/node_modules/.vite/deps/element-plus.js?v=b0937ae5:10429
[     298ms] [WARNING] ElementPlusError: [el-checkbox] [API] label act as value is about to be deprecated in version 3.0.0, please use value instead.
For more detail, please visit: https://element-plus.org/en-US/component/checkbox.html

    at debugWarn (http://localhost:3001/node_modules/.vite/deps/element-plus.js?v=b0937ae5:10429:37)
    at watch.immediate (http://localhost:3001/node_modules/.vite/deps/element-plus.js?v=b0937ae5:10473:14)
    at callWithErrorHandling (http://localhost:3001/node_modules/.vite/deps/chunk-D4VKVKNE.js?v=b0937ae5:2351:19)
    at callWithAsyncErrorHandling (http://localhost:3001/node_modules/.vite/deps/chunk-D4VKVKNE.js?v=b0937ae5:2358:17)
    at baseWatchOptions.call (http://localhost:3001/node_modules/.vite/deps/chunk-D4VKVKNE.js?v=b0937ae5:3043:47)
    at job (http://localhost:3001/node_modules/.vite/deps/chunk-D4VKVKNE.js?v=b0937ae5:2081:18)
    at watch (http://localhost:3001/node_modules/.vite/deps/chunk-D4VKVKNE.js?v=b0937ae5:2116:7)
    at doWatch (http://localhost:3001/node_modules/.vite/deps/chunk-D4VKVKNE.js?v=b0937ae5:3071:23)
    at watch2 (http://localhost:3001/node_modules/.vite/deps/chunk-D4VKVKNE.js?v=b0937ae5:3004:10)
    at useDeprecated (http://localhost:3001/node_modules/.vite/deps/element-plus.js?v=b0937ae5:10472:3) @ http://localhost:3001/node_modules/.vite/deps/element-plus.js?v=b0937ae5:10429
[     299ms] [WARNING] ElementPlusError: [el-checkbox] [API] label act as value is about to be deprecated in version 3.0.0, please use value instead.
For more detail, please visit: https://element-plus.org/en-US/component/checkbox.html

    at debugWarn (http://localhost:3001/node_modules/.vite/deps/element-plus.js?v=b0937ae5:10429:37)
    at watch.immediate (http://localhost:3001/node_modules/.vite/deps/element-plus.js?v=b0937ae5:10473:14)
    at callWithErrorHandling (http://localhost:3001/node_modules/.vite/deps/chunk-D4VKVKNE.js?v=b0937ae5:2351:19)
    at callWithAsyncErrorHandling (http://localhost:3001/node_modules/.vite/deps/chunk-D4VKVKNE.js?v=b0937ae5:2358:17)
    at baseWatchOptions.call (http://localhost:3001/node_modules/.vite/deps/chunk-D4VKVKNE.js?v=b0937ae5:3043:47)
    at job (http://localhost:3001/node_modules/.vite/deps/chunk-D4VKVKNE.js?v=b0937ae5:2081:18)
    at watch (http://localhost:3001/node_modules/.vite/deps/chunk-D4VKVKNE.js?v=b0937ae5:2116:7)
    at doWatch (http://localhost:3001/node_modules/.vite/deps/chunk-D4VKVKNE.js?v=b0937ae5:3071:23)
    at watch2 (http://localhost:3001/node_modules/.vite/deps/chunk-D4VKVKNE.js?v=b0937ae5:3004:10)
    at useDeprecated (http://localhost:3001/node_modules/.vite/deps/element-plus.js?v=b0937ae5:10472:3) @ http://localhost:3001/node_modules/.vite/deps/element-plus.js?v=b0937ae5:10429
[     301ms] [WARNING] ElementPlusError: [el-checkbox] [API] label act as value is about to be deprecated in version 3.0.0, please use value instead.
For more detail, please visit: https://element-plus.org/en-US/component/checkbox.html

    at debugWarn (http://localhost:3001/node_modules/.vite/deps/element-plus.js?v=b0937ae5:10429:37)
    at watch.immediate (http://localhost:3001/node_modules/.vite/deps/element-plus.js?v=b0937ae5:10473:14)
    at callWithErrorHandling (http://localhost:3001/node_modules/.vite/deps/chunk-D4VKVKNE.js?v=b0937ae5:2351:19)
    at callWithAsyncErrorHandling (http://localhost:3001/node_modules/.vite/deps/chunk-D4VKVKNE.js?v=b0937ae5:2358:17)
    at baseWatchOptions.call (http://localhost:3001/node_modules/.vite/deps/chunk-D4VKVKNE.js?v=b0937ae5:3043:47)
    at job (http://localhost:3001/node_modules/.vite/deps/chunk-D4VKVKNE.js?v=b0937ae5:2081:18)
    at watch (http://localhost:3001/node_modules/.vite/deps/chunk-D4VKVKNE.js?v=b0937ae5:2116:7)
    at doWatch (http://localhost:3001/node_modules/.vite/deps/chunk-D4VKVKNE.js?v=b0937ae5:3071:23)
    at watch2 (http://localhost:3001/node_modules/.vite/deps/chunk-D4VKVKNE.js?v=b0937ae5:3004:10)
    at useDeprecated (http://localhost:3001/node_modules/.vite/deps/element-plus.js?v=b0937ae5:10472:3) @ http://localhost:3001/node_modules/.vite/deps/element-plus.js?v=b0937ae5:10429
[     302ms] [WARNING] ElementPlusError: [el-checkbox] [API] label act as value is about to be deprecated in version 3.0.0, please use value instead.
For more detail, please visit: https://element-plus.org/en-US/component/checkbox.html

    at debugWarn (http://localhost:3001/node_modules/.vite/deps/element-plus.js?v=b0937ae5:10429:37)
    at watch.immediate (http://localhost:3001/node_modules/.vite/deps/element-plus.js?v=b0937ae5:10473:14)
    at callWithErrorHandling (http://localhost:3001/node_modules/.vite/deps/chunk-D4VKVKNE.js?v=b0937ae5:2351:19)
    at callWithAsyncErrorHandling (http://localhost:3001/node_modules/.vite/deps/chunk-D4VKVKNE.js?v=b0937ae5:2358:17)
    at baseWatchOptions.call (http://localhost:3001/node_modules/.vite/deps/chunk-D4VKVKNE.js?v=b0937ae5:3043:47)
    at job (http://localhost:3001/node_modules/.vite/deps/chunk-D4VKVKNE.js?v=b0937ae5:2081:18)
    at watch (http://localhost:3001/node_modules/.vite/deps/chunk-D4VKVKNE.js?v=b0937ae5:2116:7)
    at doWatch (http://localhost:3001/node_modules/.vite/deps/chunk-D4VKVKNE.js?v=b0937ae5:3071:23)
    at watch2 (http://localhost:3001/node_modules/.vite/deps/chunk-D4VKVKNE.js?v=b0937ae5:3004:10)
    at useDeprecated (http://localhost:3001/node_modules/.vite/deps/element-plus.js?v=b0937ae5:10472:3) @ http://localhost:3001/node_modules/.vite/deps/element-plus.js?v=b0937ae5:10429
[     303ms] [WARNING] ElementPlusError: [el-checkbox] [API] label act as value is about to be deprecated in version 3.0.0, please use value instead.
For more detail, please visit: https://element-plus.org/en-US/component/checkbox.html

    at debugWarn (http://localhost:3001/node_modules/.vite/deps/element-plus.js?v=b0937ae5:10429:37)
    at watch.immediate (http://localhost:3001/node_modules/.vite/deps/element-plus.js?v=b0937ae5:10473:14)
    at callWithErrorHandling (http://localhost:3001/node_modules/.vite/deps/chunk-D4VKVKNE.js?v=b0937ae5:2351:19)
    at callWithAsyncErrorHandling (http://localhost:3001/node_modules/.vite/deps/chunk-D4VKVKNE.js?v=b0937ae5:2358:17)
    at baseWatchOptions.call (http://localhost:3001/node_modules/.vite/deps/chunk-D4VKVKNE.js?v=b0937ae5:3043:47)
    at job (http://localhost:3001/node_modules/.vite/deps/chunk-D4VKVKNE.js?v=b0937ae5:2081:18)
    at watch (http://localhost:3001/node_modules/.vite/deps/chunk-D4VKVKNE.js?v=b0937ae5:2116:7)
    at doWatch (http://localhost:3001/node_modules/.vite/deps/chunk-D4VKVKNE.js?v=b0937ae5:3071:23)
    at watch2 (http://localhost:3001/node_modules/.vite/deps/chunk-D4VKVKNE.js?v=b0937ae5:3004:10)
    at useDeprecated (http://localhost:3001/node_modules/.vite/deps/element-plus.js?v=b0937ae5:10472:3) @ http://localhost:3001/node_modules/.vite/deps/element-plus.js?v=b0937ae5:10429
[     304ms] [WARNING] ElementPlusError: [el-checkbox] [API] label act as value is about to be deprecated in version 3.0.0, please use value instead.
For more detail, please visit: https://element-plus.org/en-US/component/checkbox.html

    at debugWarn (http://localhost:3001/node_modules/.vite/deps/element-plus.js?v=b0937ae5:10429:37)
    at watch.immediate (http://localhost:3001/node_modules/.vite/deps/element-plus.js?v=b0937ae5:10473:14)
    at callWithErrorHandling (http://localhost:3001/node_modules/.vite/deps/chunk-D4VKVKNE.js?v=b0937ae5:2351:19)
    at callWithAsyncErrorHandling (http://localhost:3001/node_modules/.vite/deps/chunk-D4VKVKNE.js?v=b0937ae5:2358:17)
    at baseWatchOptions.call (http://localhost:3001/node_modules/.vite/deps/chunk-D4VKVKNE.js?v=b0937ae5:3043:47)
    at job (http://localhost:3001/node_modules/.vite/deps/chunk-D4VKVKNE.js?v=b0937ae5:2081:18)
    at watch (http://localhost:3001/node_modules/.vite/deps/chunk-D4VKVKNE.js?v=b0937ae5:2116:7)
    at doWatch (http://localhost:3001/node_modules/.vite/deps/chunk-D4VKVKNE.js?v=b0937ae5:3071:23)
    at watch2 (http://localhost:3001/node_modules/.vite/deps/chunk-D4VKVKNE.js?v=b0937ae5:3004:10)
    at useDeprecated (http://localhost:3001/node_modules/.vite/deps/element-plus.js?v=b0937ae5:10472:3) @ http://localhost:3001/node_modules/.vite/deps/element-plus.js?v=b0937ae5:10429
[     305ms] [WARNING] ElementPlusError: [el-checkbox] [API] label act as value is about to be deprecated in version 3.0.0, please use value instead.
For more detail, please visit: https://element-plus.org/en-US/component/checkbox.html

    at debugWarn (http://localhost:3001/node_modules/.vite/deps/element-plus.js?v=b0937ae5:10429:37)
    at watch.immediate (http://localhost:3001/node_modules/.vite/deps/element-plus.js?v=b0937ae5:10473:14)
    at callWithErrorHandling (http://localhost:3001/node_modules/.vite/deps/chunk-D4VKVKNE.js?v=b0937ae5:2351:19)
    at callWithAsyncErrorHandling (http://localhost:3001/node_modules/.vite/deps/chunk-D4VKVKNE.js?v=b0937ae5:2358:17)
    at baseWatchOptions.call (http://localhost:3001/node_modules/.vite/deps/chunk-D4VKVKNE.js?v=b0937ae5:3043:47)
    at job (http://localhost:3001/node_modules/.vite/deps/chunk-D4VKVKNE.js?v=b0937ae5:2081:18)
    at watch (http://localhost:3001/node_modules/.vite/deps/chunk-D4VKVKNE.js?v=b0937ae5:2116:7)
    at doWatch (http://localhost:3001/node_modules/.vite/deps/chunk-D4VKVKNE.js?v=b0937ae5:3071:23)
    at watch2 (http://localhost:3001/node_modules/.vite/deps/chunk-D4VKVKNE.js?v=b0937ae5:3004:10)
    at useDeprecated (http://localhost:3001/node_modules/.vite/deps/element-plus.js?v=b0937ae5:10472:3) @ http://localhost:3001/node_modules/.vite/deps/element-plus.js?v=b0937ae5:10429
[     306ms] [WARNING] ElementPlusError: [el-checkbox] [API] label act as value is about to be deprecated in version 3.0.0, please use value instead.
For more detail, please visit: https://element-plus.org/en-US/component/checkbox.html

    at debugWarn (http://localhost:3001/node_modules/.vite/deps/element-plus.js?v=b0937ae5:10429:37)
    at watch.immediate (http://localhost:3001/node_modules/.vite/deps/element-plus.js?v=b0937ae5:10473:14)
    at callWithErrorHandling (http://localhost:3001/node_modules/.vite/deps/chunk-D4VKVKNE.js?v=b0937ae5:2351:19)
    at callWithAsyncErrorHandling (http://localhost:3001/node_modules/.vite/deps/chunk-D4VKVKNE.js?v=b0937ae5:2358:17)
    at baseWatchOptions.call (http://localhost:3001/node_modules/.vite/deps/chunk-D4VKVKNE.js?v=b0937ae5:3043:47)
    at job (http://localhost:3001/node_modules/.vite/deps/chunk-D4VKVKNE.js?v=b0937ae5:2081:18)
    at watch (http://localhost:3001/node_modules/.vite/deps/chunk-D4VKVKNE.js?v=b0937ae5:2116:7)
    at doWatch (http://localhost:3001/node_modules/.vite/deps/chunk-D4VKVKNE.js?v=b0937ae5:3071:23)
    at watch2 (http://localhost:3001/node_modules/.vite/deps/chunk-D4VKVKNE.js?v=b0937ae5:3004:10)
    at useDeprecated (http://localhost:3001/node_modules/.vite/deps/element-plus.js?v=b0937ae5:10472:3) @ http://localhost:3001/node_modules/.vite/deps/element-plus.js?v=b0937ae5:10429
[     307ms] [WARNING] ElementPlusError: [el-checkbox] [API] label act as value is about to be deprecated in version 3.0.0, please use value instead.
For more detail, please visit: https://element-plus.org/en-US/component/checkbox.html

    at debugWarn (http://localhost:3001/node_modules/.vite/deps/element-plus.js?v=b0937ae5:10429:37)
    at watch.immediate (http://localhost:3001/node_modules/.vite/deps/element-plus.js?v=b0937ae5:10473:14)
    at callWithErrorHandling (http://localhost:3001/node_modules/.vite/deps/chunk-D4VKVKNE.js?v=b0937ae5:2351:19)
    at callWithAsyncErrorHandling (http://localhost:3001/node_modules/.vite/deps/chunk-D4VKVKNE.js?v=b0937ae5:2358:17)
    at baseWatchOptions.call (http://localhost:3001/node_modules/.vite/deps/chunk-D4VKVKNE.js?v=b0937ae5:3043:47)
    at job (http://localhost:3001/node_modules/.vite/deps/chunk-D4VKVKNE.js?v=b0937ae5:2081:18)
    at watch (http://localhost:3001/node_modules/.vite/deps/chunk-D4VKVKNE.js?v=b0937ae5:2116:7)
    at doWatch (http://localhost:3001/node_modules/.vite/deps/chunk-D4VKVKNE.js?v=b0937ae5:3071:23)
    at watch2 (http://localhost:3001/node_modules/.vite/deps/chunk-D4VKVKNE.js?v=b0937ae5:3004:10)
    at useDeprecated (http://localhost:3001/node_modules/.vite/deps/element-plus.js?v=b0937ae5:10472:3) @ http://localhost:3001/node_modules/.vite/deps/element-plus.js?v=b0937ae5:10429
[     336ms] [WARNING] ElementPlusError: [el-checkbox] [API] label act as value is about to be deprecated in version 3.0.0, please use value instead.
For more detail, please visit: https://element-plus.org/en-US/component/checkbox.html

    at debugWarn (http://localhost:3001/node_modules/.vite/deps/element-plus.js?v=b0937ae5:10429:37)
    at watch.immediate (http://localhost:3001/node_modules/.vite/deps/element-plus.js?v=b0937ae5:10473:14)
    at callWithErrorHandling (http://localhost:3001/node_modules/.vite/deps/chunk-D4VKVKNE.js?v=b0937ae5:2351:19)
    at callWithAsyncErrorHandling (http://localhost:3001/node_modules/.vite/deps/chunk-D4VKVKNE.js?v=b0937ae5:2358:17)
    at baseWatchOptions.call (http://localhost:3001/node_modules/.vite/deps/chunk-D4VKVKNE.js?v=b0937ae5:3043:47)
    at job (http://localhost:3001/node_modules/.vite/deps/chunk-D4VKVKNE.js?v=b0937ae5:2081:18)
    at watch (http://localhost:3001/node_modules/.vite/deps/chunk-D4VKVKNE.js?v=b0937ae5:2116:7)
    at doWatch (http://localhost:3001/node_modules/.vite/deps/chunk-D4VKVKNE.js?v=b0937ae5:3071:23)
    at watch2 (http://localhost:3001/node_modules/.vite/deps/chunk-D4VKVKNE.js?v=b0937ae5:3004:10)
    at useDeprecated (http://localhost:3001/node_modules/.vite/deps/element-plus.js?v=b0937ae5:10472:3) @ http://localhost:3001/node_modules/.vite/deps/element-plus.js?v=b0937ae5:10429
[     337ms] [WARNING] ElementPlusError: [el-checkbox] [API] label act as value is about to be deprecated in version 3.0.0, please use value instead.
For more detail, please visit: https://element-plus.org/en-US/component/checkbox.html

    at debugWarn (http://localhost:3001/node_modules/.vite/deps/element-plus.js?v=b0937ae5:10429:37)
    at watch.immediate (http://localhost:3001/node_modules/.vite/deps/element-plus.js?v=b0937ae5:10473:14)
    at callWithErrorHandling (http://localhost:3001/node_modules/.vite/deps/chunk-D4VKVKNE.js?v=b0937ae5:2351:19)
    at callWithAsyncErrorHandling (http://localhost:3001/node_modules/.vite/deps/chunk-D4VKVKNE.js?v=b0937ae5:2358:17)
    at baseWatchOptions.call (http://localhost:3001/node_modules/.vite/deps/chunk-D4VKVKNE.js?v=b0937ae5:3043:47)
    at job (http://localhost:3001/node_modules/.vite/deps/chunk-D4VKVKNE.js?v=b0937ae5:2081:18)
    at watch (http://localhost:3001/node_modules/.vite/deps/chunk-D4VKVKNE.js?v=b0937ae5:2116:7)
    at doWatch (http://localhost:3001/node_modules/.vite/deps/chunk-D4VKVKNE.js?v=b0937ae5:3071:23)
    at watch2 (http://localhost:3001/node_modules/.vite/deps/chunk-D4VKVKNE.js?v=b0937ae5:3004:10)
    at useDeprecated (http://localhost:3001/node_modules/.vite/deps/element-plus.js?v=b0937ae5:10472:3) @ http://localhost:3001/node_modules/.vite/deps/element-plus.js?v=b0937ae5:10429
[     338ms] [WARNING] ElementPlusError: [el-checkbox] [API] label act as value is about to be deprecated in version 3.0.0, please use value instead.
For more detail, please visit: https://element-plus.org/en-US/component/checkbox.html

    at debugWarn (http://localhost:3001/node_modules/.vite/deps/element-plus.js?v=b0937ae5:10429:37)
    at watch.immediate (http://localhost:3001/node_modules/.vite/deps/element-plus.js?v=b0937ae5:10473:14)
    at callWithErrorHandling (http://localhost:3001/node_modules/.vite/deps/chunk-D4VKVKNE.js?v=b0937ae5:2351:19)
    at callWithAsyncErrorHandling (http://localhost:3001/node_modules/.vite/deps/chunk-D4VKVKNE.js?v=b0937ae5:2358:17)
    at baseWatchOptions.call (http://localhost:3001/node_modules/.vite/deps/chunk-D4VKVKNE.js?v=b0937ae5:3043:47)
    at job (http://localhost:3001/node_modules/.vite/deps/chunk-D4VKVKNE.js?v=b0937ae5:2081:18)
    at watch (http://localhost:3001/node_modules/.vite/deps/chunk-D4VKVKNE.js?v=b0937ae5:2116:7)
    at doWatch (http://localhost:3001/node_modules/.vite/deps/chunk-D4VKVKNE.js?v=b0937ae5:3071:23)
    at watch2 (http://localhost:3001/node_modules/.vite/deps/chunk-D4VKVKNE.js?v=b0937ae5:3004:10)
    at useDeprecated (http://localhost:3001/node_modules/.vite/deps/element-plus.js?v=b0937ae5:10472:3) @ http://localhost:3001/node_modules/.vite/deps/element-plus.js?v=b0937ae5:10429
[     339ms] [WARNING] ElementPlusError: [el-checkbox] [API] label act as value is about to be deprecated in version 3.0.0, please use value instead.
For more detail, please visit: https://element-plus.org/en-US/component/checkbox.html

    at debugWarn (http://localhost:3001/node_modules/.vite/deps/element-plus.js?v=b0937ae5:10429:37)
    at watch.immediate (http://localhost:3001/node_modules/.vite/deps/element-plus.js?v=b0937ae5:10473:14)
    at callWithErrorHandling (http://localhost:3001/node_modules/.vite/deps/chunk-D4VKVKNE.js?v=b0937ae5:2351:19)
    at callWithAsyncErrorHandling (http://localhost:3001/node_modules/.vite/deps/chunk-D4VKVKNE.js?v=b0937ae5:2358:17)
    at baseWatchOptions.call (http://localhost:3001/node_modules/.vite/deps/chunk-D4VKVKNE.js?v=b0937ae5:3043:47)
    at job (http://localhost:3001/node_modules/.vite/deps/chunk-D4VKVKNE.js?v=b0937ae5:2081:18)
    at watch (http://localhost:3001/node_modules/.vite/deps/chunk-D4VKVKNE.js?v=b0937ae5:2116:7)
    at doWatch (http://localhost:3001/node_modules/.vite/deps/chunk-D4VKVKNE.js?v=b0937ae5:3071:23)
    at watch2 (http://localhost:3001/node_modules/.vite/deps/chunk-D4VKVKNE.js?v=b0937ae5:3004:10)
    at useDeprecated (http://localhost:3001/node_modules/.vite/deps/element-plus.js?v=b0937ae5:10472:3) @ http://localhost:3001/node_modules/.vite/deps/element-plus.js?v=b0937ae5:10429
[     342ms] [WARNING] ElementPlusError: [el-checkbox] [API] label act as value is about to be deprecated in version 3.0.0, please use value instead.
For more detail, please visit: https://element-plus.org/en-US/component/checkbox.html

    at debugWarn (http://localhost:3001/node_modules/.vite/deps/element-plus.js?v=b0937ae5:10429:37)
    at watch.immediate (http://localhost:3001/node_modules/.vite/deps/element-plus.js?v=b0937ae5:10473:14)
    at callWithErrorHandling (http://localhost:3001/node_modules/.vite/deps/chunk-D4VKVKNE.js?v=b0937ae5:2351:19)
    at callWithAsyncErrorHandling (http://localhost:3001/node_modules/.vite/deps/chunk-D4VKVKNE.js?v=b0937ae5:2358:17)
    at baseWatchOptions.call (http://localhost:3001/node_modules/.vite/deps/chunk-D4VKVKNE.js?v=b0937ae5:3043:47)
    at job (http://localhost:3001/node_modules/.vite/deps/chunk-D4VKVKNE.js?v=b0937ae5:2081:18)
    at watch (http://localhost:3001/node_modules/.vite/deps/chunk-D4VKVKNE.js?v=b0937ae5:2116:7)
    at doWatch (http://localhost:3001/node_modules/.vite/deps/chunk-D4VKVKNE.js?v=b0937ae5:3071:23)
    at watch2 (http://localhost:3001/node_modules/.vite/deps/chunk-D4VKVKNE.js?v=b0937ae5:3004:10)
    at useDeprecated (http://localhost:3001/node_modules/.vite/deps/element-plus.js?v=b0937ae5:10472:3) @ http://localhost:3001/node_modules/.vite/deps/element-plus.js?v=b0937ae5:10429
[     343ms] [WARNING] ElementPlusError: [el-checkbox] [API] label act as value is about to be deprecated in version 3.0.0, please use value instead.
For more detail, please visit: https://element-plus.org/en-US/component/checkbox.html

    at debugWarn (http://localhost:3001/node_modules/.vite/deps/element-plus.js?v=b0937ae5:10429:37)
    at watch.immediate (http://localhost:3001/node_modules/.vite/deps/element-plus.js?v=b0937ae5:10473:14)
    at callWithErrorHandling (http://localhost:3001/node_modules/.vite/deps/chunk-D4VKVKNE.js?v=b0937ae5:2351:19)
    at callWithAsyncErrorHandling (http://localhost:3001/node_modules/.vite/deps/chunk-D4VKVKNE.js?v=b0937ae5:2358:17)
    at baseWatchOptions.call (http://localhost:3001/node_modules/.vite/deps/chunk-D4VKVKNE.js?v=b0937ae5:3043:47)
    at job (http://localhost:3001/node_modules/.vite/deps/chunk-D4VKVKNE.js?v=b0937ae5:2081:18)
    at watch (http://localhost:3001/node_modules/.vite/deps/chunk-D4VKVKNE.js?v=b0937ae5:2116:7)
    at doWatch (http://localhost:3001/node_modules/.vite/deps/chunk-D4VKVKNE.js?v=b0937ae5:3071:23)
    at watch2 (http://localhost:3001/node_modules/.vite/deps/chunk-D4VKVKNE.js?v=b0937ae5:3004:10)
    at useDeprecated (http://localhost:3001/node_modules/.vite/deps/element-plus.js?v=b0937ae5:10472:3) @ http://localhost:3001/node_modules/.vite/deps/element-plus.js?v=b0937ae5:10429
[     344ms] [WARNING] ElementPlusError: [el-checkbox] [API] label act as value is about to be deprecated in version 3.0.0, please use value instead.
For more detail, please visit: https://element-plus.org/en-US/component/checkbox.html

    at debugWarn (http://localhost:3001/node_modules/.vite/deps/element-plus.js?v=b0937ae5:10429:37)
    at watch.immediate (http://localhost:3001/node_modules/.vite/deps/element-plus.js?v=b0937ae5:10473:14)
    at callWithErrorHandling (http://localhost:3001/node_modules/.vite/deps/chunk-D4VKVKNE.js?v=b0937ae5:2351:19)
    at callWithAsyncErrorHandling (http://localhost:3001/node_modules/.vite/deps/chunk-D4VKVKNE.js?v=b0937ae5:2358:17)
    at baseWatchOptions.call (http://localhost:3001/node_modules/.vite/deps/chunk-D4VKVKNE.js?v=b0937ae5:3043:47)
    at job (http://localhost:3001/node_modules/.vite/deps/chunk-D4VKVKNE.js?v=b0937ae5:2081:18)
    at watch (http://localhost:3001/node_modules/.vite/deps/chunk-D4VKVKNE.js?v=b0937ae5:2116:7)
    at doWatch (http://localhost:3001/node_modules/.vite/deps/chunk-D4VKVKNE.js?v=b0937ae5:3071:23)
    at watch2 (http://localhost:3001/node_modules/.vite/deps/chunk-D4VKVKNE.js?v=b0937ae5:3004:10)
    at useDeprecated (http://localhost:3001/node_modules/.vite/deps/element-plus.js?v=b0937ae5:10472:3) @ http://localhost:3001/node_modules/.vite/deps/element-plus.js?v=b0937ae5:10429
[     360ms] [WARNING] ElementPlusError: [el-checkbox] [API] label act as value is about to be deprecated in version 3.0.0, please use value instead.
For more detail, please visit: https://element-plus.org/en-US/component/checkbox.html

    at debugWarn (http://localhost:3001/node_modules/.vite/deps/element-plus.js?v=b0937ae5:10429:37)
    at watch.immediate (http://localhost:3001/node_modules/.vite/deps/element-plus.js?v=b0937ae5:10473:14)
    at callWithErrorHandling (http://localhost:3001/node_modules/.vite/deps/chunk-D4VKVKNE.js?v=b0937ae5:2351:19)
    at callWithAsyncErrorHandling (http://localhost:3001/node_modules/.vite/deps/chunk-D4VKVKNE.js?v=b0937ae5:2358:17)
    at baseWatchOptions.call (http://localhost:3001/node_modules/.vite/deps/chunk-D4VKVKNE.js?v=b0937ae5:3043:47)
    at job (http://localhost:3001/node_modules/.vite/deps/chunk-D4VKVKNE.js?v=b0937ae5:2081:18)
    at watch (http://localhost:3001/node_modules/.vite/deps/chunk-D4VKVKNE.js?v=b0937ae5:2116:7)
    at doWatch (http://localhost:3001/node_modules/.vite/deps/chunk-D4VKVKNE.js?v=b0937ae5:3071:23)
    at watch2 (http://localhost:3001/node_modules/.vite/deps/chunk-D4VKVKNE.js?v=b0937ae5:3004:10)
    at useDeprecated (http://localhost:3001/node_modules/.vite/deps/element-plus.js?v=b0937ae5:10472:3) @ http://localhost:3001/node_modules/.vite/deps/element-plus.js?v=b0937ae5:10429
[     361ms] [WARNING] ElementPlusError: [el-checkbox] [API] label act as value is about to be deprecated in version 3.0.0, please use value instead.
For more detail, please visit: https://element-plus.org/en-US/component/checkbox.html

    at debugWarn (http://localhost:3001/node_modules/.vite/deps/element-plus.js?v=b0937ae5:10429:37)
    at watch.immediate (http://localhost:3001/node_modules/.vite/deps/element-plus.js?v=b0937ae5:10473:14)
    at callWithErrorHandling (http://localhost:3001/node_modules/.vite/deps/chunk-D4VKVKNE.js?v=b0937ae5:2351:19)
    at callWithAsyncErrorHandling (http://localhost:3001/node_modules/.vite/deps/chunk-D4VKVKNE.js?v=b0937ae5:2358:17)
    at baseWatchOptions.call (http://localhost:3001/node_modules/.vite/deps/chunk-D4VKVKNE.js?v=b0937ae5:3043:47)
    at job (http://localhost:3001/node_modules/.vite/deps/chunk-D4VKVKNE.js?v=b0937ae5:2081:18)
    at watch (http://localhost:3001/node_modules/.vite/deps/chunk-D4VKVKNE.js?v=b0937ae5:2116:7)
    at doWatch (http://localhost:3001/node_modules/.vite/deps/chunk-D4VKVKNE.js?v=b0937ae5:3071:23)
    at watch2 (http://localhost:3001/node_modules/.vite/deps/chunk-D4VKVKNE.js?v=b0937ae5:3004:10)
    at useDeprecated (http://localhost:3001/node_modules/.vite/deps/element-plus.js?v=b0937ae5:10472:3) @ http://localhost:3001/node_modules/.vite/deps/element-plus.js?v=b0937ae5:10429
[     362ms] [WARNING] ElementPlusError: [el-checkbox] [API] label act as value is about to be deprecated in version 3.0.0, please use value instead.
For more detail, please visit: https://element-plus.org/en-US/component/checkbox.html

    at debugWarn (http://localhost:3001/node_modules/.vite/deps/element-plus.js?v=b0937ae5:10429:37)
    at watch.immediate (http://localhost:3001/node_modules/.vite/deps/element-plus.js?v=b0937ae5:10473:14)
    at callWithErrorHandling (http://localhost:3001/node_modules/.vite/deps/chunk-D4VKVKNE.js?v=b0937ae5:2351:19)
    at callWithAsyncErrorHandling (http://localhost:3001/node_modules/.vite/deps/chunk-D4VKVKNE.js?v=b0937ae5:2358:17)
    at baseWatchOptions.call (http://localhost:3001/node_modules/.vite/deps/chunk-D4VKVKNE.js?v=b0937ae5:3043:47)
    at job (http://localhost:3001/node_modules/.vite/deps/chunk-D4VKVKNE.js?v=b0937ae5:2081:18)
    at watch (http://localhost:3001/node_modules/.vite/deps/chunk-D4VKVKNE.js?v=b0937ae5:2116:7)
    at doWatch (http://localhost:3001/node_modules/.vite/deps/chunk-D4VKVKNE.js?v=b0937ae5:3071:23)
    at watch2 (http://localhost:3001/node_modules/.vite/deps/chunk-D4VKVKNE.js?v=b0937ae5:3004:10)
    at useDeprecated (http://localhost:3001/node_modules/.vite/deps/element-plus.js?v=b0937ae5:10472:3) @ http://localhost:3001/node_modules/.vite/deps/element-plus.js?v=b0937ae5:10429
[     363ms] [WARNING] ElementPlusError: [el-checkbox] [API] label act as value is about to be deprecated in version 3.0.0, please use value instead.
For more detail, please visit: https://element-plus.org/en-US/component/checkbox.html

    at debugWarn (http://localhost:3001/node_modules/.vite/deps/element-plus.js?v=b0937ae5:10429:37)
    at watch.immediate (http://localhost:3001/node_modules/.vite/deps/element-plus.js?v=b0937ae5:10473:14)
    at callWithErrorHandling (http://localhost:3001/node_modules/.vite/deps/chunk-D4VKVKNE.js?v=b0937ae5:2351:19)
    at callWithAsyncErrorHandling (http://localhost:3001/node_modules/.vite/deps/chunk-D4VKVKNE.js?v=b0937ae5:2358:17)
    at baseWatchOptions.call (http://localhost:3001/node_modules/.vite/deps/chunk-D4VKVKNE.js?v=b0937ae5:3043:47)
    at job (http://localhost:3001/node_modules/.vite/deps/chunk-D4VKVKNE.js?v=b0937ae5:2081:18)
    at watch (http://localhost:3001/node_modules/.vite/deps/chunk-D4VKVKNE.js?v=b0937ae5:2116:7)
    at doWatch (http://localhost:3001/node_modules/.vite/deps/chunk-D4VKVKNE.js?v=b0937ae5:3071:23)
    at watch2 (http://localhost:3001/node_modules/.vite/deps/chunk-D4VKVKNE.js?v=b0937ae5:3004:10)
    at useDeprecated (http://localhost:3001/node_modules/.vite/deps/element-plus.js?v=b0937ae5:10472:3) @ http://localhost:3001/node_modules/.vite/deps/element-plus.js?v=b0937ae5:10429
[     364ms] [WARNING] ElementPlusError: [el-checkbox] [API] label act as value is about to be deprecated in version 3.0.0, please use value instead.
For more detail, please visit: https://element-plus.org/en-US/component/checkbox.html

    at debugWarn (http://localhost:3001/node_modules/.vite/deps/element-plus.js?v=b0937ae5:10429:37)
    at watch.immediate (http://localhost:3001/node_modules/.vite/deps/element-plus.js?v=b0937ae5:10473:14)
    at callWithErrorHandling (http://localhost:3001/node_modules/.vite/deps/chunk-D4VKVKNE.js?v=b0937ae5:2351:19)
    at callWithAsyncErrorHandling (http://localhost:3001/node_modules/.vite/deps/chunk-D4VKVKNE.js?v=b0937ae5:2358:17)
    at baseWatchOptions.call (http://localhost:3001/node_modules/.vite/deps/chunk-D4VKVKNE.js?v=b0937ae5:3043:47)
    at job (http://localhost:3001/node_modules/.vite/deps/chunk-D4VKVKNE.js?v=b0937ae5:2081:18)
    at watch (http://localhost:3001/node_modules/.vite/deps/chunk-D4VKVKNE.js?v=b0937ae5:2116:7)
    at doWatch (http://localhost:3001/node_modules/.vite/deps/chunk-D4VKVKNE.js?v=b0937ae5:3071:23)
    at watch2 (http://localhost:3001/node_modules/.vite/deps/chunk-D4VKVKNE.js?v=b0937ae5:3004:10)
    at useDeprecated (http://localhost:3001/node_modules/.vite/deps/element-plus.js?v=b0937ae5:10472:3) @ http://localhost:3001/node_modules/.vite/deps/element-plus.js?v=b0937ae5:10429
[     368ms] [WARNING] ElementPlusError: [el-checkbox] [API] label act as value is about to be deprecated in version 3.0.0, please use value instead.
For more detail, please visit: https://element-plus.org/en-US/component/checkbox.html

    at debugWarn (http://localhost:3001/node_modules/.vite/deps/element-plus.js?v=b0937ae5:10429:37)
    at watch.immediate (http://localhost:3001/node_modules/.vite/deps/element-plus.js?v=b0937ae5:10473:14)
    at callWithErrorHandling (http://localhost:3001/node_modules/.vite/deps/chunk-D4VKVKNE.js?v=b0937ae5:2351:19)
    at callWithAsyncErrorHandling (http://localhost:3001/node_modules/.vite/deps/chunk-D4VKVKNE.js?v=b0937ae5:2358:17)
    at baseWatchOptions.call (http://localhost:3001/node_modules/.vite/deps/chunk-D4VKVKNE.js?v=b0937ae5:3043:47)
    at job (http://localhost:3001/node_modules/.vite/deps/chunk-D4VKVKNE.js?v=b0937ae5:2081:18)
    at watch (http://localhost:3001/node_modules/.vite/deps/chunk-D4VKVKNE.js?v=b0937ae5:2116:7)
    at doWatch (http://localhost:3001/node_modules/.vite/deps/chunk-D4VKVKNE.js?v=b0937ae5:3071:23)
    at watch2 (http://localhost:3001/node_modules/.vite/deps/chunk-D4VKVKNE.js?v=b0937ae5:3004:10)
    at useDeprecated (http://localhost:3001/node_modules/.vite/deps/element-plus.js?v=b0937ae5:10472:3) @ http://localhost:3001/node_modules/.vite/deps/element-plus.js?v=b0937ae5:10429
[     370ms] [WARNING] ElementPlusError: [el-checkbox] [API] label act as value is about to be deprecated in version 3.0.0, please use value instead.
For more detail, please visit: https://element-plus.org/en-US/component/checkbox.html

    at debugWarn (http://localhost:3001/node_modules/.vite/deps/element-plus.js?v=b0937ae5:10429:37)
    at watch.immediate (http://localhost:3001/node_modules/.vite/deps/element-plus.js?v=b0937ae5:10473:14)
    at callWithErrorHandling (http://localhost:3001/node_modules/.vite/deps/chunk-D4VKVKNE.js?v=b0937ae5:2351:19)
    at callWithAsyncErrorHandling (http://localhost:3001/node_modules/.vite/deps/chunk-D4VKVKNE.js?v=b0937ae5:2358:17)
    at baseWatchOptions.call (http://localhost:3001/node_modules/.vite/deps/chunk-D4VKVKNE.js?v=b0937ae5:3043:47)
    at job (http://localhost:3001/node_modules/.vite/deps/chunk-D4VKVKNE.js?v=b0937ae5:2081:18)
    at watch (http://localhost:3001/node_modules/.vite/deps/chunk-D4VKVKNE.js?v=b0937ae5:2116:7)
    at doWatch (http://localhost:3001/node_modules/.vite/deps/chunk-D4VKVKNE.js?v=b0937ae5:3071:23)
    at watch2 (http://localhost:3001/node_modules/.vite/deps/chunk-D4VKVKNE.js?v=b0937ae5:3004:10)
    at useDeprecated (http://localhost:3001/node_modules/.vite/deps/element-plus.js?v=b0937ae5:10472:3) @ http://localhost:3001/node_modules/.vite/deps/element-plus.js?v=b0937ae5:10429
[     374ms] [WARNING] ElementPlusError: [el-checkbox] [API] label act as value is about to be deprecated in version 3.0.0, please use value instead.
For more detail, please visit: https://element-plus.org/en-US/component/checkbox.html

    at debugWarn (http://localhost:3001/node_modules/.vite/deps/element-plus.js?v=b0937ae5:10429:37)
    at watch.immediate (http://localhost:3001/node_modules/.vite/deps/element-plus.js?v=b0937ae5:10473:14)
    at callWithErrorHandling (http://localhost:3001/node_modules/.vite/deps/chunk-D4VKVKNE.js?v=b0937ae5:2351:19)
    at callWithAsyncErrorHandling (http://localhost:3001/node_modules/.vite/deps/chunk-D4VKVKNE.js?v=b0937ae5:2358:17)
    at baseWatchOptions.call (http://localhost:3001/node_modules/.vite/deps/chunk-D4VKVKNE.js?v=b0937ae5:3043:47)
    at job (http://localhost:3001/node_modules/.vite/deps/chunk-D4VKVKNE.js?v=b0937ae5:2081:18)
    at watch (http://localhost:3001/node_modules/.vite/deps/chunk-D4VKVKNE.js?v=b0937ae5:2116:7)
    at doWatch (http://localhost:3001/node_modules/.vite/deps/chunk-D4VKVKNE.js?v=b0937ae5:3071:23)
    at watch2 (http://localhost:3001/node_modules/.vite/deps/chunk-D4VKVKNE.js?v=b0937ae5:3004:10)
    at useDeprecated (http://localhost:3001/node_modules/.vite/deps/element-plus.js?v=b0937ae5:10472:3) @ http://localhost:3001/node_modules/.vite/deps/element-plus.js?v=b0937ae5:10429
[     376ms] [WARNING] ElementPlusError: [el-checkbox] [API] label act as value is about to be deprecated in version 3.0.0, please use value instead.
For more detail, please visit: https://element-plus.org/en-US/component/checkbox.html

    at debugWarn (http://localhost:3001/node_modules/.vite/deps/element-plus.js?v=b0937ae5:10429:37)
    at watch.immediate (http://localhost:3001/node_modules/.vite/deps/element-plus.js?v=b0937ae5:10473:14)
    at callWithErrorHandling (http://localhost:3001/node_modules/.vite/deps/chunk-D4VKVKNE.js?v=b0937ae5:2351:19)
    at callWithAsyncErrorHandling (http://localhost:3001/node_modules/.vite/deps/chunk-D4VKVKNE.js?v=b0937ae5:2358:17)
    at baseWatchOptions.call (http://localhost:3001/node_modules/.vite/deps/chunk-D4VKVKNE.js?v=b0937ae5:3043:47)
    at job (http://localhost:3001/node_modules/.vite/deps/chunk-D4VKVKNE.js?v=b0937ae5:2081:18)
    at watch (http://localhost:3001/node_modules/.vite/deps/chunk-D4VKVKNE.js?v=b0937ae5:2116:7)
    at doWatch (http://localhost:3001/node_modules/.vite/deps/chunk-D4VKVKNE.js?v=b0937ae5:3071:23)
    at watch2 (http://localhost:3001/node_modules/.vite/deps/chunk-D4VKVKNE.js?v=b0937ae5:3004:10)
    at useDeprecated (http://localhost:3001/node_modules/.vite/deps/element-plus.js?v=b0937ae5:10472:3) @ http://localhost:3001/node_modules/.vite/deps/element-plus.js?v=b0937ae5:10429
[     377ms] [WARNING] ElementPlusError: [el-checkbox] [API] label act as value is about to be deprecated in version 3.0.0, please use value instead.
For more detail, please visit: https://element-plus.org/en-US/component/checkbox.html

    at debugWarn (http://localhost:3001/node_modules/.vite/deps/element-plus.js?v=b0937ae5:10429:37)
    at watch.immediate (http://localhost:3001/node_modules/.vite/deps/element-plus.js?v=b0937ae5:10473:14)
    at callWithErrorHandling (http://localhost:3001/node_modules/.vite/deps/chunk-D4VKVKNE.js?v=b0937ae5:2351:19)
    at callWithAsyncErrorHandling (http://localhost:3001/node_modules/.vite/deps/chunk-D4VKVKNE.js?v=b0937ae5:2358:17)
    at baseWatchOptions.call (http://localhost:3001/node_modules/.vite/deps/chunk-D4VKVKNE.js?v=b0937ae5:3043:47)
    at job (http://localhost:3001/node_modules/.vite/deps/chunk-D4VKVKNE.js?v=b0937ae5:2081:18)
    at watch (http://localhost:3001/node_modules/.vite/deps/chunk-D4VKVKNE.js?v=b0937ae5:2116:7)
    at doWatch (http://localhost:3001/node_modules/.vite/deps/chunk-D4VKVKNE.js?v=b0937ae5:3071:23)
    at watch2 (http://localhost:3001/node_modules/.vite/deps/chunk-D4VKVKNE.js?v=b0937ae5:3004:10)
    at useDeprecated (http://localhost:3001/node_modules/.vite/deps/element-plus.js?v=b0937ae5:10472:3) @ http://localhost:3001/node_modules/.vite/deps/element-plus.js?v=b0937ae5:10429
[     378ms] [WARNING] ElementPlusError: [el-checkbox] [API] label act as value is about to be deprecated in version 3.0.0, please use value instead.
For more detail, please visit: https://element-plus.org/en-US/component/checkbox.html

    at debugWarn (http://localhost:3001/node_modules/.vite/deps/element-plus.js?v=b0937ae5:10429:37)
    at watch.immediate (http://localhost:3001/node_modules/.vite/deps/element-plus.js?v=b0937ae5:10473:14)
    at callWithErrorHandling (http://localhost:3001/node_modules/.vite/deps/chunk-D4VKVKNE.js?v=b0937ae5:2351:19)
    at callWithAsyncErrorHandling (http://localhost:3001/node_modules/.vite/deps/chunk-D4VKVKNE.js?v=b0937ae5:2358:17)
    at baseWatchOptions.call (http://localhost:3001/node_modules/.vite/deps/chunk-D4VKVKNE.js?v=b0937ae5:3043:47)
    at job (http://localhost:3001/node_modules/.vite/deps/chunk-D4VKVKNE.js?v=b0937ae5:2081:18)
    at watch (http://localhost:3001/node_modules/.vite/deps/chunk-D4VKVKNE.js?v=b0937ae5:2116:7)
    at doWatch (http://localhost:3001/node_modules/.vite/deps/chunk-D4VKVKNE.js?v=b0937ae5:3071:23)
    at watch2 (http://localhost:3001/node_modules/.vite/deps/chunk-D4VKVKNE.js?v=b0937ae5:3004:10)
    at useDeprecated (http://localhost:3001/node_modules/.vite/deps/element-plus.js?v=b0937ae5:10472:3) @ http://localhost:3001/node_modules/.vite/deps/element-plus.js?v=b0937ae5:10429
[     379ms] [WARNING] ElementPlusError: [el-checkbox] [API] label act as value is about to be deprecated in version 3.0.0, please use value instead.
For more detail, please visit: https://element-plus.org/en-US/component/checkbox.html

    at debugWarn (http://localhost:3001/node_modules/.vite/deps/element-plus.js?v=b0937ae5:10429:37)
    at watch.immediate (http://localhost:3001/node_modules/.vite/deps/element-plus.js?v=b0937ae5:10473:14)
    at callWithErrorHandling (http://localhost:3001/node_modules/.vite/deps/chunk-D4VKVKNE.js?v=b0937ae5:2351:19)
    at callWithAsyncErrorHandling (http://localhost:3001/node_modules/.vite/deps/chunk-D4VKVKNE.js?v=b0937ae5:2358:17)
    at baseWatchOptions.call (http://localhost:3001/node_modules/.vite/deps/chunk-D4VKVKNE.js?v=b0937ae5:3043:47)
    at job (http://localhost:3001/node_modules/.vite/deps/chunk-D4VKVKNE.js?v=b0937ae5:2081:18)
    at watch (http://localhost:3001/node_modules/.vite/deps/chunk-D4VKVKNE.js?v=b0937ae5:2116:7)
    at doWatch (http://localhost:3001/node_modules/.vite/deps/chunk-D4VKVKNE.js?v=b0937ae5:3071:23)
    at watch2 (http://localhost:3001/node_modules/.vite/deps/chunk-D4VKVKNE.js?v=b0937ae5:3004:10)
    at useDeprecated (http://localhost:3001/node_modules/.vite/deps/element-plus.js?v=b0937ae5:10472:3) @ http://localhost:3001/node_modules/.vite/deps/element-plus.js?v=b0937ae5:10429
[     383ms] [WARNING] ElementPlusError: [el-checkbox] [API] label act as value is about to be deprecated in version 3.0.0, please use value instead.
For more detail, please visit: https://element-plus.org/en-US/component/checkbox.html

    at debugWarn (http://localhost:3001/node_modules/.vite/deps/element-plus.js?v=b0937ae5:10429:37)
    at watch.immediate (http://localhost:3001/node_modules/.vite/deps/element-plus.js?v=b0937ae5:10473:14)
    at callWithErrorHandling (http://localhost:3001/node_modules/.vite/deps/chunk-D4VKVKNE.js?v=b0937ae5:2351:19)
    at callWithAsyncErrorHandling (http://localhost:3001/node_modules/.vite/deps/chunk-D4VKVKNE.js?v=b0937ae5:2358:17)
    at baseWatchOptions.call (http://localhost:3001/node_modules/.vite/deps/chunk-D4VKVKNE.js?v=b0937ae5:3043:47)
    at job (http://localhost:3001/node_modules/.vite/deps/chunk-D4VKVKNE.js?v=b0937ae5:2081:18)
    at watch (http://localhost:3001/node_modules/.vite/deps/chunk-D4VKVKNE.js?v=b0937ae5:2116:7)
    at doWatch (http://localhost:3001/node_modules/.vite/deps/chunk-D4VKVKNE.js?v=b0937ae5:3071:23)
    at watch2 (http://localhost:3001/node_modules/.vite/deps/chunk-D4VKVKNE.js?v=b0937ae5:3004:10)
    at useDeprecated (http://localhost:3001/node_modules/.vite/deps/element-plus.js?v=b0937ae5:10472:3) @ http://localhost:3001/node_modules/.vite/deps/element-plus.js?v=b0937ae5:10429
[     384ms] [WARNING] ElementPlusError: [el-checkbox] [API] label act as value is about to be deprecated in version 3.0.0, please use value instead.
For more detail, please visit: https://element-plus.org/en-US/component/checkbox.html

    at debugWarn (http://localhost:3001/node_modules/.vite/deps/element-plus.js?v=b0937ae5:10429:37)
    at watch.immediate (http://localhost:3001/node_modules/.vite/deps/element-plus.js?v=b0937ae5:10473:14)
    at callWithErrorHandling (http://localhost:3001/node_modules/.vite/deps/chunk-D4VKVKNE.js?v=b0937ae5:2351:19)
    at callWithAsyncErrorHandling (http://localhost:3001/node_modules/.vite/deps/chunk-D4VKVKNE.js?v=b0937ae5:2358:17)
    at baseWatchOptions.call (http://localhost:3001/node_modules/.vite/deps/chunk-D4VKVKNE.js?v=b0937ae5:3043:47)
    at job (http://localhost:3001/node_modules/.vite/deps/chunk-D4VKVKNE.js?v=b0937ae5:2081:18)
    at watch (http://localhost:3001/node_modules/.vite/deps/chunk-D4VKVKNE.js?v=b0937ae5:2116:7)
    at doWatch (http://localhost:3001/node_modules/.vite/deps/chunk-D4VKVKNE.js?v=b0937ae5:3071:23)
    at watch2 (http://localhost:3001/node_modules/.vite/deps/chunk-D4VKVKNE.js?v=b0937ae5:3004:10)
    at useDeprecated (http://localhost:3001/node_modules/.vite/deps/element-plus.js?v=b0937ae5:10472:3) @ http://localhost:3001/node_modules/.vite/deps/element-plus.js?v=b0937ae5:10429
[     385ms] [WARNING] ElementPlusError: [el-checkbox] [API] label act as value is about to be deprecated in version 3.0.0, please use value instead.
For more detail, please visit: https://element-plus.org/en-US/component/checkbox.html

    at debugWarn (http://localhost:3001/node_modules/.vite/deps/element-plus.js?v=b0937ae5:10429:37)
    at watch.immediate (http://localhost:3001/node_modules/.vite/deps/element-plus.js?v=b0937ae5:10473:14)
    at callWithErrorHandling (http://localhost:3001/node_modules/.vite/deps/chunk-D4VKVKNE.js?v=b0937ae5:2351:19)
    at callWithAsyncErrorHandling (http://localhost:3001/node_modules/.vite/deps/chunk-D4VKVKNE.js?v=b0937ae5:2358:17)
    at baseWatchOptions.call (http://localhost:3001/node_modules/.vite/deps/chunk-D4VKVKNE.js?v=b0937ae5:3043:47)
    at job (http://localhost:3001/node_modules/.vite/deps/chunk-D4VKVKNE.js?v=b0937ae5:2081:18)
    at watch (http://localhost:3001/node_modules/.vite/deps/chunk-D4VKVKNE.js?v=b0937ae5:2116:7)
    at doWatch (http://localhost:3001/node_modules/.vite/deps/chunk-D4VKVKNE.js?v=b0937ae5:3071:23)
    at watch2 (http://localhost:3001/node_modules/.vite/deps/chunk-D4VKVKNE.js?v=b0937ae5:3004:10)
    at useDeprecated (http://localhost:3001/node_modules/.vite/deps/element-plus.js?v=b0937ae5:10472:3) @ http://localhost:3001/node_modules/.vite/deps/element-plus.js?v=b0937ae5:10429
[     386ms] [WARNING] ElementPlusError: [el-checkbox] [API] label act as value is about to be deprecated in version 3.0.0, please use value instead.
For more detail, please visit: https://element-plus.org/en-US/component/checkbox.html

    at debugWarn (http://localhost:3001/node_modules/.vite/deps/element-plus.js?v=b0937ae5:10429:37)
    at watch.immediate (http://localhost:3001/node_modules/.vite/deps/element-plus.js?v=b0937ae5:10473:14)
    at callWithErrorHandling (http://localhost:3001/node_modules/.vite/deps/chunk-D4VKVKNE.js?v=b0937ae5:2351:19)
    at callWithAsyncErrorHandling (http://localhost:3001/node_modules/.vite/deps/chunk-D4VKVKNE.js?v=b0937ae5:2358:17)
    at baseWatchOptions.call (http://localhost:3001/node_modules/.vite/deps/chunk-D4VKVKNE.js?v=b0937ae5:3043:47)
    at job (http://localhost:3001/node_modules/.vite/deps/chunk-D4VKVKNE.js?v=b0937ae5:2081:18)
    at watch (http://localhost:3001/node_modules/.vite/deps/chunk-D4VKVKNE.js?v=b0937ae5:2116:7)
    at doWatch (http://localhost:3001/node_modules/.vite/deps/chunk-D4VKVKNE.js?v=b0937ae5:3071:23)
    at watch2 (http://localhost:3001/node_modules/.vite/deps/chunk-D4VKVKNE.js?v=b0937ae5:3004:10)
    at useDeprecated (http://localhost:3001/node_modules/.vite/deps/element-plus.js?v=b0937ae5:10472:3) @ http://localhost:3001/node_modules/.vite/deps/element-plus.js?v=b0937ae5:10429
