[   22666ms] [LOG] 构建 @ https://new-ecosystem-platform-v2.smartcloudcon.com/assets/index-C60cxGSy.js:50
[   22666ms] [LOG] 触发同步缓存 @ https://new-ecosystem-platform-v2.smartcloudcon.com/assets/index-C60cxGSy.js:50
[   22670ms] [LOG] Proxy(Object) false false /production/productionOrder @ https://new-ecosystem-platform-v2.smartcloudcon.com/assets/index-C60cxGSy.js:50
[   22719ms] [LOG] {code: 0, msg: ok, data: Object} 用户信息 @ https://new-ecosystem-platform-v2.smartcloudcon.com/assets/index-C60cxGSy.js:50
[   22768ms] [LOG] 添加路由完毕 @ https://new-ecosystem-platform-v2.smartcloudcon.com/assets/index-C60cxGSy.js:50
[   22768ms] [LOG] 注册路由Tree @ https://new-ecosystem-platform-v2.smartcloudcon.com/assets/index-C60cxGSy.js:50
[   22769ms] [LOG] [Object, Object, Object, Object, Object, Object, Object, Object, Object, Object, Object, Object, Object, Object, Object, Object, Object, Object, Object, Object, Object, Object, Object, Object, Object, Object, Object, Object, Object, Object, Object, Object, Object, Object, Object, Object, Object, Object, Object, Object, Object, Object, Object, Object, Object, Object, Object, Object, Object, Object, Object, Object, Object, Object, Object, Object, Object, Object, Object, Object, Object, Object, Object, Object, Object, Object, Object, Object, Object, Object, Object, Object, Object, Object, Object, Object, Object, Object, Object, Object, Object, Object, Object, Object, Object, Object, Object, Object, Object, Object, Object, Object, Object, Object, Object, Object, Object, Object, Object, Object] 路由扁平化结果 @ https://new-ecosystem-platform-v2.smartcloudcon.com/assets/index-C60cxGSy.js:50
[   37113ms] [LOG] 构建 @ https://new-ecosystem-platform-v2.smartcloudcon.com/assets/index-C60cxGSy.js:50
[   37113ms] [LOG] 触发同步缓存 @ https://new-ecosystem-platform-v2.smartcloudcon.com/assets/index-C60cxGSy.js:50
[   37115ms] [LOG] Proxy(Object) false false /production/license-query @ https://new-ecosystem-platform-v2.smartcloudcon.com/assets/index-C60cxGSy.js:50
[   37167ms] [LOG] {code: 0, msg: ok, data: Object} 用户信息 @ https://new-ecosystem-platform-v2.smartcloudcon.com/assets/index-C60cxGSy.js:50
[   37217ms] [LOG] 添加路由完毕 @ https://new-ecosystem-platform-v2.smartcloudcon.com/assets/index-C60cxGSy.js:50
[   37217ms] [LOG] 注册路由Tree @ https://new-ecosystem-platform-v2.smartcloudcon.com/assets/index-C60cxGSy.js:50
[   37218ms] [LOG] [Object, Object, Object, Object, Object, Object, Object, Object, Object, Object, Object, Object, Object, Object, Object, Object, Object, Object, Object, Object, Object, Object, Object, Object, Object, Object, Object, Object, Object, Object, Object, Object, Object, Object, Object, Object, Object, Object, Object, Object, Object, Object, Object, Object, Object, Object, Object, Object, Object, Object, Object, Object, Object, Object, Object, Object, Object, Object, Object, Object, Object, Object, Object, Object, Object, Object, Object, Object, Object, Object, Object, Object, Object, Object, Object, Object, Object, Object, Object, Object, Object, Object, Object, Object, Object, Object, Object, Object, Object, Object, Object, Object, Object, Object, Object, Object, Object, Object, Object, Object] 路由扁平化结果 @ https://new-ecosystem-platform-v2.smartcloudcon.com/assets/index-C60cxGSy.js:50
[   72063ms] [LOG] 构建 @ https://new-ecosystem-platform-v2.smartcloudcon.com/assets/index-C60cxGSy.js:50
[   72063ms] [LOG] 触发同步缓存 @ https://new-ecosystem-platform-v2.smartcloudcon.com/assets/index-C60cxGSy.js:50
[   72065ms] [LOG] Proxy(Object) false false /production/license-query @ https://new-ecosystem-platform-v2.smartcloudcon.com/assets/index-C60cxGSy.js:50
[   72181ms] [LOG] {code: 0, msg: ok, data: Object} 用户信息 @ https://new-ecosystem-platform-v2.smartcloudcon.com/assets/index-C60cxGSy.js:50
[   72267ms] [LOG] 添加路由完毕 @ https://new-ecosystem-platform-v2.smartcloudcon.com/assets/index-C60cxGSy.js:50
[   72267ms] [LOG] 注册路由Tree @ https://new-ecosystem-platform-v2.smartcloudcon.com/assets/index-C60cxGSy.js:50
[   72268ms] [LOG] [Object, Object, Object, Object, Object, Object, Object, Object, Object, Object, Object, Object, Object, Object, Object, Object, Object, Object, Object, Object, Object, Object, Object, Object, Object, Object, Object, Object, Object, Object, Object, Object, Object, Object, Object, Object, Object, Object, Object, Object, Object, Object, Object, Object, Object, Object, Object, Object, Object, Object, Object, Object, Object, Object, Object, Object, Object, Object, Object, Object, Object, Object, Object, Object, Object, Object, Object, Object, Object, Object, Object, Object, Object, Object, Object, Object, Object, Object, Object, Object, Object, Object, Object, Object, Object, Object, Object, Object, Object, Object, Object, Object, Object, Object, Object, Object, Object, Object, Object, Object] 路由扁平化结果 @ https://new-ecosystem-platform-v2.smartcloudcon.com/assets/index-C60cxGSy.js:50
[  111778ms] [LOG] 构建 @ https://new-ecosystem-platform-v2.smartcloudcon.com/assets/index-C60cxGSy.js:50
[  111778ms] [LOG] 触发同步缓存 @ https://new-ecosystem-platform-v2.smartcloudcon.com/assets/index-C60cxGSy.js:50
[  111784ms] [LOG] Proxy(Object) false false /production/license-query @ https://new-ecosystem-platform-v2.smartcloudcon.com/assets/index-C60cxGSy.js:50
[  111840ms] [LOG] {code: 0, msg: ok, data: Object} 用户信息 @ https://new-ecosystem-platform-v2.smartcloudcon.com/assets/index-C60cxGSy.js:50
[  111895ms] [LOG] 添加路由完毕 @ https://new-ecosystem-platform-v2.smartcloudcon.com/assets/index-C60cxGSy.js:50
[  111895ms] [LOG] 注册路由Tree @ https://new-ecosystem-platform-v2.smartcloudcon.com/assets/index-C60cxGSy.js:50
[  111896ms] [LOG] [Object, Object, Object, Object, Object, Object, Object, Object, Object, Object, Object, Object, Object, Object, Object, Object, Object, Object, Object, Object, Object, Object, Object, Object, Object, Object, Object, Object, Object, Object, Object, Object, Object, Object, Object, Object, Object, Object, Object, Object, Object, Object, Object, Object, Object, Object, Object, Object, Object, Object, Object, Object, Object, Object, Object, Object, Object, Object, Object, Object, Object, Object, Object, Object, Object, Object, Object, Object, Object, Object, Object, Object, Object, Object, Object, Object, Object, Object, Object, Object, Object, Object, Object, Object, Object, Object, Object, Object, Object, Object, Object, Object, Object, Object, Object, Object, Object, Object, Object, Object] 路由扁平化结果 @ https://new-ecosystem-platform-v2.smartcloudcon.com/assets/index-C60cxGSy.js:50
[  127710ms] [LOG] 构建 @ https://new-ecosystem-platform-v2.smartcloudcon.com/assets/index-C60cxGSy.js:50
[  127710ms] [LOG] 触发同步缓存 @ https://new-ecosystem-platform-v2.smartcloudcon.com/assets/index-C60cxGSy.js:50
[  127713ms] [LOG] Proxy(Object) false false /production/tag @ https://new-ecosystem-platform-v2.smartcloudcon.com/assets/index-C60cxGSy.js:50
[  127768ms] [LOG] {code: 0, msg: ok, data: Object} 用户信息 @ https://new-ecosystem-platform-v2.smartcloudcon.com/assets/index-C60cxGSy.js:50
[  127817ms] [LOG] 添加路由完毕 @ https://new-ecosystem-platform-v2.smartcloudcon.com/assets/index-C60cxGSy.js:50
[  127817ms] [LOG] 注册路由Tree @ https://new-ecosystem-platform-v2.smartcloudcon.com/assets/index-C60cxGSy.js:50
[  127818ms] [LOG] [Object, Object, Object, Object, Object, Object, Object, Object, Object, Object, Object, Object, Object, Object, Object, Object, Object, Object, Object, Object, Object, Object, Object, Object, Object, Object, Object, Object, Object, Object, Object, Object, Object, Object, Object, Object, Object, Object, Object, Object, Object, Object, Object, Object, Object, Object, Object, Object, Object, Object, Object, Object, Object, Object, Object, Object, Object, Object, Object, Object, Object, Object, Object, Object, Object, Object, Object, Object, Object, Object, Object, Object, Object, Object, Object, Object, Object, Object, Object, Object, Object, Object, Object, Object, Object, Object, Object, Object, Object, Object, Object, Object, Object, Object, Object, Object, Object, Object, Object, Object] 路由扁平化结果 @ https://new-ecosystem-platform-v2.smartcloudcon.com/assets/index-C60cxGSy.js:50
[  136165ms] [LOG] 构建 @ https://new-ecosystem-platform-v2.smartcloudcon.com/assets/index-C60cxGSy.js:50
[  136165ms] [LOG] 触发同步缓存 @ https://new-ecosystem-platform-v2.smartcloudcon.com/assets/index-C60cxGSy.js:50
[  136169ms] [LOG] Proxy(Object) false false /production/tag @ https://new-ecosystem-platform-v2.smartcloudcon.com/assets/index-C60cxGSy.js:50
[  136222ms] [LOG] {code: 0, msg: ok, data: Object} 用户信息 @ https://new-ecosystem-platform-v2.smartcloudcon.com/assets/index-C60cxGSy.js:50
[  136278ms] [LOG] 添加路由完毕 @ https://new-ecosystem-platform-v2.smartcloudcon.com/assets/index-C60cxGSy.js:50
[  136279ms] [LOG] 注册路由Tree @ https://new-ecosystem-platform-v2.smartcloudcon.com/assets/index-C60cxGSy.js:50
[  136279ms] [LOG] [Object, Object, Object, Object, Object, Object, Object, Object, Object, Object, Object, Object, Object, Object, Object, Object, Object, Object, Object, Object, Object, Object, Object, Object, Object, Object, Object, Object, Object, Object, Object, Object, Object, Object, Object, Object, Object, Object, Object, Object, Object, Object, Object, Object, Object, Object, Object, Object, Object, Object, Object, Object, Object, Object, Object, Object, Object, Object, Object, Object, Object, Object, Object, Object, Object, Object, Object, Object, Object, Object, Object, Object, Object, Object, Object, Object, Object, Object, Object, Object, Object, Object, Object, Object, Object, Object, Object, Object, Object, Object, Object, Object, Object, Object, Object, Object, Object, Object, Object, Object] 路由扁平化结果 @ https://new-ecosystem-platform-v2.smartcloudcon.com/assets/index-C60cxGSy.js:50
[  149049ms] [LOG] 搜索参数: {productId: , isUserBind: , firmwareVersionId: , region: 1, belongType: 0} @ https://new-ecosystem-platform-v2.smartcloudcon.com/assets/list-BKwaeoAB.js:0
[  159304ms] [LOG] 刀这里 @ https://new-ecosystem-platform-v2.smartcloudcon.com/assets/firmwareOTA-BwbAJRU9.js:2
[  169751ms] [WARNING] ElementPlusError: [ElOnlyChild] no valid child node found
    at s_ (https://new-ecosystem-platform-v2.smartcloudcon.com/assets/index-C60cxGSy.js:2:115315)
    at Proxy.<anonymous> (https://new-ecosystem-platform-v2.smartcloudcon.com/assets/index-C60cxGSy.js:9:195825)
    at Fp (https://new-ecosystem-platform-v2.smartcloudcon.com/assets/index-C60cxGSy.js:2:77428)
    at dl.s [as fn] (https://new-ecosystem-platform-v2.smartcloudcon.com/assets/index-C60cxGSy.js:2:86952)
    at dl.run (https://new-ecosystem-platform-v2.smartcloudcon.com/assets/index-C60cxGSy.js:2:35790)
    at re (https://new-ecosystem-platform-v2.smartcloudcon.com/assets/index-C60cxGSy.js:2:87318)
    at te (https://new-ecosystem-platform-v2.smartcloudcon.com/assets/index-C60cxGSy.js:2:85943)
    at j (https://new-ecosystem-platform-v2.smartcloudcon.com/assets/index-C60cxGSy.js:2:85716)
    at h (https://new-ecosystem-platform-v2.smartcloudcon.com/assets/index-C60cxGSy.js:2:82505)
    at dl.s [as fn] (https://new-ecosystem-platform-v2.smartcloudcon.com/assets/index-C60cxGSy.js:2:86958) @ https://new-ecosystem-platform-v2.smartcloudcon.com/assets/index-C60cxGSy.js:1
[  190623ms] [LOG] 构建 @ https://new-ecosystem-platform-v2.smartcloudcon.com/assets/index-C60cxGSy.js:50
[  190623ms] [LOG] 触发同步缓存 @ https://new-ecosystem-platform-v2.smartcloudcon.com/assets/index-C60cxGSy.js:50
[  190626ms] [LOG] Proxy(Object) false false /device/transfer @ https://new-ecosystem-platform-v2.smartcloudcon.com/assets/index-C60cxGSy.js:50
[  190678ms] [LOG] {code: 0, msg: ok, data: Object} 用户信息 @ https://new-ecosystem-platform-v2.smartcloudcon.com/assets/index-C60cxGSy.js:50
[  190726ms] [LOG] 添加路由完毕 @ https://new-ecosystem-platform-v2.smartcloudcon.com/assets/index-C60cxGSy.js:50
[  190726ms] [LOG] 注册路由Tree @ https://new-ecosystem-platform-v2.smartcloudcon.com/assets/index-C60cxGSy.js:50
[  190727ms] [LOG] [Object, Object, Object, Object, Object, Object, Object, Object, Object, Object, Object, Object, Object, Object, Object, Object, Object, Object, Object, Object, Object, Object, Object, Object, Object, Object, Object, Object, Object, Object, Object, Object, Object, Object, Object, Object, Object, Object, Object, Object, Object, Object, Object, Object, Object, Object, Object, Object, Object, Object, Object, Object, Object, Object, Object, Object, Object, Object, Object, Object, Object, Object, Object, Object, Object, Object, Object, Object, Object, Object, Object, Object, Object, Object, Object, Object, Object, Object, Object, Object, Object, Object, Object, Object, Object, Object, Object, Object, Object, Object, Object, Object, Object, Object, Object, Object, Object, Object, Object, Object] 路由扁平化结果 @ https://new-ecosystem-platform-v2.smartcloudcon.com/assets/index-C60cxGSy.js:50
[  204115ms] [ERROR] Failed to load resource: net::ERR_NAME_NOT_RESOLVED @ https://test.example.com/logo_shared.png:0
[  204116ms] [ERROR] Failed to load resource: net::ERR_NAME_NOT_RESOLVED @ https://test.example.com/logo_share.png:0
[  215010ms] [LOG] {page: 1, pageSize: 10, companyId: undefined} 初始化请求 @ https://new-ecosystem-platform-v2.smartcloudcon.com/assets/audit-Cusilpov.js:0
[  215456ms] [ERROR] Failed to load resource: net::ERR_NAME_NOT_RESOLVED @ https://test.example.com/logo_share.png:0
[  215457ms] [ERROR] Failed to load resource: net::ERR_NAME_NOT_RESOLVED @ https://test.example.com/logo_shared.png:0
[  234091ms] [LOG] 构建 @ https://new-ecosystem-platform-v2.smartcloudcon.com/assets/index-C60cxGSy.js:50
[  234091ms] [LOG] 触发同步缓存 @ https://new-ecosystem-platform-v2.smartcloudcon.com/assets/index-C60cxGSy.js:50
[  234095ms] [LOG] Proxy(Object) false false /app/saas-audit @ https://new-ecosystem-platform-v2.smartcloudcon.com/assets/index-C60cxGSy.js:50
[  234159ms] [LOG] {code: 0, msg: ok, data: Object} 用户信息 @ https://new-ecosystem-platform-v2.smartcloudcon.com/assets/index-C60cxGSy.js:50
[  234222ms] [LOG] 添加路由完毕 @ https://new-ecosystem-platform-v2.smartcloudcon.com/assets/index-C60cxGSy.js:50
[  234222ms] [LOG] 注册路由Tree @ https://new-ecosystem-platform-v2.smartcloudcon.com/assets/index-C60cxGSy.js:50
[  234223ms] [LOG] [Object, Object, Object, Object, Object, Object, Object, Object, Object, Object, Object, Object, Object, Object, Object, Object, Object, Object, Object, Object, Object, Object, Object, Object, Object, Object, Object, Object, Object, Object, Object, Object, Object, Object, Object, Object, Object, Object, Object, Object, Object, Object, Object, Object, Object, Object, Object, Object, Object, Object, Object, Object, Object, Object, Object, Object, Object, Object, Object, Object, Object, Object, Object, Object, Object, Object, Object, Object, Object, Object, Object, Object, Object, Object, Object, Object, Object, Object, Object, Object, Object, Object, Object, Object, Object, Object, Object, Object, Object, Object, Object, Object, Object, Object, Object, Object, Object, Object, Object, Object] 路由扁平化结果 @ https://new-ecosystem-platform-v2.smartcloudcon.com/assets/index-C60cxGSy.js:50
[  271589ms] [LOG] 构建 @ https://new-ecosystem-platform-v2.smartcloudcon.com/assets/index-C60cxGSy.js:50
[  271589ms] [LOG] 触发同步缓存 @ https://new-ecosystem-platform-v2.smartcloudcon.com/assets/index-C60cxGSy.js:50
[  271594ms] [LOG] Proxy(Object) false false /package/admin @ https://new-ecosystem-platform-v2.smartcloudcon.com/assets/index-C60cxGSy.js:50
[  271648ms] [LOG] {code: 0, msg: ok, data: Object} 用户信息 @ https://new-ecosystem-platform-v2.smartcloudcon.com/assets/index-C60cxGSy.js:50
[  271704ms] [LOG] 添加路由完毕 @ https://new-ecosystem-platform-v2.smartcloudcon.com/assets/index-C60cxGSy.js:50
[  271704ms] [LOG] 注册路由Tree @ https://new-ecosystem-platform-v2.smartcloudcon.com/assets/index-C60cxGSy.js:50
[  271705ms] [LOG] [Object, Object, Object, Object, Object, Object, Object, Object, Object, Object, Object, Object, Object, Object, Object, Object, Object, Object, Object, Object, Object, Object, Object, Object, Object, Object, Object, Object, Object, Object, Object, Object, Object, Object, Object, Object, Object, Object, Object, Object, Object, Object, Object, Object, Object, Object, Object, Object, Object, Object, Object, Object, Object, Object, Object, Object, Object, Object, Object, Object, Object, Object, Object, Object, Object, Object, Object, Object, Object, Object, Object, Object, Object, Object, Object, Object, Object, Object, Object, Object, Object, Object, Object, Object, Object, Object, Object, Object, Object, Object, Object, Object, Object, Object, Object, Object, Object, Object, Object, Object] 路由扁平化结果 @ https://new-ecosystem-platform-v2.smartcloudcon.com/assets/index-C60cxGSy.js:50
[  307474ms] [LOG] 构建 @ https://new-ecosystem-platform-v2.smartcloudcon.com/assets/index-C60cxGSy.js:50
[  307474ms] [LOG] 触发同步缓存 @ https://new-ecosystem-platform-v2.smartcloudcon.com/assets/index-C60cxGSy.js:50
[  307478ms] [LOG] Proxy(Object) false false /4g/cardConfig @ https://new-ecosystem-platform-v2.smartcloudcon.com/assets/index-C60cxGSy.js:50
[  307606ms] [LOG] {code: 0, msg: ok, data: Object} 用户信息 @ https://new-ecosystem-platform-v2.smartcloudcon.com/assets/index-C60cxGSy.js:50
[  307739ms] [LOG] 添加路由完毕 @ https://new-ecosystem-platform-v2.smartcloudcon.com/assets/index-C60cxGSy.js:50
[  307739ms] [LOG] 注册路由Tree @ https://new-ecosystem-platform-v2.smartcloudcon.com/assets/index-C60cxGSy.js:50
[  307740ms] [LOG] [Object, Object, Object, Object, Object, Object, Object, Object, Object, Object, Object, Object, Object, Object, Object, Object, Object, Object, Object, Object, Object, Object, Object, Object, Object, Object, Object, Object, Object, Object, Object, Object, Object, Object, Object, Object, Object, Object, Object, Object, Object, Object, Object, Object, Object, Object, Object, Object, Object, Object, Object, Object, Object, Object, Object, Object, Object, Object, Object, Object, Object, Object, Object, Object, Object, Object, Object, Object, Object, Object, Object, Object, Object, Object, Object, Object, Object, Object, Object, Object, Object, Object, Object, Object, Object, Object, Object, Object, Object, Object, Object, Object, Object, Object, Object, Object, Object, Object, Object, Object] 路由扁平化结果 @ https://new-ecosystem-platform-v2.smartcloudcon.com/assets/index-C60cxGSy.js:50
