[     651ms] [LOG] 构建 @ https://new-ecosystem-platform-v2.smartcloudcon.com/assets/index-B-A6Bn42.js:50
[     651ms] [LOG] 触发同步缓存 @ https://new-ecosystem-platform-v2.smartcloudcon.com/assets/index-B-A6Bn42.js:50
[     657ms] [LOG] Proxy(Object) false false /product/develop @ https://new-ecosystem-platform-v2.smartcloudcon.com/assets/index-B-A6Bn42.js:50
[     893ms] [LOG] {code: 0, msg: ok, data: Object} 用户信息 @ https://new-ecosystem-platform-v2.smartcloudcon.com/assets/index-B-A6Bn42.js:50
[    1225ms] [LOG] 添加路由完毕 @ https://new-ecosystem-platform-v2.smartcloudcon.com/assets/index-B-A6Bn42.js:50
[    1225ms] [LOG] 注册路由Tree @ https://new-ecosystem-platform-v2.smartcloudcon.com/assets/index-B-A6Bn42.js:50
[    1226ms] [LOG] [Object, Object, Object, Object, Object, Object, Object, Object, Object, Object, Object, Object, Object, Object, Object, Object, Object, Object, Object, Object, Object, Object, Object, Object, Object, Object, Object, Object, Object, Object, Object, Object, Object, Object, Object, Object, Object, Object, Object, Object, Object, Object, Object, Object, Object, Object, Object, Object, Object, Object, Object, Object, Object, Object, Object, Object, Object, Object, Object, Object, Object, Object, Object, Object, Object, Object, Object, Object, Object, Object, Object, Object, Object, Object, Object, Object, Object, Object, Object, Object, Object, Object, Object, Object, Object, Object, Object, Object, Object, Object, Object, Object, Object, Object, Object, Object, Object, Object, Object, Object] 路由扁平化结果 @ https://new-ecosystem-platform-v2.smartcloudcon.com/assets/index-B-A6Bn42.js:50
[    1334ms] [LOG] 获取详情 @ https://new-ecosystem-platform-v2.smartcloudcon.com/assets/develop-ChBhn-D8.js:0
[    1335ms] [LOG] Ph6LkSScYRMgG 谁 @ https://new-ecosystem-platform-v2.smartcloudcon.com/assets/product-BdWa0NT3.js:0
[    1335ms] [LOG] 获取联网 Ph6LkSScYRMgG @ https://new-ecosystem-platform-v2.smartcloudcon.com/assets/enmu-CDY1XN9i.js:0
[    1336ms] [LOG] Ph6LkSScYRMgG 谁 @ https://new-ecosystem-platform-v2.smartcloudcon.com/assets/product-BdWa0NT3.js:0
[    1354ms] [LOG] undefined 解析的结果 @ https://new-ecosystem-platform-v2.smartcloudcon.com/assets/capabilityConfig-CWsSh7_A.js:0
[    1360ms] [LOG] undefined 解析的结果 @ https://new-ecosystem-platform-v2.smartcloudcon.com/assets/capabilityConfig-CWsSh7_A.js:0
[    1377ms] [LOG] undefined 解析的结果 @ https://new-ecosystem-platform-v2.smartcloudcon.com/assets/capabilityConfig-CWsSh7_A.js:0
[    1382ms] [LOG] undefined 解析的结果 @ https://new-ecosystem-platform-v2.smartcloudcon.com/assets/capabilityConfig-CWsSh7_A.js:0
[    1399ms] [LOG] undefined 解析的结果 @ https://new-ecosystem-platform-v2.smartcloudcon.com/assets/capabilityConfig-CWsSh7_A.js:0
[    1403ms] [LOG] undefined 解析的结果 @ https://new-ecosystem-platform-v2.smartcloudcon.com/assets/capabilityConfig-CWsSh7_A.js:0
[    2135ms] [LOG] {EventType: info, Name: 事件服务, DataType: event, Identifier: test事件, OutputParam: Object} 解析的结果 @ https://new-ecosystem-platform-v2.smartcloudcon.com/assets/capabilityConfig-CWsSh7_A.js:0
[    2135ms] [LOG] {EventType: info, Name: 事件服务, DataType: event, Identifier: test事件, OutputParam: Object} 解析的结果 @ https://new-ecosystem-platform-v2.smartcloudcon.com/assets/capabilityConfig-CWsSh7_A.js:0
[    2137ms] [LOG] {AccessMode: rw, DataType: string, limit: null, Name: aa, Identifier: aab} 解析的结果 @ https://new-ecosystem-platform-v2.smartcloudcon.com/assets/capabilityConfig-CWsSh7_A.js:0
[    2137ms] [LOG] {AccessMode: rw, DataType: string, limit: null, Name: aa, Identifier: aab} 解析的结果 @ https://new-ecosystem-platform-v2.smartcloudcon.com/assets/capabilityConfig-CWsSh7_A.js:0
[    2138ms] [LOG] {DataType: service, Name: test服务, Identifier: test服务属性, InputParam: Object, OutputParam: Object} 解析的结果 @ https://new-ecosystem-platform-v2.smartcloudcon.com/assets/capabilityConfig-CWsSh7_A.js:0
[    2138ms] [LOG] {DataType: service, Name: test服务, Identifier: test服务属性, InputParam: Object, OutputParam: Object} 解析的结果 @ https://new-ecosystem-platform-v2.smartcloudcon.com/assets/capabilityConfig-CWsSh7_A.js:0
[    2142ms] [LOG] {AccessMode: rw, DataType: int, Name: 自定义能力1, Identifier: 1, DefaultValue: } 解析的结果 @ https://new-ecosystem-platform-v2.smartcloudcon.com/assets/capabilityConfig-CWsSh7_A.js:0
[    2143ms] [LOG] {AccessMode: rw, DataType: int, Name: 自定义能力1, Identifier: 1, DefaultValue: } 解析的结果 @ https://new-ecosystem-platform-v2.smartcloudcon.com/assets/capabilityConfig-CWsSh7_A.js:0
[    2146ms] [LOG] {AccessMode: rw, DataType: int, Name: 自定义能力2, Identifier: 2, DefaultValue: } 解析的结果 @ https://new-ecosystem-platform-v2.smartcloudcon.com/assets/capabilityConfig-CWsSh7_A.js:0
[    2147ms] [LOG] {AccessMode: rw, DataType: int, Name: 自定义能力2, Identifier: 2, DefaultValue: } 解析的结果 @ https://new-ecosystem-platform-v2.smartcloudcon.com/assets/capabilityConfig-CWsSh7_A.js:0
[    2148ms] [LOG] {AccessMode: rw, DataType: int, Name: huiyun, Identifier: huiyun, DefaultValue: } 解析的结果 @ https://new-ecosystem-platform-v2.smartcloudcon.com/assets/capabilityConfig-CWsSh7_A.js:0
[    2148ms] [LOG] {AccessMode: rw, DataType: int, Name: huiyun, Identifier: huiyun, DefaultValue: } 解析的结果 @ https://new-ecosystem-platform-v2.smartcloudcon.com/assets/capabilityConfig-CWsSh7_A.js:0
[    2173ms] [LOG] 有线 联网方式 @ https://new-ecosystem-platform-v2.smartcloudcon.com/assets/develop-ChBhn-D8.js:0
[    2213ms] [LOG] Proxy(Array) 处理完毕 @ https://new-ecosystem-platform-v2.smartcloudcon.com/assets/algorithmConfig-C2mB2544.js:1
[    2273ms] [LOG] undefined 解析的结果 @ https://new-ecosystem-platform-v2.smartcloudcon.com/assets/capabilityConfig-CWsSh7_A.js:0
[    2279ms] [LOG] undefined 解析的结果 @ https://new-ecosystem-platform-v2.smartcloudcon.com/assets/capabilityConfig-CWsSh7_A.js:0
[    2307ms] [LOG] undefined 解析的结果 @ https://new-ecosystem-platform-v2.smartcloudcon.com/assets/capabilityConfig-CWsSh7_A.js:0
[    2312ms] [LOG] undefined 解析的结果 @ https://new-ecosystem-platform-v2.smartcloudcon.com/assets/capabilityConfig-CWsSh7_A.js:0
[   99667ms] [LOG] {EventType: info, Name: 事件服务, DataType: event, Identifier: test事件, OutputParam: Object} 解析的结果 @ https://new-ecosystem-platform-v2.smartcloudcon.com/assets/capabilityConfig-CWsSh7_A.js:0
[   99667ms] [LOG] {EventType: info, Name: 事件服务, DataType: event, Identifier: test事件, OutputParam: Object} 解析的结果 @ https://new-ecosystem-platform-v2.smartcloudcon.com/assets/capabilityConfig-CWsSh7_A.js:0
[   99668ms] [LOG] {AccessMode: rw, DataType: string, limit: null, Name: aa, Identifier: aab} 解析的结果 @ https://new-ecosystem-platform-v2.smartcloudcon.com/assets/capabilityConfig-CWsSh7_A.js:0
[   99668ms] [LOG] {AccessMode: rw, DataType: string, limit: null, Name: aa, Identifier: aab} 解析的结果 @ https://new-ecosystem-platform-v2.smartcloudcon.com/assets/capabilityConfig-CWsSh7_A.js:0
[   99668ms] [LOG] {DataType: service, Name: test服务, Identifier: test服务属性, InputParam: Object, OutputParam: Object} 解析的结果 @ https://new-ecosystem-platform-v2.smartcloudcon.com/assets/capabilityConfig-CWsSh7_A.js:0
[   99668ms] [LOG] {DataType: service, Name: test服务, Identifier: test服务属性, InputParam: Object, OutputParam: Object} 解析的结果 @ https://new-ecosystem-platform-v2.smartcloudcon.com/assets/capabilityConfig-CWsSh7_A.js:0
[   99670ms] [LOG] {AccessMode: rw, DataType: int, Name: 自定义能力1, Identifier: 1, DefaultValue: } 解析的结果 @ https://new-ecosystem-platform-v2.smartcloudcon.com/assets/capabilityConfig-CWsSh7_A.js:0
[   99670ms] [LOG] {AccessMode: rw, DataType: int, Name: 自定义能力1, Identifier: 1, DefaultValue: } 解析的结果 @ https://new-ecosystem-platform-v2.smartcloudcon.com/assets/capabilityConfig-CWsSh7_A.js:0
[   99671ms] [LOG] {AccessMode: rw, DataType: int, Name: 自定义能力2, Identifier: 2, DefaultValue: } 解析的结果 @ https://new-ecosystem-platform-v2.smartcloudcon.com/assets/capabilityConfig-CWsSh7_A.js:0
[   99671ms] [LOG] {AccessMode: rw, DataType: int, Name: 自定义能力2, Identifier: 2, DefaultValue: } 解析的结果 @ https://new-ecosystem-platform-v2.smartcloudcon.com/assets/capabilityConfig-CWsSh7_A.js:0
[   99672ms] [LOG] {AccessMode: rw, DataType: int, Name: huiyun, Identifier: huiyun, DefaultValue: } 解析的结果 @ https://new-ecosystem-platform-v2.smartcloudcon.com/assets/capabilityConfig-CWsSh7_A.js:0
[   99672ms] [LOG] {AccessMode: rw, DataType: int, Name: huiyun, Identifier: huiyun, DefaultValue: } 解析的结果 @ https://new-ecosystem-platform-v2.smartcloudcon.com/assets/capabilityConfig-CWsSh7_A.js:0
[  112403ms] [LOG] [Object, Object, Object, Object, Object, Object, Object, Object, Object, Object, Object, Object, Object, Object, Object, Object, Object, Object, Object, Object, Object, Object, Object, Object, Object, Object, Object, Object, Object, Object, Object, Object, Object, Object, Object, Object, Object, Object] 加载过来 @ https://new-ecosystem-platform-v2.smartcloudcon.com/assets/algorithmConfig-C2mB2544.js:1
[  182724ms] [LOG] {EventType: info, Name: 事件服务, DataType: event, Identifier: test事件, OutputParam: Object} 解析的结果 @ https://new-ecosystem-platform-v2.smartcloudcon.com/assets/capabilityConfig-CWsSh7_A.js:0
[  182724ms] [LOG] {EventType: info, Name: 事件服务, DataType: event, Identifier: test事件, OutputParam: Object} 解析的结果 @ https://new-ecosystem-platform-v2.smartcloudcon.com/assets/capabilityConfig-CWsSh7_A.js:0
[  182725ms] [LOG] {AccessMode: rw, DataType: string, limit: null, Name: aa, Identifier: aab} 解析的结果 @ https://new-ecosystem-platform-v2.smartcloudcon.com/assets/capabilityConfig-CWsSh7_A.js:0
[  182725ms] [LOG] {AccessMode: rw, DataType: string, limit: null, Name: aa, Identifier: aab} 解析的结果 @ https://new-ecosystem-platform-v2.smartcloudcon.com/assets/capabilityConfig-CWsSh7_A.js:0
[  182725ms] [LOG] {DataType: service, Name: test服务, Identifier: test服务属性, InputParam: Object, OutputParam: Object} 解析的结果 @ https://new-ecosystem-platform-v2.smartcloudcon.com/assets/capabilityConfig-CWsSh7_A.js:0
[  182725ms] [LOG] {DataType: service, Name: test服务, Identifier: test服务属性, InputParam: Object, OutputParam: Object} 解析的结果 @ https://new-ecosystem-platform-v2.smartcloudcon.com/assets/capabilityConfig-CWsSh7_A.js:0
[  182730ms] [LOG] {AccessMode: rw, DataType: int, Name: 自定义能力1, Identifier: 1, DefaultValue: } 解析的结果 @ https://new-ecosystem-platform-v2.smartcloudcon.com/assets/capabilityConfig-CWsSh7_A.js:0
[  182730ms] [LOG] {AccessMode: rw, DataType: int, Name: 自定义能力1, Identifier: 1, DefaultValue: } 解析的结果 @ https://new-ecosystem-platform-v2.smartcloudcon.com/assets/capabilityConfig-CWsSh7_A.js:0
[  182731ms] [LOG] {AccessMode: rw, DataType: int, Name: 自定义能力2, Identifier: 2, DefaultValue: } 解析的结果 @ https://new-ecosystem-platform-v2.smartcloudcon.com/assets/capabilityConfig-CWsSh7_A.js:0
[  182731ms] [LOG] {AccessMode: rw, DataType: int, Name: 自定义能力2, Identifier: 2, DefaultValue: } 解析的结果 @ https://new-ecosystem-platform-v2.smartcloudcon.com/assets/capabilityConfig-CWsSh7_A.js:0
[  182731ms] [LOG] {AccessMode: rw, DataType: int, Name: huiyun, Identifier: huiyun, DefaultValue: } 解析的结果 @ https://new-ecosystem-platform-v2.smartcloudcon.com/assets/capabilityConfig-CWsSh7_A.js:0
[  182732ms] [LOG] {AccessMode: rw, DataType: int, Name: huiyun, Identifier: huiyun, DefaultValue: } 解析的结果 @ https://new-ecosystem-platform-v2.smartcloudcon.com/assets/capabilityConfig-CWsSh7_A.js:0
[  189185ms] [LOG] {EventType: info, Name: 事件服务, DataType: event, Identifier: test事件, OutputParam: Object} 解析的结果 @ https://new-ecosystem-platform-v2.smartcloudcon.com/assets/capabilityConfig-CWsSh7_A.js:0
[  189186ms] [LOG] {EventType: info, Name: 事件服务, DataType: event, Identifier: test事件, OutputParam: Object} 解析的结果 @ https://new-ecosystem-platform-v2.smartcloudcon.com/assets/capabilityConfig-CWsSh7_A.js:0
[  189186ms] [LOG] {AccessMode: rw, DataType: string, limit: null, Name: aa, Identifier: aab} 解析的结果 @ https://new-ecosystem-platform-v2.smartcloudcon.com/assets/capabilityConfig-CWsSh7_A.js:0
[  189186ms] [LOG] {AccessMode: rw, DataType: string, limit: null, Name: aa, Identifier: aab} 解析的结果 @ https://new-ecosystem-platform-v2.smartcloudcon.com/assets/capabilityConfig-CWsSh7_A.js:0
[  189187ms] [LOG] {DataType: service, Name: test服务, Identifier: test服务属性, InputParam: Object, OutputParam: Object} 解析的结果 @ https://new-ecosystem-platform-v2.smartcloudcon.com/assets/capabilityConfig-CWsSh7_A.js:0
[  189187ms] [LOG] {DataType: service, Name: test服务, Identifier: test服务属性, InputParam: Object, OutputParam: Object} 解析的结果 @ https://new-ecosystem-platform-v2.smartcloudcon.com/assets/capabilityConfig-CWsSh7_A.js:0
[  189189ms] [LOG] {AccessMode: rw, DataType: int, Name: 自定义能力1, Identifier: 1, DefaultValue: } 解析的结果 @ https://new-ecosystem-platform-v2.smartcloudcon.com/assets/capabilityConfig-CWsSh7_A.js:0
[  189189ms] [LOG] {AccessMode: rw, DataType: int, Name: 自定义能力1, Identifier: 1, DefaultValue: } 解析的结果 @ https://new-ecosystem-platform-v2.smartcloudcon.com/assets/capabilityConfig-CWsSh7_A.js:0
[  189190ms] [LOG] {AccessMode: rw, DataType: int, Name: 自定义能力2, Identifier: 2, DefaultValue: } 解析的结果 @ https://new-ecosystem-platform-v2.smartcloudcon.com/assets/capabilityConfig-CWsSh7_A.js:0
[  189190ms] [LOG] {AccessMode: rw, DataType: int, Name: 自定义能力2, Identifier: 2, DefaultValue: } 解析的结果 @ https://new-ecosystem-platform-v2.smartcloudcon.com/assets/capabilityConfig-CWsSh7_A.js:0
[  189190ms] [LOG] {AccessMode: rw, DataType: int, Name: huiyun, Identifier: huiyun, DefaultValue: } 解析的结果 @ https://new-ecosystem-platform-v2.smartcloudcon.com/assets/capabilityConfig-CWsSh7_A.js:0
[  189191ms] [LOG] {AccessMode: rw, DataType: int, Name: huiyun, Identifier: huiyun, DefaultValue: } 解析的结果 @ https://new-ecosystem-platform-v2.smartcloudcon.com/assets/capabilityConfig-CWsSh7_A.js:0
