[      69ms] [WARNING] [Vue warn]: Failed to resolve component: Setting
If this is a native custom element, make sure to exclude it from component resolution via compilerOptions.isCustomElement. 
  at <Index> 
  at <App> @ http://localhost:5174/node_modules/.vite/deps/chunk-D4VKVKNE.js?v=b0937ae5:2203
[      71ms] [WARNING] [Vue warn]: Vue received a Component that was made a reactive object. This can lead to unnecessary performance overhead and should be avoided by marking the component with `markRaw` or using `shallowRef` instead of `ref`. 
Component that was made reactive:  {name: House, __name: house, setup: } 
  at <ElIcon class="menu-icon" > 
  at <Index> 
  at <App> @ http://localhost:5174/node_modules/.vite/deps/chunk-D4VKVKNE.js?v=b0937ae5:2203
[      72ms] [WARNING] [Vue warn]: Vue received a Component that was made a reactive object. This can lead to unnecessary performance overhead and should be avoided by marking the component with `markRaw` or using `shallowRef` instead of `ref`. 
Component that was made reactive:  {name: Cpu, __name: cpu, setup: } 
  at <ElIcon class="menu-icon" > 
  at <Index> 
  at <App> @ http://localhost:5174/node_modules/.vite/deps/chunk-D4VKVKNE.js?v=b0937ae5:2203
[      73ms] [WARNING] [Vue warn]: Vue received a Component that was made a reactive object. This can lead to unnecessary performance overhead and should be avoided by marking the component with `markRaw` or using `shallowRef` instead of `ref`. 
Component that was made reactive:  {name: Grid, __name: grid, setup: } 
  at <ElIcon class="menu-icon" size=16 > 
  at <Index> 
  at <App> @ http://localhost:5174/node_modules/.vite/deps/chunk-D4VKVKNE.js?v=b0937ae5:2203
[      73ms] [WARNING] [Vue warn]: Vue received a Component that was made a reactive object. This can lead to unnecessary performance overhead and should be avoided by marking the component with `markRaw` or using `shallowRef` instead of `ref`. 
Component that was made reactive:  {name: SetUp, __name: set-up, setup: } 
  at <ElIcon class="menu-icon" size=16 > 
  at <Index> 
  at <App> @ http://localhost:5174/node_modules/.vite/deps/chunk-D4VKVKNE.js?v=b0937ae5:2203
[      74ms] [WARNING] [Vue warn]: Vue received a Component that was made a reactive object. This can lead to unnecessary performance overhead and should be avoided by marking the component with `markRaw` or using `shallowRef` instead of `ref`. 
Component that was made reactive:  {name: Cpu, __name: cpu, setup: } 
  at <ElIcon class="menu-icon" size=16 > 
  at <Index> 
  at <App> @ http://localhost:5174/node_modules/.vite/deps/chunk-D4VKVKNE.js?v=b0937ae5:2203
[      75ms] [WARNING] [Vue warn]: Vue received a Component that was made a reactive object. This can lead to unnecessary performance overhead and should be avoided by marking the component with `markRaw` or using `shallowRef` instead of `ref`. 
Component that was made reactive:  {name: Warning, __name: warning, setup: } 
  at <ElIcon class="menu-icon" size=16 > 
  at <Index> 
  at <App> @ http://localhost:5174/node_modules/.vite/deps/chunk-D4VKVKNE.js?v=b0937ae5:2203
[      75ms] [WARNING] [Vue warn]: Vue received a Component that was made a reactive object. This can lead to unnecessary performance overhead and should be avoided by marking the component with `markRaw` or using `shallowRef` instead of `ref`. 
Component that was made reactive:  {name: Box, __name: box, setup: } 
  at <ElIcon class="menu-icon" > 
  at <Index> 
  at <App> @ http://localhost:5174/node_modules/.vite/deps/chunk-D4VKVKNE.js?v=b0937ae5:2203
[      76ms] [WARNING] [Vue warn]: Vue received a Component that was made a reactive object. This can lead to unnecessary performance overhead and should be avoided by marking the component with `markRaw` or using `shallowRef` instead of `ref`. 
Component that was made reactive:  {name: Box, __name: box, setup: } 
  at <ElIcon class="menu-icon" size=16 > 
  at <Index> 
  at <App> @ http://localhost:5174/node_modules/.vite/deps/chunk-D4VKVKNE.js?v=b0937ae5:2203
[      77ms] [WARNING] [Vue warn]: Vue received a Component that was made a reactive object. This can lead to unnecessary performance overhead and should be avoided by marking the component with `markRaw` or using `shallowRef` instead of `ref`. 
Component that was made reactive:  {name: Checked, __name: checked, setup: } 
  at <ElIcon class="menu-icon" size=16 > 
  at <Index> 
  at <App> @ http://localhost:5174/node_modules/.vite/deps/chunk-D4VKVKNE.js?v=b0937ae5:2203
[      77ms] [WARNING] [Vue warn]: Vue received a Component that was made a reactive object. This can lead to unnecessary performance overhead and should be avoided by marking the component with `markRaw` or using `shallowRef` instead of `ref`. 
Component that was made reactive:  {name: Present, __name: present, setup: } 
  at <ElIcon class="menu-icon" > 
  at <Index> 
  at <App> @ http://localhost:5174/node_modules/.vite/deps/chunk-D4VKVKNE.js?v=b0937ae5:2203
[      78ms] [WARNING] [Vue warn]: Vue received a Component that was made a reactive object. This can lead to unnecessary performance overhead and should be avoided by marking the component with `markRaw` or using `shallowRef` instead of `ref`. 
Component that was made reactive:  {name: Box, __name: box, setup: } 
  at <ElIcon class="menu-icon" size=16 > 
  at <Index> 
  at <App> @ http://localhost:5174/node_modules/.vite/deps/chunk-D4VKVKNE.js?v=b0937ae5:2203
[      78ms] [WARNING] [Vue warn]: Vue received a Component that was made a reactive object. This can lead to unnecessary performance overhead and should be avoided by marking the component with `markRaw` or using `shallowRef` instead of `ref`. 
Component that was made reactive:  {name: Operation, __name: operation, setup: } 
  at <ElIcon class="menu-icon" > 
  at <Index> 
  at <App> @ http://localhost:5174/node_modules/.vite/deps/chunk-D4VKVKNE.js?v=b0937ae5:2203
[      79ms] [WARNING] [Vue warn]: Vue received a Component that was made a reactive object. This can lead to unnecessary performance overhead and should be avoided by marking the component with `markRaw` or using `shallowRef` instead of `ref`. 
Component that was made reactive:  {name: ShoppingCart, __name: shopping-cart, setup: } 
  at <ElIcon class="menu-icon" size=16 > 
  at <Index> 
  at <App> @ http://localhost:5174/node_modules/.vite/deps/chunk-D4VKVKNE.js?v=b0937ae5:2203
[      80ms] [WARNING] [Vue warn]: Vue received a Component that was made a reactive object. This can lead to unnecessary performance overhead and should be avoided by marking the component with `markRaw` or using `shallowRef` instead of `ref`. 
Component that was made reactive:  {name: Star, __name: star, setup: } 
  at <ElIcon class="menu-icon" size=16 > 
  at <Index> 
  at <App> @ http://localhost:5174/node_modules/.vite/deps/chunk-D4VKVKNE.js?v=b0937ae5:2203
[      80ms] [WARNING] [Vue warn]: Vue received a Component that was made a reactive object. This can lead to unnecessary performance overhead and should be avoided by marking the component with `markRaw` or using `shallowRef` instead of `ref`. 
Component that was made reactive:  {name: Present, __name: present, setup: } 
  at <ElIcon class="menu-icon" size=16 > 
  at <Index> 
  at <App> @ http://localhost:5174/node_modules/.vite/deps/chunk-D4VKVKNE.js?v=b0937ae5:2203
[      81ms] [WARNING] [Vue warn]: Vue received a Component that was made a reactive object. This can lead to unnecessary performance overhead and should be avoided by marking the component with `markRaw` or using `shallowRef` instead of `ref`. 
Component that was made reactive:  {name: UserFilled, __name: user-filled, setup: } 
  at <ElIcon class="menu-icon" size=16 > 
  at <Index> 
  at <App> @ http://localhost:5174/node_modules/.vite/deps/chunk-D4VKVKNE.js?v=b0937ae5:2203
[      82ms] [WARNING] [Vue warn]: Vue received a Component that was made a reactive object. This can lead to unnecessary performance overhead and should be avoided by marking the component with `markRaw` or using `shallowRef` instead of `ref`. 
Component that was made reactive:  {name: DataAnalysis, __name: data-analysis, setup: } 
  at <ElIcon class="menu-icon" size=16 > 
  at <Index> 
  at <App> @ http://localhost:5174/node_modules/.vite/deps/chunk-D4VKVKNE.js?v=b0937ae5:2203
[     126ms] [WARNING] [Vue warn]: Failed to resolve component: Setting
If this is a native custom element, make sure to exclude it from component resolution via compilerOptions.isCustomElement. 
  at <Index> 
  at <App> @ http://localhost:5174/node_modules/.vite/deps/chunk-D4VKVKNE.js?v=b0937ae5:2203
[     128ms] [WARNING] [Vue warn]: Vue received a Component that was made a reactive object. This can lead to unnecessary performance overhead and should be avoided by marking the component with `markRaw` or using `shallowRef` instead of `ref`. 
Component that was made reactive:  {name: House, __name: house, setup: } 
  at <ElIcon class="menu-icon" > 
  at <Index> 
  at <App> @ http://localhost:5174/node_modules/.vite/deps/chunk-D4VKVKNE.js?v=b0937ae5:2203
[     128ms] [WARNING] [Vue warn]: Vue received a Component that was made a reactive object. This can lead to unnecessary performance overhead and should be avoided by marking the component with `markRaw` or using `shallowRef` instead of `ref`. 
Component that was made reactive:  {name: Cpu, __name: cpu, setup: } 
  at <ElIcon class="menu-icon" > 
  at <Index> 
  at <App> @ http://localhost:5174/node_modules/.vite/deps/chunk-D4VKVKNE.js?v=b0937ae5:2203
[     129ms] [WARNING] [Vue warn]: Vue received a Component that was made a reactive object. This can lead to unnecessary performance overhead and should be avoided by marking the component with `markRaw` or using `shallowRef` instead of `ref`. 
Component that was made reactive:  {name: Grid, __name: grid, setup: } 
  at <ElIcon class="menu-icon" size=16 > 
  at <Index> 
  at <App> @ http://localhost:5174/node_modules/.vite/deps/chunk-D4VKVKNE.js?v=b0937ae5:2203
[     129ms] [WARNING] [Vue warn]: Vue received a Component that was made a reactive object. This can lead to unnecessary performance overhead and should be avoided by marking the component with `markRaw` or using `shallowRef` instead of `ref`. 
Component that was made reactive:  {name: SetUp, __name: set-up, setup: } 
  at <ElIcon class="menu-icon" size=16 > 
  at <Index> 
  at <App> @ http://localhost:5174/node_modules/.vite/deps/chunk-D4VKVKNE.js?v=b0937ae5:2203
[     129ms] [WARNING] [Vue warn]: Vue received a Component that was made a reactive object. This can lead to unnecessary performance overhead and should be avoided by marking the component with `markRaw` or using `shallowRef` instead of `ref`. 
Component that was made reactive:  {name: Cpu, __name: cpu, setup: } 
  at <ElIcon class="menu-icon" size=16 > 
  at <Index> 
  at <App> @ http://localhost:5174/node_modules/.vite/deps/chunk-D4VKVKNE.js?v=b0937ae5:2203
[     130ms] [WARNING] [Vue warn]: Vue received a Component that was made a reactive object. This can lead to unnecessary performance overhead and should be avoided by marking the component with `markRaw` or using `shallowRef` instead of `ref`. 
Component that was made reactive:  {name: Warning, __name: warning, setup: } 
  at <ElIcon class="menu-icon" size=16 > 
  at <Index> 
  at <App> @ http://localhost:5174/node_modules/.vite/deps/chunk-D4VKVKNE.js?v=b0937ae5:2203
[     130ms] [WARNING] [Vue warn]: Vue received a Component that was made a reactive object. This can lead to unnecessary performance overhead and should be avoided by marking the component with `markRaw` or using `shallowRef` instead of `ref`. 
Component that was made reactive:  {name: Box, __name: box, setup: } 
  at <ElIcon class="menu-icon" > 
  at <Index> 
  at <App> @ http://localhost:5174/node_modules/.vite/deps/chunk-D4VKVKNE.js?v=b0937ae5:2203
[     131ms] [WARNING] [Vue warn]: Vue received a Component that was made a reactive object. This can lead to unnecessary performance overhead and should be avoided by marking the component with `markRaw` or using `shallowRef` instead of `ref`. 
Component that was made reactive:  {name: Box, __name: box, setup: } 
  at <ElIcon class="menu-icon" size=16 > 
  at <Index> 
  at <App> @ http://localhost:5174/node_modules/.vite/deps/chunk-D4VKVKNE.js?v=b0937ae5:2203
[     131ms] [WARNING] [Vue warn]: Vue received a Component that was made a reactive object. This can lead to unnecessary performance overhead and should be avoided by marking the component with `markRaw` or using `shallowRef` instead of `ref`. 
Component that was made reactive:  {name: Checked, __name: checked, setup: } 
  at <ElIcon class="menu-icon" size=16 > 
  at <Index> 
  at <App> @ http://localhost:5174/node_modules/.vite/deps/chunk-D4VKVKNE.js?v=b0937ae5:2203
[     131ms] [WARNING] [Vue warn]: Vue received a Component that was made a reactive object. This can lead to unnecessary performance overhead and should be avoided by marking the component with `markRaw` or using `shallowRef` instead of `ref`. 
Component that was made reactive:  {name: Present, __name: present, setup: } 
  at <ElIcon class="menu-icon" > 
  at <Index> 
  at <App> @ http://localhost:5174/node_modules/.vite/deps/chunk-D4VKVKNE.js?v=b0937ae5:2203
[     132ms] [WARNING] [Vue warn]: Vue received a Component that was made a reactive object. This can lead to unnecessary performance overhead and should be avoided by marking the component with `markRaw` or using `shallowRef` instead of `ref`. 
Component that was made reactive:  {name: Box, __name: box, setup: } 
  at <ElIcon class="menu-icon" size=16 > 
  at <Index> 
  at <App> @ http://localhost:5174/node_modules/.vite/deps/chunk-D4VKVKNE.js?v=b0937ae5:2203
[     132ms] [WARNING] [Vue warn]: Vue received a Component that was made a reactive object. This can lead to unnecessary performance overhead and should be avoided by marking the component with `markRaw` or using `shallowRef` instead of `ref`. 
Component that was made reactive:  {name: Operation, __name: operation, setup: } 
  at <ElIcon class="menu-icon" > 
  at <Index> 
  at <App> @ http://localhost:5174/node_modules/.vite/deps/chunk-D4VKVKNE.js?v=b0937ae5:2203
[     133ms] [WARNING] [Vue warn]: Vue received a Component that was made a reactive object. This can lead to unnecessary performance overhead and should be avoided by marking the component with `markRaw` or using `shallowRef` instead of `ref`. 
Component that was made reactive:  {name: ShoppingCart, __name: shopping-cart, setup: } 
  at <ElIcon class="menu-icon" size=16 > 
  at <Index> 
  at <App> @ http://localhost:5174/node_modules/.vite/deps/chunk-D4VKVKNE.js?v=b0937ae5:2203
[     133ms] [WARNING] [Vue warn]: Vue received a Component that was made a reactive object. This can lead to unnecessary performance overhead and should be avoided by marking the component with `markRaw` or using `shallowRef` instead of `ref`. 
Component that was made reactive:  {name: Star, __name: star, setup: } 
  at <ElIcon class="menu-icon" size=16 > 
  at <Index> 
  at <App> @ http://localhost:5174/node_modules/.vite/deps/chunk-D4VKVKNE.js?v=b0937ae5:2203
[     134ms] [WARNING] [Vue warn]: Vue received a Component that was made a reactive object. This can lead to unnecessary performance overhead and should be avoided by marking the component with `markRaw` or using `shallowRef` instead of `ref`. 
Component that was made reactive:  {name: Present, __name: present, setup: } 
  at <ElIcon class="menu-icon" size=16 > 
  at <Index> 
  at <App> @ http://localhost:5174/node_modules/.vite/deps/chunk-D4VKVKNE.js?v=b0937ae5:2203
[     134ms] [WARNING] [Vue warn]: Vue received a Component that was made a reactive object. This can lead to unnecessary performance overhead and should be avoided by marking the component with `markRaw` or using `shallowRef` instead of `ref`. 
Component that was made reactive:  {name: UserFilled, __name: user-filled, setup: } 
  at <ElIcon class="menu-icon" size=16 > 
  at <Index> 
  at <App> @ http://localhost:5174/node_modules/.vite/deps/chunk-D4VKVKNE.js?v=b0937ae5:2203
[     134ms] [WARNING] [Vue warn]: Vue received a Component that was made a reactive object. This can lead to unnecessary performance overhead and should be avoided by marking the component with `markRaw` or using `shallowRef` instead of `ref`. 
Component that was made reactive:  {name: DataAnalysis, __name: data-analysis, setup: } 
  at <ElIcon class="menu-icon" size=16 > 
  at <Index> 
  at <App> @ http://localhost:5174/node_modules/.vite/deps/chunk-D4VKVKNE.js?v=b0937ae5:2203
[     152ms] [WARNING] ElementPlusError: [el-radio] [API] label act as value is about to be deprecated in version 3.0.0, please use value instead.
For more detail, please visit: https://element-plus.org/en-US/component/radio.html

    at debugWarn (http://localhost:5174/node_modules/.vite/deps/element-plus.js?v=b0937ae5:10429:37)
    at watch.immediate (http://localhost:5174/node_modules/.vite/deps/element-plus.js?v=b0937ae5:10473:14)
    at callWithErrorHandling (http://localhost:5174/node_modules/.vite/deps/chunk-D4VKVKNE.js?v=b0937ae5:2351:19)
    at callWithAsyncErrorHandling (http://localhost:5174/node_modules/.vite/deps/chunk-D4VKVKNE.js?v=b0937ae5:2358:17)
    at baseWatchOptions.call (http://localhost:5174/node_modules/.vite/deps/chunk-D4VKVKNE.js?v=b0937ae5:3043:47)
    at job (http://localhost:5174/node_modules/.vite/deps/chunk-D4VKVKNE.js?v=b0937ae5:2081:18)
    at watch (http://localhost:5174/node_modules/.vite/deps/chunk-D4VKVKNE.js?v=b0937ae5:2116:7)
    at doWatch (http://localhost:5174/node_modules/.vite/deps/chunk-D4VKVKNE.js?v=b0937ae5:3071:23)
    at watch2 (http://localhost:5174/node_modules/.vite/deps/chunk-D4VKVKNE.js?v=b0937ae5:3004:10)
    at useDeprecated (http://localhost:5174/node_modules/.vite/deps/element-plus.js?v=b0937ae5:10472:3) @ http://localhost:5174/node_modules/.vite/deps/element-plus.js?v=b0937ae5:10429
[     153ms] [WARNING] ElementPlusError: [el-radio] [API] label act as value is about to be deprecated in version 3.0.0, please use value instead.
For more detail, please visit: https://element-plus.org/en-US/component/radio.html

    at debugWarn (http://localhost:5174/node_modules/.vite/deps/element-plus.js?v=b0937ae5:10429:37)
    at watch.immediate (http://localhost:5174/node_modules/.vite/deps/element-plus.js?v=b0937ae5:10473:14)
    at callWithErrorHandling (http://localhost:5174/node_modules/.vite/deps/chunk-D4VKVKNE.js?v=b0937ae5:2351:19)
    at callWithAsyncErrorHandling (http://localhost:5174/node_modules/.vite/deps/chunk-D4VKVKNE.js?v=b0937ae5:2358:17)
    at baseWatchOptions.call (http://localhost:5174/node_modules/.vite/deps/chunk-D4VKVKNE.js?v=b0937ae5:3043:47)
    at job (http://localhost:5174/node_modules/.vite/deps/chunk-D4VKVKNE.js?v=b0937ae5:2081:18)
    at watch (http://localhost:5174/node_modules/.vite/deps/chunk-D4VKVKNE.js?v=b0937ae5:2116:7)
    at doWatch (http://localhost:5174/node_modules/.vite/deps/chunk-D4VKVKNE.js?v=b0937ae5:3071:23)
    at watch2 (http://localhost:5174/node_modules/.vite/deps/chunk-D4VKVKNE.js?v=b0937ae5:3004:10)
    at useDeprecated (http://localhost:5174/node_modules/.vite/deps/element-plus.js?v=b0937ae5:10472:3) @ http://localhost:5174/node_modules/.vite/deps/element-plus.js?v=b0937ae5:10429
