[     494ms] [LOG] 构建 @ https://new-ecosystem-platform-v2.smartcloudcon.com/assets/index-Ceq0jxqi.js:50
[     494ms] [LOG] 触发同步缓存 @ https://new-ecosystem-platform-v2.smartcloudcon.com/assets/index-Ceq0jxqi.js:50
[     498ms] [LOG] Proxy(Object) false false /product @ https://new-ecosystem-platform-v2.smartcloudcon.com/assets/index-Ceq0jxqi.js:50
[     771ms] [LOG] {code: 0, msg: ok, data: Object} 用户信息 @ https://new-ecosystem-platform-v2.smartcloudcon.com/assets/index-Ceq0jxqi.js:50
[    1189ms] [LOG] 添加路由完毕 @ https://new-ecosystem-platform-v2.smartcloudcon.com/assets/index-Ceq0jxqi.js:50
[    1189ms] [LOG] 注册路由Tree @ https://new-ecosystem-platform-v2.smartcloudcon.com/assets/index-Ceq0jxqi.js:50
[    1192ms] [LOG] [Object, Object, Object, Object, Object, Object, Object, Object, Object, Object, Object, Object, Object, Object, Object, Object, Object, Object, Object, Object, Object, Object, Object, Object, Object, Object, Object, Object, Object, Object, Object, Object, Object, Object, Object, Object, Object, Object, Object, Object, Object, Object, Object, Object, Object, Object, Object, Object, Object, Object, Object, Object, Object, Object, Object, Object, Object, Object, Object, Object, Object, Object, Object, Object, Object, Object, Object, Object, Object, Object, Object, Object, Object, Object, Object, Object, Object, Object, Object, Object, Object, Object, Object, Object, Object, Object, Object, Object, Object, Object, Object, Object, Object, Object, Object, Object, Object, Object, Object, Object] 路由扁平化结果 @ https://new-ecosystem-platform-v2.smartcloudcon.com/assets/index-Ceq0jxqi.js:50
[   16143ms] [LOG] 获取详情 @ https://new-ecosystem-platform-v2.smartcloudcon.com/assets/develop-Cx5PaaPb.js:0
[   16143ms] [LOG] PDRSAr5EBEbbyFGV 谁 @ https://new-ecosystem-platform-v2.smartcloudcon.com/assets/product-Da2aOHV3.js:0
[   16146ms] [LOG] 获取联网 PDRSAr5EBEbbyFGV @ https://new-ecosystem-platform-v2.smartcloudcon.com/assets/enmu-_7m63uID.js:0
[   16147ms] [LOG] PDRSAr5EBEbbyFGV 谁 @ https://new-ecosystem-platform-v2.smartcloudcon.com/assets/product-Da2aOHV3.js:0
[   16179ms] [LOG] undefined 解析的结果 @ https://new-ecosystem-platform-v2.smartcloudcon.com/assets/capabilityConfig-DhT1MVjY.js:0
[   16185ms] [LOG] undefined 解析的结果 @ https://new-ecosystem-platform-v2.smartcloudcon.com/assets/capabilityConfig-DhT1MVjY.js:0
[   16207ms] [LOG] undefined 解析的结果 @ https://new-ecosystem-platform-v2.smartcloudcon.com/assets/capabilityConfig-DhT1MVjY.js:0
[   16215ms] [LOG] undefined 解析的结果 @ https://new-ecosystem-platform-v2.smartcloudcon.com/assets/capabilityConfig-DhT1MVjY.js:0
[   16234ms] [LOG] undefined 解析的结果 @ https://new-ecosystem-platform-v2.smartcloudcon.com/assets/capabilityConfig-DhT1MVjY.js:0
[   16238ms] [LOG] undefined 解析的结果 @ https://new-ecosystem-platform-v2.smartcloudcon.com/assets/capabilityConfig-DhT1MVjY.js:0
[   16984ms] [LOG] - 联网方式 @ https://new-ecosystem-platform-v2.smartcloudcon.com/assets/develop-Cx5PaaPb.js:0
[   16984ms] [LOG] Proxy(Array) 处理完毕 @ https://new-ecosystem-platform-v2.smartcloudcon.com/assets/algorithmConfig-Cl7sRjoF.js:1
[   95466ms] [LOG] undefined 解析的结果 @ https://new-ecosystem-platform-v2.smartcloudcon.com/assets/capabilityConfig-DhT1MVjY.js:0
[   95470ms] [LOG] undefined 解析的结果 @ https://new-ecosystem-platform-v2.smartcloudcon.com/assets/capabilityConfig-DhT1MVjY.js:0
