[     958ms] [LOG] 构建 @ https://new-ecosystem-platform-v2.smartcloudcon.com/assets/index-BghKgt6c.js:50
[     959ms] [LOG] 触发同步缓存 @ https://new-ecosystem-platform-v2.smartcloudcon.com/assets/index-BghKgt6c.js:50
[     967ms] [LOG] Proxy(Object) false false /product/develop @ https://new-ecosystem-platform-v2.smartcloudcon.com/assets/index-BghKgt6c.js:50
[    1207ms] [LOG] {code: 0, msg: ok, data: Object} 用户信息 @ https://new-ecosystem-platform-v2.smartcloudcon.com/assets/index-BghKgt6c.js:50
[    1533ms] [LOG] 添加路由完毕 @ https://new-ecosystem-platform-v2.smartcloudcon.com/assets/index-BghKgt6c.js:50
[    1534ms] [LOG] 注册路由Tree @ https://new-ecosystem-platform-v2.smartcloudcon.com/assets/index-BghKgt6c.js:50
[    1536ms] [LOG] [Object, Object, Object, Object, Object, Object, Object, Object, Object, Object, Object, Object, Object, Object, Object, Object, Object, Object, Object, Object, Object, Object, Object, Object, Object, Object, Object, Object, Object, Object, Object, Object, Object, Object, Object, Object, Object, Object, Object, Object, Object, Object, Object, Object, Object, Object, Object, Object, Object, Object, Object, Object, Object, Object, Object, Object, Object, Object, Object, Object, Object, Object, Object, Object, Object, Object, Object, Object, Object, Object, Object, Object, Object, Object, Object, Object, Object, Object, Object, Object, Object, Object, Object, Object, Object, Object, Object, Object, Object, Object, Object, Object, Object, Object, Object, Object, Object, Object, Object, Object] 路由扁平化结果 @ https://new-ecosystem-platform-v2.smartcloudcon.com/assets/index-BghKgt6c.js:50
[    1908ms] [LOG] 获取详情 @ https://new-ecosystem-platform-v2.smartcloudcon.com/assets/develop-DPqdfyj4.js:0
[    1909ms] [LOG] PDRSAf6Rynvu79XL 谁 @ https://new-ecosystem-platform-v2.smartcloudcon.com/assets/product-DruX0V96.js:0
[    1910ms] [LOG] 获取联网 PDRSAf6Rynvu79XL @ https://new-ecosystem-platform-v2.smartcloudcon.com/assets/enmu-B4EGGdrl.js:0
[    1910ms] [LOG] PDRSAf6Rynvu79XL 谁 @ https://new-ecosystem-platform-v2.smartcloudcon.com/assets/product-DruX0V96.js:0
[    1946ms] [LOG] undefined 解析的结果 @ https://new-ecosystem-platform-v2.smartcloudcon.com/assets/capabilityConfig-Bjlo-HWR.js:0
[    1956ms] [LOG] undefined 解析的结果 @ https://new-ecosystem-platform-v2.smartcloudcon.com/assets/capabilityConfig-Bjlo-HWR.js:0
[    1983ms] [LOG] undefined 解析的结果 @ https://new-ecosystem-platform-v2.smartcloudcon.com/assets/capabilityConfig-Bjlo-HWR.js:0
[    1987ms] [LOG] undefined 解析的结果 @ https://new-ecosystem-platform-v2.smartcloudcon.com/assets/capabilityConfig-Bjlo-HWR.js:0
[    2007ms] [LOG] undefined 解析的结果 @ https://new-ecosystem-platform-v2.smartcloudcon.com/assets/capabilityConfig-Bjlo-HWR.js:0
[    2012ms] [LOG] undefined 解析的结果 @ https://new-ecosystem-platform-v2.smartcloudcon.com/assets/capabilityConfig-Bjlo-HWR.js:0
[    2842ms] [LOG] 有线 联网方式 @ https://new-ecosystem-platform-v2.smartcloudcon.com/assets/develop-DPqdfyj4.js:0
[    2849ms] [LOG] Proxy(Array) 处理完毕 @ https://new-ecosystem-platform-v2.smartcloudcon.com/assets/algorithmConfig-KIZkBY64.js:1
[    2898ms] [LOG] undefined 解析的结果 @ https://new-ecosystem-platform-v2.smartcloudcon.com/assets/capabilityConfig-Bjlo-HWR.js:0
[    2905ms] [LOG] undefined 解析的结果 @ https://new-ecosystem-platform-v2.smartcloudcon.com/assets/capabilityConfig-Bjlo-HWR.js:0
[    3194ms] [LOG] undefined 解析的结果 @ https://new-ecosystem-platform-v2.smartcloudcon.com/assets/capabilityConfig-Bjlo-HWR.js:0
[    3198ms] [LOG] undefined 解析的结果 @ https://new-ecosystem-platform-v2.smartcloudcon.com/assets/capabilityConfig-Bjlo-HWR.js:0
